[2026-04-05T09:43:21.283+0000] {local_task_job_runner.py:123} INFO - ::group::Pre task execution logs
[2026-04-05T09:43:21.310+0000] {taskinstance.py:2614} INFO - Dependencies all met for dep_context=non-requeueable deps ti=<TaskInstance: recruitment_cdc_cassandra_to_mysql.run_kafka_cdc manual__2026-04-05T09:38:12.963968+00:00 [queued]>
[2026-04-05T09:43:21.323+0000] {taskinstance.py:2614} INFO - Dependencies all met for dep_context=requeueable deps ti=<TaskInstance: recruitment_cdc_cassandra_to_mysql.run_kafka_cdc manual__2026-04-05T09:38:12.963968+00:00 [queued]>
[2026-04-05T09:43:21.323+0000] {taskinstance.py:2867} INFO - Starting attempt 2 of 2
[2026-04-05T09:43:21.341+0000] {taskinstance.py:2890} INFO - Executing <Task(PythonOperator): run_kafka_cdc> on 2026-04-05 09:38:12.963968+00:00
[2026-04-05T09:43:21.353+0000] {standard_task_runner.py:72} INFO - Started process 1005 to run task
[2026-04-05T09:43:21.360+0000] {standard_task_runner.py:104} INFO - Running: ['***', 'tasks', 'run', 'recruitment_cdc_cassandra_to_mysql', 'run_kafka_cdc', 'manual__2026-04-05T09:38:12.963968+00:00', '--job-id', '11', '--raw', '--subdir', 'DAGS_FOLDER/main_pipeline_dag.py', '--cfg-path', '/tmp/tmpy5uf6haq']
[2026-04-05T09:43:21.364+0000] {standard_task_runner.py:105} INFO - Job 11: Subtask run_kafka_cdc
[2026-04-05T09:43:21.441+0000] {task_command.py:467} INFO - Running <TaskInstance: recruitment_cdc_cassandra_to_mysql.run_kafka_cdc manual__2026-04-05T09:38:12.963968+00:00 [running]> on host bca6e70ab794
[2026-04-05T09:43:21.568+0000] {taskinstance.py:3134} INFO - Exporting env vars: AIRFLOW_CTX_DAG_OWNER='shibe' AIRFLOW_CTX_DAG_ID='recruitment_cdc_cassandra_to_mysql' AIRFLOW_CTX_TASK_ID='run_kafka_cdc' AIRFLOW_CTX_EXECUTION_DATE='2026-04-05T09:38:12.963968+00:00' AIRFLOW_CTX_TRY_NUMBER='2' AIRFLOW_CTX_DAG_RUN_ID='manual__2026-04-05T09:38:12.963968+00:00'
[2026-04-05T09:43:21.569+0000] {taskinstance.py:732} INFO - ::endgroup::
[2026-04-05T09:43:21.596+0000] {cluster.py:1324} WARNING - Cluster.__init__ called with contact_points specified, but no load_balancing_policy. In the next major version, this will raise an error; please specify a load-balancing policy. (contact_points = ['cassandra'], lbp = None)
[2026-04-05T09:43:21.604+0000] {cluster.py:1701} WARNING - Downgrading core protocol version from 66 to 65 for 172.19.0.5:9042. To avoid this, it is best practice to explicitly set Cluster(protocol_version) to the version supported by your cluster. https://docs.datastax.com/en/developer/python-driver/latest/api/cassandra/cluster.html#cassandra.cluster.Cluster.protocol_version
[2026-04-05T09:43:21.609+0000] {cluster.py:1701} WARNING - Downgrading core protocol version from 65 to 5 for 172.19.0.5:9042. To avoid this, it is best practice to explicitly set Cluster(protocol_version) to the version supported by your cluster. https://docs.datastax.com/en/developer/python-driver/latest/api/cassandra/cluster.html#cassandra.cluster.Cluster.protocol_version
[2026-04-05T09:43:21.612+0000] {connection.py:1290} ERROR - Closing connection <AsyncoreConnection(133720441697616) 172.19.0.5:9042> due to protocol error: Error from server: code=000a [Protocol error] message="Beta version of the protocol used (5/v5-beta), but USE_BETA flag is unset"
[2026-04-05T09:43:21.613+0000] {cluster.py:1701} WARNING - Downgrading core protocol version from 5 to 4 for 172.19.0.5:9042. To avoid this, it is best practice to explicitly set Cluster(protocol_version) to the version supported by your cluster. https://docs.datastax.com/en/developer/python-driver/latest/api/cassandra/cluster.html#cassandra.cluster.Cluster.protocol_version
[2026-04-05T09:43:21.622+0000] {connection.py:1420} WARNING - An authentication challenge was not sent, this is suspicious because the driver expects authentication (configured authenticator = PlainTextAuthenticator)
[2026-04-05T09:43:21.636+0000] {policies.py:289} INFO - Using datacenter 'datacenter1' for DCAwareRoundRobinPolicy (via host '172.19.0.5:9042'); if incorrect, please specify a local_dc to the constructor, or limit contact points to local cluster nodes
[2026-04-05T09:43:21.675+0000] {connection.py:1420} WARNING - An authentication challenge was not sent, this is suspicious because the driver expects authentication (configured authenticator = PlainTextAuthenticator)
[2026-04-05T09:43:21.677+0000] {cluster.py:3335} WARNING - Failed to create connection pool for new host 172.19.0.5:9042:
Traceback (most recent call last):
  File "/home/airflow/.local/lib/python3.8/site-packages/cassandra/connection.py", line 1514, in set_keyspace_blocking
    result = self.wait_for_response(query)
  File "/home/airflow/.local/lib/python3.8/site-packages/cassandra/connection.py", line 1093, in wait_for_response
    return self.wait_for_responses(msg, timeout=timeout, **kwargs)[0]
  File "/home/airflow/.local/lib/python3.8/site-packages/cassandra/connection.py", line 1135, in wait_for_responses
    return waiter.deliver(timeout)
  File "/home/airflow/.local/lib/python3.8/site-packages/cassandra/connection.py", line 1645, in deliver
    raise self.error
cassandra.InvalidRequest: Error from server: code=2200 [Invalid query] message="Keyspace 'keyspace_name' does not exist"

During handling of the above exception, another exception occurred:

Traceback (most recent call last):
  File "/home/airflow/.local/lib/python3.8/site-packages/cassandra/cluster.py", line 3326, in run_add_or_renew_pool
    new_pool = HostConnection(host, distance, self)
  File "/home/airflow/.local/lib/python3.8/site-packages/cassandra/pool.py", line 409, in __init__
    self._connection.set_keyspace_blocking(self._keyspace)
  File "/home/airflow/.local/lib/python3.8/site-packages/cassandra/connection.py", line 1522, in set_keyspace_blocking
    raise conn_exc
cassandra.connection.ConnectionException: Problem while setting keyspace: InvalidRequest('Error from server: code=2200 [Invalid query] message="Keyspace \'keyspace_name\' does not exist"')
[2026-04-05T09:43:21.683+0000] {cluster.py:2000} WARNING - Host 172.19.0.5:9042 has been marked down
[2026-04-05T09:43:21.686+0000] {taskinstance.py:3313} ERROR - Task failed with exception
Traceback (most recent call last):
  File "/home/airflow/.local/lib/python3.8/site-packages/airflow/models/taskinstance.py", line 768, in _execute_task
    result = _execute_callable(context=context, **execute_callable_kwargs)
  File "/home/airflow/.local/lib/python3.8/site-packages/airflow/models/taskinstance.py", line 734, in _execute_callable
    return ExecutionCallableRunner(
  File "/home/airflow/.local/lib/python3.8/site-packages/airflow/utils/operator_helpers.py", line 252, in run
    return self.func(*args, **kwargs)
  File "/home/airflow/.local/lib/python3.8/site-packages/airflow/models/baseoperator.py", line 424, in wrapper
    return func(self, *args, **kwargs)
  File "/home/airflow/.local/lib/python3.8/site-packages/airflow/operators/python.py", line 238, in execute
    return_value = self.execute_callable()
  File "/home/airflow/.local/lib/python3.8/site-packages/airflow/operators/python.py", line 256, in execute_callable
    return runner.run(*self.op_args, **self.op_kwargs)
  File "/home/airflow/.local/lib/python3.8/site-packages/airflow/utils/operator_helpers.py", line 252, in run
    return self.func(*args, **kwargs)
  File "/opt/airflow/scripts/ingestion/kafka_cdc_producer.py", line 28, in cdc_polling_consumer
    session = cluster.connect(keyspace)
  File "/home/airflow/.local/lib/python3.8/site-packages/cassandra/cluster.py", line 1765, in connect
    session = self._new_session(keyspace)
  File "/home/airflow/.local/lib/python3.8/site-packages/cassandra/cluster.py", line 1822, in _new_session
    session = Session(self, self.metadata.all_hosts(), keyspace)
  File "/home/airflow/.local/lib/python3.8/site-packages/cassandra/cluster.py", line 2603, in __init__
    raise NoHostAvailable(msg, [h.address for h in hosts])
cassandra.cluster.NoHostAvailable: ("Unable to connect to any servers using keyspace 'keyspace_name'", ['172.19.0.5'])
[2026-04-05T09:43:21.710+0000] {taskinstance.py:1226} INFO - Marking task as FAILED. dag_id=recruitment_cdc_cassandra_to_mysql, task_id=run_kafka_cdc, run_id=manual__2026-04-05T09:38:12.963968+00:00, execution_date=20260405T093812, start_date=20260405T094321, end_date=20260405T094321
[2026-04-05T09:43:21.787+0000] {taskinstance.py:341} INFO - ::group::Post task execution logs
[2026-04-05T09:43:21.789+0000] {standard_task_runner.py:124} ERROR - Failed to execute job 11 for task run_kafka_cdc (("Unable to connect to any servers using keyspace 'keyspace_name'", ['172.19.0.5']); 1005)
Traceback (most recent call last):
  File "/home/airflow/.local/lib/python3.8/site-packages/airflow/task/task_runner/standard_task_runner.py", line 117, in _start_by_fork
    ret = args.func(args, dag=self.dag)
  File "/home/airflow/.local/lib/python3.8/site-packages/airflow/cli/cli_config.py", line 49, in command
    return func(*args, **kwargs)
  File "/home/airflow/.local/lib/python3.8/site-packages/airflow/utils/cli.py", line 116, in wrapper
    return f(*args, **kwargs)
  File "/home/airflow/.local/lib/python3.8/site-packages/airflow/cli/commands/task_command.py", line 483, in task_run
    task_return_code = _run_task_by_selected_method(args, _dag, ti)
  File "/home/airflow/.local/lib/python3.8/site-packages/airflow/cli/commands/task_command.py", line 256, in _run_task_by_selected_method
    return _run_raw_task(args, ti)
  File "/home/airflow/.local/lib/python3.8/site-packages/airflow/cli/commands/task_command.py", line 341, in _run_raw_task
    return ti._run_raw_task(
  File "/home/airflow/.local/lib/python3.8/site-packages/airflow/utils/session.py", line 97, in wrapper
    return func(*args, session=session, **kwargs)
  File "/home/airflow/.local/lib/python3.8/site-packages/airflow/models/taskinstance.py", line 3006, in _run_raw_task
    return _run_raw_task(
  File "/home/airflow/.local/lib/python3.8/site-packages/airflow/models/taskinstance.py", line 274, in _run_raw_task
    TaskInstance._execute_task_with_callbacks(
  File "/home/airflow/.local/lib/python3.8/site-packages/airflow/models/taskinstance.py", line 3161, in _execute_task_with_callbacks
    result = self._execute_task(context, task_orig)
  File "/home/airflow/.local/lib/python3.8/site-packages/airflow/models/taskinstance.py", line 3185, in _execute_task
    return _execute_task(self, context, task_orig)
  File "/home/airflow/.local/lib/python3.8/site-packages/airflow/models/taskinstance.py", line 768, in _execute_task
    result = _execute_callable(context=context, **execute_callable_kwargs)
  File "/home/airflow/.local/lib/python3.8/site-packages/airflow/models/taskinstance.py", line 734, in _execute_callable
    return ExecutionCallableRunner(
  File "/home/airflow/.local/lib/python3.8/site-packages/airflow/utils/operator_helpers.py", line 252, in run
    return self.func(*args, **kwargs)
  File "/home/airflow/.local/lib/python3.8/site-packages/airflow/models/baseoperator.py", line 424, in wrapper
    return func(self, *args, **kwargs)
  File "/home/airflow/.local/lib/python3.8/site-packages/airflow/operators/python.py", line 238, in execute
    return_value = self.execute_callable()
  File "/home/airflow/.local/lib/python3.8/site-packages/airflow/operators/python.py", line 256, in execute_callable
    return runner.run(*self.op_args, **self.op_kwargs)
  File "/home/airflow/.local/lib/python3.8/site-packages/airflow/utils/operator_helpers.py", line 252, in run
    return self.func(*args, **kwargs)
  File "/opt/airflow/scripts/ingestion/kafka_cdc_producer.py", line 28, in cdc_polling_consumer
    session = cluster.connect(keyspace)
  File "/home/airflow/.local/lib/python3.8/site-packages/cassandra/cluster.py", line 1765, in connect
    session = self._new_session(keyspace)
  File "/home/airflow/.local/lib/python3.8/site-packages/cassandra/cluster.py", line 1822, in _new_session
    session = Session(self, self.metadata.all_hosts(), keyspace)
  File "/home/airflow/.local/lib/python3.8/site-packages/cassandra/cluster.py", line 2603, in __init__
    raise NoHostAvailable(msg, [h.address for h in hosts])
cassandra.cluster.NoHostAvailable: ("Unable to connect to any servers using keyspace 'keyspace_name'", ['172.19.0.5'])
[2026-04-05T09:43:21.821+0000] {local_task_job_runner.py:266} INFO - Task exited with return code 1
[2026-04-05T09:43:21.862+0000] {taskinstance.py:3901} INFO - 0 downstream tasks scheduled from follow-on schedule check
[2026-04-05T09:43:21.864+0000] {local_task_job_runner.py:245} INFO - ::endgroup::
