[2026-04-05T07:05:08.274+0000] {taskinstance.py:1157} INFO - Dependencies all met for dep_context=non-requeueable deps ti=<TaskInstance: recruitment_cdc_cassandra_to_mysql.run_kafka_cdc scheduled__2026-04-05T06:00:00+00:00 [queued]>
[2026-04-05T07:05:08.281+0000] {taskinstance.py:1157} INFO - Dependencies all met for dep_context=requeueable deps ti=<TaskInstance: recruitment_cdc_cassandra_to_mysql.run_kafka_cdc scheduled__2026-04-05T06:00:00+00:00 [queued]>
[2026-04-05T07:05:08.281+0000] {taskinstance.py:1359} INFO - Starting attempt 1 of 2
[2026-04-05T07:05:08.293+0000] {taskinstance.py:1380} INFO - Executing <Task(BashOperator): run_kafka_cdc> on 2026-04-05 06:00:00+00:00
[2026-04-05T07:05:08.298+0000] {standard_task_runner.py:57} INFO - Started process 249 to run task
[2026-04-05T07:05:08.302+0000] {standard_task_runner.py:84} INFO - Running: ['***', 'tasks', 'run', 'recruitment_cdc_cassandra_to_mysql', 'run_kafka_cdc', 'scheduled__2026-04-05T06:00:00+00:00', '--job-id', '5', '--raw', '--subdir', 'DAGS_FOLDER/main_pipeline_dag.py', '--cfg-path', '/tmp/tmpk4ibwvv1']
[2026-04-05T07:05:08.304+0000] {standard_task_runner.py:85} INFO - Job 5: Subtask run_kafka_cdc
[2026-04-05T07:05:08.349+0000] {task_command.py:415} INFO - Running <TaskInstance: recruitment_cdc_cassandra_to_mysql.run_kafka_cdc scheduled__2026-04-05T06:00:00+00:00 [running]> on host 8a103b50e11d
[2026-04-05T07:05:08.412+0000] {taskinstance.py:1660} INFO - Exporting env vars: AIRFLOW_CTX_DAG_OWNER='shibe' AIRFLOW_CTX_DAG_ID='recruitment_cdc_cassandra_to_mysql' AIRFLOW_CTX_TASK_ID='run_kafka_cdc' AIRFLOW_CTX_EXECUTION_DATE='2026-04-05T06:00:00+00:00' AIRFLOW_CTX_TRY_NUMBER='1' AIRFLOW_CTX_DAG_RUN_ID='scheduled__2026-04-05T06:00:00+00:00'
[2026-04-05T07:05:08.414+0000] {subprocess.py:63} INFO - Tmp dir root location: /tmp
[2026-04-05T07:05:08.416+0000] {subprocess.py:75} INFO - Running command: ['/bin/bash', '-c', 'python3 /opt/***/scripts/ingestion/kafka_cdc_producer.py &']
[2026-04-05T07:05:08.427+0000] {subprocess.py:86} INFO - Output:
[2026-04-05T07:05:08.516+0000] {subprocess.py:93} INFO - Traceback (most recent call last):
[2026-04-05T07:05:08.516+0000] {subprocess.py:93} INFO -   File "/opt/***/scripts/ingestion/kafka_cdc_producer.py", line 1, in <module>
[2026-04-05T07:05:08.517+0000] {subprocess.py:93} INFO -     from cassandra.cluster import Cluster
[2026-04-05T07:05:08.517+0000] {subprocess.py:93} INFO - ModuleNotFoundError: No module named 'cassandra'
[2026-04-05T07:05:08.519+0000] {subprocess.py:97} INFO - Command exited with return code 0
[2026-04-05T07:05:08.542+0000] {taskinstance.py:1398} INFO - Marking task as SUCCESS. dag_id=recruitment_cdc_cassandra_to_mysql, task_id=run_kafka_cdc, execution_date=20260405T060000, start_date=20260405T070508, end_date=20260405T070508
[2026-04-05T07:05:09.015+0000] {local_task_job_runner.py:228} INFO - Task exited with return code 0
[2026-04-05T07:05:09.041+0000] {taskinstance.py:2776} INFO - 1 downstream tasks scheduled from follow-on schedule check
