[2026-04-07T08:08:32.800+0000] {local_task_job_runner.py:123} INFO - ::group::Pre task execution logs
[2026-04-07T08:08:32.819+0000] {taskinstance.py:2614} INFO - Dependencies all met for dep_context=non-requeueable deps ti=<TaskInstance: 2_batch_etl_every_10min.run_batch_processing scheduled__2026-04-07T07:50:00+00:00 [queued]>
[2026-04-07T08:08:32.827+0000] {taskinstance.py:2614} INFO - Dependencies all met for dep_context=requeueable deps ti=<TaskInstance: 2_batch_etl_every_10min.run_batch_processing scheduled__2026-04-07T07:50:00+00:00 [queued]>
[2026-04-07T08:08:32.828+0000] {taskinstance.py:2867} INFO - Starting attempt 1 of 2
[2026-04-07T08:08:32.846+0000] {taskinstance.py:2890} INFO - Executing <Task(PythonOperator): run_batch_processing> on 2026-04-07 07:50:00+00:00
[2026-04-07T08:08:32.852+0000] {standard_task_runner.py:72} INFO - Started process 747 to run task
[2026-04-07T08:08:32.864+0000] {standard_task_runner.py:104} INFO - Running: ['***', 'tasks', 'run', '2_batch_etl_every_10min', 'run_batch_processing', 'scheduled__2026-04-07T07:50:00+00:00', '--job-id', '2', '--raw', '--subdir', 'DAGS_FOLDER/dag_batch_processing_10min.py', '--cfg-path', '/tmp/tmpsq31fems']
[2026-04-07T08:08:32.870+0000] {standard_task_runner.py:105} INFO - Job 2: Subtask run_batch_processing
[2026-04-07T08:08:32.957+0000] {task_command.py:467} INFO - Running <TaskInstance: 2_batch_etl_every_10min.run_batch_processing scheduled__2026-04-07T07:50:00+00:00 [running]> on host 964a90234230
[2026-04-07T08:08:33.060+0000] {taskinstance.py:3134} INFO - Exporting env vars: AIRFLOW_CTX_DAG_OWNER='shibe' AIRFLOW_CTX_DAG_ID='2_batch_etl_every_10min' AIRFLOW_CTX_TASK_ID='run_batch_processing' AIRFLOW_CTX_EXECUTION_DATE='2026-04-07T07:50:00+00:00' AIRFLOW_CTX_TRY_NUMBER='1' AIRFLOW_CTX_DAG_RUN_ID='scheduled__2026-04-07T07:50:00+00:00'
[2026-04-07T08:08:33.061+0000] {taskinstance.py:732} INFO - ::endgroup::
[2026-04-07T08:09:03.197+0000] {logging_mixin.py:190} INFO - >>> Loading data from Cassandra...
[2026-04-07T08:09:11.431+0000] {logging_mixin.py:190} INFO - >>> Writing to MySQL...
[2026-04-07T08:09:41.488+0000] {logging_mixin.py:190} INFO - >>> ETL Pipeline Finished!
[2026-04-07T08:09:42.451+0000] {python.py:240} INFO - Done. Returned value was: None
[2026-04-07T08:09:42.469+0000] {taskinstance.py:341} INFO - ::group::Post task execution logs
[2026-04-07T08:09:42.470+0000] {taskinstance.py:353} INFO - Marking task as SUCCESS. dag_id=2_batch_etl_every_10min, task_id=run_batch_processing, run_id=scheduled__2026-04-07T07:50:00+00:00, execution_date=20260407T075000, start_date=20260407T080832, end_date=20260407T080942
[2026-04-07T08:09:42.504+0000] {local_task_job_runner.py:266} INFO - Task exited with return code 0
[2026-04-07T08:09:42.525+0000] {taskinstance.py:3901} INFO - 0 downstream tasks scheduled from follow-on schedule check
[2026-04-07T08:09:42.527+0000] {local_task_job_runner.py:245} INFO - ::endgroup::
