[2026-04-05T09:03:17.050+0000] {local_task_job_runner.py:123} INFO - ::group::Pre task execution logs
[2026-04-05T09:03:17.077+0000] {taskinstance.py:2614} INFO - Dependencies all met for dep_context=non-requeueable deps ti=<TaskInstance: recruitment_cdc_cassandra_to_mysql.run_batch_etl scheduled__2026-04-05T08:00:00+00:00 [queued]>
[2026-04-05T09:03:17.100+0000] {taskinstance.py:2614} INFO - Dependencies all met for dep_context=requeueable deps ti=<TaskInstance: recruitment_cdc_cassandra_to_mysql.run_batch_etl scheduled__2026-04-05T08:00:00+00:00 [queued]>
[2026-04-05T09:03:17.100+0000] {taskinstance.py:2867} INFO - Starting attempt 1 of 2
[2026-04-05T09:03:17.121+0000] {taskinstance.py:2890} INFO - Executing <Task(PythonOperator): run_batch_etl> on 2026-04-05 08:00:00+00:00
[2026-04-05T09:03:17.136+0000] {standard_task_runner.py:72} INFO - Started process 522 to run task
[2026-04-05T09:03:17.229+0000] {standard_task_runner.py:104} INFO - Running: ['***', 'tasks', 'run', 'recruitment_cdc_cassandra_to_mysql', 'run_batch_etl', 'scheduled__2026-04-05T08:00:00+00:00', '--job-id', '12', '--raw', '--subdir', 'DAGS_FOLDER/main_pipeline_dag.py', '--cfg-path', '/tmp/tmpav3p41ny']
[2026-04-05T09:03:17.255+0000] {standard_task_runner.py:105} INFO - Job 12: Subtask run_batch_etl
[2026-04-05T09:03:17.441+0000] {task_command.py:467} INFO - Running <TaskInstance: recruitment_cdc_cassandra_to_mysql.run_batch_etl scheduled__2026-04-05T08:00:00+00:00 [running]> on host 40f786deaaea
[2026-04-05T09:03:17.628+0000] {taskinstance.py:3134} INFO - Exporting env vars: AIRFLOW_CTX_DAG_OWNER='shibe' AIRFLOW_CTX_DAG_ID='recruitment_cdc_cassandra_to_mysql' AIRFLOW_CTX_TASK_ID='run_batch_etl' AIRFLOW_CTX_EXECUTION_DATE='2026-04-05T08:00:00+00:00' AIRFLOW_CTX_TRY_NUMBER='1' AIRFLOW_CTX_DAG_RUN_ID='scheduled__2026-04-05T08:00:00+00:00'
[2026-04-05T09:03:17.633+0000] {taskinstance.py:732} INFO - ::endgroup::
[2026-04-05T09:03:18.042+0000] {taskinstance.py:3313} ERROR - Task failed with exception
Traceback (most recent call last):
  File "/home/airflow/.local/lib/python3.8/site-packages/airflow/models/taskinstance.py", line 768, in _execute_task
    result = _execute_callable(context=context, **execute_callable_kwargs)
  File "/home/airflow/.local/lib/python3.8/site-packages/airflow/models/taskinstance.py", line 734, in _execute_callable
    return ExecutionCallableRunner(
  File "/home/airflow/.local/lib/python3.8/site-packages/airflow/utils/operator_helpers.py", line 252, in run
    return self.func(*args, **kwargs)
  File "/home/airflow/.local/lib/python3.8/site-packages/airflow/models/baseoperator.py", line 424, in wrapper
    return func(self, *args, **kwargs)
  File "/home/airflow/.local/lib/python3.8/site-packages/airflow/operators/python.py", line 238, in execute
    return_value = self.execute_callable()
  File "/home/airflow/.local/lib/python3.8/site-packages/airflow/operators/python.py", line 256, in execute_callable
    return runner.run(*self.op_args, **self.op_kwargs)
  File "/home/airflow/.local/lib/python3.8/site-packages/airflow/utils/operator_helpers.py", line 252, in run
    return self.func(*args, **kwargs)
  File "/opt/airflow/scripts/processing/batch_etl_cassandra_to_mysql.py", line 41, in main
    spark = create_spark_session()
  File "/opt/airflow/scripts/processing/batch_etl_cassandra_to_mysql.py", line 11, in create_spark_session
    return SparkSession.builder \
  File "/home/airflow/.local/lib/python3.8/site-packages/pyspark/sql/session.py", line 497, in getOrCreate
    sc = SparkContext.getOrCreate(sparkConf)
  File "/home/airflow/.local/lib/python3.8/site-packages/pyspark/context.py", line 515, in getOrCreate
    SparkContext(conf=conf or SparkConf())
  File "/home/airflow/.local/lib/python3.8/site-packages/pyspark/context.py", line 201, in __init__
    SparkContext._ensure_initialized(self, gateway=gateway, conf=conf)
  File "/home/airflow/.local/lib/python3.8/site-packages/pyspark/context.py", line 436, in _ensure_initialized
    SparkContext._gateway = gateway or launch_gateway(conf)
  File "/home/airflow/.local/lib/python3.8/site-packages/pyspark/java_gateway.py", line 107, in launch_gateway
    raise PySparkRuntimeError(
pyspark.errors.exceptions.base.PySparkRuntimeError: [JAVA_GATEWAY_EXITED] Java gateway process exited before sending its port number.
[2026-04-05T09:03:18.078+0000] {taskinstance.py:1226} INFO - Marking task as UP_FOR_RETRY. dag_id=recruitment_cdc_cassandra_to_mysql, task_id=run_batch_etl, run_id=scheduled__2026-04-05T08:00:00+00:00, execution_date=20260405T080000, start_date=20260405T090317, end_date=20260405T090318
[2026-04-05T09:03:18.188+0000] {taskinstance.py:341} INFO - ::group::Post task execution logs
[2026-04-05T09:03:18.191+0000] {standard_task_runner.py:124} ERROR - Failed to execute job 12 for task run_batch_etl ([JAVA_GATEWAY_EXITED] Java gateway process exited before sending its port number.; 522)
Traceback (most recent call last):
  File "/home/airflow/.local/lib/python3.8/site-packages/airflow/task/task_runner/standard_task_runner.py", line 117, in _start_by_fork
    ret = args.func(args, dag=self.dag)
  File "/home/airflow/.local/lib/python3.8/site-packages/airflow/cli/cli_config.py", line 49, in command
    return func(*args, **kwargs)
  File "/home/airflow/.local/lib/python3.8/site-packages/airflow/utils/cli.py", line 116, in wrapper
    return f(*args, **kwargs)
  File "/home/airflow/.local/lib/python3.8/site-packages/airflow/cli/commands/task_command.py", line 483, in task_run
    task_return_code = _run_task_by_selected_method(args, _dag, ti)
  File "/home/airflow/.local/lib/python3.8/site-packages/airflow/cli/commands/task_command.py", line 256, in _run_task_by_selected_method
    return _run_raw_task(args, ti)
  File "/home/airflow/.local/lib/python3.8/site-packages/airflow/cli/commands/task_command.py", line 341, in _run_raw_task
    return ti._run_raw_task(
  File "/home/airflow/.local/lib/python3.8/site-packages/airflow/utils/session.py", line 97, in wrapper
    return func(*args, session=session, **kwargs)
  File "/home/airflow/.local/lib/python3.8/site-packages/airflow/models/taskinstance.py", line 3006, in _run_raw_task
    return _run_raw_task(
  File "/home/airflow/.local/lib/python3.8/site-packages/airflow/models/taskinstance.py", line 274, in _run_raw_task
    TaskInstance._execute_task_with_callbacks(
  File "/home/airflow/.local/lib/python3.8/site-packages/airflow/models/taskinstance.py", line 3161, in _execute_task_with_callbacks
    result = self._execute_task(context, task_orig)
  File "/home/airflow/.local/lib/python3.8/site-packages/airflow/models/taskinstance.py", line 3185, in _execute_task
    return _execute_task(self, context, task_orig)
  File "/home/airflow/.local/lib/python3.8/site-packages/airflow/models/taskinstance.py", line 768, in _execute_task
    result = _execute_callable(context=context, **execute_callable_kwargs)
  File "/home/airflow/.local/lib/python3.8/site-packages/airflow/models/taskinstance.py", line 734, in _execute_callable
    return ExecutionCallableRunner(
  File "/home/airflow/.local/lib/python3.8/site-packages/airflow/utils/operator_helpers.py", line 252, in run
    return self.func(*args, **kwargs)
  File "/home/airflow/.local/lib/python3.8/site-packages/airflow/models/baseoperator.py", line 424, in wrapper
    return func(self, *args, **kwargs)
  File "/home/airflow/.local/lib/python3.8/site-packages/airflow/operators/python.py", line 238, in execute
    return_value = self.execute_callable()
  File "/home/airflow/.local/lib/python3.8/site-packages/airflow/operators/python.py", line 256, in execute_callable
    return runner.run(*self.op_args, **self.op_kwargs)
  File "/home/airflow/.local/lib/python3.8/site-packages/airflow/utils/operator_helpers.py", line 252, in run
    return self.func(*args, **kwargs)
  File "/opt/airflow/scripts/processing/batch_etl_cassandra_to_mysql.py", line 41, in main
    spark = create_spark_session()
  File "/opt/airflow/scripts/processing/batch_etl_cassandra_to_mysql.py", line 11, in create_spark_session
    return SparkSession.builder \
  File "/home/airflow/.local/lib/python3.8/site-packages/pyspark/sql/session.py", line 497, in getOrCreate
    sc = SparkContext.getOrCreate(sparkConf)
  File "/home/airflow/.local/lib/python3.8/site-packages/pyspark/context.py", line 515, in getOrCreate
    SparkContext(conf=conf or SparkConf())
  File "/home/airflow/.local/lib/python3.8/site-packages/pyspark/context.py", line 201, in __init__
    SparkContext._ensure_initialized(self, gateway=gateway, conf=conf)
  File "/home/airflow/.local/lib/python3.8/site-packages/pyspark/context.py", line 436, in _ensure_initialized
    SparkContext._gateway = gateway or launch_gateway(conf)
  File "/home/airflow/.local/lib/python3.8/site-packages/pyspark/java_gateway.py", line 107, in launch_gateway
    raise PySparkRuntimeError(
pyspark.errors.exceptions.base.PySparkRuntimeError: [JAVA_GATEWAY_EXITED] Java gateway process exited before sending its port number.
[2026-04-05T09:03:18.221+0000] {local_task_job_runner.py:266} INFO - Task exited with return code 1
[2026-04-05T09:03:18.250+0000] {local_task_job_runner.py:245} INFO - ::endgroup::
[2026-04-05T09:38:15.950+0000] {local_task_job_runner.py:123} INFO - ::group::Pre task execution logs
[2026-04-05T09:38:15.991+0000] {taskinstance.py:2614} INFO - Dependencies all met for dep_context=non-requeueable deps ti=<TaskInstance: recruitment_cdc_cassandra_to_mysql.run_batch_etl scheduled__2026-04-05T08:00:00+00:00 [queued]>
[2026-04-05T09:38:16.019+0000] {taskinstance.py:2614} INFO - Dependencies all met for dep_context=requeueable deps ti=<TaskInstance: recruitment_cdc_cassandra_to_mysql.run_batch_etl scheduled__2026-04-05T08:00:00+00:00 [queued]>
[2026-04-05T09:38:16.020+0000] {taskinstance.py:2867} INFO - Starting attempt 1 of 2
[2026-04-05T09:38:16.049+0000] {taskinstance.py:2890} INFO - Executing <Task(PythonOperator): run_batch_etl> on 2026-04-05 08:00:00+00:00
[2026-04-05T09:38:16.069+0000] {standard_task_runner.py:72} INFO - Started process 209 to run task
[2026-04-05T09:38:16.095+0000] {standard_task_runner.py:104} INFO - Running: ['***', 'tasks', 'run', 'recruitment_cdc_cassandra_to_mysql', 'run_batch_etl', 'scheduled__2026-04-05T08:00:00+00:00', '--job-id', '6', '--raw', '--subdir', 'DAGS_FOLDER/main_pipeline_dag.py', '--cfg-path', '/tmp/tmp6hec9lk5']
[2026-04-05T09:38:16.108+0000] {standard_task_runner.py:105} INFO - Job 6: Subtask run_batch_etl
[2026-04-05T09:38:16.323+0000] {task_command.py:467} INFO - Running <TaskInstance: recruitment_cdc_cassandra_to_mysql.run_batch_etl scheduled__2026-04-05T08:00:00+00:00 [running]> on host bca6e70ab794
[2026-04-05T09:38:16.617+0000] {taskinstance.py:3134} INFO - Exporting env vars: AIRFLOW_CTX_DAG_OWNER='shibe' AIRFLOW_CTX_DAG_ID='recruitment_cdc_cassandra_to_mysql' AIRFLOW_CTX_TASK_ID='run_batch_etl' AIRFLOW_CTX_EXECUTION_DATE='2026-04-05T08:00:00+00:00' AIRFLOW_CTX_TRY_NUMBER='1' AIRFLOW_CTX_DAG_RUN_ID='scheduled__2026-04-05T08:00:00+00:00'
[2026-04-05T09:38:16.621+0000] {taskinstance.py:732} INFO - ::endgroup::
[2026-04-05T09:39:47.684+0000] {logging_mixin.py:190} INFO - >>> Loading data from Cassandra...
[2026-04-05T09:39:51.451+0000] {taskinstance.py:3313} ERROR - Task failed with exception
Traceback (most recent call last):
  File "/home/airflow/.local/lib/python3.8/site-packages/airflow/models/taskinstance.py", line 768, in _execute_task
    result = _execute_callable(context=context, **execute_callable_kwargs)
  File "/home/airflow/.local/lib/python3.8/site-packages/airflow/models/taskinstance.py", line 734, in _execute_callable
    return ExecutionCallableRunner(
  File "/home/airflow/.local/lib/python3.8/site-packages/airflow/utils/operator_helpers.py", line 252, in run
    return self.func(*args, **kwargs)
  File "/home/airflow/.local/lib/python3.8/site-packages/airflow/models/baseoperator.py", line 424, in wrapper
    return func(self, *args, **kwargs)
  File "/home/airflow/.local/lib/python3.8/site-packages/airflow/operators/python.py", line 238, in execute
    return_value = self.execute_callable()
  File "/home/airflow/.local/lib/python3.8/site-packages/airflow/operators/python.py", line 256, in execute_callable
    return runner.run(*self.op_args, **self.op_kwargs)
  File "/home/airflow/.local/lib/python3.8/site-packages/airflow/utils/operator_helpers.py", line 252, in run
    return self.func(*args, **kwargs)
  File "/opt/airflow/scripts/processing/batch_etl_cassandra_to_mysql.py", line 46, in main
    raw_data = spark.read.format("org.apache.spark.sql.cassandra") \
  File "/home/airflow/.local/lib/python3.8/site-packages/pyspark/sql/readwriter.py", line 314, in load
    return self._df(self._jreader.load())
  File "/home/airflow/.local/lib/python3.8/site-packages/py4j/java_gateway.py", line 1362, in __call__
    return_value = get_return_value(
  File "/home/airflow/.local/lib/python3.8/site-packages/pyspark/errors/exceptions/captured.py", line 185, in deco
    raise converted from None
pyspark.errors.exceptions.captured.AnalysisException: Couldn't find keyspace_name or any similarly named keyspaces
[2026-04-05T09:39:51.489+0000] {taskinstance.py:1226} INFO - Marking task as UP_FOR_RETRY. dag_id=recruitment_cdc_cassandra_to_mysql, task_id=run_batch_etl, run_id=scheduled__2026-04-05T08:00:00+00:00, execution_date=20260405T080000, start_date=20260405T093815, end_date=20260405T093951
[2026-04-05T09:39:51.553+0000] {taskinstance.py:341} INFO - ::group::Post task execution logs
[2026-04-05T09:39:51.553+0000] {standard_task_runner.py:124} ERROR - Failed to execute job 6 for task run_batch_etl (Couldn't find keyspace_name or any similarly named keyspaces; 209)
Traceback (most recent call last):
  File "/home/airflow/.local/lib/python3.8/site-packages/airflow/task/task_runner/standard_task_runner.py", line 117, in _start_by_fork
    ret = args.func(args, dag=self.dag)
  File "/home/airflow/.local/lib/python3.8/site-packages/airflow/cli/cli_config.py", line 49, in command
    return func(*args, **kwargs)
  File "/home/airflow/.local/lib/python3.8/site-packages/airflow/utils/cli.py", line 116, in wrapper
    return f(*args, **kwargs)
  File "/home/airflow/.local/lib/python3.8/site-packages/airflow/cli/commands/task_command.py", line 483, in task_run
    task_return_code = _run_task_by_selected_method(args, _dag, ti)
  File "/home/airflow/.local/lib/python3.8/site-packages/airflow/cli/commands/task_command.py", line 256, in _run_task_by_selected_method
    return _run_raw_task(args, ti)
  File "/home/airflow/.local/lib/python3.8/site-packages/airflow/cli/commands/task_command.py", line 341, in _run_raw_task
    return ti._run_raw_task(
  File "/home/airflow/.local/lib/python3.8/site-packages/airflow/utils/session.py", line 97, in wrapper
    return func(*args, session=session, **kwargs)
  File "/home/airflow/.local/lib/python3.8/site-packages/airflow/models/taskinstance.py", line 3006, in _run_raw_task
    return _run_raw_task(
  File "/home/airflow/.local/lib/python3.8/site-packages/airflow/models/taskinstance.py", line 274, in _run_raw_task
    TaskInstance._execute_task_with_callbacks(
  File "/home/airflow/.local/lib/python3.8/site-packages/airflow/models/taskinstance.py", line 3161, in _execute_task_with_callbacks
    result = self._execute_task(context, task_orig)
  File "/home/airflow/.local/lib/python3.8/site-packages/airflow/models/taskinstance.py", line 3185, in _execute_task
    return _execute_task(self, context, task_orig)
  File "/home/airflow/.local/lib/python3.8/site-packages/airflow/models/taskinstance.py", line 768, in _execute_task
    result = _execute_callable(context=context, **execute_callable_kwargs)
  File "/home/airflow/.local/lib/python3.8/site-packages/airflow/models/taskinstance.py", line 734, in _execute_callable
    return ExecutionCallableRunner(
  File "/home/airflow/.local/lib/python3.8/site-packages/airflow/utils/operator_helpers.py", line 252, in run
    return self.func(*args, **kwargs)
  File "/home/airflow/.local/lib/python3.8/site-packages/airflow/models/baseoperator.py", line 424, in wrapper
    return func(self, *args, **kwargs)
  File "/home/airflow/.local/lib/python3.8/site-packages/airflow/operators/python.py", line 238, in execute
    return_value = self.execute_callable()
  File "/home/airflow/.local/lib/python3.8/site-packages/airflow/operators/python.py", line 256, in execute_callable
    return runner.run(*self.op_args, **self.op_kwargs)
  File "/home/airflow/.local/lib/python3.8/site-packages/airflow/utils/operator_helpers.py", line 252, in run
    return self.func(*args, **kwargs)
  File "/opt/airflow/scripts/processing/batch_etl_cassandra_to_mysql.py", line 46, in main
    raw_data = spark.read.format("org.apache.spark.sql.cassandra") \
  File "/home/airflow/.local/lib/python3.8/site-packages/pyspark/sql/readwriter.py", line 314, in load
    return self._df(self._jreader.load())
  File "/home/airflow/.local/lib/python3.8/site-packages/py4j/java_gateway.py", line 1362, in __call__
    return_value = get_return_value(
  File "/home/airflow/.local/lib/python3.8/site-packages/pyspark/errors/exceptions/captured.py", line 185, in deco
    raise converted from None
pyspark.errors.exceptions.captured.AnalysisException: Couldn't find keyspace_name or any similarly named keyspaces
[2026-04-05T09:39:51.597+0000] {local_task_job_runner.py:266} INFO - Task exited with return code 1
[2026-04-05T09:39:51.626+0000] {taskinstance.py:3901} INFO - 0 downstream tasks scheduled from follow-on schedule check
[2026-04-05T09:39:51.630+0000] {local_task_job_runner.py:245} INFO - ::endgroup::
