[2026-04-04T16:53:40.996+0000] {taskinstance.py:1157} INFO - Dependencies all met for dep_context=non-requeueable deps ti=<TaskInstance: bear_mode_full_pipeline.run_batch_etl scheduled__2026-04-04T15:00:00+00:00 [queued]>
[2026-04-04T16:53:41.003+0000] {taskinstance.py:1157} INFO - Dependencies all met for dep_context=requeueable deps ti=<TaskInstance: bear_mode_full_pipeline.run_batch_etl scheduled__2026-04-04T15:00:00+00:00 [queued]>
[2026-04-04T16:53:41.003+0000] {taskinstance.py:1359} INFO - Starting attempt 1 of 2
[2026-04-04T16:53:41.014+0000] {taskinstance.py:1380} INFO - Executing <Task(BashOperator): run_batch_etl> on 2026-04-04 15:00:00+00:00
[2026-04-04T16:53:41.018+0000] {standard_task_runner.py:57} INFO - Started process 243 to run task
[2026-04-04T16:53:41.021+0000] {standard_task_runner.py:84} INFO - Running: ['***', 'tasks', 'run', 'bear_mode_full_pipeline', 'run_batch_etl', 'scheduled__2026-04-04T15:00:00+00:00', '--job-id', '4', '--raw', '--subdir', 'DAGS_FOLDER/main_pipeline_dag.py', '--cfg-path', '/tmp/tmp7tsyqhsl']
[2026-04-04T16:53:41.023+0000] {standard_task_runner.py:85} INFO - Job 4: Subtask run_batch_etl
[2026-04-04T16:53:41.071+0000] {task_command.py:415} INFO - Running <TaskInstance: bear_mode_full_pipeline.run_batch_etl scheduled__2026-04-04T15:00:00+00:00 [running]> on host 4db7dcd7c3fe
[2026-04-04T16:53:41.130+0000] {taskinstance.py:1660} INFO - Exporting env vars: AIRFLOW_CTX_DAG_OWNER='shibe' AIRFLOW_CTX_DAG_ID='bear_mode_full_pipeline' AIRFLOW_CTX_TASK_ID='run_batch_etl' AIRFLOW_CTX_EXECUTION_DATE='2026-04-04T15:00:00+00:00' AIRFLOW_CTX_TRY_NUMBER='1' AIRFLOW_CTX_DAG_RUN_ID='scheduled__2026-04-04T15:00:00+00:00'
[2026-04-04T16:53:41.132+0000] {subprocess.py:63} INFO - Tmp dir root location: /tmp
[2026-04-04T16:53:41.132+0000] {subprocess.py:75} INFO - Running command: ['/bin/bash', '-c', 'python3 /opt/***/scripts/processing/batch_etl_cassandra_to_mysql.py']
[2026-04-04T16:53:41.139+0000] {subprocess.py:86} INFO - Output:
[2026-04-04T16:53:41.255+0000] {subprocess.py:93} INFO - Traceback (most recent call last):
[2026-04-04T16:53:41.255+0000] {subprocess.py:93} INFO -   File "/opt/***/scripts/processing/batch_etl_cassandra_to_mysql.py", line 9, in <module>
[2026-04-04T16:53:41.256+0000] {subprocess.py:93} INFO -     import time_uuid
[2026-04-04T16:53:41.256+0000] {subprocess.py:93} INFO - ModuleNotFoundError: No module named 'time_uuid'
[2026-04-04T16:53:41.259+0000] {subprocess.py:97} INFO - Command exited with return code 1
[2026-04-04T16:53:41.267+0000] {taskinstance.py:1935} ERROR - Task failed with exception
Traceback (most recent call last):
  File "/home/airflow/.local/lib/python3.8/site-packages/airflow/operators/bash.py", line 210, in execute
    raise AirflowException(
airflow.exceptions.AirflowException: Bash command failed. The command returned a non-zero exit code 1.
[2026-04-04T16:53:41.270+0000] {taskinstance.py:1398} INFO - Marking task as UP_FOR_RETRY. dag_id=bear_mode_full_pipeline, task_id=run_batch_etl, execution_date=20260404T150000, start_date=20260404T165340, end_date=20260404T165341
[2026-04-04T16:53:41.280+0000] {standard_task_runner.py:104} ERROR - Failed to execute job 4 for task run_batch_etl (Bash command failed. The command returned a non-zero exit code 1.; 243)
[2026-04-04T16:53:41.313+0000] {local_task_job_runner.py:228} INFO - Task exited with return code 1
[2026-04-04T16:53:41.330+0000] {taskinstance.py:2776} INFO - 0 downstream tasks scheduled from follow-on schedule check
