[2026-04-04T17:03:31.879+0000] {taskinstance.py:1157} INFO - Dependencies all met for dep_context=non-requeueable deps ti=<TaskInstance: bear_mode_full_pipeline.run_batch_etl scheduled__2026-04-04T15:00:00+00:00 [queued]>
[2026-04-04T17:03:31.886+0000] {taskinstance.py:1157} INFO - Dependencies all met for dep_context=requeueable deps ti=<TaskInstance: bear_mode_full_pipeline.run_batch_etl scheduled__2026-04-04T15:00:00+00:00 [queued]>
[2026-04-04T17:03:31.886+0000] {taskinstance.py:1359} INFO - Starting attempt 3 of 4
[2026-04-04T17:03:31.898+0000] {taskinstance.py:1380} INFO - Executing <Task(BashOperator): run_batch_etl> on 2026-04-04 15:00:00+00:00
[2026-04-04T17:03:31.902+0000] {standard_task_runner.py:57} INFO - Started process 371 to run task
[2026-04-04T17:03:31.905+0000] {standard_task_runner.py:84} INFO - Running: ['***', 'tasks', 'run', 'bear_mode_full_pipeline', 'run_batch_etl', 'scheduled__2026-04-04T15:00:00+00:00', '--job-id', '9', '--raw', '--subdir', 'DAGS_FOLDER/main_pipeline_dag.py', '--cfg-path', '/tmp/tmpu8da80hf']
[2026-04-04T17:03:31.908+0000] {standard_task_runner.py:85} INFO - Job 9: Subtask run_batch_etl
[2026-04-04T17:03:31.954+0000] {task_command.py:415} INFO - Running <TaskInstance: bear_mode_full_pipeline.run_batch_etl scheduled__2026-04-04T15:00:00+00:00 [running]> on host 4db7dcd7c3fe
[2026-04-04T17:03:32.016+0000] {taskinstance.py:1660} INFO - Exporting env vars: AIRFLOW_CTX_DAG_OWNER='shibe' AIRFLOW_CTX_DAG_ID='bear_mode_full_pipeline' AIRFLOW_CTX_TASK_ID='run_batch_etl' AIRFLOW_CTX_EXECUTION_DATE='2026-04-04T15:00:00+00:00' AIRFLOW_CTX_TRY_NUMBER='3' AIRFLOW_CTX_DAG_RUN_ID='scheduled__2026-04-04T15:00:00+00:00'
[2026-04-04T17:03:32.018+0000] {subprocess.py:63} INFO - Tmp dir root location: /tmp
[2026-04-04T17:03:32.019+0000] {subprocess.py:75} INFO - Running command: ['/bin/bash', '-c', 'python3 /opt/***/scripts/processing/batch_etl_cassandra_to_mysql.py']
[2026-04-04T17:03:32.026+0000] {subprocess.py:86} INFO - Output:
[2026-04-04T17:03:32.149+0000] {subprocess.py:93} INFO - Traceback (most recent call last):
[2026-04-04T17:03:32.149+0000] {subprocess.py:93} INFO -   File "/opt/***/scripts/processing/batch_etl_cassandra_to_mysql.py", line 9, in <module>
[2026-04-04T17:03:32.149+0000] {subprocess.py:93} INFO -     import time_uuid
[2026-04-04T17:03:32.149+0000] {subprocess.py:93} INFO - ModuleNotFoundError: No module named 'time_uuid'
[2026-04-04T17:03:32.152+0000] {subprocess.py:97} INFO - Command exited with return code 1
[2026-04-04T17:03:32.161+0000] {taskinstance.py:1935} ERROR - Task failed with exception
Traceback (most recent call last):
  File "/home/airflow/.local/lib/python3.8/site-packages/airflow/operators/bash.py", line 210, in execute
    raise AirflowException(
airflow.exceptions.AirflowException: Bash command failed. The command returned a non-zero exit code 1.
[2026-04-04T17:03:32.166+0000] {taskinstance.py:1398} INFO - Marking task as UP_FOR_RETRY. dag_id=bear_mode_full_pipeline, task_id=run_batch_etl, execution_date=20260404T150000, start_date=20260404T170331, end_date=20260404T170332
[2026-04-04T17:03:32.180+0000] {standard_task_runner.py:104} ERROR - Failed to execute job 9 for task run_batch_etl (Bash command failed. The command returned a non-zero exit code 1.; 371)
[2026-04-04T17:03:32.198+0000] {local_task_job_runner.py:228} INFO - Task exited with return code 1
[2026-04-04T17:03:32.217+0000] {taskinstance.py:2776} INFO - 0 downstream tasks scheduled from follow-on schedule check
