[2026-04-06T09:04:57.777+0000] {processor.py:186} INFO - Started process (PID=174) to work on /opt/airflow/dags/dag_continuous_services.py
[2026-04-06T09:04:57.779+0000] {processor.py:914} INFO - Processing file /opt/airflow/dags/dag_continuous_services.py for tasks to queue
[2026-04-06T09:04:57.784+0000] {logging_mixin.py:190} INFO - [2026-04-06T09:04:57.783+0000] {dagbag.py:588} INFO - Filling up the DagBag from /opt/airflow/dags/dag_continuous_services.py
[2026-04-06T09:05:00.001+0000] {processor.py:925} INFO - DAG(s) '1_continuous_services_bear_mode' retrieved from /opt/airflow/dags/dag_continuous_services.py
[2026-04-06T09:05:00.145+0000] {logging_mixin.py:190} INFO - [2026-04-06T09:05:00.144+0000] {override.py:1901} INFO - Created Permission View: can delete on DAG:1_continuous_services_bear_mode
[2026-04-06T09:05:00.155+0000] {logging_mixin.py:190} INFO - [2026-04-06T09:05:00.154+0000] {override.py:1901} INFO - Created Permission View: can edit on DAG:1_continuous_services_bear_mode
[2026-04-06T09:05:00.162+0000] {logging_mixin.py:190} INFO - [2026-04-06T09:05:00.162+0000] {override.py:1901} INFO - Created Permission View: can read on DAG:1_continuous_services_bear_mode
[2026-04-06T09:05:00.172+0000] {logging_mixin.py:190} INFO - [2026-04-06T09:05:00.172+0000] {override.py:1901} INFO - Created Permission View: menu access on DAG Run:1_continuous_services_bear_mode
[2026-04-06T09:05:00.182+0000] {logging_mixin.py:190} INFO - [2026-04-06T09:05:00.181+0000] {override.py:1901} INFO - Created Permission View: can delete on DAG Run:1_continuous_services_bear_mode
[2026-04-06T09:05:00.189+0000] {logging_mixin.py:190} INFO - [2026-04-06T09:05:00.189+0000] {override.py:1901} INFO - Created Permission View: can create on DAG Run:1_continuous_services_bear_mode
[2026-04-06T09:05:00.198+0000] {logging_mixin.py:190} INFO - [2026-04-06T09:05:00.198+0000] {override.py:1901} INFO - Created Permission View: can read on DAG Run:1_continuous_services_bear_mode
[2026-04-06T09:05:00.199+0000] {logging_mixin.py:190} INFO - [2026-04-06T09:05:00.198+0000] {dag.py:3239} INFO - Sync 1 DAGs
[2026-04-06T09:05:00.218+0000] {logging_mixin.py:190} INFO - [2026-04-06T09:05:00.217+0000] {dag.py:3262} INFO - Creating ORM DAG for 1_continuous_services_bear_mode
[2026-04-06T09:05:00.219+0000] {logging_mixin.py:190} INFO - [2026-04-06T09:05:00.218+0000] {dag.py:4180} INFO - Setting next_dagrun for 1_continuous_services_bear_mode to None, run_after=None
[2026-04-06T09:05:00.242+0000] {processor.py:208} INFO - Processing /opt/airflow/dags/dag_continuous_services.py took 2.491 seconds
[2026-04-06T09:05:30.451+0000] {processor.py:186} INFO - Started process (PID=190) to work on /opt/airflow/dags/dag_continuous_services.py
[2026-04-06T09:05:30.452+0000] {processor.py:914} INFO - Processing file /opt/airflow/dags/dag_continuous_services.py for tasks to queue
[2026-04-06T09:05:30.454+0000] {logging_mixin.py:190} INFO - [2026-04-06T09:05:30.454+0000] {dagbag.py:588} INFO - Filling up the DagBag from /opt/airflow/dags/dag_continuous_services.py
[2026-04-06T09:05:31.278+0000] {processor.py:925} INFO - DAG(s) '1_continuous_services_bear_mode' retrieved from /opt/airflow/dags/dag_continuous_services.py
[2026-04-06T09:05:31.331+0000] {logging_mixin.py:190} INFO - [2026-04-06T09:05:31.330+0000] {dag.py:3239} INFO - Sync 1 DAGs
[2026-04-06T09:05:31.351+0000] {logging_mixin.py:190} INFO - [2026-04-06T09:05:31.351+0000] {dag.py:4180} INFO - Setting next_dagrun for 1_continuous_services_bear_mode to None, run_after=None
[2026-04-06T09:05:31.371+0000] {processor.py:208} INFO - Processing /opt/airflow/dags/dag_continuous_services.py took 0.926 seconds
[2026-04-06T09:06:01.626+0000] {processor.py:186} INFO - Started process (PID=201) to work on /opt/airflow/dags/dag_continuous_services.py
[2026-04-06T09:06:01.627+0000] {processor.py:914} INFO - Processing file /opt/airflow/dags/dag_continuous_services.py for tasks to queue
[2026-04-06T09:06:01.631+0000] {logging_mixin.py:190} INFO - [2026-04-06T09:06:01.631+0000] {dagbag.py:588} INFO - Filling up the DagBag from /opt/airflow/dags/dag_continuous_services.py
[2026-04-06T09:06:02.512+0000] {processor.py:925} INFO - DAG(s) '1_continuous_services_bear_mode' retrieved from /opt/airflow/dags/dag_continuous_services.py
[2026-04-06T09:06:02.533+0000] {logging_mixin.py:190} INFO - [2026-04-06T09:06:02.533+0000] {dag.py:3239} INFO - Sync 1 DAGs
[2026-04-06T09:06:02.544+0000] {logging_mixin.py:190} INFO - [2026-04-06T09:06:02.544+0000] {dag.py:4180} INFO - Setting next_dagrun for 1_continuous_services_bear_mode to None, run_after=None
[2026-04-06T09:06:02.562+0000] {processor.py:208} INFO - Processing /opt/airflow/dags/dag_continuous_services.py took 0.944 seconds
[2026-04-06T09:06:33.174+0000] {processor.py:186} INFO - Started process (PID=212) to work on /opt/airflow/dags/dag_continuous_services.py
[2026-04-06T09:06:33.176+0000] {processor.py:914} INFO - Processing file /opt/airflow/dags/dag_continuous_services.py for tasks to queue
[2026-04-06T09:06:33.180+0000] {logging_mixin.py:190} INFO - [2026-04-06T09:06:33.179+0000] {dagbag.py:588} INFO - Filling up the DagBag from /opt/airflow/dags/dag_continuous_services.py
[2026-04-06T09:06:33.992+0000] {processor.py:925} INFO - DAG(s) '1_continuous_services_bear_mode' retrieved from /opt/airflow/dags/dag_continuous_services.py
[2026-04-06T09:06:34.036+0000] {logging_mixin.py:190} INFO - [2026-04-06T09:06:34.035+0000] {dag.py:3239} INFO - Sync 1 DAGs
[2026-04-06T09:06:34.063+0000] {logging_mixin.py:190} INFO - [2026-04-06T09:06:34.063+0000] {dag.py:4180} INFO - Setting next_dagrun for 1_continuous_services_bear_mode to None, run_after=None
[2026-04-06T09:06:34.089+0000] {processor.py:208} INFO - Processing /opt/airflow/dags/dag_continuous_services.py took 0.922 seconds
[2026-04-06T09:07:04.324+0000] {processor.py:186} INFO - Started process (PID=223) to work on /opt/airflow/dags/dag_continuous_services.py
[2026-04-06T09:07:04.327+0000] {processor.py:914} INFO - Processing file /opt/airflow/dags/dag_continuous_services.py for tasks to queue
[2026-04-06T09:07:04.330+0000] {logging_mixin.py:190} INFO - [2026-04-06T09:07:04.330+0000] {dagbag.py:588} INFO - Filling up the DagBag from /opt/airflow/dags/dag_continuous_services.py
[2026-04-06T09:07:04.871+0000] {processor.py:925} INFO - DAG(s) '1_continuous_services_bear_mode' retrieved from /opt/airflow/dags/dag_continuous_services.py
[2026-04-06T09:07:04.890+0000] {logging_mixin.py:190} INFO - [2026-04-06T09:07:04.890+0000] {dag.py:3239} INFO - Sync 1 DAGs
[2026-04-06T09:07:04.902+0000] {logging_mixin.py:190} INFO - [2026-04-06T09:07:04.902+0000] {dag.py:4180} INFO - Setting next_dagrun for 1_continuous_services_bear_mode to None, run_after=None
[2026-04-06T09:07:04.915+0000] {processor.py:208} INFO - Processing /opt/airflow/dags/dag_continuous_services.py took 0.598 seconds
[2026-04-06T09:07:35.422+0000] {processor.py:186} INFO - Started process (PID=234) to work on /opt/airflow/dags/dag_continuous_services.py
[2026-04-06T09:07:35.425+0000] {processor.py:914} INFO - Processing file /opt/airflow/dags/dag_continuous_services.py for tasks to queue
[2026-04-06T09:07:35.428+0000] {logging_mixin.py:190} INFO - [2026-04-06T09:07:35.427+0000] {dagbag.py:588} INFO - Filling up the DagBag from /opt/airflow/dags/dag_continuous_services.py
[2026-04-06T09:07:35.869+0000] {processor.py:925} INFO - DAG(s) '1_continuous_services_bear_mode' retrieved from /opt/airflow/dags/dag_continuous_services.py
[2026-04-06T09:07:35.924+0000] {logging_mixin.py:190} INFO - [2026-04-06T09:07:35.923+0000] {dag.py:3239} INFO - Sync 1 DAGs
[2026-04-06T09:07:36.009+0000] {logging_mixin.py:190} INFO - [2026-04-06T09:07:36.009+0000] {dag.py:4180} INFO - Setting next_dagrun for 1_continuous_services_bear_mode to None, run_after=None
[2026-04-06T09:07:36.050+0000] {processor.py:208} INFO - Processing /opt/airflow/dags/dag_continuous_services.py took 0.634 seconds
[2026-04-06T09:08:07.795+0000] {processor.py:186} INFO - Started process (PID=245) to work on /opt/airflow/dags/dag_continuous_services.py
[2026-04-06T09:08:07.797+0000] {processor.py:914} INFO - Processing file /opt/airflow/dags/dag_continuous_services.py for tasks to queue
[2026-04-06T09:08:07.800+0000] {logging_mixin.py:190} INFO - [2026-04-06T09:08:07.800+0000] {dagbag.py:588} INFO - Filling up the DagBag from /opt/airflow/dags/dag_continuous_services.py
[2026-04-06T09:08:08.759+0000] {processor.py:925} INFO - DAG(s) '1_continuous_services_bear_mode' retrieved from /opt/airflow/dags/dag_continuous_services.py
[2026-04-06T09:08:08.805+0000] {logging_mixin.py:190} INFO - [2026-04-06T09:08:08.804+0000] {dag.py:3239} INFO - Sync 1 DAGs
[2026-04-06T09:08:08.832+0000] {logging_mixin.py:190} INFO - [2026-04-06T09:08:08.832+0000] {dag.py:4180} INFO - Setting next_dagrun for 1_continuous_services_bear_mode to None, run_after=None
[2026-04-06T09:08:08.848+0000] {processor.py:208} INFO - Processing /opt/airflow/dags/dag_continuous_services.py took 1.061 seconds
[2026-04-06T09:08:40.833+0000] {processor.py:186} INFO - Started process (PID=590) to work on /opt/airflow/dags/dag_continuous_services.py
[2026-04-06T09:08:40.835+0000] {processor.py:914} INFO - Processing file /opt/airflow/dags/dag_continuous_services.py for tasks to queue
[2026-04-06T09:08:40.844+0000] {logging_mixin.py:190} INFO - [2026-04-06T09:08:40.842+0000] {dagbag.py:588} INFO - Filling up the DagBag from /opt/airflow/dags/dag_continuous_services.py
[2026-04-06T09:08:42.702+0000] {processor.py:925} INFO - DAG(s) '1_continuous_services_bear_mode' retrieved from /opt/airflow/dags/dag_continuous_services.py
[2026-04-06T09:08:42.742+0000] {logging_mixin.py:190} INFO - [2026-04-06T09:08:42.741+0000] {dag.py:3239} INFO - Sync 1 DAGs
[2026-04-06T09:08:42.762+0000] {logging_mixin.py:190} INFO - [2026-04-06T09:08:42.761+0000] {dag.py:4180} INFO - Setting next_dagrun for 1_continuous_services_bear_mode to None, run_after=None
[2026-04-06T09:08:42.782+0000] {processor.py:208} INFO - Processing /opt/airflow/dags/dag_continuous_services.py took 1.971 seconds
[2026-04-06T09:09:13.717+0000] {processor.py:186} INFO - Started process (PID=905) to work on /opt/airflow/dags/dag_continuous_services.py
[2026-04-06T09:09:13.718+0000] {processor.py:914} INFO - Processing file /opt/airflow/dags/dag_continuous_services.py for tasks to queue
[2026-04-06T09:09:13.720+0000] {logging_mixin.py:190} INFO - [2026-04-06T09:09:13.720+0000] {dagbag.py:588} INFO - Filling up the DagBag from /opt/airflow/dags/dag_continuous_services.py
[2026-04-06T09:09:14.212+0000] {processor.py:925} INFO - DAG(s) '1_continuous_services_bear_mode' retrieved from /opt/airflow/dags/dag_continuous_services.py
[2026-04-06T09:09:14.232+0000] {logging_mixin.py:190} INFO - [2026-04-06T09:09:14.232+0000] {dag.py:3239} INFO - Sync 1 DAGs
[2026-04-06T09:09:14.244+0000] {logging_mixin.py:190} INFO - [2026-04-06T09:09:14.244+0000] {dag.py:4180} INFO - Setting next_dagrun for 1_continuous_services_bear_mode to None, run_after=None
[2026-04-06T09:09:14.262+0000] {processor.py:208} INFO - Processing /opt/airflow/dags/dag_continuous_services.py took 0.553 seconds
[2026-04-06T09:09:46.206+0000] {processor.py:186} INFO - Started process (PID=916) to work on /opt/airflow/dags/dag_continuous_services.py
[2026-04-06T09:09:46.207+0000] {processor.py:914} INFO - Processing file /opt/airflow/dags/dag_continuous_services.py for tasks to queue
[2026-04-06T09:09:46.210+0000] {logging_mixin.py:190} INFO - [2026-04-06T09:09:46.210+0000] {dagbag.py:588} INFO - Filling up the DagBag from /opt/airflow/dags/dag_continuous_services.py
[2026-04-06T09:09:46.967+0000] {processor.py:925} INFO - DAG(s) '1_continuous_services_bear_mode' retrieved from /opt/airflow/dags/dag_continuous_services.py
[2026-04-06T09:09:46.998+0000] {logging_mixin.py:190} INFO - [2026-04-06T09:09:46.997+0000] {dag.py:3239} INFO - Sync 1 DAGs
[2026-04-06T09:09:47.016+0000] {logging_mixin.py:190} INFO - [2026-04-06T09:09:47.015+0000] {dag.py:4180} INFO - Setting next_dagrun for 1_continuous_services_bear_mode to None, run_after=None
[2026-04-06T09:09:47.041+0000] {processor.py:208} INFO - Processing /opt/airflow/dags/dag_continuous_services.py took 0.842 seconds
[2026-04-06T09:10:19.357+0000] {processor.py:186} INFO - Started process (PID=1176) to work on /opt/airflow/dags/dag_continuous_services.py
[2026-04-06T09:10:19.358+0000] {processor.py:914} INFO - Processing file /opt/airflow/dags/dag_continuous_services.py for tasks to queue
[2026-04-06T09:10:19.362+0000] {logging_mixin.py:190} INFO - [2026-04-06T09:10:19.361+0000] {dagbag.py:588} INFO - Filling up the DagBag from /opt/airflow/dags/dag_continuous_services.py
[2026-04-06T09:10:19.888+0000] {processor.py:925} INFO - DAG(s) '1_continuous_services_bear_mode' retrieved from /opt/airflow/dags/dag_continuous_services.py
[2026-04-06T09:10:19.913+0000] {logging_mixin.py:190} INFO - [2026-04-06T09:10:19.912+0000] {dag.py:3239} INFO - Sync 1 DAGs
[2026-04-06T09:10:19.929+0000] {logging_mixin.py:190} INFO - [2026-04-06T09:10:19.929+0000] {dag.py:4180} INFO - Setting next_dagrun for 1_continuous_services_bear_mode to None, run_after=None
[2026-04-06T09:10:19.952+0000] {processor.py:208} INFO - Processing /opt/airflow/dags/dag_continuous_services.py took 0.602 seconds
[2026-04-06T09:10:51.886+0000] {processor.py:186} INFO - Started process (PID=1187) to work on /opt/airflow/dags/dag_continuous_services.py
[2026-04-06T09:10:51.888+0000] {processor.py:914} INFO - Processing file /opt/airflow/dags/dag_continuous_services.py for tasks to queue
[2026-04-06T09:10:51.892+0000] {logging_mixin.py:190} INFO - [2026-04-06T09:10:51.891+0000] {dagbag.py:588} INFO - Filling up the DagBag from /opt/airflow/dags/dag_continuous_services.py
[2026-04-06T09:10:52.377+0000] {processor.py:925} INFO - DAG(s) '1_continuous_services_bear_mode' retrieved from /opt/airflow/dags/dag_continuous_services.py
[2026-04-06T09:10:52.403+0000] {logging_mixin.py:190} INFO - [2026-04-06T09:10:52.403+0000] {dag.py:3239} INFO - Sync 1 DAGs
[2026-04-06T09:10:52.416+0000] {logging_mixin.py:190} INFO - [2026-04-06T09:10:52.416+0000] {dag.py:4180} INFO - Setting next_dagrun for 1_continuous_services_bear_mode to None, run_after=None
[2026-04-06T09:10:52.435+0000] {processor.py:208} INFO - Processing /opt/airflow/dags/dag_continuous_services.py took 0.558 seconds
[2026-04-06T09:11:24.420+0000] {processor.py:186} INFO - Started process (PID=1990) to work on /opt/airflow/dags/dag_continuous_services.py
[2026-04-06T09:11:24.422+0000] {processor.py:914} INFO - Processing file /opt/airflow/dags/dag_continuous_services.py for tasks to queue
[2026-04-06T09:11:24.425+0000] {logging_mixin.py:190} INFO - [2026-04-06T09:11:24.425+0000] {dagbag.py:588} INFO - Filling up the DagBag from /opt/airflow/dags/dag_continuous_services.py
[2026-04-06T09:11:25.143+0000] {processor.py:925} INFO - DAG(s) '1_continuous_services_bear_mode' retrieved from /opt/airflow/dags/dag_continuous_services.py
[2026-04-06T09:11:25.171+0000] {logging_mixin.py:190} INFO - [2026-04-06T09:11:25.171+0000] {dag.py:3239} INFO - Sync 1 DAGs
[2026-04-06T09:11:25.183+0000] {logging_mixin.py:190} INFO - [2026-04-06T09:11:25.183+0000] {dag.py:4180} INFO - Setting next_dagrun for 1_continuous_services_bear_mode to None, run_after=None
[2026-04-06T09:11:25.200+0000] {processor.py:208} INFO - Processing /opt/airflow/dags/dag_continuous_services.py took 0.787 seconds
[2026-04-06T09:11:57.118+0000] {processor.py:186} INFO - Started process (PID=2061) to work on /opt/airflow/dags/dag_continuous_services.py
[2026-04-06T09:11:57.121+0000] {processor.py:914} INFO - Processing file /opt/airflow/dags/dag_continuous_services.py for tasks to queue
[2026-04-06T09:11:57.125+0000] {logging_mixin.py:190} INFO - [2026-04-06T09:11:57.124+0000] {dagbag.py:588} INFO - Filling up the DagBag from /opt/airflow/dags/dag_continuous_services.py
[2026-04-06T09:11:57.567+0000] {processor.py:925} INFO - DAG(s) '1_continuous_services_bear_mode' retrieved from /opt/airflow/dags/dag_continuous_services.py
[2026-04-06T09:11:57.603+0000] {logging_mixin.py:190} INFO - [2026-04-06T09:11:57.602+0000] {dag.py:3239} INFO - Sync 1 DAGs
[2026-04-06T09:11:57.623+0000] {logging_mixin.py:190} INFO - [2026-04-06T09:11:57.623+0000] {dag.py:4180} INFO - Setting next_dagrun for 1_continuous_services_bear_mode to None, run_after=None
[2026-04-06T09:11:57.641+0000] {processor.py:208} INFO - Processing /opt/airflow/dags/dag_continuous_services.py took 0.529 seconds
[2026-04-06T09:12:29.745+0000] {processor.py:186} INFO - Started process (PID=2331) to work on /opt/airflow/dags/dag_continuous_services.py
[2026-04-06T09:12:29.751+0000] {processor.py:914} INFO - Processing file /opt/airflow/dags/dag_continuous_services.py for tasks to queue
[2026-04-06T09:12:29.754+0000] {logging_mixin.py:190} INFO - [2026-04-06T09:12:29.753+0000] {dagbag.py:588} INFO - Filling up the DagBag from /opt/airflow/dags/dag_continuous_services.py
[2026-04-06T09:12:30.176+0000] {processor.py:925} INFO - DAG(s) '1_continuous_services_bear_mode' retrieved from /opt/airflow/dags/dag_continuous_services.py
[2026-04-06T09:12:30.194+0000] {logging_mixin.py:190} INFO - [2026-04-06T09:12:30.194+0000] {dag.py:3239} INFO - Sync 1 DAGs
[2026-04-06T09:12:30.204+0000] {logging_mixin.py:190} INFO - [2026-04-06T09:12:30.204+0000] {dag.py:4180} INFO - Setting next_dagrun for 1_continuous_services_bear_mode to None, run_after=None
[2026-04-06T09:12:30.228+0000] {processor.py:208} INFO - Processing /opt/airflow/dags/dag_continuous_services.py took 0.488 seconds
[2026-04-06T09:13:02.348+0000] {processor.py:186} INFO - Started process (PID=2342) to work on /opt/airflow/dags/dag_continuous_services.py
[2026-04-06T09:13:02.352+0000] {processor.py:914} INFO - Processing file /opt/airflow/dags/dag_continuous_services.py for tasks to queue
[2026-04-06T09:13:02.356+0000] {logging_mixin.py:190} INFO - [2026-04-06T09:13:02.355+0000] {dagbag.py:588} INFO - Filling up the DagBag from /opt/airflow/dags/dag_continuous_services.py
[2026-04-06T09:13:02.842+0000] {processor.py:925} INFO - DAG(s) '1_continuous_services_bear_mode' retrieved from /opt/airflow/dags/dag_continuous_services.py
[2026-04-06T09:13:02.877+0000] {logging_mixin.py:190} INFO - [2026-04-06T09:13:02.876+0000] {dag.py:3239} INFO - Sync 1 DAGs
[2026-04-06T09:13:02.899+0000] {logging_mixin.py:190} INFO - [2026-04-06T09:13:02.898+0000] {dag.py:4180} INFO - Setting next_dagrun for 1_continuous_services_bear_mode to None, run_after=None
[2026-04-06T09:13:02.918+0000] {processor.py:208} INFO - Processing /opt/airflow/dags/dag_continuous_services.py took 0.576 seconds
[2026-04-06T09:13:35.891+0000] {processor.py:186} INFO - Started process (PID=2784) to work on /opt/airflow/dags/dag_continuous_services.py
[2026-04-06T09:13:35.893+0000] {processor.py:914} INFO - Processing file /opt/airflow/dags/dag_continuous_services.py for tasks to queue
[2026-04-06T09:13:35.924+0000] {logging_mixin.py:190} INFO - [2026-04-06T09:13:35.919+0000] {dagbag.py:588} INFO - Filling up the DagBag from /opt/airflow/dags/dag_continuous_services.py
[2026-04-06T09:13:36.907+0000] {processor.py:925} INFO - DAG(s) '1_continuous_services_bear_mode' retrieved from /opt/airflow/dags/dag_continuous_services.py
[2026-04-06T09:13:36.939+0000] {logging_mixin.py:190} INFO - [2026-04-06T09:13:36.938+0000] {dag.py:3239} INFO - Sync 1 DAGs
[2026-04-06T09:13:36.961+0000] {logging_mixin.py:190} INFO - [2026-04-06T09:13:36.960+0000] {dag.py:4180} INFO - Setting next_dagrun for 1_continuous_services_bear_mode to None, run_after=None
[2026-04-06T09:13:36.988+0000] {processor.py:208} INFO - Processing /opt/airflow/dags/dag_continuous_services.py took 1.115 seconds
[2026-04-06T09:14:08.070+0000] {processor.py:186} INFO - Started process (PID=11473) to work on /opt/airflow/dags/dag_continuous_services.py
[2026-04-06T09:14:08.072+0000] {processor.py:914} INFO - Processing file /opt/airflow/dags/dag_continuous_services.py for tasks to queue
[2026-04-06T09:14:08.084+0000] {logging_mixin.py:190} INFO - [2026-04-06T09:14:08.083+0000] {dagbag.py:588} INFO - Filling up the DagBag from /opt/airflow/dags/dag_continuous_services.py
[2026-04-06T09:14:08.676+0000] {processor.py:925} INFO - DAG(s) '1_continuous_services_bear_mode' retrieved from /opt/airflow/dags/dag_continuous_services.py
[2026-04-06T09:14:08.701+0000] {logging_mixin.py:190} INFO - [2026-04-06T09:14:08.700+0000] {dag.py:3239} INFO - Sync 1 DAGs
[2026-04-06T09:14:08.711+0000] {logging_mixin.py:190} INFO - [2026-04-06T09:14:08.711+0000] {dag.py:4180} INFO - Setting next_dagrun for 1_continuous_services_bear_mode to None, run_after=None
[2026-04-06T09:14:08.727+0000] {processor.py:208} INFO - Processing /opt/airflow/dags/dag_continuous_services.py took 0.690 seconds
[2026-04-06T09:14:40.670+0000] {processor.py:186} INFO - Started process (PID=15544) to work on /opt/airflow/dags/dag_continuous_services.py
[2026-04-06T09:14:40.671+0000] {processor.py:914} INFO - Processing file /opt/airflow/dags/dag_continuous_services.py for tasks to queue
[2026-04-06T09:14:40.674+0000] {logging_mixin.py:190} INFO - [2026-04-06T09:14:40.674+0000] {dagbag.py:588} INFO - Filling up the DagBag from /opt/airflow/dags/dag_continuous_services.py
[2026-04-06T09:14:41.245+0000] {processor.py:925} INFO - DAG(s) '1_continuous_services_bear_mode' retrieved from /opt/airflow/dags/dag_continuous_services.py
[2026-04-06T09:14:41.268+0000] {logging_mixin.py:190} INFO - [2026-04-06T09:14:41.268+0000] {dag.py:3239} INFO - Sync 1 DAGs
[2026-04-06T09:14:41.278+0000] {logging_mixin.py:190} INFO - [2026-04-06T09:14:41.278+0000] {dag.py:4180} INFO - Setting next_dagrun for 1_continuous_services_bear_mode to None, run_after=None
[2026-04-06T09:14:41.293+0000] {processor.py:208} INFO - Processing /opt/airflow/dags/dag_continuous_services.py took 0.630 seconds
[2026-04-06T09:15:13.811+0000] {processor.py:186} INFO - Started process (PID=19615) to work on /opt/airflow/dags/dag_continuous_services.py
[2026-04-06T09:15:13.812+0000] {processor.py:914} INFO - Processing file /opt/airflow/dags/dag_continuous_services.py for tasks to queue
[2026-04-06T09:15:13.816+0000] {logging_mixin.py:190} INFO - [2026-04-06T09:15:13.816+0000] {dagbag.py:588} INFO - Filling up the DagBag from /opt/airflow/dags/dag_continuous_services.py
[2026-04-06T09:15:14.574+0000] {processor.py:925} INFO - DAG(s) '1_continuous_services_bear_mode' retrieved from /opt/airflow/dags/dag_continuous_services.py
[2026-04-06T09:15:14.612+0000] {logging_mixin.py:190} INFO - [2026-04-06T09:15:14.610+0000] {dag.py:3239} INFO - Sync 1 DAGs
[2026-04-06T09:15:14.630+0000] {logging_mixin.py:190} INFO - [2026-04-06T09:15:14.630+0000] {dag.py:4180} INFO - Setting next_dagrun for 1_continuous_services_bear_mode to None, run_after=None
[2026-04-06T09:15:14.660+0000] {processor.py:208} INFO - Processing /opt/airflow/dags/dag_continuous_services.py took 0.861 seconds
[2026-04-06T09:15:46.067+0000] {processor.py:186} INFO - Started process (PID=23686) to work on /opt/airflow/dags/dag_continuous_services.py
[2026-04-06T09:15:46.068+0000] {processor.py:914} INFO - Processing file /opt/airflow/dags/dag_continuous_services.py for tasks to queue
[2026-04-06T09:15:46.077+0000] {logging_mixin.py:190} INFO - [2026-04-06T09:15:46.076+0000] {dagbag.py:588} INFO - Filling up the DagBag from /opt/airflow/dags/dag_continuous_services.py
[2026-04-06T09:15:46.638+0000] {processor.py:925} INFO - DAG(s) '1_continuous_services_bear_mode' retrieved from /opt/airflow/dags/dag_continuous_services.py
[2026-04-06T09:15:46.660+0000] {logging_mixin.py:190} INFO - [2026-04-06T09:15:46.659+0000] {dag.py:3239} INFO - Sync 1 DAGs
[2026-04-06T09:15:46.689+0000] {logging_mixin.py:190} INFO - [2026-04-06T09:15:46.688+0000] {dag.py:4180} INFO - Setting next_dagrun for 1_continuous_services_bear_mode to None, run_after=None
[2026-04-06T09:15:46.732+0000] {processor.py:208} INFO - Processing /opt/airflow/dags/dag_continuous_services.py took 0.682 seconds
[2026-04-06T09:17:49.530+0000] {processor.py:186} INFO - Started process (PID=173) to work on /opt/airflow/dags/dag_continuous_services.py
[2026-04-06T09:17:49.532+0000] {processor.py:914} INFO - Processing file /opt/airflow/dags/dag_continuous_services.py for tasks to queue
[2026-04-06T09:17:49.536+0000] {logging_mixin.py:190} INFO - [2026-04-06T09:17:49.536+0000] {dagbag.py:588} INFO - Filling up the DagBag from /opt/airflow/dags/dag_continuous_services.py
[2026-04-06T09:17:52.286+0000] {processor.py:925} INFO - DAG(s) '1_continuous_services_bear_mode' retrieved from /opt/airflow/dags/dag_continuous_services.py
[2026-04-06T09:17:52.402+0000] {logging_mixin.py:190} INFO - [2026-04-06T09:17:52.402+0000] {override.py:1901} INFO - Created Permission View: can read on DAG:1_continuous_services_bear_mode
[2026-04-06T09:17:52.413+0000] {logging_mixin.py:190} INFO - [2026-04-06T09:17:52.413+0000] {override.py:1901} INFO - Created Permission View: can delete on DAG:1_continuous_services_bear_mode
[2026-04-06T09:17:52.424+0000] {logging_mixin.py:190} INFO - [2026-04-06T09:17:52.423+0000] {override.py:1901} INFO - Created Permission View: can edit on DAG:1_continuous_services_bear_mode
[2026-04-06T09:17:52.432+0000] {logging_mixin.py:190} INFO - [2026-04-06T09:17:52.431+0000] {override.py:1901} INFO - Created Permission View: can read on DAG Run:1_continuous_services_bear_mode
[2026-04-06T09:17:52.439+0000] {logging_mixin.py:190} INFO - [2026-04-06T09:17:52.439+0000] {override.py:1901} INFO - Created Permission View: can delete on DAG Run:1_continuous_services_bear_mode
[2026-04-06T09:17:52.448+0000] {logging_mixin.py:190} INFO - [2026-04-06T09:17:52.448+0000] {override.py:1901} INFO - Created Permission View: menu access on DAG Run:1_continuous_services_bear_mode
[2026-04-06T09:17:52.458+0000] {logging_mixin.py:190} INFO - [2026-04-06T09:17:52.457+0000] {override.py:1901} INFO - Created Permission View: can create on DAG Run:1_continuous_services_bear_mode
[2026-04-06T09:17:52.459+0000] {logging_mixin.py:190} INFO - [2026-04-06T09:17:52.458+0000] {dag.py:3239} INFO - Sync 1 DAGs
[2026-04-06T09:17:52.470+0000] {logging_mixin.py:190} INFO - [2026-04-06T09:17:52.470+0000] {dag.py:3262} INFO - Creating ORM DAG for 1_continuous_services_bear_mode
[2026-04-06T09:17:52.471+0000] {logging_mixin.py:190} INFO - [2026-04-06T09:17:52.471+0000] {dag.py:4180} INFO - Setting next_dagrun for 1_continuous_services_bear_mode to None, run_after=None
[2026-04-06T09:17:52.487+0000] {processor.py:208} INFO - Processing /opt/airflow/dags/dag_continuous_services.py took 2.973 seconds
[2026-04-06T09:18:22.567+0000] {processor.py:186} INFO - Started process (PID=190) to work on /opt/airflow/dags/dag_continuous_services.py
[2026-04-06T09:18:22.570+0000] {processor.py:914} INFO - Processing file /opt/airflow/dags/dag_continuous_services.py for tasks to queue
[2026-04-06T09:18:22.576+0000] {logging_mixin.py:190} INFO - [2026-04-06T09:18:22.576+0000] {dagbag.py:588} INFO - Filling up the DagBag from /opt/airflow/dags/dag_continuous_services.py
[2026-04-06T09:18:23.773+0000] {processor.py:925} INFO - DAG(s) '1_continuous_services_bear_mode' retrieved from /opt/airflow/dags/dag_continuous_services.py
[2026-04-06T09:18:23.803+0000] {logging_mixin.py:190} INFO - [2026-04-06T09:18:23.802+0000] {dag.py:3239} INFO - Sync 1 DAGs
[2026-04-06T09:18:23.816+0000] {logging_mixin.py:190} INFO - [2026-04-06T09:18:23.816+0000] {dag.py:4180} INFO - Setting next_dagrun for 1_continuous_services_bear_mode to None, run_after=None
[2026-04-06T09:18:23.836+0000] {processor.py:208} INFO - Processing /opt/airflow/dags/dag_continuous_services.py took 1.277 seconds
[2026-04-06T09:18:54.459+0000] {processor.py:186} INFO - Started process (PID=201) to work on /opt/airflow/dags/dag_continuous_services.py
[2026-04-06T09:18:54.460+0000] {processor.py:914} INFO - Processing file /opt/airflow/dags/dag_continuous_services.py for tasks to queue
[2026-04-06T09:18:54.462+0000] {logging_mixin.py:190} INFO - [2026-04-06T09:18:54.462+0000] {dagbag.py:588} INFO - Filling up the DagBag from /opt/airflow/dags/dag_continuous_services.py
[2026-04-06T09:18:55.004+0000] {processor.py:925} INFO - DAG(s) '1_continuous_services_bear_mode' retrieved from /opt/airflow/dags/dag_continuous_services.py
[2026-04-06T09:18:55.024+0000] {logging_mixin.py:190} INFO - [2026-04-06T09:18:55.024+0000] {dag.py:3239} INFO - Sync 1 DAGs
[2026-04-06T09:18:55.035+0000] {logging_mixin.py:190} INFO - [2026-04-06T09:18:55.035+0000] {dag.py:4180} INFO - Setting next_dagrun for 1_continuous_services_bear_mode to None, run_after=None
[2026-04-06T09:18:55.050+0000] {processor.py:208} INFO - Processing /opt/airflow/dags/dag_continuous_services.py took 0.598 seconds
[2026-04-06T09:19:25.234+0000] {processor.py:186} INFO - Started process (PID=212) to work on /opt/airflow/dags/dag_continuous_services.py
[2026-04-06T09:19:25.236+0000] {processor.py:914} INFO - Processing file /opt/airflow/dags/dag_continuous_services.py for tasks to queue
[2026-04-06T09:19:25.239+0000] {logging_mixin.py:190} INFO - [2026-04-06T09:19:25.239+0000] {dagbag.py:588} INFO - Filling up the DagBag from /opt/airflow/dags/dag_continuous_services.py
[2026-04-06T09:19:25.796+0000] {processor.py:925} INFO - DAG(s) '1_continuous_services_bear_mode' retrieved from /opt/airflow/dags/dag_continuous_services.py
[2026-04-06T09:19:25.817+0000] {logging_mixin.py:190} INFO - [2026-04-06T09:19:25.816+0000] {dag.py:3239} INFO - Sync 1 DAGs
[2026-04-06T09:19:25.826+0000] {logging_mixin.py:190} INFO - [2026-04-06T09:19:25.826+0000] {dag.py:4180} INFO - Setting next_dagrun for 1_continuous_services_bear_mode to None, run_after=None
[2026-04-06T09:19:25.840+0000] {processor.py:208} INFO - Processing /opt/airflow/dags/dag_continuous_services.py took 0.611 seconds
[2026-04-06T09:19:56.081+0000] {processor.py:186} INFO - Started process (PID=223) to work on /opt/airflow/dags/dag_continuous_services.py
[2026-04-06T09:19:56.085+0000] {processor.py:914} INFO - Processing file /opt/airflow/dags/dag_continuous_services.py for tasks to queue
[2026-04-06T09:19:56.088+0000] {logging_mixin.py:190} INFO - [2026-04-06T09:19:56.088+0000] {dagbag.py:588} INFO - Filling up the DagBag from /opt/airflow/dags/dag_continuous_services.py
[2026-04-06T09:19:56.993+0000] {processor.py:925} INFO - DAG(s) '1_continuous_services_bear_mode' retrieved from /opt/airflow/dags/dag_continuous_services.py
[2026-04-06T09:19:57.016+0000] {logging_mixin.py:190} INFO - [2026-04-06T09:19:57.016+0000] {dag.py:3239} INFO - Sync 1 DAGs
[2026-04-06T09:19:57.030+0000] {logging_mixin.py:190} INFO - [2026-04-06T09:19:57.030+0000] {dag.py:4180} INFO - Setting next_dagrun for 1_continuous_services_bear_mode to None, run_after=None
[2026-04-06T09:19:57.047+0000] {processor.py:208} INFO - Processing /opt/airflow/dags/dag_continuous_services.py took 0.972 seconds
[2026-04-06T09:20:27.948+0000] {processor.py:186} INFO - Started process (PID=234) to work on /opt/airflow/dags/dag_continuous_services.py
[2026-04-06T09:20:27.950+0000] {processor.py:914} INFO - Processing file /opt/airflow/dags/dag_continuous_services.py for tasks to queue
[2026-04-06T09:20:27.953+0000] {logging_mixin.py:190} INFO - [2026-04-06T09:20:27.952+0000] {dagbag.py:588} INFO - Filling up the DagBag from /opt/airflow/dags/dag_continuous_services.py
[2026-04-06T09:20:28.422+0000] {processor.py:925} INFO - DAG(s) '1_continuous_services_bear_mode' retrieved from /opt/airflow/dags/dag_continuous_services.py
[2026-04-06T09:20:28.444+0000] {logging_mixin.py:190} INFO - [2026-04-06T09:20:28.444+0000] {dag.py:3239} INFO - Sync 1 DAGs
[2026-04-06T09:20:28.458+0000] {logging_mixin.py:190} INFO - [2026-04-06T09:20:28.457+0000] {dag.py:4180} INFO - Setting next_dagrun for 1_continuous_services_bear_mode to None, run_after=None
[2026-04-06T09:20:28.487+0000] {processor.py:208} INFO - Processing /opt/airflow/dags/dag_continuous_services.py took 0.544 seconds
[2026-04-06T09:20:58.565+0000] {processor.py:186} INFO - Started process (PID=245) to work on /opt/airflow/dags/dag_continuous_services.py
[2026-04-06T09:20:58.566+0000] {processor.py:914} INFO - Processing file /opt/airflow/dags/dag_continuous_services.py for tasks to queue
[2026-04-06T09:20:58.569+0000] {logging_mixin.py:190} INFO - [2026-04-06T09:20:58.569+0000] {dagbag.py:588} INFO - Filling up the DagBag from /opt/airflow/dags/dag_continuous_services.py
[2026-04-06T09:20:59.139+0000] {processor.py:925} INFO - DAG(s) '1_continuous_services_bear_mode' retrieved from /opt/airflow/dags/dag_continuous_services.py
[2026-04-06T09:20:59.167+0000] {logging_mixin.py:190} INFO - [2026-04-06T09:20:59.167+0000] {dag.py:3239} INFO - Sync 1 DAGs
[2026-04-06T09:20:59.180+0000] {logging_mixin.py:190} INFO - [2026-04-06T09:20:59.180+0000] {dag.py:4180} INFO - Setting next_dagrun for 1_continuous_services_bear_mode to None, run_after=None
[2026-04-06T09:20:59.195+0000] {processor.py:208} INFO - Processing /opt/airflow/dags/dag_continuous_services.py took 0.636 seconds
[2026-04-06T09:21:29.406+0000] {processor.py:186} INFO - Started process (PID=256) to work on /opt/airflow/dags/dag_continuous_services.py
[2026-04-06T09:21:29.410+0000] {processor.py:914} INFO - Processing file /opt/airflow/dags/dag_continuous_services.py for tasks to queue
[2026-04-06T09:21:29.413+0000] {logging_mixin.py:190} INFO - [2026-04-06T09:21:29.412+0000] {dagbag.py:588} INFO - Filling up the DagBag from /opt/airflow/dags/dag_continuous_services.py
[2026-04-06T09:21:29.885+0000] {processor.py:925} INFO - DAG(s) '1_continuous_services_bear_mode' retrieved from /opt/airflow/dags/dag_continuous_services.py
[2026-04-06T09:21:29.909+0000] {logging_mixin.py:190} INFO - [2026-04-06T09:21:29.909+0000] {dag.py:3239} INFO - Sync 1 DAGs
[2026-04-06T09:21:29.921+0000] {logging_mixin.py:190} INFO - [2026-04-06T09:21:29.920+0000] {dag.py:4180} INFO - Setting next_dagrun for 1_continuous_services_bear_mode to None, run_after=None
[2026-04-06T09:21:29.936+0000] {processor.py:208} INFO - Processing /opt/airflow/dags/dag_continuous_services.py took 0.540 seconds
[2026-04-06T09:22:00.060+0000] {processor.py:186} INFO - Started process (PID=267) to work on /opt/airflow/dags/dag_continuous_services.py
[2026-04-06T09:22:00.061+0000] {processor.py:914} INFO - Processing file /opt/airflow/dags/dag_continuous_services.py for tasks to queue
[2026-04-06T09:22:00.064+0000] {logging_mixin.py:190} INFO - [2026-04-06T09:22:00.063+0000] {dagbag.py:588} INFO - Filling up the DagBag from /opt/airflow/dags/dag_continuous_services.py
[2026-04-06T09:22:00.537+0000] {processor.py:925} INFO - DAG(s) '1_continuous_services_bear_mode' retrieved from /opt/airflow/dags/dag_continuous_services.py
[2026-04-06T09:22:00.566+0000] {logging_mixin.py:190} INFO - [2026-04-06T09:22:00.566+0000] {dag.py:3239} INFO - Sync 1 DAGs
[2026-04-06T09:22:00.579+0000] {logging_mixin.py:190} INFO - [2026-04-06T09:22:00.578+0000] {dag.py:4180} INFO - Setting next_dagrun for 1_continuous_services_bear_mode to None, run_after=None
[2026-04-06T09:22:00.597+0000] {processor.py:208} INFO - Processing /opt/airflow/dags/dag_continuous_services.py took 0.544 seconds
[2026-04-06T09:22:30.704+0000] {processor.py:186} INFO - Started process (PID=278) to work on /opt/airflow/dags/dag_continuous_services.py
[2026-04-06T09:22:30.705+0000] {processor.py:914} INFO - Processing file /opt/airflow/dags/dag_continuous_services.py for tasks to queue
[2026-04-06T09:22:30.707+0000] {logging_mixin.py:190} INFO - [2026-04-06T09:22:30.707+0000] {dagbag.py:588} INFO - Filling up the DagBag from /opt/airflow/dags/dag_continuous_services.py
[2026-04-06T09:22:31.138+0000] {processor.py:925} INFO - DAG(s) '1_continuous_services_bear_mode' retrieved from /opt/airflow/dags/dag_continuous_services.py
[2026-04-06T09:22:31.162+0000] {logging_mixin.py:190} INFO - [2026-04-06T09:22:31.162+0000] {dag.py:3239} INFO - Sync 1 DAGs
[2026-04-06T09:22:31.173+0000] {logging_mixin.py:190} INFO - [2026-04-06T09:22:31.173+0000] {dag.py:4180} INFO - Setting next_dagrun for 1_continuous_services_bear_mode to None, run_after=None
[2026-04-06T09:22:31.188+0000] {processor.py:208} INFO - Processing /opt/airflow/dags/dag_continuous_services.py took 0.489 seconds
[2026-04-06T09:23:01.356+0000] {processor.py:186} INFO - Started process (PID=289) to work on /opt/airflow/dags/dag_continuous_services.py
[2026-04-06T09:23:01.357+0000] {processor.py:914} INFO - Processing file /opt/airflow/dags/dag_continuous_services.py for tasks to queue
[2026-04-06T09:23:01.361+0000] {logging_mixin.py:190} INFO - [2026-04-06T09:23:01.361+0000] {dagbag.py:588} INFO - Filling up the DagBag from /opt/airflow/dags/dag_continuous_services.py
[2026-04-06T09:23:01.881+0000] {processor.py:925} INFO - DAG(s) '1_continuous_services_bear_mode' retrieved from /opt/airflow/dags/dag_continuous_services.py
[2026-04-06T09:23:01.905+0000] {logging_mixin.py:190} INFO - [2026-04-06T09:23:01.905+0000] {dag.py:3239} INFO - Sync 1 DAGs
[2026-04-06T09:23:01.920+0000] {logging_mixin.py:190} INFO - [2026-04-06T09:23:01.919+0000] {dag.py:4180} INFO - Setting next_dagrun for 1_continuous_services_bear_mode to None, run_after=None
[2026-04-06T09:23:01.935+0000] {processor.py:208} INFO - Processing /opt/airflow/dags/dag_continuous_services.py took 0.590 seconds
[2026-04-06T09:23:32.315+0000] {processor.py:186} INFO - Started process (PID=413) to work on /opt/airflow/dags/dag_continuous_services.py
[2026-04-06T09:23:32.318+0000] {processor.py:914} INFO - Processing file /opt/airflow/dags/dag_continuous_services.py for tasks to queue
[2026-04-06T09:23:32.324+0000] {logging_mixin.py:190} INFO - [2026-04-06T09:23:32.323+0000] {dagbag.py:588} INFO - Filling up the DagBag from /opt/airflow/dags/dag_continuous_services.py
[2026-04-06T09:23:33.259+0000] {processor.py:925} INFO - DAG(s) '1_continuous_services_bear_mode' retrieved from /opt/airflow/dags/dag_continuous_services.py
[2026-04-06T09:23:33.301+0000] {logging_mixin.py:190} INFO - [2026-04-06T09:23:33.300+0000] {dag.py:3239} INFO - Sync 1 DAGs
[2026-04-06T09:23:33.333+0000] {logging_mixin.py:190} INFO - [2026-04-06T09:23:33.333+0000] {dag.py:4180} INFO - Setting next_dagrun for 1_continuous_services_bear_mode to None, run_after=None
[2026-04-06T09:23:33.371+0000] {processor.py:208} INFO - Processing /opt/airflow/dags/dag_continuous_services.py took 1.076 seconds
[2026-04-06T09:24:03.569+0000] {processor.py:186} INFO - Started process (PID=919) to work on /opt/airflow/dags/dag_continuous_services.py
[2026-04-06T09:24:03.571+0000] {processor.py:914} INFO - Processing file /opt/airflow/dags/dag_continuous_services.py for tasks to queue
[2026-04-06T09:24:03.575+0000] {logging_mixin.py:190} INFO - [2026-04-06T09:24:03.575+0000] {dagbag.py:588} INFO - Filling up the DagBag from /opt/airflow/dags/dag_continuous_services.py
[2026-04-06T09:24:04.376+0000] {processor.py:925} INFO - DAG(s) '1_continuous_services_bear_mode' retrieved from /opt/airflow/dags/dag_continuous_services.py
[2026-04-06T09:24:04.427+0000] {logging_mixin.py:190} INFO - [2026-04-06T09:24:04.426+0000] {dag.py:3239} INFO - Sync 1 DAGs
[2026-04-06T09:24:04.450+0000] {logging_mixin.py:190} INFO - [2026-04-06T09:24:04.450+0000] {dag.py:4180} INFO - Setting next_dagrun for 1_continuous_services_bear_mode to None, run_after=None
[2026-04-06T09:24:04.498+0000] {processor.py:208} INFO - Processing /opt/airflow/dags/dag_continuous_services.py took 0.943 seconds
[2026-04-06T09:24:34.556+0000] {processor.py:186} INFO - Started process (PID=1232) to work on /opt/airflow/dags/dag_continuous_services.py
[2026-04-06T09:24:34.558+0000] {processor.py:914} INFO - Processing file /opt/airflow/dags/dag_continuous_services.py for tasks to queue
[2026-04-06T09:24:34.560+0000] {logging_mixin.py:190} INFO - [2026-04-06T09:24:34.560+0000] {dagbag.py:588} INFO - Filling up the DagBag from /opt/airflow/dags/dag_continuous_services.py
[2026-04-06T09:24:35.261+0000] {processor.py:925} INFO - DAG(s) '1_continuous_services_bear_mode' retrieved from /opt/airflow/dags/dag_continuous_services.py
[2026-04-06T09:24:35.286+0000] {logging_mixin.py:190} INFO - [2026-04-06T09:24:35.286+0000] {dag.py:3239} INFO - Sync 1 DAGs
[2026-04-06T09:24:35.298+0000] {logging_mixin.py:190} INFO - [2026-04-06T09:24:35.298+0000] {dag.py:4180} INFO - Setting next_dagrun for 1_continuous_services_bear_mode to None, run_after=None
[2026-04-06T09:24:35.328+0000] {processor.py:208} INFO - Processing /opt/airflow/dags/dag_continuous_services.py took 0.777 seconds
[2026-04-06T09:25:05.529+0000] {processor.py:186} INFO - Started process (PID=5059) to work on /opt/airflow/dags/dag_continuous_services.py
[2026-04-06T09:25:05.533+0000] {processor.py:914} INFO - Processing file /opt/airflow/dags/dag_continuous_services.py for tasks to queue
[2026-04-06T09:25:05.543+0000] {logging_mixin.py:190} INFO - [2026-04-06T09:25:05.541+0000] {dagbag.py:588} INFO - Filling up the DagBag from /opt/airflow/dags/dag_continuous_services.py
[2026-04-06T09:25:06.331+0000] {processor.py:925} INFO - DAG(s) '1_continuous_services_bear_mode' retrieved from /opt/airflow/dags/dag_continuous_services.py
[2026-04-06T09:25:06.355+0000] {logging_mixin.py:190} INFO - [2026-04-06T09:25:06.354+0000] {dag.py:3239} INFO - Sync 1 DAGs
[2026-04-06T09:25:06.366+0000] {logging_mixin.py:190} INFO - [2026-04-06T09:25:06.366+0000] {dag.py:4180} INFO - Setting next_dagrun for 1_continuous_services_bear_mode to None, run_after=None
[2026-04-06T09:25:06.386+0000] {processor.py:208} INFO - Processing /opt/airflow/dags/dag_continuous_services.py took 0.876 seconds
[2026-04-06T09:25:36.542+0000] {processor.py:186} INFO - Started process (PID=5606) to work on /opt/airflow/dags/dag_continuous_services.py
[2026-04-06T09:25:36.611+0000] {processor.py:914} INFO - Processing file /opt/airflow/dags/dag_continuous_services.py for tasks to queue
[2026-04-06T09:25:36.615+0000] {logging_mixin.py:190} INFO - [2026-04-06T09:25:36.615+0000] {dagbag.py:588} INFO - Filling up the DagBag from /opt/airflow/dags/dag_continuous_services.py
[2026-04-06T09:25:37.236+0000] {processor.py:925} INFO - DAG(s) '1_continuous_services_bear_mode' retrieved from /opt/airflow/dags/dag_continuous_services.py
[2026-04-06T09:25:37.261+0000] {logging_mixin.py:190} INFO - [2026-04-06T09:25:37.260+0000] {dag.py:3239} INFO - Sync 1 DAGs
[2026-04-06T09:25:37.273+0000] {logging_mixin.py:190} INFO - [2026-04-06T09:25:37.273+0000] {dag.py:4180} INFO - Setting next_dagrun for 1_continuous_services_bear_mode to None, run_after=None
[2026-04-06T09:25:37.306+0000] {processor.py:208} INFO - Processing /opt/airflow/dags/dag_continuous_services.py took 0.778 seconds
[2026-04-06T09:26:08.187+0000] {processor.py:186} INFO - Started process (PID=5612) to work on /opt/airflow/dags/dag_continuous_services.py
[2026-04-06T09:26:08.190+0000] {processor.py:914} INFO - Processing file /opt/airflow/dags/dag_continuous_services.py for tasks to queue
[2026-04-06T09:26:08.193+0000] {logging_mixin.py:190} INFO - [2026-04-06T09:26:08.193+0000] {dagbag.py:588} INFO - Filling up the DagBag from /opt/airflow/dags/dag_continuous_services.py
[2026-04-06T09:26:08.616+0000] {processor.py:925} INFO - DAG(s) '1_continuous_services_bear_mode' retrieved from /opt/airflow/dags/dag_continuous_services.py
[2026-04-06T09:26:08.636+0000] {logging_mixin.py:190} INFO - [2026-04-06T09:26:08.635+0000] {dag.py:3239} INFO - Sync 1 DAGs
[2026-04-06T09:26:08.648+0000] {logging_mixin.py:190} INFO - [2026-04-06T09:26:08.648+0000] {dag.py:4180} INFO - Setting next_dagrun for 1_continuous_services_bear_mode to None, run_after=None
[2026-04-06T09:26:08.664+0000] {processor.py:208} INFO - Processing /opt/airflow/dags/dag_continuous_services.py took 0.486 seconds
[2026-04-06T09:26:41.260+0000] {processor.py:186} INFO - Started process (PID=5901) to work on /opt/airflow/dags/dag_continuous_services.py
[2026-04-06T09:26:41.268+0000] {processor.py:914} INFO - Processing file /opt/airflow/dags/dag_continuous_services.py for tasks to queue
[2026-04-06T09:26:41.271+0000] {logging_mixin.py:190} INFO - [2026-04-06T09:26:41.271+0000] {dagbag.py:588} INFO - Filling up the DagBag from /opt/airflow/dags/dag_continuous_services.py
[2026-04-06T09:26:41.960+0000] {processor.py:925} INFO - DAG(s) '1_continuous_services_bear_mode' retrieved from /opt/airflow/dags/dag_continuous_services.py
[2026-04-06T09:26:41.992+0000] {logging_mixin.py:190} INFO - [2026-04-06T09:26:41.991+0000] {dag.py:3239} INFO - Sync 1 DAGs
[2026-04-06T09:26:42.016+0000] {logging_mixin.py:190} INFO - [2026-04-06T09:26:42.016+0000] {dag.py:4180} INFO - Setting next_dagrun for 1_continuous_services_bear_mode to None, run_after=None
[2026-04-06T09:26:42.041+0000] {processor.py:208} INFO - Processing /opt/airflow/dags/dag_continuous_services.py took 0.792 seconds
[2026-04-06T09:27:13.526+0000] {processor.py:186} INFO - Started process (PID=10410) to work on /opt/airflow/dags/dag_continuous_services.py
[2026-04-06T09:27:13.529+0000] {processor.py:914} INFO - Processing file /opt/airflow/dags/dag_continuous_services.py for tasks to queue
[2026-04-06T09:27:13.533+0000] {logging_mixin.py:190} INFO - [2026-04-06T09:27:13.532+0000] {dagbag.py:588} INFO - Filling up the DagBag from /opt/airflow/dags/dag_continuous_services.py
[2026-04-06T09:27:14.003+0000] {processor.py:925} INFO - DAG(s) '1_continuous_services_bear_mode' retrieved from /opt/airflow/dags/dag_continuous_services.py
[2026-04-06T09:27:14.027+0000] {logging_mixin.py:190} INFO - [2026-04-06T09:27:14.026+0000] {dag.py:3239} INFO - Sync 1 DAGs
[2026-04-06T09:27:14.041+0000] {logging_mixin.py:190} INFO - [2026-04-06T09:27:14.040+0000] {dag.py:4180} INFO - Setting next_dagrun for 1_continuous_services_bear_mode to None, run_after=None
[2026-04-06T09:27:14.059+0000] {processor.py:208} INFO - Processing /opt/airflow/dags/dag_continuous_services.py took 0.542 seconds
[2026-04-06T09:27:46.626+0000] {processor.py:186} INFO - Started process (PID=14481) to work on /opt/airflow/dags/dag_continuous_services.py
[2026-04-06T09:27:46.627+0000] {processor.py:914} INFO - Processing file /opt/airflow/dags/dag_continuous_services.py for tasks to queue
[2026-04-06T09:27:46.631+0000] {logging_mixin.py:190} INFO - [2026-04-06T09:27:46.631+0000] {dagbag.py:588} INFO - Filling up the DagBag from /opt/airflow/dags/dag_continuous_services.py
[2026-04-06T09:27:47.172+0000] {processor.py:925} INFO - DAG(s) '1_continuous_services_bear_mode' retrieved from /opt/airflow/dags/dag_continuous_services.py
[2026-04-06T09:27:47.194+0000] {logging_mixin.py:190} INFO - [2026-04-06T09:27:47.193+0000] {dag.py:3239} INFO - Sync 1 DAGs
[2026-04-06T09:27:47.208+0000] {logging_mixin.py:190} INFO - [2026-04-06T09:27:47.208+0000] {dag.py:4180} INFO - Setting next_dagrun for 1_continuous_services_bear_mode to None, run_after=None
[2026-04-06T09:27:47.223+0000] {processor.py:208} INFO - Processing /opt/airflow/dags/dag_continuous_services.py took 0.603 seconds
[2026-04-06T09:28:19.189+0000] {processor.py:186} INFO - Started process (PID=18553) to work on /opt/airflow/dags/dag_continuous_services.py
[2026-04-06T09:28:19.191+0000] {processor.py:914} INFO - Processing file /opt/airflow/dags/dag_continuous_services.py for tasks to queue
[2026-04-06T09:28:19.196+0000] {logging_mixin.py:190} INFO - [2026-04-06T09:28:19.196+0000] {dagbag.py:588} INFO - Filling up the DagBag from /opt/airflow/dags/dag_continuous_services.py
[2026-04-06T09:28:19.824+0000] {processor.py:925} INFO - DAG(s) '1_continuous_services_bear_mode' retrieved from /opt/airflow/dags/dag_continuous_services.py
[2026-04-06T09:28:19.846+0000] {logging_mixin.py:190} INFO - [2026-04-06T09:28:19.845+0000] {dag.py:3239} INFO - Sync 1 DAGs
[2026-04-06T09:28:19.857+0000] {logging_mixin.py:190} INFO - [2026-04-06T09:28:19.857+0000] {dag.py:4180} INFO - Setting next_dagrun for 1_continuous_services_bear_mode to None, run_after=None
[2026-04-06T09:28:19.874+0000] {processor.py:208} INFO - Processing /opt/airflow/dags/dag_continuous_services.py took 0.704 seconds
[2026-04-06T09:28:50.091+0000] {processor.py:186} INFO - Started process (PID=22624) to work on /opt/airflow/dags/dag_continuous_services.py
[2026-04-06T09:28:50.093+0000] {processor.py:914} INFO - Processing file /opt/airflow/dags/dag_continuous_services.py for tasks to queue
[2026-04-06T09:28:50.106+0000] {logging_mixin.py:190} INFO - [2026-04-06T09:28:50.102+0000] {dagbag.py:588} INFO - Filling up the DagBag from /opt/airflow/dags/dag_continuous_services.py
[2026-04-06T09:28:50.691+0000] {processor.py:925} INFO - DAG(s) '1_continuous_services_bear_mode' retrieved from /opt/airflow/dags/dag_continuous_services.py
[2026-04-06T09:28:50.716+0000] {logging_mixin.py:190} INFO - [2026-04-06T09:28:50.716+0000] {dag.py:3239} INFO - Sync 1 DAGs
[2026-04-06T09:28:50.730+0000] {logging_mixin.py:190} INFO - [2026-04-06T09:28:50.730+0000] {dag.py:4180} INFO - Setting next_dagrun for 1_continuous_services_bear_mode to None, run_after=None
[2026-04-06T09:28:50.749+0000] {processor.py:208} INFO - Processing /opt/airflow/dags/dag_continuous_services.py took 0.694 seconds
[2026-04-06T09:29:20.880+0000] {processor.py:186} INFO - Started process (PID=26700) to work on /opt/airflow/dags/dag_continuous_services.py
[2026-04-06T09:29:20.881+0000] {processor.py:914} INFO - Processing file /opt/airflow/dags/dag_continuous_services.py for tasks to queue
[2026-04-06T09:29:20.884+0000] {logging_mixin.py:190} INFO - [2026-04-06T09:29:20.884+0000] {dagbag.py:588} INFO - Filling up the DagBag from /opt/airflow/dags/dag_continuous_services.py
[2026-04-06T09:29:21.319+0000] {processor.py:925} INFO - DAG(s) '1_continuous_services_bear_mode' retrieved from /opt/airflow/dags/dag_continuous_services.py
[2026-04-06T09:29:21.344+0000] {logging_mixin.py:190} INFO - [2026-04-06T09:29:21.344+0000] {dag.py:3239} INFO - Sync 1 DAGs
[2026-04-06T09:29:21.357+0000] {logging_mixin.py:190} INFO - [2026-04-06T09:29:21.357+0000] {dag.py:4180} INFO - Setting next_dagrun for 1_continuous_services_bear_mode to None, run_after=None
[2026-04-06T09:29:21.380+0000] {processor.py:208} INFO - Processing /opt/airflow/dags/dag_continuous_services.py took 0.508 seconds
[2026-04-06T09:29:51.945+0000] {processor.py:186} INFO - Started process (PID=30772) to work on /opt/airflow/dags/dag_continuous_services.py
[2026-04-06T09:29:51.947+0000] {processor.py:914} INFO - Processing file /opt/airflow/dags/dag_continuous_services.py for tasks to queue
[2026-04-06T09:29:51.952+0000] {logging_mixin.py:190} INFO - [2026-04-06T09:29:51.951+0000] {dagbag.py:588} INFO - Filling up the DagBag from /opt/airflow/dags/dag_continuous_services.py
[2026-04-06T09:29:52.389+0000] {processor.py:925} INFO - DAG(s) '1_continuous_services_bear_mode' retrieved from /opt/airflow/dags/dag_continuous_services.py
[2026-04-06T09:29:52.416+0000] {logging_mixin.py:190} INFO - [2026-04-06T09:29:52.416+0000] {dag.py:3239} INFO - Sync 1 DAGs
[2026-04-06T09:29:52.432+0000] {logging_mixin.py:190} INFO - [2026-04-06T09:29:52.432+0000] {dag.py:4180} INFO - Setting next_dagrun for 1_continuous_services_bear_mode to None, run_after=None
[2026-04-06T09:29:52.453+0000] {processor.py:208} INFO - Processing /opt/airflow/dags/dag_continuous_services.py took 0.515 seconds
[2026-04-06T09:30:23.075+0000] {processor.py:186} INFO - Started process (PID=35541) to work on /opt/airflow/dags/dag_continuous_services.py
[2026-04-06T09:30:23.076+0000] {processor.py:914} INFO - Processing file /opt/airflow/dags/dag_continuous_services.py for tasks to queue
[2026-04-06T09:30:23.080+0000] {logging_mixin.py:190} INFO - [2026-04-06T09:30:23.080+0000] {dagbag.py:588} INFO - Filling up the DagBag from /opt/airflow/dags/dag_continuous_services.py
[2026-04-06T09:30:24.107+0000] {processor.py:925} INFO - DAG(s) '1_continuous_services_bear_mode' retrieved from /opt/airflow/dags/dag_continuous_services.py
[2026-04-06T09:30:24.128+0000] {logging_mixin.py:190} INFO - [2026-04-06T09:30:24.127+0000] {dag.py:3239} INFO - Sync 1 DAGs
[2026-04-06T09:30:24.139+0000] {logging_mixin.py:190} INFO - [2026-04-06T09:30:24.139+0000] {dag.py:4180} INFO - Setting next_dagrun for 1_continuous_services_bear_mode to None, run_after=None
[2026-04-06T09:30:24.152+0000] {processor.py:208} INFO - Processing /opt/airflow/dags/dag_continuous_services.py took 1.084 seconds
[2026-04-06T09:30:54.270+0000] {processor.py:186} INFO - Started process (PID=39611) to work on /opt/airflow/dags/dag_continuous_services.py
[2026-04-06T09:30:54.277+0000] {processor.py:914} INFO - Processing file /opt/airflow/dags/dag_continuous_services.py for tasks to queue
[2026-04-06T09:30:54.280+0000] {logging_mixin.py:190} INFO - [2026-04-06T09:30:54.280+0000] {dagbag.py:588} INFO - Filling up the DagBag from /opt/airflow/dags/dag_continuous_services.py
[2026-04-06T09:30:54.816+0000] {processor.py:925} INFO - DAG(s) '1_continuous_services_bear_mode' retrieved from /opt/airflow/dags/dag_continuous_services.py
[2026-04-06T09:30:54.841+0000] {logging_mixin.py:190} INFO - [2026-04-06T09:30:54.841+0000] {dag.py:3239} INFO - Sync 1 DAGs
[2026-04-06T09:30:54.853+0000] {logging_mixin.py:190} INFO - [2026-04-06T09:30:54.853+0000] {dag.py:4180} INFO - Setting next_dagrun for 1_continuous_services_bear_mode to None, run_after=None
[2026-04-06T09:30:54.873+0000] {processor.py:208} INFO - Processing /opt/airflow/dags/dag_continuous_services.py took 0.610 seconds
[2026-04-06T09:31:24.964+0000] {processor.py:186} INFO - Started process (PID=43685) to work on /opt/airflow/dags/dag_continuous_services.py
[2026-04-06T09:31:24.968+0000] {processor.py:914} INFO - Processing file /opt/airflow/dags/dag_continuous_services.py for tasks to queue
[2026-04-06T09:31:24.971+0000] {logging_mixin.py:190} INFO - [2026-04-06T09:31:24.970+0000] {dagbag.py:588} INFO - Filling up the DagBag from /opt/airflow/dags/dag_continuous_services.py
[2026-04-06T09:31:25.403+0000] {processor.py:925} INFO - DAG(s) '1_continuous_services_bear_mode' retrieved from /opt/airflow/dags/dag_continuous_services.py
[2026-04-06T09:31:25.428+0000] {logging_mixin.py:190} INFO - [2026-04-06T09:31:25.427+0000] {dag.py:3239} INFO - Sync 1 DAGs
[2026-04-06T09:31:25.438+0000] {logging_mixin.py:190} INFO - [2026-04-06T09:31:25.438+0000] {dag.py:4180} INFO - Setting next_dagrun for 1_continuous_services_bear_mode to None, run_after=None
[2026-04-06T09:31:25.461+0000] {processor.py:208} INFO - Processing /opt/airflow/dags/dag_continuous_services.py took 0.505 seconds
[2026-04-06T09:31:55.675+0000] {processor.py:186} INFO - Started process (PID=47783) to work on /opt/airflow/dags/dag_continuous_services.py
[2026-04-06T09:31:55.678+0000] {processor.py:914} INFO - Processing file /opt/airflow/dags/dag_continuous_services.py for tasks to queue
[2026-04-06T09:31:55.693+0000] {logging_mixin.py:190} INFO - [2026-04-06T09:31:55.688+0000] {dagbag.py:588} INFO - Filling up the DagBag from /opt/airflow/dags/dag_continuous_services.py
