[2026-04-05T07:05:03.985+0000] {taskinstance.py:1157} INFO - Dependencies all met for dep_context=non-requeueable deps ti=<TaskInstance: recruitment_cdc_cassandra_to_mysql.run_data_generator scheduled__2026-04-05T06:00:00+00:00 [queued]>
[2026-04-05T07:05:03.995+0000] {taskinstance.py:1157} INFO - Dependencies all met for dep_context=requeueable deps ti=<TaskInstance: recruitment_cdc_cassandra_to_mysql.run_data_generator scheduled__2026-04-05T06:00:00+00:00 [queued]>
[2026-04-05T07:05:03.995+0000] {taskinstance.py:1359} INFO - Starting attempt 1 of 2
[2026-04-05T07:05:04.007+0000] {taskinstance.py:1380} INFO - Executing <Task(BashOperator): run_data_generator> on 2026-04-05 06:00:00+00:00
[2026-04-05T07:05:04.011+0000] {standard_task_runner.py:57} INFO - Started process 214 to run task
[2026-04-05T07:05:04.015+0000] {standard_task_runner.py:84} INFO - Running: ['***', 'tasks', 'run', 'recruitment_cdc_cassandra_to_mysql', 'run_data_generator', 'scheduled__2026-04-05T06:00:00+00:00', '--job-id', '2', '--raw', '--subdir', 'DAGS_FOLDER/main_pipeline_dag.py', '--cfg-path', '/tmp/tmpnzq6bdgy']
[2026-04-05T07:05:04.019+0000] {standard_task_runner.py:85} INFO - Job 2: Subtask run_data_generator
[2026-04-05T07:05:04.063+0000] {task_command.py:415} INFO - Running <TaskInstance: recruitment_cdc_cassandra_to_mysql.run_data_generator scheduled__2026-04-05T06:00:00+00:00 [running]> on host 8a103b50e11d
[2026-04-05T07:05:04.174+0000] {taskinstance.py:1660} INFO - Exporting env vars: AIRFLOW_CTX_DAG_OWNER='shibe' AIRFLOW_CTX_DAG_ID='recruitment_cdc_cassandra_to_mysql' AIRFLOW_CTX_TASK_ID='run_data_generator' AIRFLOW_CTX_EXECUTION_DATE='2026-04-05T06:00:00+00:00' AIRFLOW_CTX_TRY_NUMBER='1' AIRFLOW_CTX_DAG_RUN_ID='scheduled__2026-04-05T06:00:00+00:00'
[2026-04-05T07:05:04.176+0000] {subprocess.py:63} INFO - Tmp dir root location: /tmp
[2026-04-05T07:05:04.176+0000] {subprocess.py:75} INFO - Running command: ['/bin/bash', '-c', 'python3 /opt/***/scripts/ingestion/data_generator.py &']
[2026-04-05T07:05:04.193+0000] {subprocess.py:86} INFO - Output:
[2026-04-05T07:05:06.354+0000] {subprocess.py:93} INFO - Traceback (most recent call last):
[2026-04-05T07:05:06.355+0000] {subprocess.py:93} INFO -   File "/opt/***/scripts/ingestion/data_generator.py", line 6, in <module>
[2026-04-05T07:05:06.355+0000] {subprocess.py:93} INFO -     from cassandra.cluster import Cluster
[2026-04-05T07:05:06.355+0000] {subprocess.py:93} INFO - ModuleNotFoundError: No module named 'cassandra'
[2026-04-05T07:05:06.487+0000] {subprocess.py:97} INFO - Command exited with return code 0
[2026-04-05T07:05:06.521+0000] {taskinstance.py:1398} INFO - Marking task as SUCCESS. dag_id=recruitment_cdc_cassandra_to_mysql, task_id=run_data_generator, execution_date=20260405T060000, start_date=20260405T070503, end_date=20260405T070506
[2026-04-05T07:05:06.555+0000] {local_task_job_runner.py:228} INFO - Task exited with return code 0
[2026-04-05T07:05:06.580+0000] {taskinstance.py:2776} INFO - 1 downstream tasks scheduled from follow-on schedule check
