[2026-04-05T07:05:11.523+0000] {taskinstance.py:1157} INFO - Dependencies all met for dep_context=non-requeueable deps ti=<TaskInstance: recruitment_cdc_cassandra_to_mysql.run_batch_etl scheduled__2026-04-05T06:00:00+00:00 [queued]>
[2026-04-05T07:05:11.535+0000] {taskinstance.py:1157} INFO - Dependencies all met for dep_context=requeueable deps ti=<TaskInstance: recruitment_cdc_cassandra_to_mysql.run_batch_etl scheduled__2026-04-05T06:00:00+00:00 [queued]>
[2026-04-05T07:05:11.536+0000] {taskinstance.py:1359} INFO - Starting attempt 1 of 2
[2026-04-05T07:05:11.552+0000] {taskinstance.py:1380} INFO - Executing <Task(BashOperator): run_batch_etl> on 2026-04-05 06:00:00+00:00
[2026-04-05T07:05:11.557+0000] {standard_task_runner.py:57} INFO - Started process 262 to run task
[2026-04-05T07:05:11.561+0000] {standard_task_runner.py:84} INFO - Running: ['***', 'tasks', 'run', 'recruitment_cdc_cassandra_to_mysql', 'run_batch_etl', 'scheduled__2026-04-05T06:00:00+00:00', '--job-id', '7', '--raw', '--subdir', 'DAGS_FOLDER/main_pipeline_dag.py', '--cfg-path', '/tmp/tmpvy7c_i5w']
[2026-04-05T07:05:11.564+0000] {standard_task_runner.py:85} INFO - Job 7: Subtask run_batch_etl
[2026-04-05T07:05:11.623+0000] {task_command.py:415} INFO - Running <TaskInstance: recruitment_cdc_cassandra_to_mysql.run_batch_etl scheduled__2026-04-05T06:00:00+00:00 [running]> on host 8a103b50e11d
[2026-04-05T07:05:11.707+0000] {taskinstance.py:1660} INFO - Exporting env vars: AIRFLOW_CTX_DAG_OWNER='shibe' AIRFLOW_CTX_DAG_ID='recruitment_cdc_cassandra_to_mysql' AIRFLOW_CTX_TASK_ID='run_batch_etl' AIRFLOW_CTX_EXECUTION_DATE='2026-04-05T06:00:00+00:00' AIRFLOW_CTX_TRY_NUMBER='1' AIRFLOW_CTX_DAG_RUN_ID='scheduled__2026-04-05T06:00:00+00:00'
[2026-04-05T07:05:11.709+0000] {subprocess.py:63} INFO - Tmp dir root location: /tmp
[2026-04-05T07:05:11.710+0000] {subprocess.py:75} INFO - Running command: ['/bin/bash', '-c', 'python3 /opt/***/scripts/processing/batch_etl_cassandra_to_mysql.py']
[2026-04-05T07:05:11.723+0000] {subprocess.py:86} INFO - Output:
[2026-04-05T07:05:11.865+0000] {subprocess.py:93} INFO - Traceback (most recent call last):
[2026-04-05T07:05:11.865+0000] {subprocess.py:93} INFO -   File "/opt/***/scripts/processing/batch_etl_cassandra_to_mysql.py", line 9, in <module>
[2026-04-05T07:05:11.866+0000] {subprocess.py:93} INFO -     import time_uuid
[2026-04-05T07:05:11.866+0000] {subprocess.py:93} INFO - ModuleNotFoundError: No module named 'time_uuid'
[2026-04-05T07:05:11.869+0000] {subprocess.py:97} INFO - Command exited with return code 1
[2026-04-05T07:05:11.880+0000] {taskinstance.py:1935} ERROR - Task failed with exception
Traceback (most recent call last):
  File "/home/airflow/.local/lib/python3.8/site-packages/airflow/operators/bash.py", line 210, in execute
    raise AirflowException(
airflow.exceptions.AirflowException: Bash command failed. The command returned a non-zero exit code 1.
[2026-04-05T07:05:11.884+0000] {taskinstance.py:1398} INFO - Marking task as UP_FOR_RETRY. dag_id=recruitment_cdc_cassandra_to_mysql, task_id=run_batch_etl, execution_date=20260405T060000, start_date=20260405T070511, end_date=20260405T070511
[2026-04-05T07:05:11.896+0000] {standard_task_runner.py:104} ERROR - Failed to execute job 7 for task run_batch_etl (Bash command failed. The command returned a non-zero exit code 1.; 262)
[2026-04-05T07:05:11.934+0000] {local_task_job_runner.py:228} INFO - Task exited with return code 1
[2026-04-05T07:05:11.964+0000] {taskinstance.py:2776} INFO - 0 downstream tasks scheduled from follow-on schedule check
