[2026-04-05T09:43:28.066+0000] {local_task_job_runner.py:123} INFO - ::group::Pre task execution logs
[2026-04-05T09:43:28.085+0000] {taskinstance.py:2614} INFO - Dependencies all met for dep_context=non-requeueable deps ti=<TaskInstance: recruitment_cdc_cassandra_to_mysql.run_batch_etl manual__2026-04-05T09:38:12.963968+00:00 [queued]>
[2026-04-05T09:43:28.095+0000] {taskinstance.py:2614} INFO - Dependencies all met for dep_context=requeueable deps ti=<TaskInstance: recruitment_cdc_cassandra_to_mysql.run_batch_etl manual__2026-04-05T09:38:12.963968+00:00 [queued]>
[2026-04-05T09:43:28.095+0000] {taskinstance.py:2867} INFO - Starting attempt 2 of 2
[2026-04-05T09:43:28.107+0000] {taskinstance.py:2890} INFO - Executing <Task(PythonOperator): run_batch_etl> on 2026-04-05 09:38:12.963968+00:00
[2026-04-05T09:43:28.113+0000] {standard_task_runner.py:72} INFO - Started process 1045 to run task
[2026-04-05T09:43:28.119+0000] {standard_task_runner.py:104} INFO - Running: ['***', 'tasks', 'run', 'recruitment_cdc_cassandra_to_mysql', 'run_batch_etl', 'manual__2026-04-05T09:38:12.963968+00:00', '--job-id', '14', '--raw', '--subdir', 'DAGS_FOLDER/main_pipeline_dag.py', '--cfg-path', '/tmp/tmpxuaxn26d']
[2026-04-05T09:43:28.124+0000] {standard_task_runner.py:105} INFO - Job 14: Subtask run_batch_etl
[2026-04-05T09:43:28.176+0000] {task_command.py:467} INFO - Running <TaskInstance: recruitment_cdc_cassandra_to_mysql.run_batch_etl manual__2026-04-05T09:38:12.963968+00:00 [running]> on host bca6e70ab794
[2026-04-05T09:43:28.247+0000] {taskinstance.py:3134} INFO - Exporting env vars: AIRFLOW_CTX_DAG_OWNER='shibe' AIRFLOW_CTX_DAG_ID='recruitment_cdc_cassandra_to_mysql' AIRFLOW_CTX_TASK_ID='run_batch_etl' AIRFLOW_CTX_EXECUTION_DATE='2026-04-05T09:38:12.963968+00:00' AIRFLOW_CTX_TRY_NUMBER='2' AIRFLOW_CTX_DAG_RUN_ID='manual__2026-04-05T09:38:12.963968+00:00'
[2026-04-05T09:43:28.249+0000] {taskinstance.py:732} INFO - ::endgroup::
[2026-04-05T09:44:37.611+0000] {logging_mixin.py:190} INFO - >>> Loading data from Cassandra...
[2026-04-05T09:44:39.975+0000] {taskinstance.py:3313} ERROR - Task failed with exception
Traceback (most recent call last):
  File "/home/airflow/.local/lib/python3.8/site-packages/airflow/models/taskinstance.py", line 768, in _execute_task
    result = _execute_callable(context=context, **execute_callable_kwargs)
  File "/home/airflow/.local/lib/python3.8/site-packages/airflow/models/taskinstance.py", line 734, in _execute_callable
    return ExecutionCallableRunner(
  File "/home/airflow/.local/lib/python3.8/site-packages/airflow/utils/operator_helpers.py", line 252, in run
    return self.func(*args, **kwargs)
  File "/home/airflow/.local/lib/python3.8/site-packages/airflow/models/baseoperator.py", line 424, in wrapper
    return func(self, *args, **kwargs)
  File "/home/airflow/.local/lib/python3.8/site-packages/airflow/operators/python.py", line 238, in execute
    return_value = self.execute_callable()
  File "/home/airflow/.local/lib/python3.8/site-packages/airflow/operators/python.py", line 256, in execute_callable
    return runner.run(*self.op_args, **self.op_kwargs)
  File "/home/airflow/.local/lib/python3.8/site-packages/airflow/utils/operator_helpers.py", line 252, in run
    return self.func(*args, **kwargs)
  File "/opt/airflow/scripts/processing/batch_etl_cassandra_to_mysql.py", line 46, in main
    raw_data = spark.read.format("org.apache.spark.sql.cassandra") \
  File "/home/airflow/.local/lib/python3.8/site-packages/pyspark/sql/readwriter.py", line 314, in load
    return self._df(self._jreader.load())
  File "/home/airflow/.local/lib/python3.8/site-packages/py4j/java_gateway.py", line 1362, in __call__
    return_value = get_return_value(
  File "/home/airflow/.local/lib/python3.8/site-packages/pyspark/errors/exceptions/captured.py", line 185, in deco
    raise converted from None
pyspark.errors.exceptions.captured.AnalysisException: Couldn't find keyspace_name or any similarly named keyspaces
[2026-04-05T09:44:39.993+0000] {taskinstance.py:1226} INFO - Marking task as FAILED. dag_id=recruitment_cdc_cassandra_to_mysql, task_id=run_batch_etl, run_id=manual__2026-04-05T09:38:12.963968+00:00, execution_date=20260405T093812, start_date=20260405T094328, end_date=20260405T094439
[2026-04-05T09:44:40.021+0000] {taskinstance.py:341} INFO - ::group::Post task execution logs
[2026-04-05T09:44:40.022+0000] {standard_task_runner.py:124} ERROR - Failed to execute job 14 for task run_batch_etl (Couldn't find keyspace_name or any similarly named keyspaces; 1045)
Traceback (most recent call last):
  File "/home/airflow/.local/lib/python3.8/site-packages/airflow/task/task_runner/standard_task_runner.py", line 117, in _start_by_fork
    ret = args.func(args, dag=self.dag)
  File "/home/airflow/.local/lib/python3.8/site-packages/airflow/cli/cli_config.py", line 49, in command
    return func(*args, **kwargs)
  File "/home/airflow/.local/lib/python3.8/site-packages/airflow/utils/cli.py", line 116, in wrapper
    return f(*args, **kwargs)
  File "/home/airflow/.local/lib/python3.8/site-packages/airflow/cli/commands/task_command.py", line 483, in task_run
    task_return_code = _run_task_by_selected_method(args, _dag, ti)
  File "/home/airflow/.local/lib/python3.8/site-packages/airflow/cli/commands/task_command.py", line 256, in _run_task_by_selected_method
    return _run_raw_task(args, ti)
  File "/home/airflow/.local/lib/python3.8/site-packages/airflow/cli/commands/task_command.py", line 341, in _run_raw_task
    return ti._run_raw_task(
  File "/home/airflow/.local/lib/python3.8/site-packages/airflow/utils/session.py", line 97, in wrapper
    return func(*args, session=session, **kwargs)
  File "/home/airflow/.local/lib/python3.8/site-packages/airflow/models/taskinstance.py", line 3006, in _run_raw_task
    return _run_raw_task(
  File "/home/airflow/.local/lib/python3.8/site-packages/airflow/models/taskinstance.py", line 274, in _run_raw_task
    TaskInstance._execute_task_with_callbacks(
  File "/home/airflow/.local/lib/python3.8/site-packages/airflow/models/taskinstance.py", line 3161, in _execute_task_with_callbacks
    result = self._execute_task(context, task_orig)
  File "/home/airflow/.local/lib/python3.8/site-packages/airflow/models/taskinstance.py", line 3185, in _execute_task
    return _execute_task(self, context, task_orig)
  File "/home/airflow/.local/lib/python3.8/site-packages/airflow/models/taskinstance.py", line 768, in _execute_task
    result = _execute_callable(context=context, **execute_callable_kwargs)
  File "/home/airflow/.local/lib/python3.8/site-packages/airflow/models/taskinstance.py", line 734, in _execute_callable
    return ExecutionCallableRunner(
  File "/home/airflow/.local/lib/python3.8/site-packages/airflow/utils/operator_helpers.py", line 252, in run
    return self.func(*args, **kwargs)
  File "/home/airflow/.local/lib/python3.8/site-packages/airflow/models/baseoperator.py", line 424, in wrapper
    return func(self, *args, **kwargs)
  File "/home/airflow/.local/lib/python3.8/site-packages/airflow/operators/python.py", line 238, in execute
    return_value = self.execute_callable()
  File "/home/airflow/.local/lib/python3.8/site-packages/airflow/operators/python.py", line 256, in execute_callable
    return runner.run(*self.op_args, **self.op_kwargs)
  File "/home/airflow/.local/lib/python3.8/site-packages/airflow/utils/operator_helpers.py", line 252, in run
    return self.func(*args, **kwargs)
  File "/opt/airflow/scripts/processing/batch_etl_cassandra_to_mysql.py", line 46, in main
    raw_data = spark.read.format("org.apache.spark.sql.cassandra") \
  File "/home/airflow/.local/lib/python3.8/site-packages/pyspark/sql/readwriter.py", line 314, in load
    return self._df(self._jreader.load())
  File "/home/airflow/.local/lib/python3.8/site-packages/py4j/java_gateway.py", line 1362, in __call__
    return_value = get_return_value(
  File "/home/airflow/.local/lib/python3.8/site-packages/pyspark/errors/exceptions/captured.py", line 185, in deco
    raise converted from None
pyspark.errors.exceptions.captured.AnalysisException: Couldn't find keyspace_name or any similarly named keyspaces
[2026-04-05T09:44:40.047+0000] {local_task_job_runner.py:266} INFO - Task exited with return code 1
[2026-04-05T09:44:40.063+0000] {taskinstance.py:3901} INFO - 0 downstream tasks scheduled from follow-on schedule check
[2026-04-05T09:44:40.065+0000] {local_task_job_runner.py:245} INFO - ::endgroup::
