[2026-04-05T06:44:51.301+0000] {taskinstance.py:1157} INFO - Dependencies all met for dep_context=non-requeueable deps ti=<TaskInstance: bear_mode_full_pipeline.run_kafka_cdc scheduled__2026-04-05T05:00:00+00:00 [queued]>
[2026-04-05T06:44:51.310+0000] {taskinstance.py:1157} INFO - Dependencies all met for dep_context=requeueable deps ti=<TaskInstance: bear_mode_full_pipeline.run_kafka_cdc scheduled__2026-04-05T05:00:00+00:00 [queued]>
[2026-04-05T06:44:51.311+0000] {taskinstance.py:1359} INFO - Starting attempt 1 of 2
[2026-04-05T06:44:51.324+0000] {taskinstance.py:1380} INFO - Executing <Task(BashOperator): run_kafka_cdc> on 2026-04-05 05:00:00+00:00
[2026-04-05T06:44:51.329+0000] {standard_task_runner.py:57} INFO - Started process 194 to run task
[2026-04-05T06:44:51.332+0000] {standard_task_runner.py:84} INFO - Running: ['***', 'tasks', 'run', 'bear_mode_full_pipeline', 'run_kafka_cdc', 'scheduled__2026-04-05T05:00:00+00:00', '--job-id', '14', '--raw', '--subdir', 'DAGS_FOLDER/main_pipeline_dag.py', '--cfg-path', '/tmp/tmp2mr4j9jf']
[2026-04-05T06:44:51.334+0000] {standard_task_runner.py:85} INFO - Job 14: Subtask run_kafka_cdc
[2026-04-05T06:44:51.389+0000] {task_command.py:415} INFO - Running <TaskInstance: bear_mode_full_pipeline.run_kafka_cdc scheduled__2026-04-05T05:00:00+00:00 [running]> on host 4db7dcd7c3fe
[2026-04-05T06:44:51.469+0000] {taskinstance.py:1660} INFO - Exporting env vars: AIRFLOW_CTX_DAG_OWNER='shibe' AIRFLOW_CTX_DAG_ID='bear_mode_full_pipeline' AIRFLOW_CTX_TASK_ID='run_kafka_cdc' AIRFLOW_CTX_EXECUTION_DATE='2026-04-05T05:00:00+00:00' AIRFLOW_CTX_TRY_NUMBER='1' AIRFLOW_CTX_DAG_RUN_ID='scheduled__2026-04-05T05:00:00+00:00'
[2026-04-05T06:44:51.471+0000] {subprocess.py:63} INFO - Tmp dir root location: /tmp
[2026-04-05T06:44:51.472+0000] {subprocess.py:75} INFO - Running command: ['/bin/bash', '-c', 'python3 /opt/***/scripts/ingestion/kafka_cdc_producer.py &']
[2026-04-05T06:44:51.484+0000] {subprocess.py:86} INFO - Output:
[2026-04-05T06:44:51.589+0000] {subprocess.py:93} INFO - Traceback (most recent call last):
[2026-04-05T06:44:51.590+0000] {subprocess.py:93} INFO -   File "/opt/***/scripts/ingestion/kafka_cdc_producer.py", line 1, in <module>
[2026-04-05T06:44:51.590+0000] {subprocess.py:93} INFO -     from cassandra.cluster import Cluster
[2026-04-05T06:44:51.591+0000] {subprocess.py:93} INFO - ModuleNotFoundError: No module named 'cassandra'
[2026-04-05T06:44:51.593+0000] {subprocess.py:97} INFO - Command exited with return code 0
[2026-04-05T06:44:51.634+0000] {taskinstance.py:1398} INFO - Marking task as SUCCESS. dag_id=bear_mode_full_pipeline, task_id=run_kafka_cdc, execution_date=20260405T050000, start_date=20260405T064451, end_date=20260405T064451
[2026-04-05T06:44:51.705+0000] {local_task_job_runner.py:228} INFO - Task exited with return code 0
[2026-04-05T06:44:51.755+0000] {taskinstance.py:2776} INFO - 1 downstream tasks scheduled from follow-on schedule check
