[2026-04-04T17:00:00.842+0000] {taskinstance.py:1157} INFO - Dependencies all met for dep_context=non-requeueable deps ti=<TaskInstance: bear_mode_full_pipeline.run_data_generator scheduled__2026-04-04T16:00:00+00:00 [queued]>
[2026-04-04T17:00:00.855+0000] {taskinstance.py:1157} INFO - Dependencies all met for dep_context=requeueable deps ti=<TaskInstance: bear_mode_full_pipeline.run_data_generator scheduled__2026-04-04T16:00:00+00:00 [queued]>
[2026-04-04T17:00:00.856+0000] {taskinstance.py:1359} INFO - Starting attempt 1 of 2
[2026-04-04T17:00:00.869+0000] {taskinstance.py:1380} INFO - Executing <Task(BashOperator): run_data_generator> on 2026-04-04 16:00:00+00:00
[2026-04-04T17:00:00.874+0000] {standard_task_runner.py:57} INFO - Started process 316 to run task
[2026-04-04T17:00:00.877+0000] {standard_task_runner.py:84} INFO - Running: ['***', 'tasks', 'run', 'bear_mode_full_pipeline', 'run_data_generator', 'scheduled__2026-04-04T16:00:00+00:00', '--job-id', '6', '--raw', '--subdir', 'DAGS_FOLDER/main_pipeline_dag.py', '--cfg-path', '/tmp/tmp5kegap6a']
[2026-04-04T17:00:00.880+0000] {standard_task_runner.py:85} INFO - Job 6: Subtask run_data_generator
[2026-04-04T17:00:00.940+0000] {task_command.py:415} INFO - Running <TaskInstance: bear_mode_full_pipeline.run_data_generator scheduled__2026-04-04T16:00:00+00:00 [running]> on host 4db7dcd7c3fe
[2026-04-04T17:00:01.021+0000] {taskinstance.py:1660} INFO - Exporting env vars: AIRFLOW_CTX_DAG_OWNER='shibe' AIRFLOW_CTX_DAG_ID='bear_mode_full_pipeline' AIRFLOW_CTX_TASK_ID='run_data_generator' AIRFLOW_CTX_EXECUTION_DATE='2026-04-04T16:00:00+00:00' AIRFLOW_CTX_TRY_NUMBER='1' AIRFLOW_CTX_DAG_RUN_ID='scheduled__2026-04-04T16:00:00+00:00'
[2026-04-04T17:00:01.023+0000] {subprocess.py:63} INFO - Tmp dir root location: /tmp
[2026-04-04T17:00:01.025+0000] {subprocess.py:75} INFO - Running command: ['/bin/bash', '-c', 'python3 /opt/***/scripts/ingestion/data_generator.py &']
[2026-04-04T17:00:01.034+0000] {subprocess.py:86} INFO - Output:
[2026-04-04T17:00:01.932+0000] {subprocess.py:93} INFO - Traceback (most recent call last):
[2026-04-04T17:00:01.932+0000] {subprocess.py:93} INFO -   File "/opt/***/scripts/ingestion/data_generator.py", line 6, in <module>
[2026-04-04T17:00:01.932+0000] {subprocess.py:93} INFO -     from cassandra.cluster import Cluster
[2026-04-04T17:00:01.932+0000] {subprocess.py:93} INFO - ModuleNotFoundError: No module named 'cassandra'
[2026-04-04T17:00:02.015+0000] {subprocess.py:97} INFO - Command exited with return code 0
[2026-04-04T17:00:02.043+0000] {taskinstance.py:1398} INFO - Marking task as SUCCESS. dag_id=bear_mode_full_pipeline, task_id=run_data_generator, execution_date=20260404T160000, start_date=20260404T170000, end_date=20260404T170002
[2026-04-04T17:00:02.092+0000] {local_task_job_runner.py:228} INFO - Task exited with return code 0
[2026-04-04T17:00:02.117+0000] {taskinstance.py:2776} INFO - 1 downstream tasks scheduled from follow-on schedule check
