[2026-04-05T06:52:17.692+0000] {taskinstance.py:1157} INFO - Dependencies all met for dep_context=non-requeueable deps ti=<TaskInstance: bear_mode_full_pipeline.run_data_generator scheduled__2026-04-04T16:00:00+00:00 [queued]>
[2026-04-05T06:52:17.707+0000] {taskinstance.py:1157} INFO - Dependencies all met for dep_context=requeueable deps ti=<TaskInstance: bear_mode_full_pipeline.run_data_generator scheduled__2026-04-04T16:00:00+00:00 [queued]>
[2026-04-05T06:52:17.707+0000] {taskinstance.py:1359} INFO - Starting attempt 2 of 3
[2026-04-05T06:52:17.723+0000] {taskinstance.py:1380} INFO - Executing <Task(BashOperator): run_data_generator> on 2026-04-04 16:00:00+00:00
[2026-04-05T06:52:17.729+0000] {standard_task_runner.py:57} INFO - Started process 237 to run task
[2026-04-05T06:52:17.736+0000] {standard_task_runner.py:84} INFO - Running: ['***', 'tasks', 'run', 'bear_mode_full_pipeline', 'run_data_generator', 'scheduled__2026-04-04T16:00:00+00:00', '--job-id', '27', '--raw', '--subdir', 'DAGS_FOLDER/main_pipeline_dag.py', '--cfg-path', '/tmp/tmp635kdyt1']
[2026-04-05T06:52:17.744+0000] {standard_task_runner.py:85} INFO - Job 27: Subtask run_data_generator
[2026-04-05T06:52:17.810+0000] {task_command.py:415} INFO - Running <TaskInstance: bear_mode_full_pipeline.run_data_generator scheduled__2026-04-04T16:00:00+00:00 [running]> on host ddd24e7924f6
[2026-04-05T06:52:17.899+0000] {taskinstance.py:1660} INFO - Exporting env vars: AIRFLOW_CTX_DAG_OWNER='shibe' AIRFLOW_CTX_DAG_ID='bear_mode_full_pipeline' AIRFLOW_CTX_TASK_ID='run_data_generator' AIRFLOW_CTX_EXECUTION_DATE='2026-04-04T16:00:00+00:00' AIRFLOW_CTX_TRY_NUMBER='2' AIRFLOW_CTX_DAG_RUN_ID='scheduled__2026-04-04T16:00:00+00:00'
[2026-04-05T06:52:17.901+0000] {subprocess.py:63} INFO - Tmp dir root location: /tmp
[2026-04-05T06:52:17.902+0000] {subprocess.py:75} INFO - Running command: ['/bin/bash', '-c', 'python3 /opt/***/scripts/ingestion/data_generator.py &']
[2026-04-05T06:52:17.913+0000] {subprocess.py:86} INFO - Output:
[2026-04-05T06:52:18.833+0000] {subprocess.py:93} INFO - Traceback (most recent call last):
[2026-04-05T06:52:18.834+0000] {subprocess.py:93} INFO -   File "/opt/***/scripts/ingestion/data_generator.py", line 6, in <module>
[2026-04-05T06:52:18.834+0000] {subprocess.py:93} INFO -     from cassandra.cluster import Cluster
[2026-04-05T06:52:18.834+0000] {subprocess.py:93} INFO - ModuleNotFoundError: No module named 'cassandra'
[2026-04-05T06:52:18.970+0000] {subprocess.py:97} INFO - Command exited with return code 0
[2026-04-05T06:52:18.994+0000] {taskinstance.py:1398} INFO - Marking task as SUCCESS. dag_id=bear_mode_full_pipeline, task_id=run_data_generator, execution_date=20260404T160000, start_date=20260405T065217, end_date=20260405T065218
[2026-04-05T06:52:19.037+0000] {local_task_job_runner.py:228} INFO - Task exited with return code 0
[2026-04-05T06:52:19.061+0000] {taskinstance.py:2776} INFO - 1 downstream tasks scheduled from follow-on schedule check
