[2026-04-07T08:30:05.596+0000] {local_task_job_runner.py:123} INFO - ::group::Pre task execution logs
[2026-04-07T08:30:05.615+0000] {taskinstance.py:2614} INFO - Dependencies all met for dep_context=non-requeueable deps ti=<TaskInstance: 2_batch_etl_every_10min.run_batch_processing scheduled__2026-04-07T08:20:00+00:00 [queued]>
[2026-04-07T08:30:05.624+0000] {taskinstance.py:2614} INFO - Dependencies all met for dep_context=requeueable deps ti=<TaskInstance: 2_batch_etl_every_10min.run_batch_processing scheduled__2026-04-07T08:20:00+00:00 [queued]>
[2026-04-07T08:30:05.625+0000] {taskinstance.py:2867} INFO - Starting attempt 1 of 2
[2026-04-07T08:30:05.637+0000] {taskinstance.py:2890} INFO - Executing <Task(PythonOperator): run_batch_processing> on 2026-04-07 08:20:00+00:00
[2026-04-07T08:30:05.643+0000] {standard_task_runner.py:72} INFO - Started process 175197 to run task
[2026-04-07T08:30:05.650+0000] {standard_task_runner.py:104} INFO - Running: ['***', 'tasks', 'run', '2_batch_etl_every_10min', 'run_batch_processing', 'scheduled__2026-04-07T08:20:00+00:00', '--job-id', '9', '--raw', '--subdir', 'DAGS_FOLDER/dag_batch_processing_10min.py', '--cfg-path', '/tmp/tmpczepdw66']
[2026-04-07T08:30:05.655+0000] {standard_task_runner.py:105} INFO - Job 9: Subtask run_batch_processing
[2026-04-07T08:30:05.719+0000] {task_command.py:467} INFO - Running <TaskInstance: 2_batch_etl_every_10min.run_batch_processing scheduled__2026-04-07T08:20:00+00:00 [running]> on host 964a90234230
[2026-04-07T08:30:05.822+0000] {taskinstance.py:3134} INFO - Exporting env vars: AIRFLOW_CTX_DAG_OWNER='shibe' AIRFLOW_CTX_DAG_ID='2_batch_etl_every_10min' AIRFLOW_CTX_TASK_ID='run_batch_processing' AIRFLOW_CTX_EXECUTION_DATE='2026-04-07T08:20:00+00:00' AIRFLOW_CTX_TRY_NUMBER='1' AIRFLOW_CTX_DAG_RUN_ID='scheduled__2026-04-07T08:20:00+00:00'
[2026-04-07T08:30:05.823+0000] {taskinstance.py:732} INFO - ::endgroup::
[2026-04-07T08:30:14.526+0000] {logging_mixin.py:190} INFO - >>> Loading data from Cassandra...
[2026-04-07T08:30:18.443+0000] {logging_mixin.py:190} INFO - >>> Writing to MySQL...
[2026-04-07T08:30:43.437+0000] {logging_mixin.py:190} INFO - >>> ETL Pipeline Finished!
[2026-04-07T08:30:42.611+0000] {python.py:240} INFO - Done. Returned value was: None
[2026-04-07T08:30:42.627+0000] {taskinstance.py:341} INFO - ::group::Post task execution logs
[2026-04-07T08:30:42.628+0000] {taskinstance.py:353} INFO - Marking task as SUCCESS. dag_id=2_batch_etl_every_10min, task_id=run_batch_processing, run_id=scheduled__2026-04-07T08:20:00+00:00, execution_date=20260407T082000, start_date=20260407T083005, end_date=20260407T083042
[2026-04-07T08:30:47.184+0000] {local_task_job_runner.py:266} INFO - Task exited with return code 0
[2026-04-07T08:30:47.217+0000] {taskinstance.py:3901} INFO - 0 downstream tasks scheduled from follow-on schedule check
[2026-04-07T08:30:47.220+0000] {local_task_job_runner.py:245} INFO - ::endgroup::
