[2026-04-05T10:28:31.062+0000] {local_task_job_runner.py:123} INFO - ::group::Pre task execution logs
[2026-04-05T10:28:31.077+0000] {taskinstance.py:2614} INFO - Dependencies all met for dep_context=non-requeueable deps ti=<TaskInstance: 1_continuous_services_bear_mode.service_spark_streaming manual__2026-04-05T10:26:11.457574+00:00 [queued]>
[2026-04-05T10:28:31.085+0000] {taskinstance.py:2614} INFO - Dependencies all met for dep_context=requeueable deps ti=<TaskInstance: 1_continuous_services_bear_mode.service_spark_streaming manual__2026-04-05T10:26:11.457574+00:00 [queued]>
[2026-04-05T10:28:31.085+0000] {taskinstance.py:2867} INFO - Starting attempt 3 of 6
[2026-04-05T10:28:31.097+0000] {taskinstance.py:2890} INFO - Executing <Task(PythonOperator): service_spark_streaming> on 2026-04-05 10:26:11.457574+00:00
[2026-04-05T10:28:31.102+0000] {standard_task_runner.py:72} INFO - Started process 993 to run task
[2026-04-05T10:28:31.106+0000] {standard_task_runner.py:104} INFO - Running: ['***', 'tasks', 'run', '1_continuous_services_bear_mode', 'service_spark_streaming', 'manual__2026-04-05T10:26:11.457574+00:00', '--job-id', '37', '--raw', '--subdir', 'DAGS_FOLDER/dag_continuous_services.py', '--cfg-path', '/tmp/tmp1yl9tncb']
[2026-04-05T10:28:31.108+0000] {standard_task_runner.py:105} INFO - Job 37: Subtask service_spark_streaming
[2026-04-05T10:28:31.146+0000] {task_command.py:467} INFO - Running <TaskInstance: 1_continuous_services_bear_mode.service_spark_streaming manual__2026-04-05T10:26:11.457574+00:00 [running]> on host c79c22db6b22
[2026-04-05T10:28:31.210+0000] {taskinstance.py:3134} INFO - Exporting env vars: AIRFLOW_CTX_DAG_OWNER='shibe' AIRFLOW_CTX_DAG_ID='1_continuous_services_bear_mode' AIRFLOW_CTX_TASK_ID='service_spark_streaming' AIRFLOW_CTX_EXECUTION_DATE='2026-04-05T10:26:11.457574+00:00' AIRFLOW_CTX_TRY_NUMBER='3' AIRFLOW_CTX_DAG_RUN_ID='manual__2026-04-05T10:26:11.457574+00:00'
[2026-04-05T10:28:31.211+0000] {taskinstance.py:732} INFO - ::endgroup::
[2026-04-05T10:28:39.014+0000] {java_gateway.py:2313} INFO - Callback Server Starting
[2026-04-05T10:28:39.016+0000] {java_gateway.py:2315} INFO - Socket listening on ('127.0.0.1', 37497)
[2026-04-05T10:28:39.110+0000] {taskinstance.py:3313} ERROR - Task failed with exception
Traceback (most recent call last):
  File "/home/airflow/.local/lib/python3.8/site-packages/airflow/models/taskinstance.py", line 768, in _execute_task
    result = _execute_callable(context=context, **execute_callable_kwargs)
  File "/home/airflow/.local/lib/python3.8/site-packages/airflow/models/taskinstance.py", line 734, in _execute_callable
    return ExecutionCallableRunner(
  File "/home/airflow/.local/lib/python3.8/site-packages/airflow/utils/operator_helpers.py", line 252, in run
    return self.func(*args, **kwargs)
  File "/home/airflow/.local/lib/python3.8/site-packages/airflow/models/baseoperator.py", line 424, in wrapper
    return func(self, *args, **kwargs)
  File "/home/airflow/.local/lib/python3.8/site-packages/airflow/operators/python.py", line 238, in execute
    return_value = self.execute_callable()
  File "/home/airflow/.local/lib/python3.8/site-packages/airflow/operators/python.py", line 256, in execute_callable
    return runner.run(*self.op_args, **self.op_kwargs)
  File "/home/airflow/.local/lib/python3.8/site-packages/airflow/utils/operator_helpers.py", line 252, in run
    return self.func(*args, **kwargs)
  File "/opt/airflow/scripts/processing/stream_etl_kafka_to_mysql.py", line 78, in main
    query = final_agg.writeStream \
  File "/home/airflow/.local/lib/python3.8/site-packages/pyspark/sql/streaming/readwriter.py", line 1527, in start
    return self._sq(self._jwrite.start())
  File "/home/airflow/.local/lib/python3.8/site-packages/py4j/java_gateway.py", line 1362, in __call__
    return_value = get_return_value(
  File "/home/airflow/.local/lib/python3.8/site-packages/pyspark/errors/exceptions/captured.py", line 179, in deco
    return f(*a, **kw)
  File "/home/airflow/.local/lib/python3.8/site-packages/py4j/protocol.py", line 327, in get_return_value
    raise Py4JJavaError(
py4j.protocol.Py4JJavaError: An error occurred while calling o132.start.
: java.io.IOException: mkdir of file:/opt/spark/data-pipeline/checkpoints/stream_etl failed
	at org.apache.hadoop.fs.FileSystem.primitiveMkdir(FileSystem.java:1357)
	at org.apache.hadoop.fs.DelegateToFileSystem.mkdir(DelegateToFileSystem.java:185)
	at org.apache.hadoop.fs.FilterFs.mkdir(FilterFs.java:219)
	at org.apache.hadoop.fs.FileContext$4.next(FileContext.java:809)
	at org.apache.hadoop.fs.FileContext$4.next(FileContext.java:805)
	at org.apache.hadoop.fs.FSLinkResolver.resolve(FSLinkResolver.java:90)
	at org.apache.hadoop.fs.FileContext.mkdir(FileContext.java:812)
	at org.apache.spark.sql.execution.streaming.AbstractFileContextBasedCheckpointFileManager.createCheckpointDirectory(CheckpointFileManager.scala:346)
	at org.apache.spark.sql.execution.streaming.ResolveWriteToStream$.resolveCheckpointLocation(ResolveWriteToStream.scala:131)
	at org.apache.spark.sql.execution.streaming.ResolveWriteToStream$$anonfun$apply$1.applyOrElse(ResolveWriteToStream.scala:42)
	at org.apache.spark.sql.execution.streaming.ResolveWriteToStream$$anonfun$apply$1.applyOrElse(ResolveWriteToStream.scala:40)
	at org.apache.spark.sql.catalyst.plans.logical.AnalysisHelper.$anonfun$resolveOperatorsDownWithPruning$2(AnalysisHelper.scala:170)
	at org.apache.spark.sql.catalyst.trees.CurrentOrigin$.withOrigin(origin.scala:76)
	at org.apache.spark.sql.catalyst.plans.logical.AnalysisHelper.$anonfun$resolveOperatorsDownWithPruning$1(AnalysisHelper.scala:170)
	at org.apache.spark.sql.catalyst.plans.logical.AnalysisHelper$.allowInvokingTransformsInAnalyzer(AnalysisHelper.scala:323)
	at org.apache.spark.sql.catalyst.plans.logical.AnalysisHelper.resolveOperatorsDownWithPruning(AnalysisHelper.scala:168)
	at org.apache.spark.sql.catalyst.plans.logical.AnalysisHelper.resolveOperatorsDownWithPruning$(AnalysisHelper.scala:164)
	at org.apache.spark.sql.catalyst.plans.logical.LogicalPlan.resolveOperatorsDownWithPruning(LogicalPlan.scala:32)
	at org.apache.spark.sql.catalyst.plans.logical.AnalysisHelper.resolveOperatorsWithPruning(AnalysisHelper.scala:99)
	at org.apache.spark.sql.catalyst.plans.logical.AnalysisHelper.resolveOperatorsWithPruning$(AnalysisHelper.scala:96)
	at org.apache.spark.sql.catalyst.plans.logical.LogicalPlan.resolveOperatorsWithPruning(LogicalPlan.scala:32)
	at org.apache.spark.sql.catalyst.plans.logical.AnalysisHelper.resolveOperators(AnalysisHelper.scala:76)
	at org.apache.spark.sql.catalyst.plans.logical.AnalysisHelper.resolveOperators$(AnalysisHelper.scala:75)
	at org.apache.spark.sql.catalyst.plans.logical.LogicalPlan.resolveOperators(LogicalPlan.scala:32)
	at org.apache.spark.sql.execution.streaming.ResolveWriteToStream$.apply(ResolveWriteToStream.scala:40)
	at org.apache.spark.sql.execution.streaming.ResolveWriteToStream$.apply(ResolveWriteToStream.scala:39)
	at org.apache.spark.sql.catalyst.rules.RuleExecutor.$anonfun$execute$2(RuleExecutor.scala:222)
	at scala.collection.LinearSeqOptimized.foldLeft(LinearSeqOptimized.scala:126)
	at scala.collection.LinearSeqOptimized.foldLeft$(LinearSeqOptimized.scala:122)
	at scala.collection.immutable.List.foldLeft(List.scala:91)
	at org.apache.spark.sql.catalyst.rules.RuleExecutor.$anonfun$execute$1(RuleExecutor.scala:219)
	at org.apache.spark.sql.catalyst.rules.RuleExecutor.$anonfun$execute$1$adapted(RuleExecutor.scala:211)
	at scala.collection.immutable.List.foreach(List.scala:431)
	at org.apache.spark.sql.catalyst.rules.RuleExecutor.execute(RuleExecutor.scala:211)
	at org.apache.spark.sql.catalyst.analysis.Analyzer.org$apache$spark$sql$catalyst$analysis$Analyzer$$executeSameContext(Analyzer.scala:240)
	at org.apache.spark.sql.catalyst.analysis.Analyzer.$anonfun$execute$1(Analyzer.scala:236)
	at org.apache.spark.sql.catalyst.analysis.AnalysisContext$.withNewAnalysisContext(Analyzer.scala:187)
	at org.apache.spark.sql.catalyst.analysis.Analyzer.execute(Analyzer.scala:236)
	at org.apache.spark.sql.catalyst.analysis.Analyzer.execute(Analyzer.scala:202)
	at org.apache.spark.sql.catalyst.rules.RuleExecutor.$anonfun$executeAndTrack$1(RuleExecutor.scala:182)
	at org.apache.spark.sql.catalyst.QueryPlanningTracker$.withTracker(QueryPlanningTracker.scala:89)
	at org.apache.spark.sql.catalyst.rules.RuleExecutor.executeAndTrack(RuleExecutor.scala:182)
	at org.apache.spark.sql.catalyst.analysis.Analyzer.$anonfun$executeAndCheck$1(Analyzer.scala:223)
	at org.apache.spark.sql.catalyst.plans.logical.AnalysisHelper$.markInAnalyzer(AnalysisHelper.scala:330)
	at org.apache.spark.sql.catalyst.analysis.Analyzer.executeAndCheck(Analyzer.scala:222)
	at org.apache.spark.sql.execution.QueryExecution.$anonfun$analyzed$1(QueryExecution.scala:77)
	at org.apache.spark.sql.catalyst.QueryPlanningTracker.measurePhase(QueryPlanningTracker.scala:138)
	at org.apache.spark.sql.execution.QueryExecution.$anonfun$executePhase$2(QueryExecution.scala:219)
	at org.apache.spark.sql.execution.QueryExecution$.withInternalError(QueryExecution.scala:546)
	at org.apache.spark.sql.execution.QueryExecution.$anonfun$executePhase$1(QueryExecution.scala:219)
	at org.apache.spark.sql.SparkSession.withActive(SparkSession.scala:900)
	at org.apache.spark.sql.execution.QueryExecution.executePhase(QueryExecution.scala:218)
	at org.apache.spark.sql.execution.QueryExecution.analyzed$lzycompute(QueryExecution.scala:77)
	at org.apache.spark.sql.execution.QueryExecution.analyzed(QueryExecution.scala:74)
	at org.apache.spark.sql.streaming.StreamingQueryManager.createQuery(StreamingQueryManager.scala:270)
	at org.apache.spark.sql.streaming.StreamingQueryManager.startQuery(StreamingQueryManager.scala:346)
	at org.apache.spark.sql.streaming.DataStreamWriter.startQuery(DataStreamWriter.scala:433)
	at org.apache.spark.sql.streaming.DataStreamWriter.startInternal(DataStreamWriter.scala:368)
	at org.apache.spark.sql.streaming.DataStreamWriter.start(DataStreamWriter.scala:251)
	at java.base/jdk.internal.reflect.NativeMethodAccessorImpl.invoke0(Native Method)
	at java.base/jdk.internal.reflect.NativeMethodAccessorImpl.invoke(NativeMethodAccessorImpl.java:77)
	at java.base/jdk.internal.reflect.DelegatingMethodAccessorImpl.invoke(DelegatingMethodAccessorImpl.java:43)
	at java.base/java.lang.reflect.Method.invoke(Method.java:569)
	at py4j.reflection.MethodInvoker.invoke(MethodInvoker.java:244)
	at py4j.reflection.ReflectionEngine.invoke(ReflectionEngine.java:374)
	at py4j.Gateway.invoke(Gateway.java:282)
	at py4j.commands.AbstractCommand.invokeMethod(AbstractCommand.java:132)
	at py4j.commands.CallCommand.execute(CallCommand.java:79)
	at py4j.ClientServerConnection.waitForCommands(ClientServerConnection.java:182)
	at py4j.ClientServerConnection.run(ClientServerConnection.java:106)
	at java.base/java.lang.Thread.run(Thread.java:840)

[2026-04-05T10:28:39.132+0000] {taskinstance.py:1226} INFO - Marking task as UP_FOR_RETRY. dag_id=1_continuous_services_bear_mode, task_id=service_spark_streaming, run_id=manual__2026-04-05T10:26:11.457574+00:00, execution_date=20260405T102611, start_date=20260405T102831, end_date=20260405T102839
[2026-04-05T10:28:39.170+0000] {taskinstance.py:341} INFO - ::group::Post task execution logs
[2026-04-05T10:28:39.171+0000] {standard_task_runner.py:124} ERROR - Failed to execute job 37 for task service_spark_streaming (An error occurred while calling o132.start.
: java.io.IOException: mkdir of file:/opt/spark/data-pipeline/checkpoints/stream_etl failed
	at org.apache.hadoop.fs.FileSystem.primitiveMkdir(FileSystem.java:1357)
	at org.apache.hadoop.fs.DelegateToFileSystem.mkdir(DelegateToFileSystem.java:185)
	at org.apache.hadoop.fs.FilterFs.mkdir(FilterFs.java:219)
	at org.apache.hadoop.fs.FileContext$4.next(FileContext.java:809)
	at org.apache.hadoop.fs.FileContext$4.next(FileContext.java:805)
	at org.apache.hadoop.fs.FSLinkResolver.resolve(FSLinkResolver.java:90)
	at org.apache.hadoop.fs.FileContext.mkdir(FileContext.java:812)
	at org.apache.spark.sql.execution.streaming.AbstractFileContextBasedCheckpointFileManager.createCheckpointDirectory(CheckpointFileManager.scala:346)
	at org.apache.spark.sql.execution.streaming.ResolveWriteToStream$.resolveCheckpointLocation(ResolveWriteToStream.scala:131)
	at org.apache.spark.sql.execution.streaming.ResolveWriteToStream$$anonfun$apply$1.applyOrElse(ResolveWriteToStream.scala:42)
	at org.apache.spark.sql.execution.streaming.ResolveWriteToStream$$anonfun$apply$1.applyOrElse(ResolveWriteToStream.scala:40)
	at org.apache.spark.sql.catalyst.plans.logical.AnalysisHelper.$anonfun$resolveOperatorsDownWithPruning$2(AnalysisHelper.scala:170)
	at org.apache.spark.sql.catalyst.trees.CurrentOrigin$.withOrigin(origin.scala:76)
	at org.apache.spark.sql.catalyst.plans.logical.AnalysisHelper.$anonfun$resolveOperatorsDownWithPruning$1(AnalysisHelper.scala:170)
	at org.apache.spark.sql.catalyst.plans.logical.AnalysisHelper$.allowInvokingTransformsInAnalyzer(AnalysisHelper.scala:323)
	at org.apache.spark.sql.catalyst.plans.logical.AnalysisHelper.resolveOperatorsDownWithPruning(AnalysisHelper.scala:168)
	at org.apache.spark.sql.catalyst.plans.logical.AnalysisHelper.resolveOperatorsDownWithPruning$(AnalysisHelper.scala:164)
	at org.apache.spark.sql.catalyst.plans.logical.LogicalPlan.resolveOperatorsDownWithPruning(LogicalPlan.scala:32)
	at org.apache.spark.sql.catalyst.plans.logical.AnalysisHelper.resolveOperatorsWithPruning(AnalysisHelper.scala:99)
	at org.apache.spark.sql.catalyst.plans.logical.AnalysisHelper.resolveOperatorsWithPruning$(AnalysisHelper.scala:96)
	at org.apache.spark.sql.catalyst.plans.logical.LogicalPlan.resolveOperatorsWithPruning(LogicalPlan.scala:32)
	at org.apache.spark.sql.catalyst.plans.logical.AnalysisHelper.resolveOperators(AnalysisHelper.scala:76)
	at org.apache.spark.sql.catalyst.plans.logical.AnalysisHelper.resolveOperators$(AnalysisHelper.scala:75)
	at org.apache.spark.sql.catalyst.plans.logical.LogicalPlan.resolveOperators(LogicalPlan.scala:32)
	at org.apache.spark.sql.execution.streaming.ResolveWriteToStream$.apply(ResolveWriteToStream.scala:40)
	at org.apache.spark.sql.execution.streaming.ResolveWriteToStream$.apply(ResolveWriteToStream.scala:39)
	at org.apache.spark.sql.catalyst.rules.RuleExecutor.$anonfun$execute$2(RuleExecutor.scala:222)
	at scala.collection.LinearSeqOptimized.foldLeft(LinearSeqOptimized.scala:126)
	at scala.collection.LinearSeqOptimized.foldLeft$(LinearSeqOptimized.scala:122)
	at scala.collection.immutable.List.foldLeft(List.scala:91)
	at org.apache.spark.sql.catalyst.rules.RuleExecutor.$anonfun$execute$1(RuleExecutor.scala:219)
	at org.apache.spark.sql.catalyst.rules.RuleExecutor.$anonfun$execute$1$adapted(RuleExecutor.scala:211)
	at scala.collection.immutable.List.foreach(List.scala:431)
	at org.apache.spark.sql.catalyst.rules.RuleExecutor.execute(RuleExecutor.scala:211)
	at org.apache.spark.sql.catalyst.analysis.Analyzer.org$apache$spark$sql$catalyst$analysis$Analyzer$$executeSameContext(Analyzer.scala:240)
	at org.apache.spark.sql.catalyst.analysis.Analyzer.$anonfun$execute$1(Analyzer.scala:236)
	at org.apache.spark.sql.catalyst.analysis.AnalysisContext$.withNewAnalysisContext(Analyzer.scala:187)
	at org.apache.spark.sql.catalyst.analysis.Analyzer.execute(Analyzer.scala:236)
	at org.apache.spark.sql.catalyst.analysis.Analyzer.execute(Analyzer.scala:202)
	at org.apache.spark.sql.catalyst.rules.RuleExecutor.$anonfun$executeAndTrack$1(RuleExecutor.scala:182)
	at org.apache.spark.sql.catalyst.QueryPlanningTracker$.withTracker(QueryPlanningTracker.scala:89)
	at org.apache.spark.sql.catalyst.rules.RuleExecutor.executeAndTrack(RuleExecutor.scala:182)
	at org.apache.spark.sql.catalyst.analysis.Analyzer.$anonfun$executeAndCheck$1(Analyzer.scala:223)
	at org.apache.spark.sql.catalyst.plans.logical.AnalysisHelper$.markInAnalyzer(AnalysisHelper.scala:330)
	at org.apache.spark.sql.catalyst.analysis.Analyzer.executeAndCheck(Analyzer.scala:222)
	at org.apache.spark.sql.execution.QueryExecution.$anonfun$analyzed$1(QueryExecution.scala:77)
	at org.apache.spark.sql.catalyst.QueryPlanningTracker.measurePhase(QueryPlanningTracker.scala:138)
	at org.apache.spark.sql.execution.QueryExecution.$anonfun$executePhase$2(QueryExecution.scala:219)
	at org.apache.spark.sql.execution.QueryExecution$.withInternalError(QueryExecution.scala:546)
	at org.apache.spark.sql.execution.QueryExecution.$anonfun$executePhase$1(QueryExecution.scala:219)
	at org.apache.spark.sql.SparkSession.withActive(SparkSession.scala:900)
	at org.apache.spark.sql.execution.QueryExecution.executePhase(QueryExecution.scala:218)
	at org.apache.spark.sql.execution.QueryExecution.analyzed$lzycompute(QueryExecution.scala:77)
	at org.apache.spark.sql.execution.QueryExecution.analyzed(QueryExecution.scala:74)
	at org.apache.spark.sql.streaming.StreamingQueryManager.createQuery(StreamingQueryManager.scala:270)
	at org.apache.spark.sql.streaming.StreamingQueryManager.startQuery(StreamingQueryManager.scala:346)
	at org.apache.spark.sql.streaming.DataStreamWriter.startQuery(DataStreamWriter.scala:433)
	at org.apache.spark.sql.streaming.DataStreamWriter.startInternal(DataStreamWriter.scala:368)
	at org.apache.spark.sql.streaming.DataStreamWriter.start(DataStreamWriter.scala:251)
	at java.base/jdk.internal.reflect.NativeMethodAccessorImpl.invoke0(Native Method)
	at java.base/jdk.internal.reflect.NativeMethodAccessorImpl.invoke(NativeMethodAccessorImpl.java:77)
	at java.base/jdk.internal.reflect.DelegatingMethodAccessorImpl.invoke(DelegatingMethodAccessorImpl.java:43)
	at java.base/java.lang.reflect.Method.invoke(Method.java:569)
	at py4j.reflection.MethodInvoker.invoke(MethodInvoker.java:244)
	at py4j.reflection.ReflectionEngine.invoke(ReflectionEngine.java:374)
	at py4j.Gateway.invoke(Gateway.java:282)
	at py4j.commands.AbstractCommand.invokeMethod(AbstractCommand.java:132)
	at py4j.commands.CallCommand.execute(CallCommand.java:79)
	at py4j.ClientServerConnection.waitForCommands(ClientServerConnection.java:182)
	at py4j.ClientServerConnection.run(ClientServerConnection.java:106)
	at java.base/java.lang.Thread.run(Thread.java:840)
; 993)
Traceback (most recent call last):
  File "/home/airflow/.local/lib/python3.8/site-packages/airflow/task/task_runner/standard_task_runner.py", line 117, in _start_by_fork
    ret = args.func(args, dag=self.dag)
  File "/home/airflow/.local/lib/python3.8/site-packages/airflow/cli/cli_config.py", line 49, in command
    return func(*args, **kwargs)
  File "/home/airflow/.local/lib/python3.8/site-packages/airflow/utils/cli.py", line 116, in wrapper
    return f(*args, **kwargs)
  File "/home/airflow/.local/lib/python3.8/site-packages/airflow/cli/commands/task_command.py", line 483, in task_run
    task_return_code = _run_task_by_selected_method(args, _dag, ti)
  File "/home/airflow/.local/lib/python3.8/site-packages/airflow/cli/commands/task_command.py", line 256, in _run_task_by_selected_method
    return _run_raw_task(args, ti)
  File "/home/airflow/.local/lib/python3.8/site-packages/airflow/cli/commands/task_command.py", line 341, in _run_raw_task
    return ti._run_raw_task(
  File "/home/airflow/.local/lib/python3.8/site-packages/airflow/utils/session.py", line 97, in wrapper
    return func(*args, session=session, **kwargs)
  File "/home/airflow/.local/lib/python3.8/site-packages/airflow/models/taskinstance.py", line 3006, in _run_raw_task
    return _run_raw_task(
  File "/home/airflow/.local/lib/python3.8/site-packages/airflow/models/taskinstance.py", line 274, in _run_raw_task
    TaskInstance._execute_task_with_callbacks(
  File "/home/airflow/.local/lib/python3.8/site-packages/airflow/models/taskinstance.py", line 3161, in _execute_task_with_callbacks
    result = self._execute_task(context, task_orig)
  File "/home/airflow/.local/lib/python3.8/site-packages/airflow/models/taskinstance.py", line 3185, in _execute_task
    return _execute_task(self, context, task_orig)
  File "/home/airflow/.local/lib/python3.8/site-packages/airflow/models/taskinstance.py", line 768, in _execute_task
    result = _execute_callable(context=context, **execute_callable_kwargs)
  File "/home/airflow/.local/lib/python3.8/site-packages/airflow/models/taskinstance.py", line 734, in _execute_callable
    return ExecutionCallableRunner(
  File "/home/airflow/.local/lib/python3.8/site-packages/airflow/utils/operator_helpers.py", line 252, in run
    return self.func(*args, **kwargs)
  File "/home/airflow/.local/lib/python3.8/site-packages/airflow/models/baseoperator.py", line 424, in wrapper
    return func(self, *args, **kwargs)
  File "/home/airflow/.local/lib/python3.8/site-packages/airflow/operators/python.py", line 238, in execute
    return_value = self.execute_callable()
  File "/home/airflow/.local/lib/python3.8/site-packages/airflow/operators/python.py", line 256, in execute_callable
    return runner.run(*self.op_args, **self.op_kwargs)
  File "/home/airflow/.local/lib/python3.8/site-packages/airflow/utils/operator_helpers.py", line 252, in run
    return self.func(*args, **kwargs)
  File "/opt/airflow/scripts/processing/stream_etl_kafka_to_mysql.py", line 78, in main
    query = final_agg.writeStream \
  File "/home/airflow/.local/lib/python3.8/site-packages/pyspark/sql/streaming/readwriter.py", line 1527, in start
    return self._sq(self._jwrite.start())
  File "/home/airflow/.local/lib/python3.8/site-packages/py4j/java_gateway.py", line 1362, in __call__
    return_value = get_return_value(
  File "/home/airflow/.local/lib/python3.8/site-packages/pyspark/errors/exceptions/captured.py", line 179, in deco
    return f(*a, **kw)
  File "/home/airflow/.local/lib/python3.8/site-packages/py4j/protocol.py", line 327, in get_return_value
    raise Py4JJavaError(
py4j.protocol.Py4JJavaError: An error occurred while calling o132.start.
: java.io.IOException: mkdir of file:/opt/spark/data-pipeline/checkpoints/stream_etl failed
	at org.apache.hadoop.fs.FileSystem.primitiveMkdir(FileSystem.java:1357)
	at org.apache.hadoop.fs.DelegateToFileSystem.mkdir(DelegateToFileSystem.java:185)
	at org.apache.hadoop.fs.FilterFs.mkdir(FilterFs.java:219)
	at org.apache.hadoop.fs.FileContext$4.next(FileContext.java:809)
	at org.apache.hadoop.fs.FileContext$4.next(FileContext.java:805)
	at org.apache.hadoop.fs.FSLinkResolver.resolve(FSLinkResolver.java:90)
	at org.apache.hadoop.fs.FileContext.mkdir(FileContext.java:812)
	at org.apache.spark.sql.execution.streaming.AbstractFileContextBasedCheckpointFileManager.createCheckpointDirectory(CheckpointFileManager.scala:346)
	at org.apache.spark.sql.execution.streaming.ResolveWriteToStream$.resolveCheckpointLocation(ResolveWriteToStream.scala:131)
	at org.apache.spark.sql.execution.streaming.ResolveWriteToStream$$anonfun$apply$1.applyOrElse(ResolveWriteToStream.scala:42)
	at org.apache.spark.sql.execution.streaming.ResolveWriteToStream$$anonfun$apply$1.applyOrElse(ResolveWriteToStream.scala:40)
	at org.apache.spark.sql.catalyst.plans.logical.AnalysisHelper.$anonfun$resolveOperatorsDownWithPruning$2(AnalysisHelper.scala:170)
	at org.apache.spark.sql.catalyst.trees.CurrentOrigin$.withOrigin(origin.scala:76)
	at org.apache.spark.sql.catalyst.plans.logical.AnalysisHelper.$anonfun$resolveOperatorsDownWithPruning$1(AnalysisHelper.scala:170)
	at org.apache.spark.sql.catalyst.plans.logical.AnalysisHelper$.allowInvokingTransformsInAnalyzer(AnalysisHelper.scala:323)
	at org.apache.spark.sql.catalyst.plans.logical.AnalysisHelper.resolveOperatorsDownWithPruning(AnalysisHelper.scala:168)
	at org.apache.spark.sql.catalyst.plans.logical.AnalysisHelper.resolveOperatorsDownWithPruning$(AnalysisHelper.scala:164)
	at org.apache.spark.sql.catalyst.plans.logical.LogicalPlan.resolveOperatorsDownWithPruning(LogicalPlan.scala:32)
	at org.apache.spark.sql.catalyst.plans.logical.AnalysisHelper.resolveOperatorsWithPruning(AnalysisHelper.scala:99)
	at org.apache.spark.sql.catalyst.plans.logical.AnalysisHelper.resolveOperatorsWithPruning$(AnalysisHelper.scala:96)
	at org.apache.spark.sql.catalyst.plans.logical.LogicalPlan.resolveOperatorsWithPruning(LogicalPlan.scala:32)
	at org.apache.spark.sql.catalyst.plans.logical.AnalysisHelper.resolveOperators(AnalysisHelper.scala:76)
	at org.apache.spark.sql.catalyst.plans.logical.AnalysisHelper.resolveOperators$(AnalysisHelper.scala:75)
	at org.apache.spark.sql.catalyst.plans.logical.LogicalPlan.resolveOperators(LogicalPlan.scala:32)
	at org.apache.spark.sql.execution.streaming.ResolveWriteToStream$.apply(ResolveWriteToStream.scala:40)
	at org.apache.spark.sql.execution.streaming.ResolveWriteToStream$.apply(ResolveWriteToStream.scala:39)
	at org.apache.spark.sql.catalyst.rules.RuleExecutor.$anonfun$execute$2(RuleExecutor.scala:222)
	at scala.collection.LinearSeqOptimized.foldLeft(LinearSeqOptimized.scala:126)
	at scala.collection.LinearSeqOptimized.foldLeft$(LinearSeqOptimized.scala:122)
	at scala.collection.immutable.List.foldLeft(List.scala:91)
	at org.apache.spark.sql.catalyst.rules.RuleExecutor.$anonfun$execute$1(RuleExecutor.scala:219)
	at org.apache.spark.sql.catalyst.rules.RuleExecutor.$anonfun$execute$1$adapted(RuleExecutor.scala:211)
	at scala.collection.immutable.List.foreach(List.scala:431)
	at org.apache.spark.sql.catalyst.rules.RuleExecutor.execute(RuleExecutor.scala:211)
	at org.apache.spark.sql.catalyst.analysis.Analyzer.org$apache$spark$sql$catalyst$analysis$Analyzer$$executeSameContext(Analyzer.scala:240)
	at org.apache.spark.sql.catalyst.analysis.Analyzer.$anonfun$execute$1(Analyzer.scala:236)
	at org.apache.spark.sql.catalyst.analysis.AnalysisContext$.withNewAnalysisContext(Analyzer.scala:187)
	at org.apache.spark.sql.catalyst.analysis.Analyzer.execute(Analyzer.scala:236)
	at org.apache.spark.sql.catalyst.analysis.Analyzer.execute(Analyzer.scala:202)
	at org.apache.spark.sql.catalyst.rules.RuleExecutor.$anonfun$executeAndTrack$1(RuleExecutor.scala:182)
	at org.apache.spark.sql.catalyst.QueryPlanningTracker$.withTracker(QueryPlanningTracker.scala:89)
	at org.apache.spark.sql.catalyst.rules.RuleExecutor.executeAndTrack(RuleExecutor.scala:182)
	at org.apache.spark.sql.catalyst.analysis.Analyzer.$anonfun$executeAndCheck$1(Analyzer.scala:223)
	at org.apache.spark.sql.catalyst.plans.logical.AnalysisHelper$.markInAnalyzer(AnalysisHelper.scala:330)
	at org.apache.spark.sql.catalyst.analysis.Analyzer.executeAndCheck(Analyzer.scala:222)
	at org.apache.spark.sql.execution.QueryExecution.$anonfun$analyzed$1(QueryExecution.scala:77)
	at org.apache.spark.sql.catalyst.QueryPlanningTracker.measurePhase(QueryPlanningTracker.scala:138)
	at org.apache.spark.sql.execution.QueryExecution.$anonfun$executePhase$2(QueryExecution.scala:219)
	at org.apache.spark.sql.execution.QueryExecution$.withInternalError(QueryExecution.scala:546)
	at org.apache.spark.sql.execution.QueryExecution.$anonfun$executePhase$1(QueryExecution.scala:219)
	at org.apache.spark.sql.SparkSession.withActive(SparkSession.scala:900)
	at org.apache.spark.sql.execution.QueryExecution.executePhase(QueryExecution.scala:218)
	at org.apache.spark.sql.execution.QueryExecution.analyzed$lzycompute(QueryExecution.scala:77)
	at org.apache.spark.sql.execution.QueryExecution.analyzed(QueryExecution.scala:74)
	at org.apache.spark.sql.streaming.StreamingQueryManager.createQuery(StreamingQueryManager.scala:270)
	at org.apache.spark.sql.streaming.StreamingQueryManager.startQuery(StreamingQueryManager.scala:346)
	at org.apache.spark.sql.streaming.DataStreamWriter.startQuery(DataStreamWriter.scala:433)
	at org.apache.spark.sql.streaming.DataStreamWriter.startInternal(DataStreamWriter.scala:368)
	at org.apache.spark.sql.streaming.DataStreamWriter.start(DataStreamWriter.scala:251)
	at java.base/jdk.internal.reflect.NativeMethodAccessorImpl.invoke0(Native Method)
	at java.base/jdk.internal.reflect.NativeMethodAccessorImpl.invoke(NativeMethodAccessorImpl.java:77)
	at java.base/jdk.internal.reflect.DelegatingMethodAccessorImpl.invoke(DelegatingMethodAccessorImpl.java:43)
	at java.base/java.lang.reflect.Method.invoke(Method.java:569)
	at py4j.reflection.MethodInvoker.invoke(MethodInvoker.java:244)
	at py4j.reflection.ReflectionEngine.invoke(ReflectionEngine.java:374)
	at py4j.Gateway.invoke(Gateway.java:282)
	at py4j.commands.AbstractCommand.invokeMethod(AbstractCommand.java:132)
	at py4j.commands.CallCommand.execute(CallCommand.java:79)
	at py4j.ClientServerConnection.waitForCommands(ClientServerConnection.java:182)
	at py4j.ClientServerConnection.run(ClientServerConnection.java:106)
	at java.base/java.lang.Thread.run(Thread.java:840)

[2026-04-05T10:28:39.194+0000] {local_task_job_runner.py:266} INFO - Task exited with return code 1
[2026-04-05T10:28:39.214+0000] {taskinstance.py:3901} INFO - 0 downstream tasks scheduled from follow-on schedule check
[2026-04-05T10:28:39.216+0000] {local_task_job_runner.py:245} INFO - ::endgroup::
