[2026-04-05T09:38:15.949+0000] {local_task_job_runner.py:123} INFO - ::group::Pre task execution logs
[2026-04-05T09:38:15.987+0000] {taskinstance.py:2614} INFO - Dependencies all met for dep_context=non-requeueable deps ti=<TaskInstance: recruitment_cdc_cassandra_to_mysql.run_stream_etl manual__2026-04-05T09:38:12.963968+00:00 [queued]>
[2026-04-05T09:38:16.015+0000] {taskinstance.py:2614} INFO - Dependencies all met for dep_context=requeueable deps ti=<TaskInstance: recruitment_cdc_cassandra_to_mysql.run_stream_etl manual__2026-04-05T09:38:12.963968+00:00 [queued]>
[2026-04-05T09:38:16.015+0000] {taskinstance.py:2867} INFO - Starting attempt 1 of 2
[2026-04-05T09:38:16.038+0000] {taskinstance.py:2890} INFO - Executing <Task(PythonOperator): run_stream_etl> on 2026-04-05 09:38:12.963968+00:00
[2026-04-05T09:38:16.055+0000] {standard_task_runner.py:72} INFO - Started process 202 to run task
[2026-04-05T09:38:16.064+0000] {standard_task_runner.py:104} INFO - Running: ['***', 'tasks', 'run', 'recruitment_cdc_cassandra_to_mysql', 'run_stream_etl', 'manual__2026-04-05T09:38:12.963968+00:00', '--job-id', '7', '--raw', '--subdir', 'DAGS_FOLDER/main_pipeline_dag.py', '--cfg-path', '/tmp/tmplyi615de']
[2026-04-05T09:38:16.076+0000] {standard_task_runner.py:105} INFO - Job 7: Subtask run_stream_etl
[2026-04-05T09:38:16.303+0000] {task_command.py:467} INFO - Running <TaskInstance: recruitment_cdc_cassandra_to_mysql.run_stream_etl manual__2026-04-05T09:38:12.963968+00:00 [running]> on host bca6e70ab794
[2026-04-05T09:38:16.570+0000] {taskinstance.py:3134} INFO - Exporting env vars: AIRFLOW_CTX_DAG_OWNER='shibe' AIRFLOW_CTX_DAG_ID='recruitment_cdc_cassandra_to_mysql' AIRFLOW_CTX_TASK_ID='run_stream_etl' AIRFLOW_CTX_EXECUTION_DATE='2026-04-05T09:38:12.963968+00:00' AIRFLOW_CTX_TRY_NUMBER='1' AIRFLOW_CTX_DAG_RUN_ID='manual__2026-04-05T09:38:12.963968+00:00'
[2026-04-05T09:38:16.572+0000] {taskinstance.py:732} INFO - ::endgroup::
[2026-04-05T09:38:27.160+0000] {taskinstance.py:3313} ERROR - Task failed with exception
Traceback (most recent call last):
  File "/home/airflow/.local/lib/python3.8/site-packages/airflow/models/taskinstance.py", line 768, in _execute_task
    result = _execute_callable(context=context, **execute_callable_kwargs)
  File "/home/airflow/.local/lib/python3.8/site-packages/airflow/models/taskinstance.py", line 734, in _execute_callable
    return ExecutionCallableRunner(
  File "/home/airflow/.local/lib/python3.8/site-packages/airflow/utils/operator_helpers.py", line 252, in run
    return self.func(*args, **kwargs)
  File "/home/airflow/.local/lib/python3.8/site-packages/airflow/models/baseoperator.py", line 424, in wrapper
    return func(self, *args, **kwargs)
  File "/home/airflow/.local/lib/python3.8/site-packages/airflow/operators/python.py", line 238, in execute
    return_value = self.execute_callable()
  File "/home/airflow/.local/lib/python3.8/site-packages/airflow/operators/python.py", line 256, in execute_callable
    return runner.run(*self.op_args, **self.op_kwargs)
  File "/home/airflow/.local/lib/python3.8/site-packages/airflow/utils/operator_helpers.py", line 252, in run
    return self.func(*args, **kwargs)
  File "/opt/airflow/scripts/processing/stream_etl_kafka_to_mysql.py", line 14, in main
    spark = create_spark()
  File "/opt/airflow/scripts/processing/stream_etl_kafka_to_mysql.py", line 7, in create_spark
    return SparkSession.builder \
  File "/home/airflow/.local/lib/python3.8/site-packages/pyspark/sql/session.py", line 497, in getOrCreate
    sc = SparkContext.getOrCreate(sparkConf)
  File "/home/airflow/.local/lib/python3.8/site-packages/pyspark/context.py", line 515, in getOrCreate
    SparkContext(conf=conf or SparkConf())
  File "/home/airflow/.local/lib/python3.8/site-packages/pyspark/context.py", line 201, in __init__
    SparkContext._ensure_initialized(self, gateway=gateway, conf=conf)
  File "/home/airflow/.local/lib/python3.8/site-packages/pyspark/context.py", line 436, in _ensure_initialized
    SparkContext._gateway = gateway or launch_gateway(conf)
  File "/home/airflow/.local/lib/python3.8/site-packages/pyspark/java_gateway.py", line 107, in launch_gateway
    raise PySparkRuntimeError(
pyspark.errors.exceptions.base.PySparkRuntimeError: [JAVA_GATEWAY_EXITED] Java gateway process exited before sending its port number.
[2026-04-05T09:38:27.191+0000] {taskinstance.py:1226} INFO - Marking task as UP_FOR_RETRY. dag_id=recruitment_cdc_cassandra_to_mysql, task_id=run_stream_etl, run_id=manual__2026-04-05T09:38:12.963968+00:00, execution_date=20260405T093812, start_date=20260405T093815, end_date=20260405T093827
[2026-04-05T09:38:27.256+0000] {taskinstance.py:341} INFO - ::group::Post task execution logs
[2026-04-05T09:38:27.257+0000] {standard_task_runner.py:124} ERROR - Failed to execute job 7 for task run_stream_etl ([JAVA_GATEWAY_EXITED] Java gateway process exited before sending its port number.; 202)
Traceback (most recent call last):
  File "/home/airflow/.local/lib/python3.8/site-packages/airflow/task/task_runner/standard_task_runner.py", line 117, in _start_by_fork
    ret = args.func(args, dag=self.dag)
  File "/home/airflow/.local/lib/python3.8/site-packages/airflow/cli/cli_config.py", line 49, in command
    return func(*args, **kwargs)
  File "/home/airflow/.local/lib/python3.8/site-packages/airflow/utils/cli.py", line 116, in wrapper
    return f(*args, **kwargs)
  File "/home/airflow/.local/lib/python3.8/site-packages/airflow/cli/commands/task_command.py", line 483, in task_run
    task_return_code = _run_task_by_selected_method(args, _dag, ti)
  File "/home/airflow/.local/lib/python3.8/site-packages/airflow/cli/commands/task_command.py", line 256, in _run_task_by_selected_method
    return _run_raw_task(args, ti)
  File "/home/airflow/.local/lib/python3.8/site-packages/airflow/cli/commands/task_command.py", line 341, in _run_raw_task
    return ti._run_raw_task(
  File "/home/airflow/.local/lib/python3.8/site-packages/airflow/utils/session.py", line 97, in wrapper
    return func(*args, session=session, **kwargs)
  File "/home/airflow/.local/lib/python3.8/site-packages/airflow/models/taskinstance.py", line 3006, in _run_raw_task
    return _run_raw_task(
  File "/home/airflow/.local/lib/python3.8/site-packages/airflow/models/taskinstance.py", line 274, in _run_raw_task
    TaskInstance._execute_task_with_callbacks(
  File "/home/airflow/.local/lib/python3.8/site-packages/airflow/models/taskinstance.py", line 3161, in _execute_task_with_callbacks
    result = self._execute_task(context, task_orig)
  File "/home/airflow/.local/lib/python3.8/site-packages/airflow/models/taskinstance.py", line 3185, in _execute_task
    return _execute_task(self, context, task_orig)
  File "/home/airflow/.local/lib/python3.8/site-packages/airflow/models/taskinstance.py", line 768, in _execute_task
    result = _execute_callable(context=context, **execute_callable_kwargs)
  File "/home/airflow/.local/lib/python3.8/site-packages/airflow/models/taskinstance.py", line 734, in _execute_callable
    return ExecutionCallableRunner(
  File "/home/airflow/.local/lib/python3.8/site-packages/airflow/utils/operator_helpers.py", line 252, in run
    return self.func(*args, **kwargs)
  File "/home/airflow/.local/lib/python3.8/site-packages/airflow/models/baseoperator.py", line 424, in wrapper
    return func(self, *args, **kwargs)
  File "/home/airflow/.local/lib/python3.8/site-packages/airflow/operators/python.py", line 238, in execute
    return_value = self.execute_callable()
  File "/home/airflow/.local/lib/python3.8/site-packages/airflow/operators/python.py", line 256, in execute_callable
    return runner.run(*self.op_args, **self.op_kwargs)
  File "/home/airflow/.local/lib/python3.8/site-packages/airflow/utils/operator_helpers.py", line 252, in run
    return self.func(*args, **kwargs)
  File "/opt/airflow/scripts/processing/stream_etl_kafka_to_mysql.py", line 14, in main
    spark = create_spark()
  File "/opt/airflow/scripts/processing/stream_etl_kafka_to_mysql.py", line 7, in create_spark
    return SparkSession.builder \
  File "/home/airflow/.local/lib/python3.8/site-packages/pyspark/sql/session.py", line 497, in getOrCreate
    sc = SparkContext.getOrCreate(sparkConf)
  File "/home/airflow/.local/lib/python3.8/site-packages/pyspark/context.py", line 515, in getOrCreate
    SparkContext(conf=conf or SparkConf())
  File "/home/airflow/.local/lib/python3.8/site-packages/pyspark/context.py", line 201, in __init__
    SparkContext._ensure_initialized(self, gateway=gateway, conf=conf)
  File "/home/airflow/.local/lib/python3.8/site-packages/pyspark/context.py", line 436, in _ensure_initialized
    SparkContext._gateway = gateway or launch_gateway(conf)
  File "/home/airflow/.local/lib/python3.8/site-packages/pyspark/java_gateway.py", line 107, in launch_gateway
    raise PySparkRuntimeError(
pyspark.errors.exceptions.base.PySparkRuntimeError: [JAVA_GATEWAY_EXITED] Java gateway process exited before sending its port number.
[2026-04-05T09:38:27.301+0000] {local_task_job_runner.py:266} INFO - Task exited with return code 1
[2026-04-05T09:38:27.337+0000] {taskinstance.py:3901} INFO - 0 downstream tasks scheduled from follow-on schedule check
[2026-04-05T09:38:27.339+0000] {local_task_job_runner.py:245} INFO - ::endgroup::
