[2026-04-06T09:12:17.246+0000] {local_task_job_runner.py:123} INFO - ::group::Pre task execution logs
[2026-04-06T09:12:17.258+0000] {taskinstance.py:2614} INFO - Dependencies all met for dep_context=non-requeueable deps ti=<TaskInstance: 1_continuous_services_bear_mode.service_spark_streaming manual__2026-04-06T09:08:08.026743+00:00 [queued]>
[2026-04-06T09:12:17.265+0000] {taskinstance.py:2614} INFO - Dependencies all met for dep_context=requeueable deps ti=<TaskInstance: 1_continuous_services_bear_mode.service_spark_streaming manual__2026-04-06T09:08:08.026743+00:00 [queued]>
[2026-04-06T09:12:17.265+0000] {taskinstance.py:2867} INFO - Starting attempt 4 of 6
[2026-04-06T09:12:17.278+0000] {taskinstance.py:2890} INFO - Executing <Task(PythonOperator): service_spark_streaming> on 2026-04-06 09:08:08.026743+00:00
[2026-04-06T09:12:17.286+0000] {standard_task_runner.py:72} INFO - Started process 2074 to run task
[2026-04-06T09:12:17.290+0000] {standard_task_runner.py:104} INFO - Running: ['***', 'tasks', 'run', '1_continuous_services_bear_mode', 'service_spark_streaming', 'manual__2026-04-06T09:08:08.026743+00:00', '--job-id', '10', '--raw', '--subdir', 'DAGS_FOLDER/dag_continuous_services.py', '--cfg-path', '/tmp/tmp7t6rojan']
[2026-04-06T09:12:17.292+0000] {standard_task_runner.py:105} INFO - Job 10: Subtask service_spark_streaming
[2026-04-06T09:12:17.339+0000] {task_command.py:467} INFO - Running <TaskInstance: 1_continuous_services_bear_mode.service_spark_streaming manual__2026-04-06T09:08:08.026743+00:00 [running]> on host 243d9d3157a8
[2026-04-06T09:12:17.405+0000] {taskinstance.py:3134} INFO - Exporting env vars: AIRFLOW_CTX_DAG_OWNER='shibe' AIRFLOW_CTX_DAG_ID='1_continuous_services_bear_mode' AIRFLOW_CTX_TASK_ID='service_spark_streaming' AIRFLOW_CTX_EXECUTION_DATE='2026-04-06T09:08:08.026743+00:00' AIRFLOW_CTX_TRY_NUMBER='4' AIRFLOW_CTX_DAG_RUN_ID='manual__2026-04-06T09:08:08.026743+00:00'
[2026-04-06T09:12:17.406+0000] {taskinstance.py:732} INFO - ::endgroup::
[2026-04-06T09:12:24.373+0000] {java_gateway.py:2313} INFO - Callback Server Starting
[2026-04-06T09:12:24.374+0000] {java_gateway.py:2315} INFO - Socket listening on ('127.0.0.1', 35937)
[2026-04-06T09:12:24.817+0000] {taskinstance.py:3313} ERROR - Task failed with exception
Traceback (most recent call last):
  File "/home/airflow/.local/lib/python3.8/site-packages/airflow/models/taskinstance.py", line 768, in _execute_task
    result = _execute_callable(context=context, **execute_callable_kwargs)
  File "/home/airflow/.local/lib/python3.8/site-packages/airflow/models/taskinstance.py", line 734, in _execute_callable
    return ExecutionCallableRunner(
  File "/home/airflow/.local/lib/python3.8/site-packages/airflow/utils/operator_helpers.py", line 252, in run
    return self.func(*args, **kwargs)
  File "/home/airflow/.local/lib/python3.8/site-packages/airflow/models/baseoperator.py", line 424, in wrapper
    return func(self, *args, **kwargs)
  File "/home/airflow/.local/lib/python3.8/site-packages/airflow/operators/python.py", line 238, in execute
    return_value = self.execute_callable()
  File "/home/airflow/.local/lib/python3.8/site-packages/airflow/operators/python.py", line 256, in execute_callable
    return runner.run(*self.op_args, **self.op_kwargs)
  File "/home/airflow/.local/lib/python3.8/site-packages/airflow/utils/operator_helpers.py", line 252, in run
    return self.func(*args, **kwargs)
  File "/opt/airflow/scripts/processing/stream_etl_kafka_to_mysql.py", line 81, in main
  File "/home/airflow/.local/lib/python3.8/site-packages/pyspark/sql/streaming/readwriter.py", line 1527, in start
    return self._sq(self._jwrite.start())
  File "/home/airflow/.local/lib/python3.8/site-packages/py4j/java_gateway.py", line 1362, in __call__
    return_value = get_return_value(
  File "/home/airflow/.local/lib/python3.8/site-packages/pyspark/errors/exceptions/captured.py", line 179, in deco
    return f(*a, **kw)
  File "/home/airflow/.local/lib/python3.8/site-packages/py4j/protocol.py", line 327, in get_return_value
    raise Py4JJavaError(
py4j.protocol.Py4JJavaError: An error occurred while calling o134.start.
: org.apache.spark.SparkConcurrentModificationException: Multiple streaming queries are concurrently using metadata.
	at org.apache.spark.sql.errors.QueryExecutionErrors$.multiStreamingQueriesUsingPathConcurrentlyError(QueryExecutionErrors.scala:1858)
	at org.apache.spark.sql.execution.streaming.StreamMetadata$.write(StreamMetadata.scala:89)
	at org.apache.spark.sql.execution.streaming.StreamExecution.$anonfun$streamMetadata$1(StreamExecution.scala:139)
	at scala.Option.getOrElse(Option.scala:189)
	at org.apache.spark.sql.execution.streaming.StreamExecution.<init>(StreamExecution.scala:137)
	at org.apache.spark.sql.execution.streaming.MicroBatchExecution.<init>(MicroBatchExecution.scala:49)
	at org.apache.spark.sql.streaming.StreamingQueryManager.createQuery(StreamingQueryManager.scala:295)
	at org.apache.spark.sql.streaming.StreamingQueryManager.startQuery(StreamingQueryManager.scala:346)
	at org.apache.spark.sql.streaming.DataStreamWriter.startQuery(DataStreamWriter.scala:433)
	at org.apache.spark.sql.streaming.DataStreamWriter.startInternal(DataStreamWriter.scala:368)
	at org.apache.spark.sql.streaming.DataStreamWriter.start(DataStreamWriter.scala:251)
	at java.base/jdk.internal.reflect.NativeMethodAccessorImpl.invoke0(Native Method)
	at java.base/jdk.internal.reflect.NativeMethodAccessorImpl.invoke(NativeMethodAccessorImpl.java:77)
	at java.base/jdk.internal.reflect.DelegatingMethodAccessorImpl.invoke(DelegatingMethodAccessorImpl.java:43)
	at java.base/java.lang.reflect.Method.invoke(Method.java:569)
	at py4j.reflection.MethodInvoker.invoke(MethodInvoker.java:244)
	at py4j.reflection.ReflectionEngine.invoke(ReflectionEngine.java:374)
	at py4j.Gateway.invoke(Gateway.java:282)
	at py4j.commands.AbstractCommand.invokeMethod(AbstractCommand.java:132)
	at py4j.commands.CallCommand.execute(CallCommand.java:79)
	at py4j.ClientServerConnection.waitForCommands(ClientServerConnection.java:182)
	at py4j.ClientServerConnection.run(ClientServerConnection.java:106)
	at java.base/java.lang.Thread.run(Thread.java:840)
Caused by: org.apache.hadoop.fs.FileAlreadyExistsException: Rename destination file:/opt/airflow/scripts/processing/checkpoints/stream_etl/.metadata.crc already exists.
	at org.apache.hadoop.fs.AbstractFileSystem.renameInternal(AbstractFileSystem.java:770)
	at org.apache.hadoop.fs.AbstractFileSystem.rename(AbstractFileSystem.java:720)
	at org.apache.hadoop.fs.ChecksumFs.renameInternal(ChecksumFs.java:496)
	at org.apache.hadoop.fs.AbstractFileSystem.rename(AbstractFileSystem.java:720)
	at org.apache.hadoop.fs.FileContext.rename(FileContext.java:1036)
	at org.apache.spark.sql.execution.streaming.FileContextBasedCheckpointFileManager.renameTempFile(CheckpointFileManager.scala:372)
	at org.apache.spark.sql.execution.streaming.CheckpointFileManager$RenameBasedFSDataOutputStream.close(CheckpointFileManager.scala:154)
	at java.base/sun.nio.cs.StreamEncoder.implClose(StreamEncoder.java:343)
	at java.base/sun.nio.cs.StreamEncoder.close(StreamEncoder.java:169)
	at java.base/java.io.OutputStreamWriter.close(OutputStreamWriter.java:252)
	at com.fasterxml.jackson.core.json.WriterBasedJsonGenerator.close(WriterBasedJsonGenerator.java:1028)
	at com.fasterxml.jackson.databind.ObjectMapper._writeValueAndClose(ObjectMapper.java:4724)
	at com.fasterxml.jackson.databind.ObjectMapper.writeValue(ObjectMapper.java:3947)
	at org.json4s.jackson.JacksonSerialization.write(Serialization.scala:36)
	at org.apache.spark.sql.execution.streaming.StreamMetadata$.write(StreamMetadata.scala:81)
	... 21 more

[2026-04-06T09:12:24.833+0000] {taskinstance.py:1226} INFO - Marking task as UP_FOR_RETRY. dag_id=1_continuous_services_bear_mode, task_id=service_spark_streaming, run_id=manual__2026-04-06T09:08:08.026743+00:00, execution_date=20260406T090808, start_date=20260406T091217, end_date=20260406T091224
[2026-04-06T09:12:24.866+0000] {taskinstance.py:341} INFO - ::group::Post task execution logs
[2026-04-06T09:12:24.867+0000] {standard_task_runner.py:124} ERROR - Failed to execute job 10 for task service_spark_streaming (An error occurred while calling o134.start.
: org.apache.spark.SparkConcurrentModificationException: Multiple streaming queries are concurrently using metadata.
	at org.apache.spark.sql.errors.QueryExecutionErrors$.multiStreamingQueriesUsingPathConcurrentlyError(QueryExecutionErrors.scala:1858)
	at org.apache.spark.sql.execution.streaming.StreamMetadata$.write(StreamMetadata.scala:89)
	at org.apache.spark.sql.execution.streaming.StreamExecution.$anonfun$streamMetadata$1(StreamExecution.scala:139)
	at scala.Option.getOrElse(Option.scala:189)
	at org.apache.spark.sql.execution.streaming.StreamExecution.<init>(StreamExecution.scala:137)
	at org.apache.spark.sql.execution.streaming.MicroBatchExecution.<init>(MicroBatchExecution.scala:49)
	at org.apache.spark.sql.streaming.StreamingQueryManager.createQuery(StreamingQueryManager.scala:295)
	at org.apache.spark.sql.streaming.StreamingQueryManager.startQuery(StreamingQueryManager.scala:346)
	at org.apache.spark.sql.streaming.DataStreamWriter.startQuery(DataStreamWriter.scala:433)
	at org.apache.spark.sql.streaming.DataStreamWriter.startInternal(DataStreamWriter.scala:368)
	at org.apache.spark.sql.streaming.DataStreamWriter.start(DataStreamWriter.scala:251)
	at java.base/jdk.internal.reflect.NativeMethodAccessorImpl.invoke0(Native Method)
	at java.base/jdk.internal.reflect.NativeMethodAccessorImpl.invoke(NativeMethodAccessorImpl.java:77)
	at java.base/jdk.internal.reflect.DelegatingMethodAccessorImpl.invoke(DelegatingMethodAccessorImpl.java:43)
	at java.base/java.lang.reflect.Method.invoke(Method.java:569)
	at py4j.reflection.MethodInvoker.invoke(MethodInvoker.java:244)
	at py4j.reflection.ReflectionEngine.invoke(ReflectionEngine.java:374)
	at py4j.Gateway.invoke(Gateway.java:282)
	at py4j.commands.AbstractCommand.invokeMethod(AbstractCommand.java:132)
	at py4j.commands.CallCommand.execute(CallCommand.java:79)
	at py4j.ClientServerConnection.waitForCommands(ClientServerConnection.java:182)
	at py4j.ClientServerConnection.run(ClientServerConnection.java:106)
	at java.base/java.lang.Thread.run(Thread.java:840)
Caused by: org.apache.hadoop.fs.FileAlreadyExistsException: Rename destination file:/opt/airflow/scripts/processing/checkpoints/stream_etl/.metadata.crc already exists.
	at org.apache.hadoop.fs.AbstractFileSystem.renameInternal(AbstractFileSystem.java:770)
	at org.apache.hadoop.fs.AbstractFileSystem.rename(AbstractFileSystem.java:720)
	at org.apache.hadoop.fs.ChecksumFs.renameInternal(ChecksumFs.java:496)
	at org.apache.hadoop.fs.AbstractFileSystem.rename(AbstractFileSystem.java:720)
	at org.apache.hadoop.fs.FileContext.rename(FileContext.java:1036)
	at org.apache.spark.sql.execution.streaming.FileContextBasedCheckpointFileManager.renameTempFile(CheckpointFileManager.scala:372)
	at org.apache.spark.sql.execution.streaming.CheckpointFileManager$RenameBasedFSDataOutputStream.close(CheckpointFileManager.scala:154)
	at java.base/sun.nio.cs.StreamEncoder.implClose(StreamEncoder.java:343)
	at java.base/sun.nio.cs.StreamEncoder.close(StreamEncoder.java:169)
	at java.base/java.io.OutputStreamWriter.close(OutputStreamWriter.java:252)
	at com.fasterxml.jackson.core.json.WriterBasedJsonGenerator.close(WriterBasedJsonGenerator.java:1028)
	at com.fasterxml.jackson.databind.ObjectMapper._writeValueAndClose(ObjectMapper.java:4724)
	at com.fasterxml.jackson.databind.ObjectMapper.writeValue(ObjectMapper.java:3947)
	at org.json4s.jackson.JacksonSerialization.write(Serialization.scala:36)
	at org.apache.spark.sql.execution.streaming.StreamMetadata$.write(StreamMetadata.scala:81)
	... 21 more
; 2074)
Traceback (most recent call last):
  File "/home/airflow/.local/lib/python3.8/site-packages/airflow/task/task_runner/standard_task_runner.py", line 117, in _start_by_fork
    ret = args.func(args, dag=self.dag)
  File "/home/airflow/.local/lib/python3.8/site-packages/airflow/cli/cli_config.py", line 49, in command
    return func(*args, **kwargs)
  File "/home/airflow/.local/lib/python3.8/site-packages/airflow/utils/cli.py", line 116, in wrapper
    return f(*args, **kwargs)
  File "/home/airflow/.local/lib/python3.8/site-packages/airflow/cli/commands/task_command.py", line 483, in task_run
    task_return_code = _run_task_by_selected_method(args, _dag, ti)
  File "/home/airflow/.local/lib/python3.8/site-packages/airflow/cli/commands/task_command.py", line 256, in _run_task_by_selected_method
    return _run_raw_task(args, ti)
  File "/home/airflow/.local/lib/python3.8/site-packages/airflow/cli/commands/task_command.py", line 341, in _run_raw_task
    return ti._run_raw_task(
  File "/home/airflow/.local/lib/python3.8/site-packages/airflow/utils/session.py", line 97, in wrapper
    return func(*args, session=session, **kwargs)
  File "/home/airflow/.local/lib/python3.8/site-packages/airflow/models/taskinstance.py", line 3006, in _run_raw_task
    return _run_raw_task(
  File "/home/airflow/.local/lib/python3.8/site-packages/airflow/models/taskinstance.py", line 274, in _run_raw_task
    TaskInstance._execute_task_with_callbacks(
  File "/home/airflow/.local/lib/python3.8/site-packages/airflow/models/taskinstance.py", line 3161, in _execute_task_with_callbacks
    result = self._execute_task(context, task_orig)
  File "/home/airflow/.local/lib/python3.8/site-packages/airflow/models/taskinstance.py", line 3185, in _execute_task
    return _execute_task(self, context, task_orig)
  File "/home/airflow/.local/lib/python3.8/site-packages/airflow/models/taskinstance.py", line 768, in _execute_task
    result = _execute_callable(context=context, **execute_callable_kwargs)
  File "/home/airflow/.local/lib/python3.8/site-packages/airflow/models/taskinstance.py", line 734, in _execute_callable
    return ExecutionCallableRunner(
  File "/home/airflow/.local/lib/python3.8/site-packages/airflow/utils/operator_helpers.py", line 252, in run
    return self.func(*args, **kwargs)
  File "/home/airflow/.local/lib/python3.8/site-packages/airflow/models/baseoperator.py", line 424, in wrapper
    return func(self, *args, **kwargs)
  File "/home/airflow/.local/lib/python3.8/site-packages/airflow/operators/python.py", line 238, in execute
    return_value = self.execute_callable()
  File "/home/airflow/.local/lib/python3.8/site-packages/airflow/operators/python.py", line 256, in execute_callable
    return runner.run(*self.op_args, **self.op_kwargs)
  File "/home/airflow/.local/lib/python3.8/site-packages/airflow/utils/operator_helpers.py", line 252, in run
    return self.func(*args, **kwargs)
  File "/opt/airflow/scripts/processing/stream_etl_kafka_to_mysql.py", line 81, in main
  File "/home/airflow/.local/lib/python3.8/site-packages/pyspark/sql/streaming/readwriter.py", line 1527, in start
    return self._sq(self._jwrite.start())
  File "/home/airflow/.local/lib/python3.8/site-packages/py4j/java_gateway.py", line 1362, in __call__
    return_value = get_return_value(
  File "/home/airflow/.local/lib/python3.8/site-packages/pyspark/errors/exceptions/captured.py", line 179, in deco
    return f(*a, **kw)
  File "/home/airflow/.local/lib/python3.8/site-packages/py4j/protocol.py", line 327, in get_return_value
    raise Py4JJavaError(
py4j.protocol.Py4JJavaError: An error occurred while calling o134.start.
: org.apache.spark.SparkConcurrentModificationException: Multiple streaming queries are concurrently using metadata.
	at org.apache.spark.sql.errors.QueryExecutionErrors$.multiStreamingQueriesUsingPathConcurrentlyError(QueryExecutionErrors.scala:1858)
	at org.apache.spark.sql.execution.streaming.StreamMetadata$.write(StreamMetadata.scala:89)
	at org.apache.spark.sql.execution.streaming.StreamExecution.$anonfun$streamMetadata$1(StreamExecution.scala:139)
	at scala.Option.getOrElse(Option.scala:189)
	at org.apache.spark.sql.execution.streaming.StreamExecution.<init>(StreamExecution.scala:137)
	at org.apache.spark.sql.execution.streaming.MicroBatchExecution.<init>(MicroBatchExecution.scala:49)
	at org.apache.spark.sql.streaming.StreamingQueryManager.createQuery(StreamingQueryManager.scala:295)
	at org.apache.spark.sql.streaming.StreamingQueryManager.startQuery(StreamingQueryManager.scala:346)
	at org.apache.spark.sql.streaming.DataStreamWriter.startQuery(DataStreamWriter.scala:433)
	at org.apache.spark.sql.streaming.DataStreamWriter.startInternal(DataStreamWriter.scala:368)
	at org.apache.spark.sql.streaming.DataStreamWriter.start(DataStreamWriter.scala:251)
	at java.base/jdk.internal.reflect.NativeMethodAccessorImpl.invoke0(Native Method)
	at java.base/jdk.internal.reflect.NativeMethodAccessorImpl.invoke(NativeMethodAccessorImpl.java:77)
	at java.base/jdk.internal.reflect.DelegatingMethodAccessorImpl.invoke(DelegatingMethodAccessorImpl.java:43)
	at java.base/java.lang.reflect.Method.invoke(Method.java:569)
	at py4j.reflection.MethodInvoker.invoke(MethodInvoker.java:244)
	at py4j.reflection.ReflectionEngine.invoke(ReflectionEngine.java:374)
	at py4j.Gateway.invoke(Gateway.java:282)
	at py4j.commands.AbstractCommand.invokeMethod(AbstractCommand.java:132)
	at py4j.commands.CallCommand.execute(CallCommand.java:79)
	at py4j.ClientServerConnection.waitForCommands(ClientServerConnection.java:182)
	at py4j.ClientServerConnection.run(ClientServerConnection.java:106)
	at java.base/java.lang.Thread.run(Thread.java:840)
Caused by: org.apache.hadoop.fs.FileAlreadyExistsException: Rename destination file:/opt/airflow/scripts/processing/checkpoints/stream_etl/.metadata.crc already exists.
	at org.apache.hadoop.fs.AbstractFileSystem.renameInternal(AbstractFileSystem.java:770)
	at org.apache.hadoop.fs.AbstractFileSystem.rename(AbstractFileSystem.java:720)
	at org.apache.hadoop.fs.ChecksumFs.renameInternal(ChecksumFs.java:496)
	at org.apache.hadoop.fs.AbstractFileSystem.rename(AbstractFileSystem.java:720)
	at org.apache.hadoop.fs.FileContext.rename(FileContext.java:1036)
	at org.apache.spark.sql.execution.streaming.FileContextBasedCheckpointFileManager.renameTempFile(CheckpointFileManager.scala:372)
	at org.apache.spark.sql.execution.streaming.CheckpointFileManager$RenameBasedFSDataOutputStream.close(CheckpointFileManager.scala:154)
	at java.base/sun.nio.cs.StreamEncoder.implClose(StreamEncoder.java:343)
	at java.base/sun.nio.cs.StreamEncoder.close(StreamEncoder.java:169)
	at java.base/java.io.OutputStreamWriter.close(OutputStreamWriter.java:252)
	at com.fasterxml.jackson.core.json.WriterBasedJsonGenerator.close(WriterBasedJsonGenerator.java:1028)
	at com.fasterxml.jackson.databind.ObjectMapper._writeValueAndClose(ObjectMapper.java:4724)
	at com.fasterxml.jackson.databind.ObjectMapper.writeValue(ObjectMapper.java:3947)
	at org.json4s.jackson.JacksonSerialization.write(Serialization.scala:36)
	at org.apache.spark.sql.execution.streaming.StreamMetadata$.write(StreamMetadata.scala:81)
	... 21 more

[2026-04-06T09:12:24.894+0000] {local_task_job_runner.py:266} INFO - Task exited with return code 1
[2026-04-06T09:12:24.909+0000] {taskinstance.py:3901} INFO - 0 downstream tasks scheduled from follow-on schedule check
[2026-04-06T09:12:24.917+0000] {local_task_job_runner.py:245} INFO - ::endgroup::
