[2026-04-06T09:11:04.203+0000] {local_task_job_runner.py:123} INFO - ::group::Pre task execution logs
[2026-04-06T09:11:04.229+0000] {taskinstance.py:2614} INFO - Dependencies all met for dep_context=non-requeueable deps ti=<TaskInstance: 1_continuous_services_bear_mode.service_spark_streaming manual__2026-04-06T09:08:08.026743+00:00 [queued]>
[2026-04-06T09:11:04.244+0000] {taskinstance.py:2614} INFO - Dependencies all met for dep_context=requeueable deps ti=<TaskInstance: 1_continuous_services_bear_mode.service_spark_streaming manual__2026-04-06T09:08:08.026743+00:00 [queued]>
[2026-04-06T09:11:04.245+0000] {taskinstance.py:2867} INFO - Starting attempt 3 of 6
[2026-04-06T09:11:04.270+0000] {taskinstance.py:2890} INFO - Executing <Task(PythonOperator): service_spark_streaming> on 2026-04-06 09:08:08.026743+00:00
[2026-04-06T09:11:04.277+0000] {standard_task_runner.py:72} INFO - Started process 1439 to run task
[2026-04-06T09:11:04.283+0000] {standard_task_runner.py:104} INFO - Running: ['***', 'tasks', 'run', '1_continuous_services_bear_mode', 'service_spark_streaming', 'manual__2026-04-06T09:08:08.026743+00:00', '--job-id', '8', '--raw', '--subdir', 'DAGS_FOLDER/dag_continuous_services.py', '--cfg-path', '/tmp/tmpl3x1ujtk']
[2026-04-06T09:11:04.287+0000] {standard_task_runner.py:105} INFO - Job 8: Subtask service_spark_streaming
[2026-04-06T09:11:04.385+0000] {task_command.py:467} INFO - Running <TaskInstance: 1_continuous_services_bear_mode.service_spark_streaming manual__2026-04-06T09:08:08.026743+00:00 [running]> on host 243d9d3157a8
[2026-04-06T09:11:04.495+0000] {taskinstance.py:3134} INFO - Exporting env vars: AIRFLOW_CTX_DAG_OWNER='shibe' AIRFLOW_CTX_DAG_ID='1_continuous_services_bear_mode' AIRFLOW_CTX_TASK_ID='service_spark_streaming' AIRFLOW_CTX_EXECUTION_DATE='2026-04-06T09:08:08.026743+00:00' AIRFLOW_CTX_TRY_NUMBER='3' AIRFLOW_CTX_DAG_RUN_ID='manual__2026-04-06T09:08:08.026743+00:00'
[2026-04-06T09:11:04.497+0000] {taskinstance.py:732} INFO - ::endgroup::
[2026-04-06T09:11:14.507+0000] {java_gateway.py:2313} INFO - Callback Server Starting
[2026-04-06T09:11:14.509+0000] {java_gateway.py:2315} INFO - Socket listening on ('127.0.0.1', 43919)
[2026-04-06T09:11:14.832+0000] {logging_mixin.py:190} INFO - >>> [BEAR MODE] REAL-TIME PIPELINE IS RUNNING...
[2026-04-06T09:11:16.046+0000] {taskinstance.py:3313} ERROR - Task failed with exception
Traceback (most recent call last):
  File "/home/airflow/.local/lib/python3.8/site-packages/airflow/models/taskinstance.py", line 768, in _execute_task
    result = _execute_callable(context=context, **execute_callable_kwargs)
  File "/home/airflow/.local/lib/python3.8/site-packages/airflow/models/taskinstance.py", line 734, in _execute_callable
    return ExecutionCallableRunner(
  File "/home/airflow/.local/lib/python3.8/site-packages/airflow/utils/operator_helpers.py", line 252, in run
    return self.func(*args, **kwargs)
  File "/home/airflow/.local/lib/python3.8/site-packages/airflow/models/baseoperator.py", line 424, in wrapper
    return func(self, *args, **kwargs)
  File "/home/airflow/.local/lib/python3.8/site-packages/airflow/operators/python.py", line 238, in execute
    return_value = self.execute_callable()
  File "/home/airflow/.local/lib/python3.8/site-packages/airflow/operators/python.py", line 256, in execute_callable
    return runner.run(*self.op_args, **self.op_kwargs)
  File "/home/airflow/.local/lib/python3.8/site-packages/airflow/utils/operator_helpers.py", line 252, in run
    return self.func(*args, **kwargs)
  File "/opt/airflow/scripts/processing/stream_etl_kafka_to_mysql.py", line 89, in main
    query.awaitTermination()
  File "/home/airflow/.local/lib/python3.8/site-packages/pyspark/sql/streaming/query.py", line 221, in awaitTermination
    return self._jsq.awaitTermination()
  File "/home/airflow/.local/lib/python3.8/site-packages/py4j/java_gateway.py", line 1362, in __call__
    return_value = get_return_value(
  File "/home/airflow/.local/lib/python3.8/site-packages/pyspark/errors/exceptions/captured.py", line 185, in deco
    raise converted from None
pyspark.errors.exceptions.captured.StreamingQueryException: [STREAM_FAILED] Query [id = 739b14b9-28c1-4f52-be07-2108422f1f75, runId = 0249629e-2da1-46bc-9fa6-f773e36bec77] terminated with exception: Partition tracking_events-0's offset was changed from 3680 to 28, some data may have been missed. 
Some data may have been lost because they are not available in Kafka any more; either the
 data was aged out by Kafka or the topic may have been deleted before all the data in the
 topic was processed. If you don't want your streaming query to fail on such cases, set the
 source option "failOnDataLoss" to "false".
    
[2026-04-06T09:11:16.114+0000] {taskinstance.py:1226} INFO - Marking task as UP_FOR_RETRY. dag_id=1_continuous_services_bear_mode, task_id=service_spark_streaming, run_id=manual__2026-04-06T09:08:08.026743+00:00, execution_date=20260406T090808, start_date=20260406T091104, end_date=20260406T091116
[2026-04-06T09:11:16.152+0000] {taskinstance.py:341} INFO - ::group::Post task execution logs
[2026-04-06T09:11:16.153+0000] {standard_task_runner.py:124} ERROR - Failed to execute job 8 for task service_spark_streaming ([STREAM_FAILED] Query [id = 739b14b9-28c1-4f52-be07-2108422f1f75, runId = 0249629e-2da1-46bc-9fa6-f773e36bec77] terminated with exception: Partition tracking_events-0's offset was changed from 3680 to 28, some data may have been missed. 
Some data may have been lost because they are not available in Kafka any more; either the
 data was aged out by Kafka or the topic may have been deleted before all the data in the
 topic was processed. If you don't want your streaming query to fail on such cases, set the
 source option "failOnDataLoss" to "false".
    ; 1439)
Traceback (most recent call last):
  File "/home/airflow/.local/lib/python3.8/site-packages/airflow/task/task_runner/standard_task_runner.py", line 117, in _start_by_fork
    ret = args.func(args, dag=self.dag)
  File "/home/airflow/.local/lib/python3.8/site-packages/airflow/cli/cli_config.py", line 49, in command
    return func(*args, **kwargs)
  File "/home/airflow/.local/lib/python3.8/site-packages/airflow/utils/cli.py", line 116, in wrapper
    return f(*args, **kwargs)
  File "/home/airflow/.local/lib/python3.8/site-packages/airflow/cli/commands/task_command.py", line 483, in task_run
    task_return_code = _run_task_by_selected_method(args, _dag, ti)
  File "/home/airflow/.local/lib/python3.8/site-packages/airflow/cli/commands/task_command.py", line 256, in _run_task_by_selected_method
    return _run_raw_task(args, ti)
  File "/home/airflow/.local/lib/python3.8/site-packages/airflow/cli/commands/task_command.py", line 341, in _run_raw_task
    return ti._run_raw_task(
  File "/home/airflow/.local/lib/python3.8/site-packages/airflow/utils/session.py", line 97, in wrapper
    return func(*args, session=session, **kwargs)
  File "/home/airflow/.local/lib/python3.8/site-packages/airflow/models/taskinstance.py", line 3006, in _run_raw_task
    return _run_raw_task(
  File "/home/airflow/.local/lib/python3.8/site-packages/airflow/models/taskinstance.py", line 274, in _run_raw_task
    TaskInstance._execute_task_with_callbacks(
  File "/home/airflow/.local/lib/python3.8/site-packages/airflow/models/taskinstance.py", line 3161, in _execute_task_with_callbacks
    result = self._execute_task(context, task_orig)
  File "/home/airflow/.local/lib/python3.8/site-packages/airflow/models/taskinstance.py", line 3185, in _execute_task
    return _execute_task(self, context, task_orig)
  File "/home/airflow/.local/lib/python3.8/site-packages/airflow/models/taskinstance.py", line 768, in _execute_task
    result = _execute_callable(context=context, **execute_callable_kwargs)
  File "/home/airflow/.local/lib/python3.8/site-packages/airflow/models/taskinstance.py", line 734, in _execute_callable
    return ExecutionCallableRunner(
  File "/home/airflow/.local/lib/python3.8/site-packages/airflow/utils/operator_helpers.py", line 252, in run
    return self.func(*args, **kwargs)
  File "/home/airflow/.local/lib/python3.8/site-packages/airflow/models/baseoperator.py", line 424, in wrapper
    return func(self, *args, **kwargs)
  File "/home/airflow/.local/lib/python3.8/site-packages/airflow/operators/python.py", line 238, in execute
    return_value = self.execute_callable()
  File "/home/airflow/.local/lib/python3.8/site-packages/airflow/operators/python.py", line 256, in execute_callable
    return runner.run(*self.op_args, **self.op_kwargs)
  File "/home/airflow/.local/lib/python3.8/site-packages/airflow/utils/operator_helpers.py", line 252, in run
    return self.func(*args, **kwargs)
  File "/opt/airflow/scripts/processing/stream_etl_kafka_to_mysql.py", line 89, in main
    query.awaitTermination()
  File "/home/airflow/.local/lib/python3.8/site-packages/pyspark/sql/streaming/query.py", line 221, in awaitTermination
    return self._jsq.awaitTermination()
  File "/home/airflow/.local/lib/python3.8/site-packages/py4j/java_gateway.py", line 1362, in __call__
    return_value = get_return_value(
  File "/home/airflow/.local/lib/python3.8/site-packages/pyspark/errors/exceptions/captured.py", line 185, in deco
    raise converted from None
pyspark.errors.exceptions.captured.StreamingQueryException: [STREAM_FAILED] Query [id = 739b14b9-28c1-4f52-be07-2108422f1f75, runId = 0249629e-2da1-46bc-9fa6-f773e36bec77] terminated with exception: Partition tracking_events-0's offset was changed from 3680 to 28, some data may have been missed. 
Some data may have been lost because they are not available in Kafka any more; either the
 data was aged out by Kafka or the topic may have been deleted before all the data in the
 topic was processed. If you don't want your streaming query to fail on such cases, set the
 source option "failOnDataLoss" to "false".
    
[2026-04-06T09:11:16.217+0000] {local_task_job_runner.py:266} INFO - Task exited with return code 1
[2026-04-06T09:11:16.250+0000] {taskinstance.py:3901} INFO - 0 downstream tasks scheduled from follow-on schedule check
[2026-04-06T09:11:16.255+0000] {local_task_job_runner.py:245} INFO - ::endgroup::
