[2026-04-04T16:48:33.459+0000] {processor.py:157} INFO - Started process (PID=170) to work on /opt/airflow/dags/main_pipeline_dag.py
[2026-04-04T16:48:33.461+0000] {processor.py:829} INFO - Processing file /opt/airflow/dags/main_pipeline_dag.py for tasks to queue
[2026-04-04T16:48:33.462+0000] {logging_mixin.py:151} INFO - [2026-04-04T16:48:33.461+0000] {dagbag.py:539} INFO - Filling up the DagBag from /opt/airflow/dags/main_pipeline_dag.py
[2026-04-04T16:48:33.490+0000] {processor.py:839} INFO - DAG(s) dict_keys(['bear_mode_full_pipeline']) retrieved from /opt/airflow/dags/main_pipeline_dag.py
[2026-04-04T16:48:33.920+0000] {logging_mixin.py:151} INFO - [2026-04-04T16:48:33.920+0000] {manager.py:499} INFO - Created Permission View: %s
[2026-04-04T16:48:33.933+0000] {logging_mixin.py:151} INFO - [2026-04-04T16:48:33.932+0000] {manager.py:499} INFO - Created Permission View: %s
[2026-04-04T16:48:33.941+0000] {logging_mixin.py:151} INFO - [2026-04-04T16:48:33.941+0000] {manager.py:499} INFO - Created Permission View: %s
[2026-04-04T16:48:33.941+0000] {logging_mixin.py:151} INFO - [2026-04-04T16:48:33.941+0000] {security.py:708} INFO - Not syncing DAG-level permissions for DAG 'DAG:bear_mode_full_pipeline' as access control is unset.
[2026-04-04T16:48:33.941+0000] {logging_mixin.py:151} INFO - [2026-04-04T16:48:33.941+0000] {dag.py:2915} INFO - Sync 1 DAGs
[2026-04-04T16:48:33.952+0000] {logging_mixin.py:151} INFO - [2026-04-04T16:48:33.952+0000] {dag.py:2937} INFO - Creating ORM DAG for bear_mode_full_pipeline
[2026-04-04T16:48:33.964+0000] {logging_mixin.py:151} INFO - [2026-04-04T16:48:33.963+0000] {dag.py:3696} INFO - Setting next_dagrun for bear_mode_full_pipeline to 2026-04-04T15:00:00+00:00, run_after=2026-04-04T16:00:00+00:00
[2026-04-04T16:48:33.984+0000] {processor.py:179} INFO - Processing /opt/airflow/dags/main_pipeline_dag.py took 0.530 seconds
[2026-04-04T16:49:04.477+0000] {processor.py:157} INFO - Started process (PID=176) to work on /opt/airflow/dags/main_pipeline_dag.py
[2026-04-04T16:49:04.479+0000] {processor.py:829} INFO - Processing file /opt/airflow/dags/main_pipeline_dag.py for tasks to queue
[2026-04-04T16:49:04.480+0000] {logging_mixin.py:151} INFO - [2026-04-04T16:49:04.480+0000] {dagbag.py:539} INFO - Filling up the DagBag from /opt/airflow/dags/main_pipeline_dag.py
[2026-04-04T16:49:04.490+0000] {processor.py:839} INFO - DAG(s) dict_keys(['bear_mode_full_pipeline']) retrieved from /opt/airflow/dags/main_pipeline_dag.py
[2026-04-04T16:49:04.516+0000] {logging_mixin.py:151} INFO - [2026-04-04T16:49:04.516+0000] {dag.py:2915} INFO - Sync 1 DAGs
[2026-04-04T16:49:04.535+0000] {logging_mixin.py:151} INFO - [2026-04-04T16:49:04.534+0000] {dag.py:3696} INFO - Setting next_dagrun for bear_mode_full_pipeline to 2026-04-04T15:00:00+00:00, run_after=2026-04-04T16:00:00+00:00
[2026-04-04T16:49:04.672+0000] {processor.py:179} INFO - Processing /opt/airflow/dags/main_pipeline_dag.py took 0.198 seconds
[2026-04-04T16:49:35.571+0000] {processor.py:157} INFO - Started process (PID=181) to work on /opt/airflow/dags/main_pipeline_dag.py
[2026-04-04T16:49:35.573+0000] {processor.py:829} INFO - Processing file /opt/airflow/dags/main_pipeline_dag.py for tasks to queue
[2026-04-04T16:49:35.574+0000] {logging_mixin.py:151} INFO - [2026-04-04T16:49:35.573+0000] {dagbag.py:539} INFO - Filling up the DagBag from /opt/airflow/dags/main_pipeline_dag.py
[2026-04-04T16:49:35.585+0000] {processor.py:839} INFO - DAG(s) dict_keys(['bear_mode_full_pipeline']) retrieved from /opt/airflow/dags/main_pipeline_dag.py
[2026-04-04T16:49:35.615+0000] {logging_mixin.py:151} INFO - [2026-04-04T16:49:35.615+0000] {dag.py:2915} INFO - Sync 1 DAGs
[2026-04-04T16:49:35.760+0000] {logging_mixin.py:151} INFO - [2026-04-04T16:49:35.760+0000] {dag.py:3696} INFO - Setting next_dagrun for bear_mode_full_pipeline to 2026-04-04T15:00:00+00:00, run_after=2026-04-04T16:00:00+00:00
[2026-04-04T16:49:35.788+0000] {processor.py:179} INFO - Processing /opt/airflow/dags/main_pipeline_dag.py took 0.220 seconds
[2026-04-04T16:50:06.601+0000] {processor.py:157} INFO - Started process (PID=186) to work on /opt/airflow/dags/main_pipeline_dag.py
[2026-04-04T16:50:06.604+0000] {processor.py:829} INFO - Processing file /opt/airflow/dags/main_pipeline_dag.py for tasks to queue
[2026-04-04T16:50:06.605+0000] {logging_mixin.py:151} INFO - [2026-04-04T16:50:06.604+0000] {dagbag.py:539} INFO - Filling up the DagBag from /opt/airflow/dags/main_pipeline_dag.py
[2026-04-04T16:50:06.618+0000] {processor.py:839} INFO - DAG(s) dict_keys(['bear_mode_full_pipeline']) retrieved from /opt/airflow/dags/main_pipeline_dag.py
[2026-04-04T16:50:06.650+0000] {logging_mixin.py:151} INFO - [2026-04-04T16:50:06.650+0000] {dag.py:2915} INFO - Sync 1 DAGs
[2026-04-04T16:50:06.792+0000] {logging_mixin.py:151} INFO - [2026-04-04T16:50:06.791+0000] {dag.py:3696} INFO - Setting next_dagrun for bear_mode_full_pipeline to 2026-04-04T15:00:00+00:00, run_after=2026-04-04T16:00:00+00:00
[2026-04-04T16:50:06.812+0000] {processor.py:179} INFO - Processing /opt/airflow/dags/main_pipeline_dag.py took 0.213 seconds
[2026-04-04T16:50:37.801+0000] {processor.py:157} INFO - Started process (PID=191) to work on /opt/airflow/dags/main_pipeline_dag.py
[2026-04-04T16:50:37.805+0000] {processor.py:829} INFO - Processing file /opt/airflow/dags/main_pipeline_dag.py for tasks to queue
[2026-04-04T16:50:37.806+0000] {logging_mixin.py:151} INFO - [2026-04-04T16:50:37.806+0000] {dagbag.py:539} INFO - Filling up the DagBag from /opt/airflow/dags/main_pipeline_dag.py
[2026-04-04T16:50:37.825+0000] {processor.py:839} INFO - DAG(s) dict_keys(['bear_mode_full_pipeline']) retrieved from /opt/airflow/dags/main_pipeline_dag.py
[2026-04-04T16:50:38.031+0000] {logging_mixin.py:151} INFO - [2026-04-04T16:50:38.031+0000] {dag.py:2915} INFO - Sync 1 DAGs
[2026-04-04T16:50:38.056+0000] {logging_mixin.py:151} INFO - [2026-04-04T16:50:38.055+0000] {dag.py:3696} INFO - Setting next_dagrun for bear_mode_full_pipeline to 2026-04-04T15:00:00+00:00, run_after=2026-04-04T16:00:00+00:00
[2026-04-04T16:50:38.081+0000] {processor.py:179} INFO - Processing /opt/airflow/dags/main_pipeline_dag.py took 0.284 seconds
[2026-04-04T16:51:08.802+0000] {processor.py:157} INFO - Started process (PID=196) to work on /opt/airflow/dags/main_pipeline_dag.py
[2026-04-04T16:51:08.802+0000] {processor.py:829} INFO - Processing file /opt/airflow/dags/main_pipeline_dag.py for tasks to queue
[2026-04-04T16:51:08.803+0000] {logging_mixin.py:151} INFO - [2026-04-04T16:51:08.803+0000] {dagbag.py:539} INFO - Filling up the DagBag from /opt/airflow/dags/main_pipeline_dag.py
[2026-04-04T16:51:08.926+0000] {processor.py:839} INFO - DAG(s) dict_keys(['bear_mode_full_pipeline']) retrieved from /opt/airflow/dags/main_pipeline_dag.py
[2026-04-04T16:51:08.948+0000] {logging_mixin.py:151} INFO - [2026-04-04T16:51:08.948+0000] {dag.py:2915} INFO - Sync 1 DAGs
[2026-04-04T16:51:08.963+0000] {logging_mixin.py:151} INFO - [2026-04-04T16:51:08.963+0000] {dag.py:3696} INFO - Setting next_dagrun for bear_mode_full_pipeline to 2026-04-04T15:00:00+00:00, run_after=2026-04-04T16:00:00+00:00
[2026-04-04T16:51:08.981+0000] {processor.py:179} INFO - Processing /opt/airflow/dags/main_pipeline_dag.py took 0.183 seconds
[2026-04-04T16:51:39.095+0000] {processor.py:157} INFO - Started process (PID=201) to work on /opt/airflow/dags/main_pipeline_dag.py
[2026-04-04T16:51:39.098+0000] {processor.py:829} INFO - Processing file /opt/airflow/dags/main_pipeline_dag.py for tasks to queue
[2026-04-04T16:51:39.099+0000] {logging_mixin.py:151} INFO - [2026-04-04T16:51:39.099+0000] {dagbag.py:539} INFO - Filling up the DagBag from /opt/airflow/dags/main_pipeline_dag.py
[2026-04-04T16:51:39.118+0000] {processor.py:839} INFO - DAG(s) dict_keys(['bear_mode_full_pipeline']) retrieved from /opt/airflow/dags/main_pipeline_dag.py
[2026-04-04T16:51:39.167+0000] {logging_mixin.py:151} INFO - [2026-04-04T16:51:39.166+0000] {dag.py:2915} INFO - Sync 1 DAGs
[2026-04-04T16:51:39.190+0000] {logging_mixin.py:151} INFO - [2026-04-04T16:51:39.189+0000] {dag.py:3696} INFO - Setting next_dagrun for bear_mode_full_pipeline to 2026-04-04T15:00:00+00:00, run_after=2026-04-04T16:00:00+00:00
[2026-04-04T16:51:39.219+0000] {processor.py:179} INFO - Processing /opt/airflow/dags/main_pipeline_dag.py took 0.135 seconds
[2026-04-04T16:52:10.067+0000] {processor.py:157} INFO - Started process (PID=206) to work on /opt/airflow/dags/main_pipeline_dag.py
[2026-04-04T16:52:10.070+0000] {processor.py:829} INFO - Processing file /opt/airflow/dags/main_pipeline_dag.py for tasks to queue
[2026-04-04T16:52:10.071+0000] {logging_mixin.py:151} INFO - [2026-04-04T16:52:10.070+0000] {dagbag.py:539} INFO - Filling up the DagBag from /opt/airflow/dags/main_pipeline_dag.py
[2026-04-04T16:52:10.084+0000] {processor.py:839} INFO - DAG(s) dict_keys(['bear_mode_full_pipeline']) retrieved from /opt/airflow/dags/main_pipeline_dag.py
[2026-04-04T16:52:10.111+0000] {logging_mixin.py:151} INFO - [2026-04-04T16:52:10.110+0000] {dag.py:2915} INFO - Sync 1 DAGs
[2026-04-04T16:52:10.132+0000] {logging_mixin.py:151} INFO - [2026-04-04T16:52:10.132+0000] {dag.py:3696} INFO - Setting next_dagrun for bear_mode_full_pipeline to 2026-04-04T15:00:00+00:00, run_after=2026-04-04T16:00:00+00:00
[2026-04-04T16:52:10.146+0000] {processor.py:179} INFO - Processing /opt/airflow/dags/main_pipeline_dag.py took 0.082 seconds
[2026-04-04T16:52:41.096+0000] {processor.py:157} INFO - Started process (PID=211) to work on /opt/airflow/dags/main_pipeline_dag.py
[2026-04-04T16:52:41.098+0000] {processor.py:829} INFO - Processing file /opt/airflow/dags/main_pipeline_dag.py for tasks to queue
[2026-04-04T16:52:41.098+0000] {logging_mixin.py:151} INFO - [2026-04-04T16:52:41.098+0000] {dagbag.py:539} INFO - Filling up the DagBag from /opt/airflow/dags/main_pipeline_dag.py
[2026-04-04T16:52:41.113+0000] {processor.py:839} INFO - DAG(s) dict_keys(['bear_mode_full_pipeline']) retrieved from /opt/airflow/dags/main_pipeline_dag.py
[2026-04-04T16:52:41.145+0000] {logging_mixin.py:151} INFO - [2026-04-04T16:52:41.145+0000] {dag.py:2915} INFO - Sync 1 DAGs
[2026-04-04T16:52:41.166+0000] {logging_mixin.py:151} INFO - [2026-04-04T16:52:41.165+0000] {dag.py:3696} INFO - Setting next_dagrun for bear_mode_full_pipeline to 2026-04-04T15:00:00+00:00, run_after=2026-04-04T16:00:00+00:00
[2026-04-04T16:52:41.184+0000] {processor.py:179} INFO - Processing /opt/airflow/dags/main_pipeline_dag.py took 0.093 seconds
[2026-04-04T16:53:11.279+0000] {processor.py:157} INFO - Started process (PID=216) to work on /opt/airflow/dags/main_pipeline_dag.py
[2026-04-04T16:53:11.280+0000] {processor.py:829} INFO - Processing file /opt/airflow/dags/main_pipeline_dag.py for tasks to queue
[2026-04-04T16:53:11.281+0000] {logging_mixin.py:151} INFO - [2026-04-04T16:53:11.281+0000] {dagbag.py:539} INFO - Filling up the DagBag from /opt/airflow/dags/main_pipeline_dag.py
[2026-04-04T16:53:11.295+0000] {processor.py:839} INFO - DAG(s) dict_keys(['bear_mode_full_pipeline']) retrieved from /opt/airflow/dags/main_pipeline_dag.py
[2026-04-04T16:53:11.321+0000] {logging_mixin.py:151} INFO - [2026-04-04T16:53:11.321+0000] {dag.py:2915} INFO - Sync 1 DAGs
[2026-04-04T16:53:11.344+0000] {logging_mixin.py:151} INFO - [2026-04-04T16:53:11.343+0000] {dag.py:3696} INFO - Setting next_dagrun for bear_mode_full_pipeline to 2026-04-04T15:00:00+00:00, run_after=2026-04-04T16:00:00+00:00
[2026-04-04T16:53:11.361+0000] {processor.py:179} INFO - Processing /opt/airflow/dags/main_pipeline_dag.py took 0.085 seconds
[2026-04-04T16:53:42.256+0000] {processor.py:157} INFO - Started process (PID=246) to work on /opt/airflow/dags/main_pipeline_dag.py
[2026-04-04T16:53:42.259+0000] {processor.py:829} INFO - Processing file /opt/airflow/dags/main_pipeline_dag.py for tasks to queue
[2026-04-04T16:53:42.260+0000] {logging_mixin.py:151} INFO - [2026-04-04T16:53:42.259+0000] {dagbag.py:539} INFO - Filling up the DagBag from /opt/airflow/dags/main_pipeline_dag.py
[2026-04-04T16:53:42.273+0000] {processor.py:839} INFO - DAG(s) dict_keys(['bear_mode_full_pipeline']) retrieved from /opt/airflow/dags/main_pipeline_dag.py
[2026-04-04T16:53:42.298+0000] {logging_mixin.py:151} INFO - [2026-04-04T16:53:42.298+0000] {dag.py:2915} INFO - Sync 1 DAGs
[2026-04-04T16:53:42.316+0000] {logging_mixin.py:151} INFO - [2026-04-04T16:53:42.316+0000] {dag.py:3696} INFO - Setting next_dagrun for bear_mode_full_pipeline to 2026-04-04T16:00:00+00:00, run_after=2026-04-04T17:00:00+00:00
[2026-04-04T16:53:42.332+0000] {processor.py:179} INFO - Processing /opt/airflow/dags/main_pipeline_dag.py took 0.079 seconds
[2026-04-04T16:54:13.281+0000] {processor.py:157} INFO - Started process (PID=251) to work on /opt/airflow/dags/main_pipeline_dag.py
[2026-04-04T16:54:13.283+0000] {processor.py:829} INFO - Processing file /opt/airflow/dags/main_pipeline_dag.py for tasks to queue
[2026-04-04T16:54:13.284+0000] {logging_mixin.py:151} INFO - [2026-04-04T16:54:13.284+0000] {dagbag.py:539} INFO - Filling up the DagBag from /opt/airflow/dags/main_pipeline_dag.py
[2026-04-04T16:54:13.298+0000] {processor.py:839} INFO - DAG(s) dict_keys(['bear_mode_full_pipeline']) retrieved from /opt/airflow/dags/main_pipeline_dag.py
[2026-04-04T16:54:13.326+0000] {logging_mixin.py:151} INFO - [2026-04-04T16:54:13.325+0000] {dag.py:2915} INFO - Sync 1 DAGs
[2026-04-04T16:54:13.345+0000] {logging_mixin.py:151} INFO - [2026-04-04T16:54:13.345+0000] {dag.py:3696} INFO - Setting next_dagrun for bear_mode_full_pipeline to 2026-04-04T16:00:00+00:00, run_after=2026-04-04T17:00:00+00:00
[2026-04-04T16:54:13.367+0000] {processor.py:179} INFO - Processing /opt/airflow/dags/main_pipeline_dag.py took 0.089 seconds
[2026-04-04T16:54:43.395+0000] {processor.py:157} INFO - Started process (PID=256) to work on /opt/airflow/dags/main_pipeline_dag.py
[2026-04-04T16:54:43.398+0000] {processor.py:829} INFO - Processing file /opt/airflow/dags/main_pipeline_dag.py for tasks to queue
[2026-04-04T16:54:43.400+0000] {logging_mixin.py:151} INFO - [2026-04-04T16:54:43.399+0000] {dagbag.py:539} INFO - Filling up the DagBag from /opt/airflow/dags/main_pipeline_dag.py
[2026-04-04T16:54:43.416+0000] {processor.py:839} INFO - DAG(s) dict_keys(['bear_mode_full_pipeline']) retrieved from /opt/airflow/dags/main_pipeline_dag.py
[2026-04-04T16:54:43.446+0000] {logging_mixin.py:151} INFO - [2026-04-04T16:54:43.445+0000] {dag.py:2915} INFO - Sync 1 DAGs
[2026-04-04T16:54:43.465+0000] {logging_mixin.py:151} INFO - [2026-04-04T16:54:43.465+0000] {dag.py:3696} INFO - Setting next_dagrun for bear_mode_full_pipeline to 2026-04-04T16:00:00+00:00, run_after=2026-04-04T17:00:00+00:00
[2026-04-04T16:54:43.483+0000] {processor.py:179} INFO - Processing /opt/airflow/dags/main_pipeline_dag.py took 0.092 seconds
[2026-04-04T16:55:13.508+0000] {processor.py:157} INFO - Started process (PID=261) to work on /opt/airflow/dags/main_pipeline_dag.py
[2026-04-04T16:55:13.510+0000] {processor.py:829} INFO - Processing file /opt/airflow/dags/main_pipeline_dag.py for tasks to queue
[2026-04-04T16:55:13.511+0000] {logging_mixin.py:151} INFO - [2026-04-04T16:55:13.510+0000] {dagbag.py:539} INFO - Filling up the DagBag from /opt/airflow/dags/main_pipeline_dag.py
[2026-04-04T16:55:13.526+0000] {processor.py:839} INFO - DAG(s) dict_keys(['bear_mode_full_pipeline']) retrieved from /opt/airflow/dags/main_pipeline_dag.py
[2026-04-04T16:55:13.556+0000] {logging_mixin.py:151} INFO - [2026-04-04T16:55:13.556+0000] {dag.py:2915} INFO - Sync 1 DAGs
[2026-04-04T16:55:13.577+0000] {logging_mixin.py:151} INFO - [2026-04-04T16:55:13.577+0000] {dag.py:3696} INFO - Setting next_dagrun for bear_mode_full_pipeline to 2026-04-04T16:00:00+00:00, run_after=2026-04-04T17:00:00+00:00
[2026-04-04T16:55:13.598+0000] {processor.py:179} INFO - Processing /opt/airflow/dags/main_pipeline_dag.py took 0.095 seconds
[2026-04-04T16:55:44.501+0000] {processor.py:157} INFO - Started process (PID=266) to work on /opt/airflow/dags/main_pipeline_dag.py
[2026-04-04T16:55:44.504+0000] {processor.py:829} INFO - Processing file /opt/airflow/dags/main_pipeline_dag.py for tasks to queue
[2026-04-04T16:55:44.505+0000] {logging_mixin.py:151} INFO - [2026-04-04T16:55:44.505+0000] {dagbag.py:539} INFO - Filling up the DagBag from /opt/airflow/dags/main_pipeline_dag.py
[2026-04-04T16:55:44.520+0000] {processor.py:839} INFO - DAG(s) dict_keys(['bear_mode_full_pipeline']) retrieved from /opt/airflow/dags/main_pipeline_dag.py
[2026-04-04T16:55:44.556+0000] {logging_mixin.py:151} INFO - [2026-04-04T16:55:44.556+0000] {dag.py:2915} INFO - Sync 1 DAGs
[2026-04-04T16:55:44.586+0000] {logging_mixin.py:151} INFO - [2026-04-04T16:55:44.585+0000] {dag.py:3696} INFO - Setting next_dagrun for bear_mode_full_pipeline to 2026-04-04T16:00:00+00:00, run_after=2026-04-04T17:00:00+00:00
[2026-04-04T16:55:44.606+0000] {processor.py:179} INFO - Processing /opt/airflow/dags/main_pipeline_dag.py took 0.108 seconds
[2026-04-04T16:56:15.593+0000] {processor.py:157} INFO - Started process (PID=271) to work on /opt/airflow/dags/main_pipeline_dag.py
[2026-04-04T16:56:15.596+0000] {processor.py:829} INFO - Processing file /opt/airflow/dags/main_pipeline_dag.py for tasks to queue
[2026-04-04T16:56:15.597+0000] {logging_mixin.py:151} INFO - [2026-04-04T16:56:15.597+0000] {dagbag.py:539} INFO - Filling up the DagBag from /opt/airflow/dags/main_pipeline_dag.py
[2026-04-04T16:56:15.612+0000] {processor.py:839} INFO - DAG(s) dict_keys(['bear_mode_full_pipeline']) retrieved from /opt/airflow/dags/main_pipeline_dag.py
[2026-04-04T16:56:15.643+0000] {logging_mixin.py:151} INFO - [2026-04-04T16:56:15.643+0000] {dag.py:2915} INFO - Sync 1 DAGs
[2026-04-04T16:56:15.666+0000] {logging_mixin.py:151} INFO - [2026-04-04T16:56:15.666+0000] {dag.py:3696} INFO - Setting next_dagrun for bear_mode_full_pipeline to 2026-04-04T16:00:00+00:00, run_after=2026-04-04T17:00:00+00:00
[2026-04-04T16:56:15.684+0000] {processor.py:179} INFO - Processing /opt/airflow/dags/main_pipeline_dag.py took 0.095 seconds
[2026-04-04T16:56:45.715+0000] {processor.py:157} INFO - Started process (PID=276) to work on /opt/airflow/dags/main_pipeline_dag.py
[2026-04-04T16:56:45.718+0000] {processor.py:829} INFO - Processing file /opt/airflow/dags/main_pipeline_dag.py for tasks to queue
[2026-04-04T16:56:45.719+0000] {logging_mixin.py:151} INFO - [2026-04-04T16:56:45.718+0000] {dagbag.py:539} INFO - Filling up the DagBag from /opt/airflow/dags/main_pipeline_dag.py
[2026-04-04T16:56:45.735+0000] {processor.py:839} INFO - DAG(s) dict_keys(['bear_mode_full_pipeline']) retrieved from /opt/airflow/dags/main_pipeline_dag.py
[2026-04-04T16:56:45.762+0000] {logging_mixin.py:151} INFO - [2026-04-04T16:56:45.762+0000] {dag.py:2915} INFO - Sync 1 DAGs
[2026-04-04T16:56:45.783+0000] {logging_mixin.py:151} INFO - [2026-04-04T16:56:45.783+0000] {dag.py:3696} INFO - Setting next_dagrun for bear_mode_full_pipeline to 2026-04-04T16:00:00+00:00, run_after=2026-04-04T17:00:00+00:00
[2026-04-04T16:56:45.800+0000] {processor.py:179} INFO - Processing /opt/airflow/dags/main_pipeline_dag.py took 0.089 seconds
[2026-04-04T16:57:15.837+0000] {processor.py:157} INFO - Started process (PID=281) to work on /opt/airflow/dags/main_pipeline_dag.py
[2026-04-04T16:57:15.840+0000] {processor.py:829} INFO - Processing file /opt/airflow/dags/main_pipeline_dag.py for tasks to queue
[2026-04-04T16:57:15.841+0000] {logging_mixin.py:151} INFO - [2026-04-04T16:57:15.841+0000] {dagbag.py:539} INFO - Filling up the DagBag from /opt/airflow/dags/main_pipeline_dag.py
[2026-04-04T16:57:15.863+0000] {processor.py:839} INFO - DAG(s) dict_keys(['bear_mode_full_pipeline']) retrieved from /opt/airflow/dags/main_pipeline_dag.py
[2026-04-04T16:57:15.904+0000] {logging_mixin.py:151} INFO - [2026-04-04T16:57:15.903+0000] {dag.py:2915} INFO - Sync 1 DAGs
[2026-04-04T16:57:15.926+0000] {logging_mixin.py:151} INFO - [2026-04-04T16:57:15.926+0000] {dag.py:3696} INFO - Setting next_dagrun for bear_mode_full_pipeline to 2026-04-04T16:00:00+00:00, run_after=2026-04-04T17:00:00+00:00
[2026-04-04T16:57:15.946+0000] {processor.py:179} INFO - Processing /opt/airflow/dags/main_pipeline_dag.py took 0.113 seconds
[2026-04-04T16:57:46.842+0000] {processor.py:157} INFO - Started process (PID=286) to work on /opt/airflow/dags/main_pipeline_dag.py
[2026-04-04T16:57:46.846+0000] {processor.py:829} INFO - Processing file /opt/airflow/dags/main_pipeline_dag.py for tasks to queue
[2026-04-04T16:57:46.848+0000] {logging_mixin.py:151} INFO - [2026-04-04T16:57:46.848+0000] {dagbag.py:539} INFO - Filling up the DagBag from /opt/airflow/dags/main_pipeline_dag.py
[2026-04-04T16:57:46.873+0000] {processor.py:839} INFO - DAG(s) dict_keys(['bear_mode_full_pipeline']) retrieved from /opt/airflow/dags/main_pipeline_dag.py
[2026-04-04T16:57:46.911+0000] {logging_mixin.py:151} INFO - [2026-04-04T16:57:46.911+0000] {dag.py:2915} INFO - Sync 1 DAGs
[2026-04-04T16:57:46.931+0000] {logging_mixin.py:151} INFO - [2026-04-04T16:57:46.931+0000] {dag.py:3696} INFO - Setting next_dagrun for bear_mode_full_pipeline to 2026-04-04T16:00:00+00:00, run_after=2026-04-04T17:00:00+00:00
[2026-04-04T16:57:46.950+0000] {processor.py:179} INFO - Processing /opt/airflow/dags/main_pipeline_dag.py took 0.119 seconds
[2026-04-04T16:58:17.967+0000] {processor.py:157} INFO - Started process (PID=291) to work on /opt/airflow/dags/main_pipeline_dag.py
[2026-04-04T16:58:17.970+0000] {processor.py:829} INFO - Processing file /opt/airflow/dags/main_pipeline_dag.py for tasks to queue
[2026-04-04T16:58:17.972+0000] {logging_mixin.py:151} INFO - [2026-04-04T16:58:17.971+0000] {dagbag.py:539} INFO - Filling up the DagBag from /opt/airflow/dags/main_pipeline_dag.py
[2026-04-04T16:58:18.001+0000] {processor.py:839} INFO - DAG(s) dict_keys(['bear_mode_full_pipeline']) retrieved from /opt/airflow/dags/main_pipeline_dag.py
[2026-04-04T16:58:18.068+0000] {logging_mixin.py:151} INFO - [2026-04-04T16:58:18.067+0000] {dag.py:2915} INFO - Sync 1 DAGs
[2026-04-04T16:58:18.106+0000] {logging_mixin.py:151} INFO - [2026-04-04T16:58:18.105+0000] {dag.py:3696} INFO - Setting next_dagrun for bear_mode_full_pipeline to 2026-04-04T16:00:00+00:00, run_after=2026-04-04T17:00:00+00:00
[2026-04-04T16:58:18.137+0000] {processor.py:179} INFO - Processing /opt/airflow/dags/main_pipeline_dag.py took 0.175 seconds
[2026-04-04T16:58:48.202+0000] {processor.py:157} INFO - Started process (PID=300) to work on /opt/airflow/dags/main_pipeline_dag.py
[2026-04-04T16:58:48.205+0000] {processor.py:829} INFO - Processing file /opt/airflow/dags/main_pipeline_dag.py for tasks to queue
[2026-04-04T16:58:48.206+0000] {logging_mixin.py:151} INFO - [2026-04-04T16:58:48.205+0000] {dagbag.py:539} INFO - Filling up the DagBag from /opt/airflow/dags/main_pipeline_dag.py
[2026-04-04T16:58:48.220+0000] {processor.py:839} INFO - DAG(s) dict_keys(['bear_mode_full_pipeline']) retrieved from /opt/airflow/dags/main_pipeline_dag.py
[2026-04-04T16:58:48.249+0000] {logging_mixin.py:151} INFO - [2026-04-04T16:58:48.249+0000] {dag.py:2915} INFO - Sync 1 DAGs
[2026-04-04T16:58:48.274+0000] {logging_mixin.py:151} INFO - [2026-04-04T16:58:48.274+0000] {dag.py:3696} INFO - Setting next_dagrun for bear_mode_full_pipeline to 2026-04-04T16:00:00+00:00, run_after=2026-04-04T17:00:00+00:00
[2026-04-04T16:58:48.292+0000] {processor.py:179} INFO - Processing /opt/airflow/dags/main_pipeline_dag.py took 0.096 seconds
[2026-04-04T16:59:20.265+0000] {processor.py:157} INFO - Started process (PID=305) to work on /opt/airflow/dags/main_pipeline_dag.py
[2026-04-04T16:59:20.266+0000] {processor.py:829} INFO - Processing file /opt/airflow/dags/main_pipeline_dag.py for tasks to queue
[2026-04-04T16:59:20.267+0000] {logging_mixin.py:151} INFO - [2026-04-04T16:59:20.267+0000] {dagbag.py:539} INFO - Filling up the DagBag from /opt/airflow/dags/main_pipeline_dag.py
[2026-04-04T16:59:20.281+0000] {processor.py:839} INFO - DAG(s) dict_keys(['bear_mode_full_pipeline']) retrieved from /opt/airflow/dags/main_pipeline_dag.py
[2026-04-04T16:59:20.307+0000] {logging_mixin.py:151} INFO - [2026-04-04T16:59:20.307+0000] {dag.py:2915} INFO - Sync 1 DAGs
[2026-04-04T16:59:20.329+0000] {logging_mixin.py:151} INFO - [2026-04-04T16:59:20.329+0000] {dag.py:3696} INFO - Setting next_dagrun for bear_mode_full_pipeline to 2026-04-04T16:00:00+00:00, run_after=2026-04-04T17:00:00+00:00
[2026-04-04T16:59:20.345+0000] {processor.py:179} INFO - Processing /opt/airflow/dags/main_pipeline_dag.py took 0.083 seconds
[2026-04-04T16:59:52.383+0000] {processor.py:157} INFO - Started process (PID=310) to work on /opt/airflow/dags/main_pipeline_dag.py
[2026-04-04T16:59:52.384+0000] {processor.py:829} INFO - Processing file /opt/airflow/dags/main_pipeline_dag.py for tasks to queue
[2026-04-04T16:59:52.385+0000] {logging_mixin.py:151} INFO - [2026-04-04T16:59:52.384+0000] {dagbag.py:539} INFO - Filling up the DagBag from /opt/airflow/dags/main_pipeline_dag.py
[2026-04-04T16:59:52.399+0000] {processor.py:839} INFO - DAG(s) dict_keys(['bear_mode_full_pipeline']) retrieved from /opt/airflow/dags/main_pipeline_dag.py
[2026-04-04T16:59:52.424+0000] {logging_mixin.py:151} INFO - [2026-04-04T16:59:52.424+0000] {dag.py:2915} INFO - Sync 1 DAGs
[2026-04-04T16:59:52.443+0000] {logging_mixin.py:151} INFO - [2026-04-04T16:59:52.442+0000] {dag.py:3696} INFO - Setting next_dagrun for bear_mode_full_pipeline to 2026-04-04T16:00:00+00:00, run_after=2026-04-04T17:00:00+00:00
[2026-04-04T16:59:52.461+0000] {processor.py:179} INFO - Processing /opt/airflow/dags/main_pipeline_dag.py took 0.081 seconds
[2026-04-04T17:00:24.432+0000] {processor.py:157} INFO - Started process (PID=340) to work on /opt/airflow/dags/main_pipeline_dag.py
[2026-04-04T17:00:24.433+0000] {processor.py:829} INFO - Processing file /opt/airflow/dags/main_pipeline_dag.py for tasks to queue
[2026-04-04T17:00:24.434+0000] {logging_mixin.py:151} INFO - [2026-04-04T17:00:24.434+0000] {dagbag.py:539} INFO - Filling up the DagBag from /opt/airflow/dags/main_pipeline_dag.py
[2026-04-04T17:00:24.446+0000] {processor.py:839} INFO - DAG(s) dict_keys(['bear_mode_full_pipeline']) retrieved from /opt/airflow/dags/main_pipeline_dag.py
[2026-04-04T17:00:24.471+0000] {logging_mixin.py:151} INFO - [2026-04-04T17:00:24.470+0000] {dag.py:2915} INFO - Sync 1 DAGs
[2026-04-04T17:00:24.488+0000] {logging_mixin.py:151} INFO - [2026-04-04T17:00:24.487+0000] {dag.py:3696} INFO - Setting next_dagrun for bear_mode_full_pipeline to 2026-04-04T17:00:00+00:00, run_after=2026-04-04T18:00:00+00:00
[2026-04-04T17:00:24.507+0000] {processor.py:179} INFO - Processing /opt/airflow/dags/main_pipeline_dag.py took 0.079 seconds
[2026-04-04T17:00:56.546+0000] {processor.py:157} INFO - Started process (PID=345) to work on /opt/airflow/dags/main_pipeline_dag.py
[2026-04-04T17:00:56.550+0000] {processor.py:829} INFO - Processing file /opt/airflow/dags/main_pipeline_dag.py for tasks to queue
[2026-04-04T17:00:56.551+0000] {logging_mixin.py:151} INFO - [2026-04-04T17:00:56.550+0000] {dagbag.py:539} INFO - Filling up the DagBag from /opt/airflow/dags/main_pipeline_dag.py
[2026-04-04T17:00:56.561+0000] {processor.py:839} INFO - DAG(s) dict_keys(['bear_mode_full_pipeline']) retrieved from /opt/airflow/dags/main_pipeline_dag.py
[2026-04-04T17:00:56.586+0000] {logging_mixin.py:151} INFO - [2026-04-04T17:00:56.586+0000] {dag.py:2915} INFO - Sync 1 DAGs
[2026-04-04T17:00:56.603+0000] {logging_mixin.py:151} INFO - [2026-04-04T17:00:56.603+0000] {dag.py:3696} INFO - Setting next_dagrun for bear_mode_full_pipeline to 2026-04-04T17:00:00+00:00, run_after=2026-04-04T18:00:00+00:00
[2026-04-04T17:00:56.619+0000] {processor.py:179} INFO - Processing /opt/airflow/dags/main_pipeline_dag.py took 0.076 seconds
[2026-04-04T17:01:27.711+0000] {processor.py:157} INFO - Started process (PID=350) to work on /opt/airflow/dags/main_pipeline_dag.py
[2026-04-04T17:01:27.712+0000] {processor.py:829} INFO - Processing file /opt/airflow/dags/main_pipeline_dag.py for tasks to queue
[2026-04-04T17:01:27.712+0000] {logging_mixin.py:151} INFO - [2026-04-04T17:01:27.712+0000] {dagbag.py:539} INFO - Filling up the DagBag from /opt/airflow/dags/main_pipeline_dag.py
[2026-04-04T17:01:27.724+0000] {processor.py:839} INFO - DAG(s) dict_keys(['bear_mode_full_pipeline']) retrieved from /opt/airflow/dags/main_pipeline_dag.py
[2026-04-04T17:01:27.756+0000] {logging_mixin.py:151} INFO - [2026-04-04T17:01:27.756+0000] {dag.py:2915} INFO - Sync 1 DAGs
[2026-04-04T17:01:27.775+0000] {logging_mixin.py:151} INFO - [2026-04-04T17:01:27.775+0000] {dag.py:3696} INFO - Setting next_dagrun for bear_mode_full_pipeline to 2026-04-04T17:00:00+00:00, run_after=2026-04-04T18:00:00+00:00
[2026-04-04T17:01:27.791+0000] {processor.py:179} INFO - Processing /opt/airflow/dags/main_pipeline_dag.py took 0.084 seconds
[2026-04-04T17:01:59.783+0000] {processor.py:157} INFO - Started process (PID=355) to work on /opt/airflow/dags/main_pipeline_dag.py
[2026-04-04T17:01:59.788+0000] {processor.py:829} INFO - Processing file /opt/airflow/dags/main_pipeline_dag.py for tasks to queue
[2026-04-04T17:01:59.791+0000] {logging_mixin.py:151} INFO - [2026-04-04T17:01:59.790+0000] {dagbag.py:539} INFO - Filling up the DagBag from /opt/airflow/dags/main_pipeline_dag.py
[2026-04-04T17:01:59.880+0000] {processor.py:839} INFO - DAG(s) dict_keys(['bear_mode_full_pipeline']) retrieved from /opt/airflow/dags/main_pipeline_dag.py
[2026-04-04T17:02:00.010+0000] {logging_mixin.py:151} INFO - [2026-04-04T17:02:00.010+0000] {dag.py:2915} INFO - Sync 1 DAGs
[2026-04-04T17:02:00.054+0000] {logging_mixin.py:151} INFO - [2026-04-04T17:02:00.054+0000] {dag.py:3696} INFO - Setting next_dagrun for bear_mode_full_pipeline to 2026-04-04T17:00:00+00:00, run_after=2026-04-04T18:00:00+00:00
[2026-04-04T17:02:00.077+0000] {processor.py:179} INFO - Processing /opt/airflow/dags/main_pipeline_dag.py took 0.313 seconds
[2026-04-04T17:02:31.885+0000] {processor.py:157} INFO - Started process (PID=360) to work on /opt/airflow/dags/main_pipeline_dag.py
[2026-04-04T17:02:31.886+0000] {processor.py:829} INFO - Processing file /opt/airflow/dags/main_pipeline_dag.py for tasks to queue
[2026-04-04T17:02:31.887+0000] {logging_mixin.py:151} INFO - [2026-04-04T17:02:31.887+0000] {dagbag.py:539} INFO - Filling up the DagBag from /opt/airflow/dags/main_pipeline_dag.py
[2026-04-04T17:02:31.914+0000] {processor.py:839} INFO - DAG(s) dict_keys(['bear_mode_full_pipeline']) retrieved from /opt/airflow/dags/main_pipeline_dag.py
[2026-04-04T17:02:31.937+0000] {logging_mixin.py:151} INFO - [2026-04-04T17:02:31.936+0000] {dag.py:2915} INFO - Sync 1 DAGs
[2026-04-04T17:02:31.987+0000] {logging_mixin.py:151} INFO - [2026-04-04T17:02:31.986+0000] {dag.py:3696} INFO - Setting next_dagrun for bear_mode_full_pipeline to 2026-04-04T17:00:00+00:00, run_after=2026-04-04T18:00:00+00:00
[2026-04-04T17:02:32.022+0000] {processor.py:179} INFO - Processing /opt/airflow/dags/main_pipeline_dag.py took 0.142 seconds
[2026-04-04T17:03:03.957+0000] {processor.py:157} INFO - Started process (PID=365) to work on /opt/airflow/dags/main_pipeline_dag.py
[2026-04-04T17:03:03.959+0000] {processor.py:829} INFO - Processing file /opt/airflow/dags/main_pipeline_dag.py for tasks to queue
[2026-04-04T17:03:03.961+0000] {logging_mixin.py:151} INFO - [2026-04-04T17:03:03.960+0000] {dagbag.py:539} INFO - Filling up the DagBag from /opt/airflow/dags/main_pipeline_dag.py
[2026-04-04T17:03:03.978+0000] {processor.py:839} INFO - DAG(s) dict_keys(['bear_mode_full_pipeline']) retrieved from /opt/airflow/dags/main_pipeline_dag.py
[2026-04-04T17:03:04.009+0000] {logging_mixin.py:151} INFO - [2026-04-04T17:03:04.009+0000] {dag.py:2915} INFO - Sync 1 DAGs
[2026-04-04T17:03:04.029+0000] {logging_mixin.py:151} INFO - [2026-04-04T17:03:04.028+0000] {dag.py:3696} INFO - Setting next_dagrun for bear_mode_full_pipeline to 2026-04-04T17:00:00+00:00, run_after=2026-04-04T18:00:00+00:00
[2026-04-04T17:03:04.049+0000] {processor.py:179} INFO - Processing /opt/airflow/dags/main_pipeline_dag.py took 0.096 seconds
[2026-04-04T17:03:36.040+0000] {processor.py:157} INFO - Started process (PID=374) to work on /opt/airflow/dags/main_pipeline_dag.py
[2026-04-04T17:03:36.041+0000] {processor.py:829} INFO - Processing file /opt/airflow/dags/main_pipeline_dag.py for tasks to queue
[2026-04-04T17:03:36.042+0000] {logging_mixin.py:151} INFO - [2026-04-04T17:03:36.041+0000] {dagbag.py:539} INFO - Filling up the DagBag from /opt/airflow/dags/main_pipeline_dag.py
[2026-04-04T17:03:36.055+0000] {processor.py:839} INFO - DAG(s) dict_keys(['bear_mode_full_pipeline']) retrieved from /opt/airflow/dags/main_pipeline_dag.py
[2026-04-04T17:03:36.079+0000] {logging_mixin.py:151} INFO - [2026-04-04T17:03:36.079+0000] {dag.py:2915} INFO - Sync 1 DAGs
[2026-04-04T17:03:36.100+0000] {logging_mixin.py:151} INFO - [2026-04-04T17:03:36.100+0000] {dag.py:3696} INFO - Setting next_dagrun for bear_mode_full_pipeline to 2026-04-04T17:00:00+00:00, run_after=2026-04-04T18:00:00+00:00
[2026-04-04T17:03:36.115+0000] {processor.py:179} INFO - Processing /opt/airflow/dags/main_pipeline_dag.py took 0.079 seconds
[2026-04-04T17:04:08.077+0000] {processor.py:157} INFO - Started process (PID=379) to work on /opt/airflow/dags/main_pipeline_dag.py
[2026-04-04T17:04:08.080+0000] {processor.py:829} INFO - Processing file /opt/airflow/dags/main_pipeline_dag.py for tasks to queue
[2026-04-04T17:04:08.081+0000] {logging_mixin.py:151} INFO - [2026-04-04T17:04:08.080+0000] {dagbag.py:539} INFO - Filling up the DagBag from /opt/airflow/dags/main_pipeline_dag.py
[2026-04-04T17:04:08.100+0000] {processor.py:839} INFO - DAG(s) dict_keys(['bear_mode_full_pipeline']) retrieved from /opt/airflow/dags/main_pipeline_dag.py
[2026-04-04T17:04:08.127+0000] {logging_mixin.py:151} INFO - [2026-04-04T17:04:08.127+0000] {dag.py:2915} INFO - Sync 1 DAGs
[2026-04-04T17:04:08.151+0000] {logging_mixin.py:151} INFO - [2026-04-04T17:04:08.151+0000] {dag.py:3696} INFO - Setting next_dagrun for bear_mode_full_pipeline to 2026-04-04T17:00:00+00:00, run_after=2026-04-04T18:00:00+00:00
[2026-04-04T17:04:08.169+0000] {processor.py:179} INFO - Processing /opt/airflow/dags/main_pipeline_dag.py took 0.098 seconds
[2026-04-04T17:04:39.239+0000] {processor.py:157} INFO - Started process (PID=384) to work on /opt/airflow/dags/main_pipeline_dag.py
[2026-04-04T17:04:39.240+0000] {processor.py:829} INFO - Processing file /opt/airflow/dags/main_pipeline_dag.py for tasks to queue
[2026-04-04T17:04:39.241+0000] {logging_mixin.py:151} INFO - [2026-04-04T17:04:39.241+0000] {dagbag.py:539} INFO - Filling up the DagBag from /opt/airflow/dags/main_pipeline_dag.py
[2026-04-04T17:04:39.254+0000] {processor.py:839} INFO - DAG(s) dict_keys(['bear_mode_full_pipeline']) retrieved from /opt/airflow/dags/main_pipeline_dag.py
[2026-04-04T17:04:39.283+0000] {logging_mixin.py:151} INFO - [2026-04-04T17:04:39.283+0000] {dag.py:2915} INFO - Sync 1 DAGs
[2026-04-04T17:04:39.315+0000] {logging_mixin.py:151} INFO - [2026-04-04T17:04:39.315+0000] {dag.py:3696} INFO - Setting next_dagrun for bear_mode_full_pipeline to 2026-04-04T17:00:00+00:00, run_after=2026-04-04T18:00:00+00:00
[2026-04-04T17:04:39.333+0000] {processor.py:179} INFO - Processing /opt/airflow/dags/main_pipeline_dag.py took 0.096 seconds
[2026-04-04T17:05:11.315+0000] {processor.py:157} INFO - Started process (PID=393) to work on /opt/airflow/dags/main_pipeline_dag.py
[2026-04-04T17:05:11.316+0000] {processor.py:829} INFO - Processing file /opt/airflow/dags/main_pipeline_dag.py for tasks to queue
[2026-04-04T17:05:11.317+0000] {logging_mixin.py:151} INFO - [2026-04-04T17:05:11.317+0000] {dagbag.py:539} INFO - Filling up the DagBag from /opt/airflow/dags/main_pipeline_dag.py
[2026-04-04T17:05:11.330+0000] {processor.py:839} INFO - DAG(s) dict_keys(['bear_mode_full_pipeline']) retrieved from /opt/airflow/dags/main_pipeline_dag.py
[2026-04-04T17:05:11.354+0000] {logging_mixin.py:151} INFO - [2026-04-04T17:05:11.354+0000] {dag.py:2915} INFO - Sync 1 DAGs
[2026-04-04T17:05:11.378+0000] {logging_mixin.py:151} INFO - [2026-04-04T17:05:11.377+0000] {dag.py:3696} INFO - Setting next_dagrun for bear_mode_full_pipeline to 2026-04-04T17:00:00+00:00, run_after=2026-04-04T18:00:00+00:00
[2026-04-04T17:05:11.395+0000] {processor.py:179} INFO - Processing /opt/airflow/dags/main_pipeline_dag.py took 0.083 seconds
[2026-04-04T17:05:43.475+0000] {processor.py:157} INFO - Started process (PID=398) to work on /opt/airflow/dags/main_pipeline_dag.py
[2026-04-04T17:05:43.478+0000] {processor.py:829} INFO - Processing file /opt/airflow/dags/main_pipeline_dag.py for tasks to queue
[2026-04-04T17:05:43.480+0000] {logging_mixin.py:151} INFO - [2026-04-04T17:05:43.479+0000] {dagbag.py:539} INFO - Filling up the DagBag from /opt/airflow/dags/main_pipeline_dag.py
[2026-04-04T17:05:43.499+0000] {processor.py:839} INFO - DAG(s) dict_keys(['bear_mode_full_pipeline']) retrieved from /opt/airflow/dags/main_pipeline_dag.py
[2026-04-04T17:05:43.530+0000] {logging_mixin.py:151} INFO - [2026-04-04T17:05:43.530+0000] {dag.py:2915} INFO - Sync 1 DAGs
[2026-04-04T17:05:43.554+0000] {logging_mixin.py:151} INFO - [2026-04-04T17:05:43.554+0000] {dag.py:3696} INFO - Setting next_dagrun for bear_mode_full_pipeline to 2026-04-04T17:00:00+00:00, run_after=2026-04-04T18:00:00+00:00
[2026-04-04T17:05:43.570+0000] {processor.py:179} INFO - Processing /opt/airflow/dags/main_pipeline_dag.py took 0.097 seconds
[2026-04-04T17:06:15.536+0000] {processor.py:157} INFO - Started process (PID=403) to work on /opt/airflow/dags/main_pipeline_dag.py
[2026-04-04T17:06:15.538+0000] {processor.py:829} INFO - Processing file /opt/airflow/dags/main_pipeline_dag.py for tasks to queue
[2026-04-04T17:06:15.540+0000] {logging_mixin.py:151} INFO - [2026-04-04T17:06:15.539+0000] {dagbag.py:539} INFO - Filling up the DagBag from /opt/airflow/dags/main_pipeline_dag.py
[2026-04-04T17:06:15.562+0000] {processor.py:839} INFO - DAG(s) dict_keys(['bear_mode_full_pipeline']) retrieved from /opt/airflow/dags/main_pipeline_dag.py
[2026-04-04T17:06:15.595+0000] {logging_mixin.py:151} INFO - [2026-04-04T17:06:15.595+0000] {dag.py:2915} INFO - Sync 1 DAGs
[2026-04-04T17:06:15.617+0000] {logging_mixin.py:151} INFO - [2026-04-04T17:06:15.617+0000] {dag.py:3696} INFO - Setting next_dagrun for bear_mode_full_pipeline to 2026-04-04T17:00:00+00:00, run_after=2026-04-04T18:00:00+00:00
[2026-04-04T17:06:15.641+0000] {processor.py:179} INFO - Processing /opt/airflow/dags/main_pipeline_dag.py took 0.113 seconds
[2026-04-04T17:06:47.714+0000] {processor.py:157} INFO - Started process (PID=408) to work on /opt/airflow/dags/main_pipeline_dag.py
[2026-04-04T17:06:47.717+0000] {processor.py:829} INFO - Processing file /opt/airflow/dags/main_pipeline_dag.py for tasks to queue
[2026-04-04T17:06:47.718+0000] {logging_mixin.py:151} INFO - [2026-04-04T17:06:47.717+0000] {dagbag.py:539} INFO - Filling up the DagBag from /opt/airflow/dags/main_pipeline_dag.py
[2026-04-04T17:06:47.730+0000] {processor.py:839} INFO - DAG(s) dict_keys(['bear_mode_full_pipeline']) retrieved from /opt/airflow/dags/main_pipeline_dag.py
[2026-04-04T17:06:47.761+0000] {logging_mixin.py:151} INFO - [2026-04-04T17:06:47.760+0000] {dag.py:2915} INFO - Sync 1 DAGs
[2026-04-04T17:06:47.782+0000] {logging_mixin.py:151} INFO - [2026-04-04T17:06:47.782+0000] {dag.py:3696} INFO - Setting next_dagrun for bear_mode_full_pipeline to 2026-04-04T17:00:00+00:00, run_after=2026-04-04T18:00:00+00:00
[2026-04-04T17:06:47.799+0000] {processor.py:179} INFO - Processing /opt/airflow/dags/main_pipeline_dag.py took 0.088 seconds
[2026-04-04T17:07:19.826+0000] {processor.py:157} INFO - Started process (PID=413) to work on /opt/airflow/dags/main_pipeline_dag.py
[2026-04-04T17:07:19.827+0000] {processor.py:829} INFO - Processing file /opt/airflow/dags/main_pipeline_dag.py for tasks to queue
[2026-04-04T17:07:19.828+0000] {logging_mixin.py:151} INFO - [2026-04-04T17:07:19.828+0000] {dagbag.py:539} INFO - Filling up the DagBag from /opt/airflow/dags/main_pipeline_dag.py
[2026-04-04T17:07:19.842+0000] {processor.py:839} INFO - DAG(s) dict_keys(['bear_mode_full_pipeline']) retrieved from /opt/airflow/dags/main_pipeline_dag.py
[2026-04-04T17:07:19.872+0000] {logging_mixin.py:151} INFO - [2026-04-04T17:07:19.872+0000] {dag.py:2915} INFO - Sync 1 DAGs
[2026-04-04T17:07:19.893+0000] {logging_mixin.py:151} INFO - [2026-04-04T17:07:19.893+0000] {dag.py:3696} INFO - Setting next_dagrun for bear_mode_full_pipeline to 2026-04-04T17:00:00+00:00, run_after=2026-04-04T18:00:00+00:00
[2026-04-04T17:07:19.916+0000] {processor.py:179} INFO - Processing /opt/airflow/dags/main_pipeline_dag.py took 0.094 seconds
[2026-04-04T17:07:50.977+0000] {processor.py:157} INFO - Started process (PID=418) to work on /opt/airflow/dags/main_pipeline_dag.py
[2026-04-04T17:07:50.981+0000] {processor.py:829} INFO - Processing file /opt/airflow/dags/main_pipeline_dag.py for tasks to queue
[2026-04-04T17:07:50.982+0000] {logging_mixin.py:151} INFO - [2026-04-04T17:07:50.981+0000] {dagbag.py:539} INFO - Filling up the DagBag from /opt/airflow/dags/main_pipeline_dag.py
[2026-04-04T17:07:50.993+0000] {processor.py:839} INFO - DAG(s) dict_keys(['bear_mode_full_pipeline']) retrieved from /opt/airflow/dags/main_pipeline_dag.py
[2026-04-04T17:07:51.023+0000] {logging_mixin.py:151} INFO - [2026-04-04T17:07:51.023+0000] {dag.py:2915} INFO - Sync 1 DAGs
[2026-04-04T17:07:51.045+0000] {logging_mixin.py:151} INFO - [2026-04-04T17:07:51.045+0000] {dag.py:3696} INFO - Setting next_dagrun for bear_mode_full_pipeline to 2026-04-04T17:00:00+00:00, run_after=2026-04-04T18:00:00+00:00
[2026-04-04T17:07:51.063+0000] {processor.py:179} INFO - Processing /opt/airflow/dags/main_pipeline_dag.py took 0.090 seconds
[2026-04-04T17:08:23.048+0000] {processor.py:157} INFO - Started process (PID=423) to work on /opt/airflow/dags/main_pipeline_dag.py
[2026-04-04T17:08:23.049+0000] {processor.py:829} INFO - Processing file /opt/airflow/dags/main_pipeline_dag.py for tasks to queue
[2026-04-04T17:08:23.049+0000] {logging_mixin.py:151} INFO - [2026-04-04T17:08:23.049+0000] {dagbag.py:539} INFO - Filling up the DagBag from /opt/airflow/dags/main_pipeline_dag.py
[2026-04-04T17:08:23.066+0000] {processor.py:839} INFO - DAG(s) dict_keys(['bear_mode_full_pipeline']) retrieved from /opt/airflow/dags/main_pipeline_dag.py
[2026-04-04T17:08:23.097+0000] {logging_mixin.py:151} INFO - [2026-04-04T17:08:23.096+0000] {dag.py:2915} INFO - Sync 1 DAGs
[2026-04-04T17:08:23.126+0000] {logging_mixin.py:151} INFO - [2026-04-04T17:08:23.126+0000] {dag.py:3696} INFO - Setting next_dagrun for bear_mode_full_pipeline to 2026-04-04T17:00:00+00:00, run_after=2026-04-04T18:00:00+00:00
[2026-04-04T17:08:23.156+0000] {processor.py:179} INFO - Processing /opt/airflow/dags/main_pipeline_dag.py took 0.112 seconds
[2026-04-04T17:08:55.263+0000] {processor.py:157} INFO - Started process (PID=432) to work on /opt/airflow/dags/main_pipeline_dag.py
[2026-04-04T17:08:55.264+0000] {processor.py:829} INFO - Processing file /opt/airflow/dags/main_pipeline_dag.py for tasks to queue
[2026-04-04T17:08:55.265+0000] {logging_mixin.py:151} INFO - [2026-04-04T17:08:55.264+0000] {dagbag.py:539} INFO - Filling up the DagBag from /opt/airflow/dags/main_pipeline_dag.py
[2026-04-04T17:08:55.276+0000] {processor.py:839} INFO - DAG(s) dict_keys(['bear_mode_full_pipeline']) retrieved from /opt/airflow/dags/main_pipeline_dag.py
[2026-04-04T17:08:55.307+0000] {logging_mixin.py:151} INFO - [2026-04-04T17:08:55.306+0000] {dag.py:2915} INFO - Sync 1 DAGs
[2026-04-04T17:08:55.325+0000] {logging_mixin.py:151} INFO - [2026-04-04T17:08:55.325+0000] {dag.py:3696} INFO - Setting next_dagrun for bear_mode_full_pipeline to 2026-04-04T17:00:00+00:00, run_after=2026-04-04T18:00:00+00:00
[2026-04-04T17:08:55.343+0000] {processor.py:179} INFO - Processing /opt/airflow/dags/main_pipeline_dag.py took 0.082 seconds
