[2026-04-03T16:01:06.048+0000] {manager.py:487} INFO - Processing files using up to 2 processes at a time 
[2026-04-03T16:01:06.048+0000] {manager.py:488} INFO - Process each file at most once every 30 seconds
[2026-04-03T16:01:06.049+0000] {manager.py:489} INFO - Checking for new files in /opt/airflow/dags every 300 seconds
[2026-04-03T16:01:06.049+0000] {manager.py:759} INFO - Searching for files in /opt/airflow/dags
[2026-04-03T16:01:06.050+0000] {manager.py:762} INFO - There are 0 files in /opt/airflow/dags
[2026-04-03T16:06:06.261+0000] {manager.py:759} INFO - Searching for files in /opt/airflow/dags
[2026-04-03T16:06:06.261+0000] {manager.py:762} INFO - There are 0 files in /opt/airflow/dags
[2026-04-03T16:11:06.952+0000] {manager.py:759} INFO - Searching for files in /opt/airflow/dags
[2026-04-03T16:11:06.952+0000] {manager.py:762} INFO - There are 0 files in /opt/airflow/dags
[2026-04-03T16:16:07.611+0000] {manager.py:759} INFO - Searching for files in /opt/airflow/dags
[2026-04-03T16:16:07.617+0000] {manager.py:762} INFO - There are 0 files in /opt/airflow/dags
[2026-04-03T16:21:07.673+0000] {manager.py:759} INFO - Searching for files in /opt/airflow/dags
[2026-04-03T16:21:07.676+0000] {manager.py:762} INFO - There are 0 files in /opt/airflow/dags
[2026-04-03T16:26:08.076+0000] {manager.py:759} INFO - Searching for files in /opt/airflow/dags
[2026-04-03T16:26:08.078+0000] {manager.py:762} INFO - There are 0 files in /opt/airflow/dags
[2026-04-03T16:31:08.987+0000] {manager.py:759} INFO - Searching for files in /opt/airflow/dags
[2026-04-03T16:31:08.988+0000] {manager.py:762} INFO - There are 0 files in /opt/airflow/dags
[2026-04-03T16:36:09.454+0000] {manager.py:759} INFO - Searching for files in /opt/airflow/dags
[2026-04-03T16:36:09.455+0000] {manager.py:762} INFO - There are 0 files in /opt/airflow/dags
[2026-04-03T16:41:10.389+0000] {manager.py:759} INFO - Searching for files in /opt/airflow/dags
[2026-04-03T16:41:10.392+0000] {manager.py:762} INFO - There are 0 files in /opt/airflow/dags
[2026-04-03T16:46:10.817+0000] {manager.py:759} INFO - Searching for files in /opt/airflow/dags
[2026-04-03T16:46:10.817+0000] {manager.py:762} INFO - There are 0 files in /opt/airflow/dags
[2026-04-03T16:51:11.604+0000] {manager.py:759} INFO - Searching for files in /opt/airflow/dags
[2026-04-03T16:51:11.604+0000] {manager.py:762} INFO - There are 0 files in /opt/airflow/dags
[2026-04-03T16:56:11.864+0000] {manager.py:759} INFO - Searching for files in /opt/airflow/dags
[2026-04-03T16:56:11.866+0000] {manager.py:762} INFO - There are 0 files in /opt/airflow/dags
[2026-04-03T17:01:12.606+0000] {manager.py:759} INFO - Searching for files in /opt/airflow/dags
[2026-04-03T17:01:12.606+0000] {manager.py:762} INFO - There are 0 files in /opt/airflow/dags
[2026-04-03T17:06:13.528+0000] {manager.py:759} INFO - Searching for files in /opt/airflow/dags
[2026-04-03T17:06:13.532+0000] {manager.py:762} INFO - There are 0 files in /opt/airflow/dags
[2026-04-03T17:11:13.566+0000] {manager.py:759} INFO - Searching for files in /opt/airflow/dags
[2026-04-03T17:11:13.569+0000] {manager.py:762} INFO - There are 0 files in /opt/airflow/dags
[2026-04-03T17:16:13.834+0000] {manager.py:759} INFO - Searching for files in /opt/airflow/dags
[2026-04-03T17:16:13.836+0000] {manager.py:762} INFO - There are 0 files in /opt/airflow/dags
[2026-04-03T17:20:21.054+0000] {manager.py:469} INFO - Exiting gracefully upon receiving signal 15
