[2026-04-05T10:39:28.238+0000] {local_task_job_runner.py:123} INFO - ::group::Pre task execution logs
[2026-04-05T10:39:28.253+0000] {taskinstance.py:2614} INFO - Dependencies all met for dep_context=non-requeueable deps ti=<TaskInstance: 1_continuous_services_bear_mode.service_kafka_cdc manual__2026-04-05T10:26:11.457574+00:00 [queued]>
[2026-04-05T10:39:28.259+0000] {taskinstance.py:2614} INFO - Dependencies all met for dep_context=requeueable deps ti=<TaskInstance: 1_continuous_services_bear_mode.service_kafka_cdc manual__2026-04-05T10:26:11.457574+00:00 [queued]>
[2026-04-05T10:39:28.259+0000] {taskinstance.py:2867} INFO - Starting attempt 3 of 6
[2026-04-05T10:39:28.271+0000] {taskinstance.py:2890} INFO - Executing <Task(PythonOperator): service_kafka_cdc> on 2026-04-05 10:26:11.457574+00:00
[2026-04-05T10:39:28.279+0000] {standard_task_runner.py:72} INFO - Started process 201 to run task
[2026-04-05T10:39:28.284+0000] {standard_task_runner.py:104} INFO - Running: ['***', 'tasks', 'run', '1_continuous_services_bear_mode', 'service_kafka_cdc', 'manual__2026-04-05T10:26:11.457574+00:00', '--job-id', '48', '--raw', '--subdir', 'DAGS_FOLDER/dag_continuous_services.py', '--cfg-path', '/tmp/tmp5oy3gxpw']
[2026-04-05T10:39:28.288+0000] {standard_task_runner.py:105} INFO - Job 48: Subtask service_kafka_cdc
[2026-04-05T10:39:28.337+0000] {task_command.py:467} INFO - Running <TaskInstance: 1_continuous_services_bear_mode.service_kafka_cdc manual__2026-04-05T10:26:11.457574+00:00 [running]> on host c79c22db6b22
[2026-04-05T10:39:28.422+0000] {taskinstance.py:3134} INFO - Exporting env vars: AIRFLOW_CTX_DAG_OWNER='shibe' AIRFLOW_CTX_DAG_ID='1_continuous_services_bear_mode' AIRFLOW_CTX_TASK_ID='service_kafka_cdc' AIRFLOW_CTX_EXECUTION_DATE='2026-04-05T10:26:11.457574+00:00' AIRFLOW_CTX_TRY_NUMBER='3' AIRFLOW_CTX_DAG_RUN_ID='manual__2026-04-05T10:26:11.457574+00:00'
[2026-04-05T10:39:28.423+0000] {taskinstance.py:732} INFO - ::endgroup::
[2026-04-05T10:39:28.448+0000] {cluster.py:1324} WARNING - Cluster.__init__ called with contact_points specified, but no load_balancing_policy. In the next major version, this will raise an error; please specify a load-balancing policy. (contact_points = ['cassandra'], lbp = None)
[2026-04-05T10:39:28.453+0000] {cluster.py:1701} WARNING - Downgrading core protocol version from 66 to 65 for 172.19.0.5:9042. To avoid this, it is best practice to explicitly set Cluster(protocol_version) to the version supported by your cluster. https://docs.datastax.com/en/developer/python-driver/latest/api/cassandra/cluster.html#cassandra.cluster.Cluster.protocol_version
[2026-04-05T10:39:28.455+0000] {cluster.py:1701} WARNING - Downgrading core protocol version from 65 to 5 for 172.19.0.5:9042. To avoid this, it is best practice to explicitly set Cluster(protocol_version) to the version supported by your cluster. https://docs.datastax.com/en/developer/python-driver/latest/api/cassandra/cluster.html#cassandra.cluster.Cluster.protocol_version
[2026-04-05T10:39:28.456+0000] {connection.py:1290} ERROR - Closing connection <AsyncoreConnection(134292678148784) 172.19.0.5:9042> due to protocol error: Error from server: code=000a [Protocol error] message="Beta version of the protocol used (5/v5-beta), but USE_BETA flag is unset"
[2026-04-05T10:39:28.457+0000] {cluster.py:1701} WARNING - Downgrading core protocol version from 5 to 4 for 172.19.0.5:9042. To avoid this, it is best practice to explicitly set Cluster(protocol_version) to the version supported by your cluster. https://docs.datastax.com/en/developer/python-driver/latest/api/cassandra/cluster.html#cassandra.cluster.Cluster.protocol_version
[2026-04-05T10:39:28.459+0000] {connection.py:1420} WARNING - An authentication challenge was not sent, this is suspicious because the driver expects authentication (configured authenticator = PlainTextAuthenticator)
[2026-04-05T10:39:28.466+0000] {policies.py:289} INFO - Using datacenter 'datacenter1' for DCAwareRoundRobinPolicy (via host '172.19.0.5:9042'); if incorrect, please specify a local_dc to the constructor, or limit contact points to local cluster nodes
[2026-04-05T10:39:28.483+0000] {connection.py:1420} WARNING - An authentication challenge was not sent, this is suspicious because the driver expects authentication (configured authenticator = PlainTextAuthenticator)
[2026-04-05T10:39:28.485+0000] {logging_mixin.py:190} INFO - 🚀 CDC Polling started at 2026-04-05 10:38:28.485111
[2026-04-05T10:39:28.526+0000] {protocol.py:1210} WARNING - Server warning: Read 8262 live rows and 73960 tombstone cells for query SELECT custom_track, job_id, ts FROM keyspace_name.tracking WHERE ts > 2026-04-05 10:38:28.485111 AND  LIMIT 5000; token 9210261722304791681 (see tombstone_warn_threshold)
[2026-04-05T10:39:43.576+0000] {protocol.py:1210} WARNING - Server warning: Read 8267 live rows and 73960 tombstone cells for query SELECT custom_track, job_id, ts FROM keyspace_name.tracking WHERE ts > 2026-04-05 10:38:28.485111 AND  LIMIT 5000; token 9210261722304791681 (see tombstone_warn_threshold)
[2026-04-05T10:39:43.580+0000] {logging_mixin.py:190} INFO - [V] Đã đẩy lên Kafka: Topic tracking_events
[2026-04-05T10:39:43.580+0000] {logging_mixin.py:190} INFO - [V] Đã đẩy lên Kafka: Topic tracking_events
[2026-04-05T10:39:43.581+0000] {logging_mixin.py:190} INFO - [V] Đã đẩy lên Kafka: Topic tracking_events
[2026-04-05T10:39:43.581+0000] {logging_mixin.py:190} INFO - [V] Đã đẩy lên Kafka: Topic tracking_events
[2026-04-05T10:39:43.581+0000] {logging_mixin.py:190} INFO - [V] Đã đẩy lên Kafka: Topic tracking_events
[2026-04-05T10:39:43.584+0000] {logging_mixin.py:190} INFO - [!] Đã đẩy 5 bản ghi lên Kafka!
[2026-04-05T10:40:01.686+0000] {protocol.py:1210} WARNING - Server warning: Read 8284 live rows and 73960 tombstone cells for query SELECT custom_track, job_id, ts FROM keyspace_name.tracking WHERE ts > 2026-04-05 10:39:28.000000 AND  LIMIT 5000; token 9210261722304791681 (see tombstone_warn_threshold)
[2026-04-05T10:40:01.690+0000] {logging_mixin.py:190} INFO - [V] Đã đẩy lên Kafka: Topic tracking_events
[2026-04-05T10:40:01.690+0000] {logging_mixin.py:190} INFO - [V] Đã đẩy lên Kafka: Topic tracking_events
[2026-04-05T10:40:01.690+0000] {logging_mixin.py:190} INFO - [V] Đã đẩy lên Kafka: Topic tracking_events
[2026-04-05T10:40:01.690+0000] {logging_mixin.py:190} INFO - [V] Đã đẩy lên Kafka: Topic tracking_events
[2026-04-05T10:40:01.690+0000] {logging_mixin.py:190} INFO - [V] Đã đẩy lên Kafka: Topic tracking_events
[2026-04-05T10:40:01.690+0000] {logging_mixin.py:190} INFO - [V] Đã đẩy lên Kafka: Topic tracking_events
[2026-04-05T10:40:01.690+0000] {logging_mixin.py:190} INFO - [V] Đã đẩy lên Kafka: Topic tracking_events
[2026-04-05T10:40:01.691+0000] {logging_mixin.py:190} INFO - [V] Đã đẩy lên Kafka: Topic tracking_events
[2026-04-05T10:40:01.691+0000] {logging_mixin.py:190} INFO - [V] Đã đẩy lên Kafka: Topic tracking_events
[2026-04-05T10:40:01.691+0000] {logging_mixin.py:190} INFO - [V] Đã đẩy lên Kafka: Topic tracking_events
[2026-04-05T10:40:01.691+0000] {logging_mixin.py:190} INFO - [V] Đã đẩy lên Kafka: Topic tracking_events
[2026-04-05T10:40:01.691+0000] {logging_mixin.py:190} INFO - [V] Đã đẩy lên Kafka: Topic tracking_events
[2026-04-05T10:40:01.691+0000] {logging_mixin.py:190} INFO - [V] Đã đẩy lên Kafka: Topic tracking_events
[2026-04-05T10:40:01.691+0000] {logging_mixin.py:190} INFO - [V] Đã đẩy lên Kafka: Topic tracking_events
[2026-04-05T10:40:01.691+0000] {logging_mixin.py:190} INFO - [V] Đã đẩy lên Kafka: Topic tracking_events
[2026-04-05T10:40:01.691+0000] {logging_mixin.py:190} INFO - [V] Đã đẩy lên Kafka: Topic tracking_events
[2026-04-05T10:40:01.691+0000] {logging_mixin.py:190} INFO - [V] Đã đẩy lên Kafka: Topic tracking_events
[2026-04-05T10:40:01.693+0000] {logging_mixin.py:190} INFO - [!] Đã đẩy 17 bản ghi lên Kafka!
[2026-04-05T10:40:16.748+0000] {protocol.py:1210} WARNING - Server warning: Read 8300 live rows and 73960 tombstone cells for query SELECT custom_track, job_id, ts FROM keyspace_name.tracking WHERE ts > 2026-04-05 10:39:48.000000 AND  LIMIT 5000; token 9210261722304791681 (see tombstone_warn_threshold)
[2026-04-05T10:40:16.752+0000] {logging_mixin.py:190} INFO - [V] Đã đẩy lên Kafka: Topic tracking_events
[2026-04-05T10:40:16.752+0000] {logging_mixin.py:190} INFO - [V] Đã đẩy lên Kafka: Topic tracking_events
[2026-04-05T10:40:16.753+0000] {logging_mixin.py:190} INFO - [V] Đã đẩy lên Kafka: Topic tracking_events
[2026-04-05T10:40:16.753+0000] {logging_mixin.py:190} INFO - [V] Đã đẩy lên Kafka: Topic tracking_events
[2026-04-05T10:40:16.753+0000] {logging_mixin.py:190} INFO - [V] Đã đẩy lên Kafka: Topic tracking_events
[2026-04-05T10:40:16.753+0000] {logging_mixin.py:190} INFO - [V] Đã đẩy lên Kafka: Topic tracking_events
[2026-04-05T10:40:16.753+0000] {logging_mixin.py:190} INFO - [V] Đã đẩy lên Kafka: Topic tracking_events
[2026-04-05T10:40:16.753+0000] {logging_mixin.py:190} INFO - [V] Đã đẩy lên Kafka: Topic tracking_events
[2026-04-05T10:40:16.753+0000] {logging_mixin.py:190} INFO - [V] Đã đẩy lên Kafka: Topic tracking_events
[2026-04-05T10:40:16.753+0000] {logging_mixin.py:190} INFO - [V] Đã đẩy lên Kafka: Topic tracking_events
[2026-04-05T10:40:16.753+0000] {logging_mixin.py:190} INFO - [V] Đã đẩy lên Kafka: Topic tracking_events
[2026-04-05T10:40:16.753+0000] {logging_mixin.py:190} INFO - [V] Đã đẩy lên Kafka: Topic tracking_events
[2026-04-05T10:40:16.753+0000] {logging_mixin.py:190} INFO - [V] Đã đẩy lên Kafka: Topic tracking_events
[2026-04-05T10:40:16.754+0000] {logging_mixin.py:190} INFO - [V] Đã đẩy lên Kafka: Topic tracking_events
[2026-04-05T10:40:16.754+0000] {logging_mixin.py:190} INFO - [V] Đã đẩy lên Kafka: Topic tracking_events
[2026-04-05T10:40:16.754+0000] {logging_mixin.py:190} INFO - [V] Đã đẩy lên Kafka: Topic tracking_events
[2026-04-05T10:40:16.755+0000] {logging_mixin.py:190} INFO - [!] Đã đẩy 16 bản ghi lên Kafka!
[2026-04-05T10:40:35.006+0000] {protocol.py:1210} WARNING - Server warning: Read 8300 live rows and 73960 tombstone cells for query SELECT custom_track, job_id, ts FROM keyspace_name.tracking WHERE ts > 2026-04-05 10:40:12.000000 AND  LIMIT 5000; token 9210261722304791681 (see tombstone_warn_threshold)
[2026-04-05T10:40:50.051+0000] {protocol.py:1210} WARNING - Server warning: Read 8311 live rows and 73960 tombstone cells for query SELECT custom_track, job_id, ts FROM keyspace_name.tracking WHERE ts > 2026-04-05 10:40:12.000000 AND  LIMIT 5000; token 9210261722304791681 (see tombstone_warn_threshold)
[2026-04-05T10:40:50.055+0000] {logging_mixin.py:190} INFO - [V] Đã đẩy lên Kafka: Topic tracking_events
[2026-04-05T10:40:50.056+0000] {logging_mixin.py:190} INFO - [V] Đã đẩy lên Kafka: Topic tracking_events
[2026-04-05T10:40:50.056+0000] {logging_mixin.py:190} INFO - [V] Đã đẩy lên Kafka: Topic tracking_events
[2026-04-05T10:40:50.056+0000] {logging_mixin.py:190} INFO - [V] Đã đẩy lên Kafka: Topic tracking_events
[2026-04-05T10:40:50.056+0000] {logging_mixin.py:190} INFO - [V] Đã đẩy lên Kafka: Topic tracking_events
[2026-04-05T10:40:50.056+0000] {logging_mixin.py:190} INFO - [V] Đã đẩy lên Kafka: Topic tracking_events
[2026-04-05T10:40:50.057+0000] {logging_mixin.py:190} INFO - [V] Đã đẩy lên Kafka: Topic tracking_events
[2026-04-05T10:40:50.057+0000] {logging_mixin.py:190} INFO - [V] Đã đẩy lên Kafka: Topic tracking_events
[2026-04-05T10:40:50.057+0000] {logging_mixin.py:190} INFO - [V] Đã đẩy lên Kafka: Topic tracking_events
[2026-04-05T10:40:50.057+0000] {logging_mixin.py:190} INFO - [V] Đã đẩy lên Kafka: Topic tracking_events
[2026-04-05T10:40:50.057+0000] {logging_mixin.py:190} INFO - [V] Đã đẩy lên Kafka: Topic tracking_events
[2026-04-05T10:40:50.060+0000] {logging_mixin.py:190} INFO - [!] Đã đẩy 11 bản ghi lên Kafka!
[2026-04-05T10:41:08.403+0000] {protocol.py:1210} WARNING - Server warning: Read 8313 live rows and 73960 tombstone cells for query SELECT custom_track, job_id, ts FROM keyspace_name.tracking WHERE ts > 2026-04-05 10:40:35.000000 AND  LIMIT 5000; token 9210261722304791681 (see tombstone_warn_threshold)
[2026-04-05T10:41:08.408+0000] {logging_mixin.py:190} INFO - [V] Đã đẩy lên Kafka: Topic tracking_events
[2026-04-05T10:41:08.409+0000] {logging_mixin.py:190} INFO - [V] Đã đẩy lên Kafka: Topic tracking_events
[2026-04-05T10:41:08.412+0000] {logging_mixin.py:190} INFO - [!] Đã đẩy 2 bản ghi lên Kafka!
[2026-04-05T10:41:23.460+0000] {protocol.py:1210} WARNING - Server warning: Read 8332 live rows and 73960 tombstone cells for query SELECT custom_track, job_id, ts FROM keyspace_name.tracking WHERE ts > 2026-04-05 10:40:55.000000 AND  LIMIT 5000; token 9210261722304791681 (see tombstone_warn_threshold)
[2026-04-05T10:41:23.464+0000] {logging_mixin.py:190} INFO - [V] Đã đẩy lên Kafka: Topic tracking_events
[2026-04-05T10:41:23.464+0000] {logging_mixin.py:190} INFO - [V] Đã đẩy lên Kafka: Topic tracking_events
[2026-04-05T10:41:23.464+0000] {logging_mixin.py:190} INFO - [V] Đã đẩy lên Kafka: Topic tracking_events
[2026-04-05T10:41:23.464+0000] {logging_mixin.py:190} INFO - [V] Đã đẩy lên Kafka: Topic tracking_events
[2026-04-05T10:41:23.464+0000] {logging_mixin.py:190} INFO - [V] Đã đẩy lên Kafka: Topic tracking_events
[2026-04-05T10:41:23.464+0000] {logging_mixin.py:190} INFO - [V] Đã đẩy lên Kafka: Topic tracking_events
[2026-04-05T10:41:23.464+0000] {logging_mixin.py:190} INFO - [V] Đã đẩy lên Kafka: Topic tracking_events
[2026-04-05T10:41:23.465+0000] {logging_mixin.py:190} INFO - [V] Đã đẩy lên Kafka: Topic tracking_events
[2026-04-05T10:41:23.465+0000] {logging_mixin.py:190} INFO - [V] Đã đẩy lên Kafka: Topic tracking_events
[2026-04-05T10:41:23.465+0000] {logging_mixin.py:190} INFO - [V] Đã đẩy lên Kafka: Topic tracking_events
[2026-04-05T10:41:23.465+0000] {logging_mixin.py:190} INFO - [V] Đã đẩy lên Kafka: Topic tracking_events
[2026-04-05T10:41:23.465+0000] {logging_mixin.py:190} INFO - [V] Đã đẩy lên Kafka: Topic tracking_events
[2026-04-05T10:41:23.465+0000] {logging_mixin.py:190} INFO - [V] Đã đẩy lên Kafka: Topic tracking_events
[2026-04-05T10:41:23.465+0000] {logging_mixin.py:190} INFO - [V] Đã đẩy lên Kafka: Topic tracking_events
[2026-04-05T10:41:23.465+0000] {logging_mixin.py:190} INFO - [V] Đã đẩy lên Kafka: Topic tracking_events
[2026-04-05T10:41:23.465+0000] {logging_mixin.py:190} INFO - [V] Đã đẩy lên Kafka: Topic tracking_events
[2026-04-05T10:41:23.465+0000] {logging_mixin.py:190} INFO - [V] Đã đẩy lên Kafka: Topic tracking_events
[2026-04-05T10:41:23.465+0000] {logging_mixin.py:190} INFO - [V] Đã đẩy lên Kafka: Topic tracking_events
[2026-04-05T10:41:23.465+0000] {logging_mixin.py:190} INFO - [V] Đã đẩy lên Kafka: Topic tracking_events
[2026-04-05T10:41:23.466+0000] {logging_mixin.py:190} INFO - [!] Đã đẩy 19 bản ghi lên Kafka!
[2026-04-05T10:41:41.655+0000] {protocol.py:1210} WARNING - Server warning: Read 8332 live rows and 73960 tombstone cells for query SELECT custom_track, job_id, ts FROM keyspace_name.tracking WHERE ts > 2026-04-05 10:41:18.000000 AND  LIMIT 5000; token 9210261722304791681 (see tombstone_warn_threshold)
[2026-04-05T10:41:56.701+0000] {protocol.py:1210} WARNING - Server warning: Read 8341 live rows and 73960 tombstone cells for query SELECT custom_track, job_id, ts FROM keyspace_name.tracking WHERE ts > 2026-04-05 10:41:18.000000 AND  LIMIT 5000; token 9210261722304791681 (see tombstone_warn_threshold)
[2026-04-05T10:41:56.707+0000] {logging_mixin.py:190} INFO - [V] Đã đẩy lên Kafka: Topic tracking_events
[2026-04-05T10:41:56.707+0000] {logging_mixin.py:190} INFO - [V] Đã đẩy lên Kafka: Topic tracking_events
[2026-04-05T10:41:56.708+0000] {logging_mixin.py:190} INFO - [V] Đã đẩy lên Kafka: Topic tracking_events
[2026-04-05T10:41:56.708+0000] {logging_mixin.py:190} INFO - [V] Đã đẩy lên Kafka: Topic tracking_events
[2026-04-05T10:41:56.708+0000] {logging_mixin.py:190} INFO - [V] Đã đẩy lên Kafka: Topic tracking_events
[2026-04-05T10:41:56.708+0000] {logging_mixin.py:190} INFO - [V] Đã đẩy lên Kafka: Topic tracking_events
[2026-04-05T10:41:56.708+0000] {logging_mixin.py:190} INFO - [V] Đã đẩy lên Kafka: Topic tracking_events
[2026-04-05T10:41:56.708+0000] {logging_mixin.py:190} INFO - [V] Đã đẩy lên Kafka: Topic tracking_events
[2026-04-05T10:41:56.708+0000] {logging_mixin.py:190} INFO - [V] Đã đẩy lên Kafka: Topic tracking_events
[2026-04-05T10:41:56.709+0000] {logging_mixin.py:190} INFO - [!] Đã đẩy 9 bản ghi lên Kafka!
[2026-04-05T10:42:14.970+0000] {protocol.py:1210} WARNING - Server warning: Read 8345 live rows and 73960 tombstone cells for query SELECT custom_track, job_id, ts FROM keyspace_name.tracking WHERE ts > 2026-04-05 10:41:41.000000 AND  LIMIT 5000; token 9210261722304791681 (see tombstone_warn_threshold)
[2026-04-05T10:42:14.974+0000] {logging_mixin.py:190} INFO - [V] Đã đẩy lên Kafka: Topic tracking_events
[2026-04-05T10:42:14.974+0000] {logging_mixin.py:190} INFO - [V] Đã đẩy lên Kafka: Topic tracking_events
[2026-04-05T10:42:14.974+0000] {logging_mixin.py:190} INFO - [V] Đã đẩy lên Kafka: Topic tracking_events
[2026-04-05T10:42:14.974+0000] {logging_mixin.py:190} INFO - [V] Đã đẩy lên Kafka: Topic tracking_events
[2026-04-05T10:42:14.975+0000] {logging_mixin.py:190} INFO - [!] Đã đẩy 4 bản ghi lên Kafka!
[2026-04-05T10:42:30.038+0000] {protocol.py:1210} WARNING - Server warning: Read 8347 live rows and 73960 tombstone cells for query SELECT custom_track, job_id, ts FROM keyspace_name.tracking WHERE ts > 2026-04-05 10:42:01.000000 AND  LIMIT 5000; token 9210261722304791681 (see tombstone_warn_threshold)
[2026-04-05T10:42:30.042+0000] {logging_mixin.py:190} INFO - [V] Đã đẩy lên Kafka: Topic tracking_events
[2026-04-05T10:42:30.042+0000] {logging_mixin.py:190} INFO - [V] Đã đẩy lên Kafka: Topic tracking_events
[2026-04-05T10:42:30.044+0000] {logging_mixin.py:190} INFO - [!] Đã đẩy 2 bản ghi lên Kafka!
[2026-04-05T10:42:48.287+0000] {protocol.py:1210} WARNING - Server warning: Read 8347 live rows and 73960 tombstone cells for query SELECT custom_track, job_id, ts FROM keyspace_name.tracking WHERE ts > 2026-04-05 10:42:25.000000 AND  LIMIT 5000; token 9210261722304791681 (see tombstone_warn_threshold)
[2026-04-05T10:43:03.446+0000] {protocol.py:1210} WARNING - Server warning: Read 8363 live rows and 73960 tombstone cells for query SELECT custom_track, job_id, ts FROM keyspace_name.tracking WHERE ts > 2026-04-05 10:42:25.000000 AND  LIMIT 5000; token 9210261722304791681 (see tombstone_warn_threshold)
[2026-04-05T10:43:03.465+0000] {logging_mixin.py:190} INFO - [V] Đã đẩy lên Kafka: Topic tracking_events
[2026-04-05T10:43:03.466+0000] {logging_mixin.py:190} INFO - [V] Đã đẩy lên Kafka: Topic tracking_events
[2026-04-05T10:43:03.466+0000] {logging_mixin.py:190} INFO - [V] Đã đẩy lên Kafka: Topic tracking_events
[2026-04-05T10:43:03.466+0000] {logging_mixin.py:190} INFO - [V] Đã đẩy lên Kafka: Topic tracking_events
[2026-04-05T10:43:03.466+0000] {logging_mixin.py:190} INFO - [V] Đã đẩy lên Kafka: Topic tracking_events
[2026-04-05T10:43:03.467+0000] {logging_mixin.py:190} INFO - [V] Đã đẩy lên Kafka: Topic tracking_events
[2026-04-05T10:43:03.467+0000] {logging_mixin.py:190} INFO - [V] Đã đẩy lên Kafka: Topic tracking_events
[2026-04-05T10:43:03.467+0000] {logging_mixin.py:190} INFO - [V] Đã đẩy lên Kafka: Topic tracking_events
[2026-04-05T10:43:03.467+0000] {logging_mixin.py:190} INFO - [V] Đã đẩy lên Kafka: Topic tracking_events
[2026-04-05T10:43:03.467+0000] {logging_mixin.py:190} INFO - [V] Đã đẩy lên Kafka: Topic tracking_events
[2026-04-05T10:43:03.467+0000] {logging_mixin.py:190} INFO - [V] Đã đẩy lên Kafka: Topic tracking_events
[2026-04-05T10:43:03.467+0000] {logging_mixin.py:190} INFO - [V] Đã đẩy lên Kafka: Topic tracking_events
[2026-04-05T10:43:03.467+0000] {logging_mixin.py:190} INFO - [V] Đã đẩy lên Kafka: Topic tracking_events
[2026-04-05T10:43:03.468+0000] {logging_mixin.py:190} INFO - [V] Đã đẩy lên Kafka: Topic tracking_events
[2026-04-05T10:43:03.468+0000] {logging_mixin.py:190} INFO - [V] Đã đẩy lên Kafka: Topic tracking_events
[2026-04-05T10:43:03.468+0000] {logging_mixin.py:190} INFO - [V] Đã đẩy lên Kafka: Topic tracking_events
[2026-04-05T10:43:03.474+0000] {logging_mixin.py:190} INFO - [!] Đã đẩy 16 bản ghi lên Kafka!
[2026-04-05T10:43:21.735+0000] {protocol.py:1210} WARNING - Server warning: Read 8380 live rows and 73960 tombstone cells for query SELECT custom_track, job_id, ts FROM keyspace_name.tracking WHERE ts > 2026-04-05 10:42:48.000000 AND  LIMIT 5000; token 9210261722304791681 (see tombstone_warn_threshold)
[2026-04-05T10:43:21.740+0000] {logging_mixin.py:190} INFO - [V] Đã đẩy lên Kafka: Topic tracking_events
[2026-04-05T10:43:21.740+0000] {logging_mixin.py:190} INFO - [V] Đã đẩy lên Kafka: Topic tracking_events
[2026-04-05T10:43:21.741+0000] {logging_mixin.py:190} INFO - [V] Đã đẩy lên Kafka: Topic tracking_events
[2026-04-05T10:43:21.741+0000] {logging_mixin.py:190} INFO - [V] Đã đẩy lên Kafka: Topic tracking_events
[2026-04-05T10:43:21.741+0000] {logging_mixin.py:190} INFO - [V] Đã đẩy lên Kafka: Topic tracking_events
[2026-04-05T10:43:21.741+0000] {logging_mixin.py:190} INFO - [V] Đã đẩy lên Kafka: Topic tracking_events
[2026-04-05T10:43:21.741+0000] {logging_mixin.py:190} INFO - [V] Đã đẩy lên Kafka: Topic tracking_events
[2026-04-05T10:43:21.741+0000] {logging_mixin.py:190} INFO - [V] Đã đẩy lên Kafka: Topic tracking_events
[2026-04-05T10:43:21.741+0000] {logging_mixin.py:190} INFO - [V] Đã đẩy lên Kafka: Topic tracking_events
[2026-04-05T10:43:21.741+0000] {logging_mixin.py:190} INFO - [V] Đã đẩy lên Kafka: Topic tracking_events
[2026-04-05T10:43:21.741+0000] {logging_mixin.py:190} INFO - [V] Đã đẩy lên Kafka: Topic tracking_events
[2026-04-05T10:43:21.741+0000] {logging_mixin.py:190} INFO - [V] Đã đẩy lên Kafka: Topic tracking_events
[2026-04-05T10:43:21.741+0000] {logging_mixin.py:190} INFO - [V] Đã đẩy lên Kafka: Topic tracking_events
[2026-04-05T10:43:21.742+0000] {logging_mixin.py:190} INFO - [V] Đã đẩy lên Kafka: Topic tracking_events
[2026-04-05T10:43:21.742+0000] {logging_mixin.py:190} INFO - [V] Đã đẩy lên Kafka: Topic tracking_events
[2026-04-05T10:43:21.742+0000] {logging_mixin.py:190} INFO - [V] Đã đẩy lên Kafka: Topic tracking_events
[2026-04-05T10:43:21.742+0000] {logging_mixin.py:190} INFO - [V] Đã đẩy lên Kafka: Topic tracking_events
[2026-04-05T10:43:21.743+0000] {logging_mixin.py:190} INFO - [!] Đã đẩy 17 bản ghi lên Kafka!
[2026-04-05T10:43:32.285+0000] {local_task_job_runner.py:127} ERROR - Received SIGTERM. Terminating subprocesses
[2026-04-05T10:43:32.311+0000] {process_utils.py:132} INFO - Sending 15 to group 201. PIDs of all processes in the group: [201]
[2026-04-05T10:43:32.311+0000] {process_utils.py:87} INFO - Sending the signal 15 to group 201
[2026-04-05T10:43:32.312+0000] {taskinstance.py:3094} ERROR - Received SIGTERM. Terminating subprocesses.
[2026-04-05T10:43:32.321+0000] {taskinstance.py:3095} ERROR - Stacktrace: 
  File "/home/***/.local/bin/***", line 8, in <module>
    sys.exit(main())
  File "/home/***/.local/lib/python3.8/site-packages/***/__main__.py", line 62, in main
    args.func(args)
  File "/home/***/.local/lib/python3.8/site-packages/***/cli/cli_config.py", line 49, in command
    return func(*args, **kwargs)
  File "/home/***/.local/lib/python3.8/site-packages/***/utils/cli.py", line 116, in wrapper
    return f(*args, **kwargs)
  File "/home/***/.local/lib/python3.8/site-packages/***/utils/providers_configuration_loader.py", line 55, in wrapped_function
    return func(*args, **kwargs)
  File "/home/***/.local/lib/python3.8/site-packages/***/cli/commands/scheduler_command.py", line 56, in scheduler
    run_command_with_daemon_option(
  File "/home/***/.local/lib/python3.8/site-packages/***/cli/commands/daemon_utils.py", line 86, in run_command_with_daemon_option
    callback()
  File "/home/***/.local/lib/python3.8/site-packages/***/cli/commands/scheduler_command.py", line 59, in <lambda>
    callback=lambda: _run_scheduler_job(args),
  File "/home/***/.local/lib/python3.8/site-packages/***/cli/commands/scheduler_command.py", line 47, in _run_scheduler_job
    run_job(job=job_runner.job, execute_callable=job_runner._execute)
  File "/home/***/.local/lib/python3.8/site-packages/***/utils/session.py", line 97, in wrapper
    return func(*args, session=session, **kwargs)
  File "/home/***/.local/lib/python3.8/site-packages/***/jobs/job.py", line 421, in run_job
    return execute_job(job, execute_callable=execute_callable)
  File "/home/***/.local/lib/python3.8/site-packages/***/jobs/job.py", line 450, in execute_job
    ret = execute_callable()
  File "/home/***/.local/lib/python3.8/site-packages/***/jobs/scheduler_job_runner.py", line 990, in _execute
    executor.start()
  File "/home/***/.local/lib/python3.8/site-packages/***/executors/local_executor.py", line 392, in start
    self.impl.start()
  File "/home/***/.local/lib/python3.8/site-packages/***/executors/local_executor.py", line 330, in start
    worker.start()
  File "/usr/local/lib/python3.8/multiprocessing/process.py", line 121, in start
    self._popen = self._Popen(self)
  File "/usr/local/lib/python3.8/multiprocessing/context.py", line 224, in _Popen
    return _default_context.get_context().Process._Popen(process_obj)
  File "/usr/local/lib/python3.8/multiprocessing/context.py", line 277, in _Popen
    return Popen(process_obj)
  File "/usr/local/lib/python3.8/multiprocessing/popen_fork.py", line 19, in __init__
    self._launch(process_obj)
  File "/usr/local/lib/python3.8/multiprocessing/popen_fork.py", line 75, in _launch
    code = process_obj._bootstrap(parent_sentinel=child_r)
  File "/usr/local/lib/python3.8/multiprocessing/process.py", line 315, in _bootstrap
    self.run()
  File "/home/***/.local/lib/python3.8/site-packages/***/executors/local_executor.py", line 80, in run
    return super().run()
  File "/usr/local/lib/python3.8/multiprocessing/process.py", line 108, in run
    self._target(*self._args, **self._kwargs)
  File "/home/***/.local/lib/python3.8/site-packages/***/traces/tracer.py", line 58, in wrapper
    return func(*args, **kwargs)
  File "/home/***/.local/lib/python3.8/site-packages/***/executors/local_executor.py", line 211, in do_work
    self.execute_work(key=key, command=command)
  File "/home/***/.local/lib/python3.8/site-packages/***/traces/tracer.py", line 58, in wrapper
    return func(*args, **kwargs)
  File "/home/***/.local/lib/python3.8/site-packages/***/executors/local_executor.py", line 100, in execute_work
    state = self._execute_work_in_fork(command)
  File "/home/***/.local/lib/python3.8/site-packages/***/traces/tracer.py", line 58, in wrapper
    return func(*args, **kwargs)
  File "/home/***/.local/lib/python3.8/site-packages/***/executors/local_executor.py", line 142, in _execute_work_in_fork
    args.func(args)
  File "/home/***/.local/lib/python3.8/site-packages/***/cli/cli_config.py", line 49, in command
    return func(*args, **kwargs)
  File "/home/***/.local/lib/python3.8/site-packages/***/utils/cli.py", line 116, in wrapper
    return f(*args, **kwargs)
  File "/home/***/.local/lib/python3.8/site-packages/***/cli/commands/task_command.py", line 483, in task_run
    task_return_code = _run_task_by_selected_method(args, _dag, ti)
  File "/home/***/.local/lib/python3.8/site-packages/***/cli/commands/task_command.py", line 254, in _run_task_by_selected_method
    return _run_task_by_local_task_job(args, ti)
  File "/home/***/.local/lib/python3.8/site-packages/***/cli/commands/task_command.py", line 322, in _run_task_by_local_task_job
    ret = run_job(job=job_runner.job, execute_callable=job_runner._execute)
  File "/home/***/.local/lib/python3.8/site-packages/***/utils/session.py", line 97, in wrapper
    return func(*args, session=session, **kwargs)
  File "/home/***/.local/lib/python3.8/site-packages/***/jobs/job.py", line 421, in run_job
    return execute_job(job, execute_callable=execute_callable)
  File "/home/***/.local/lib/python3.8/site-packages/***/jobs/job.py", line 450, in execute_job
    ret = execute_callable()
  File "/home/***/.local/lib/python3.8/site-packages/***/jobs/local_task_job_runner.py", line 171, in _execute
    self.task_runner.start()
  File "/home/***/.local/lib/python3.8/site-packages/***/task/task_runner/standard_task_runner.py", line 55, in start
    self.process = self._start_by_fork()
  File "/home/***/.local/lib/python3.8/site-packages/***/task/task_runner/standard_task_runner.py", line 117, in _start_by_fork
    ret = args.func(args, dag=self.dag)
  File "/home/***/.local/lib/python3.8/site-packages/***/cli/cli_config.py", line 49, in command
    return func(*args, **kwargs)
  File "/home/***/.local/lib/python3.8/site-packages/***/utils/cli.py", line 116, in wrapper
    return f(*args, **kwargs)
  File "/home/***/.local/lib/python3.8/site-packages/***/cli/commands/task_command.py", line 483, in task_run
    task_return_code = _run_task_by_selected_method(args, _dag, ti)
  File "/home/***/.local/lib/python3.8/site-packages/***/cli/commands/task_command.py", line 256, in _run_task_by_selected_method
    return _run_raw_task(args, ti)
  File "/home/***/.local/lib/python3.8/site-packages/***/cli/commands/task_command.py", line 341, in _run_raw_task
    return ti._run_raw_task(
  File "/home/***/.local/lib/python3.8/site-packages/***/utils/session.py", line 97, in wrapper
    return func(*args, session=session, **kwargs)
  File "/home/***/.local/lib/python3.8/site-packages/***/models/taskinstance.py", line 3006, in _run_raw_task
    return _run_raw_task(
  File "/home/***/.local/lib/python3.8/site-packages/***/models/taskinstance.py", line 274, in _run_raw_task
    TaskInstance._execute_task_with_callbacks(
  File "/home/***/.local/lib/python3.8/site-packages/***/models/taskinstance.py", line 3161, in _execute_task_with_callbacks
    result = self._execute_task(context, task_orig)
  File "/home/***/.local/lib/python3.8/site-packages/***/models/taskinstance.py", line 3185, in _execute_task
    return _execute_task(self, context, task_orig)
  File "/home/***/.local/lib/python3.8/site-packages/***/models/taskinstance.py", line 768, in _execute_task
    result = _execute_callable(context=context, **execute_callable_kwargs)
  File "/home/***/.local/lib/python3.8/site-packages/***/models/taskinstance.py", line 734, in _execute_callable
    return ExecutionCallableRunner(
  File "/home/***/.local/lib/python3.8/site-packages/***/utils/operator_helpers.py", line 252, in run
    return self.func(*args, **kwargs)
  File "/home/***/.local/lib/python3.8/site-packages/***/models/baseoperator.py", line 424, in wrapper
    return func(self, *args, **kwargs)
  File "/home/***/.local/lib/python3.8/site-packages/***/operators/python.py", line 238, in execute
    return_value = self.execute_callable()
  File "/home/***/.local/lib/python3.8/site-packages/***/operators/python.py", line 256, in execute_callable
    return runner.run(*self.op_args, **self.op_kwargs)
  File "/home/***/.local/lib/python3.8/site-packages/***/utils/operator_helpers.py", line 252, in run
    return self.func(*args, **kwargs)
  File "/opt/***/scripts/ingestion/kafka_cdc_producer.py", line 57, in cdc_polling_consumer
    time.sleep(15)
  File "/home/***/.local/lib/python3.8/site-packages/***/models/taskinstance.py", line 3095, in signal_handler
    self.log.error("Stacktrace: \n%s", "".join(traceback.format_stack()))

[2026-04-05T10:43:32.383+0000] {taskinstance.py:3313} ERROR - Task failed with exception
Traceback (most recent call last):
  File "/home/airflow/.local/lib/python3.8/site-packages/airflow/models/taskinstance.py", line 768, in _execute_task
    result = _execute_callable(context=context, **execute_callable_kwargs)
  File "/home/airflow/.local/lib/python3.8/site-packages/airflow/models/taskinstance.py", line 734, in _execute_callable
    return ExecutionCallableRunner(
  File "/home/airflow/.local/lib/python3.8/site-packages/airflow/utils/operator_helpers.py", line 252, in run
    return self.func(*args, **kwargs)
  File "/home/airflow/.local/lib/python3.8/site-packages/airflow/models/baseoperator.py", line 424, in wrapper
    return func(self, *args, **kwargs)
  File "/home/airflow/.local/lib/python3.8/site-packages/airflow/operators/python.py", line 238, in execute
    return_value = self.execute_callable()
  File "/home/airflow/.local/lib/python3.8/site-packages/airflow/operators/python.py", line 256, in execute_callable
    return runner.run(*self.op_args, **self.op_kwargs)
  File "/home/airflow/.local/lib/python3.8/site-packages/airflow/utils/operator_helpers.py", line 252, in run
    return self.func(*args, **kwargs)
  File "/opt/airflow/scripts/ingestion/kafka_cdc_producer.py", line 57, in cdc_polling_consumer
    time.sleep(15)
  File "/home/airflow/.local/lib/python3.8/site-packages/airflow/models/taskinstance.py", line 3097, in signal_handler
    raise AirflowTaskTerminated("Task received SIGTERM signal")
airflow.exceptions.AirflowTaskTerminated: Task received SIGTERM signal
[2026-04-05T10:43:32.404+0000] {taskinstance.py:1226} INFO - Marking task as UP_FOR_RETRY. dag_id=1_continuous_services_bear_mode, task_id=service_kafka_cdc, run_id=manual__2026-04-05T10:26:11.457574+00:00, execution_date=20260405T102611, start_date=20260405T103928, end_date=20260405T104332
[2026-04-05T10:43:32.590+0000] {taskinstance.py:341} INFO - ::group::Post task execution logs
[2026-04-05T10:43:32.616+0000] {process_utils.py:80} INFO - Process psutil.Process(pid=201, status='terminated', exitcode=2, started='10:39:27') (201) terminated with exit code 2
[2026-04-05T10:43:32.617+0000] {local_task_job_runner.py:266} INFO - Task exited with return code 143
[2026-04-05T10:43:32.655+0000] {local_task_job_runner.py:245} INFO - ::endgroup::
