[2026-04-05T10:26:13.051+0000] {local_task_job_runner.py:123} INFO - ::group::Pre task execution logs
[2026-04-05T10:26:13.067+0000] {taskinstance.py:2614} INFO - Dependencies all met for dep_context=non-requeueable deps ti=<TaskInstance: 1_continuous_services_bear_mode.service_kafka_cdc manual__2026-04-05T10:26:11.457574+00:00 [queued]>
[2026-04-05T10:26:13.076+0000] {taskinstance.py:2614} INFO - Dependencies all met for dep_context=requeueable deps ti=<TaskInstance: 1_continuous_services_bear_mode.service_kafka_cdc manual__2026-04-05T10:26:11.457574+00:00 [queued]>
[2026-04-05T10:26:13.076+0000] {taskinstance.py:2867} INFO - Starting attempt 1 of 6
[2026-04-05T10:26:13.099+0000] {taskinstance.py:2890} INFO - Executing <Task(PythonOperator): service_kafka_cdc> on 2026-04-05 10:26:11.457574+00:00
[2026-04-05T10:26:13.107+0000] {standard_task_runner.py:72} INFO - Started process 206 to run task
[2026-04-05T10:26:13.115+0000] {standard_task_runner.py:104} INFO - Running: ['***', 'tasks', 'run', '1_continuous_services_bear_mode', 'service_kafka_cdc', 'manual__2026-04-05T10:26:11.457574+00:00', '--job-id', '34', '--raw', '--subdir', 'DAGS_FOLDER/dag_continuous_services.py', '--cfg-path', '/tmp/tmpf3jyq1cs']
[2026-04-05T10:26:13.122+0000] {standard_task_runner.py:105} INFO - Job 34: Subtask service_kafka_cdc
[2026-04-05T10:26:13.185+0000] {task_command.py:467} INFO - Running <TaskInstance: 1_continuous_services_bear_mode.service_kafka_cdc manual__2026-04-05T10:26:11.457574+00:00 [running]> on host c79c22db6b22
[2026-04-05T10:26:13.287+0000] {taskinstance.py:3134} INFO - Exporting env vars: AIRFLOW_CTX_DAG_OWNER='shibe' AIRFLOW_CTX_DAG_ID='1_continuous_services_bear_mode' AIRFLOW_CTX_TASK_ID='service_kafka_cdc' AIRFLOW_CTX_EXECUTION_DATE='2026-04-05T10:26:11.457574+00:00' AIRFLOW_CTX_TRY_NUMBER='1' AIRFLOW_CTX_DAG_RUN_ID='manual__2026-04-05T10:26:11.457574+00:00'
[2026-04-05T10:26:13.289+0000] {taskinstance.py:732} INFO - ::endgroup::
[2026-04-05T10:26:13.323+0000] {cluster.py:1324} WARNING - Cluster.__init__ called with contact_points specified, but no load_balancing_policy. In the next major version, this will raise an error; please specify a load-balancing policy. (contact_points = ['cassandra'], lbp = None)
[2026-04-05T10:26:13.328+0000] {cluster.py:1701} WARNING - Downgrading core protocol version from 66 to 65 for 172.19.0.5:9042. To avoid this, it is best practice to explicitly set Cluster(protocol_version) to the version supported by your cluster. https://docs.datastax.com/en/developer/python-driver/latest/api/cassandra/cluster.html#cassandra.cluster.Cluster.protocol_version
[2026-04-05T10:26:13.332+0000] {cluster.py:1701} WARNING - Downgrading core protocol version from 65 to 5 for 172.19.0.5:9042. To avoid this, it is best practice to explicitly set Cluster(protocol_version) to the version supported by your cluster. https://docs.datastax.com/en/developer/python-driver/latest/api/cassandra/cluster.html#cassandra.cluster.Cluster.protocol_version
[2026-04-05T10:26:13.334+0000] {connection.py:1290} ERROR - Closing connection <AsyncoreConnection(127753611130336) 172.19.0.5:9042> due to protocol error: Error from server: code=000a [Protocol error] message="Beta version of the protocol used (5/v5-beta), but USE_BETA flag is unset"
[2026-04-05T10:26:13.335+0000] {cluster.py:1701} WARNING - Downgrading core protocol version from 5 to 4 for 172.19.0.5:9042. To avoid this, it is best practice to explicitly set Cluster(protocol_version) to the version supported by your cluster. https://docs.datastax.com/en/developer/python-driver/latest/api/cassandra/cluster.html#cassandra.cluster.Cluster.protocol_version
[2026-04-05T10:26:13.337+0000] {connection.py:1420} WARNING - An authentication challenge was not sent, this is suspicious because the driver expects authentication (configured authenticator = PlainTextAuthenticator)
[2026-04-05T10:26:13.349+0000] {policies.py:289} INFO - Using datacenter 'datacenter1' for DCAwareRoundRobinPolicy (via host '172.19.0.5:9042'); if incorrect, please specify a local_dc to the constructor, or limit contact points to local cluster nodes
[2026-04-05T10:26:13.366+0000] {connection.py:1420} WARNING - An authentication challenge was not sent, this is suspicious because the driver expects authentication (configured authenticator = PlainTextAuthenticator)
[2026-04-05T10:26:13.370+0000] {logging_mixin.py:190} INFO - 🚀 CDC Polling started at 2026-04-05 10:25:13.369072
[2026-04-05T10:26:13.407+0000] {protocol.py:1210} WARNING - Server warning: Read 7946 live rows and 73960 tombstone cells for query SELECT custom_track, job_id, ts FROM keyspace_name.tracking WHERE ts > 2026-04-05 10:25:13.369072 AND  LIMIT 5000; token 9210261722304791681 (see tombstone_warn_threshold)
[2026-04-05T10:26:28.464+0000] {protocol.py:1210} WARNING - Server warning: Read 7948 live rows and 73960 tombstone cells for query SELECT custom_track, job_id, ts FROM keyspace_name.tracking WHERE ts > 2026-04-05 10:25:13.369072 AND  LIMIT 5000; token 9210261722304791681 (see tombstone_warn_threshold)
[2026-04-05T10:26:28.470+0000] {logging_mixin.py:190} INFO - [V] Đã đẩy lên Kafka: Topic tracking_events
[2026-04-05T10:26:28.470+0000] {logging_mixin.py:190} INFO - [V] Đã đẩy lên Kafka: Topic tracking_events
[2026-04-05T10:26:28.479+0000] {logging_mixin.py:190} INFO - [!] Đã đẩy 2 bản ghi lên Kafka!
[2026-04-05T10:26:46.710+0000] {protocol.py:1210} WARNING - Server warning: Read 7949 live rows and 73960 tombstone cells for query SELECT custom_track, job_id, ts FROM keyspace_name.tracking WHERE ts > 2026-04-05 10:26:13.000000 AND  LIMIT 5000; token 9210261722304791681 (see tombstone_warn_threshold)
[2026-04-05T10:26:46.715+0000] {logging_mixin.py:190} INFO - [V] Đã đẩy lên Kafka: Topic tracking_events
[2026-04-05T10:26:46.716+0000] {logging_mixin.py:190} INFO - [!] Đã đẩy 1 bản ghi lên Kafka!
[2026-04-05T10:27:01.765+0000] {protocol.py:1210} WARNING - Server warning: Read 7960 live rows and 73960 tombstone cells for query SELECT custom_track, job_id, ts FROM keyspace_name.tracking WHERE ts > 2026-04-05 10:26:33.000000 AND  LIMIT 5000; token 9210261722304791681 (see tombstone_warn_threshold)
[2026-04-05T10:27:01.769+0000] {logging_mixin.py:190} INFO - [V] Đã đẩy lên Kafka: Topic tracking_events
[2026-04-05T10:27:01.770+0000] {logging_mixin.py:190} INFO - [V] Đã đẩy lên Kafka: Topic tracking_events
[2026-04-05T10:27:01.770+0000] {logging_mixin.py:190} INFO - [V] Đã đẩy lên Kafka: Topic tracking_events
[2026-04-05T10:27:01.770+0000] {logging_mixin.py:190} INFO - [V] Đã đẩy lên Kafka: Topic tracking_events
[2026-04-05T10:27:01.770+0000] {logging_mixin.py:190} INFO - [V] Đã đẩy lên Kafka: Topic tracking_events
[2026-04-05T10:27:01.770+0000] {logging_mixin.py:190} INFO - [V] Đã đẩy lên Kafka: Topic tracking_events
[2026-04-05T10:27:01.770+0000] {logging_mixin.py:190} INFO - [V] Đã đẩy lên Kafka: Topic tracking_events
[2026-04-05T10:27:01.770+0000] {logging_mixin.py:190} INFO - [V] Đã đẩy lên Kafka: Topic tracking_events
[2026-04-05T10:27:01.770+0000] {logging_mixin.py:190} INFO - [V] Đã đẩy lên Kafka: Topic tracking_events
[2026-04-05T10:27:01.770+0000] {logging_mixin.py:190} INFO - [V] Đã đẩy lên Kafka: Topic tracking_events
[2026-04-05T10:27:01.770+0000] {logging_mixin.py:190} INFO - [V] Đã đẩy lên Kafka: Topic tracking_events
[2026-04-05T10:27:01.772+0000] {logging_mixin.py:190} INFO - [!] Đã đẩy 11 bản ghi lên Kafka!
[2026-04-05T10:27:20.021+0000] {protocol.py:1210} WARNING - Server warning: Read 7960 live rows and 73960 tombstone cells for query SELECT custom_track, job_id, ts FROM keyspace_name.tracking WHERE ts > 2026-04-05 10:26:56.000000 AND  LIMIT 5000; token 9210261722304791681 (see tombstone_warn_threshold)
[2026-04-05T10:27:35.068+0000] {protocol.py:1210} WARNING - Server warning: Read 7975 live rows and 73960 tombstone cells for query SELECT custom_track, job_id, ts FROM keyspace_name.tracking WHERE ts > 2026-04-05 10:26:56.000000 AND  LIMIT 5000; token 9210261722304791681 (see tombstone_warn_threshold)
[2026-04-05T10:27:35.071+0000] {logging_mixin.py:190} INFO - [V] Đã đẩy lên Kafka: Topic tracking_events
[2026-04-05T10:27:35.072+0000] {logging_mixin.py:190} INFO - [V] Đã đẩy lên Kafka: Topic tracking_events
[2026-04-05T10:27:35.072+0000] {logging_mixin.py:190} INFO - [V] Đã đẩy lên Kafka: Topic tracking_events
[2026-04-05T10:27:35.072+0000] {logging_mixin.py:190} INFO - [V] Đã đẩy lên Kafka: Topic tracking_events
[2026-04-05T10:27:35.072+0000] {logging_mixin.py:190} INFO - [V] Đã đẩy lên Kafka: Topic tracking_events
[2026-04-05T10:27:35.072+0000] {logging_mixin.py:190} INFO - [V] Đã đẩy lên Kafka: Topic tracking_events
[2026-04-05T10:27:35.072+0000] {logging_mixin.py:190} INFO - [V] Đã đẩy lên Kafka: Topic tracking_events
[2026-04-05T10:27:35.072+0000] {logging_mixin.py:190} INFO - [V] Đã đẩy lên Kafka: Topic tracking_events
[2026-04-05T10:27:35.072+0000] {logging_mixin.py:190} INFO - [V] Đã đẩy lên Kafka: Topic tracking_events
[2026-04-05T10:27:35.072+0000] {logging_mixin.py:190} INFO - [V] Đã đẩy lên Kafka: Topic tracking_events
[2026-04-05T10:27:35.072+0000] {logging_mixin.py:190} INFO - [V] Đã đẩy lên Kafka: Topic tracking_events
[2026-04-05T10:27:35.072+0000] {logging_mixin.py:190} INFO - [V] Đã đẩy lên Kafka: Topic tracking_events
[2026-04-05T10:27:35.072+0000] {logging_mixin.py:190} INFO - [V] Đã đẩy lên Kafka: Topic tracking_events
[2026-04-05T10:27:35.072+0000] {logging_mixin.py:190} INFO - [V] Đã đẩy lên Kafka: Topic tracking_events
[2026-04-05T10:27:35.073+0000] {logging_mixin.py:190} INFO - [V] Đã đẩy lên Kafka: Topic tracking_events
[2026-04-05T10:27:35.074+0000] {logging_mixin.py:190} INFO - [!] Đã đẩy 15 bản ghi lên Kafka!
[2026-04-05T10:27:53.290+0000] {protocol.py:1210} WARNING - Server warning: Read 7985 live rows and 73960 tombstone cells for query SELECT custom_track, job_id, ts FROM keyspace_name.tracking WHERE ts > 2026-04-05 10:27:20.000000 AND  LIMIT 5000; token 9210261722304791681 (see tombstone_warn_threshold)
[2026-04-05T10:27:53.292+0000] {logging_mixin.py:190} INFO - [V] Đã đẩy lên Kafka: Topic tracking_events
[2026-04-05T10:27:53.293+0000] {logging_mixin.py:190} INFO - [V] Đã đẩy lên Kafka: Topic tracking_events
[2026-04-05T10:27:53.293+0000] {logging_mixin.py:190} INFO - [V] Đã đẩy lên Kafka: Topic tracking_events
[2026-04-05T10:27:53.293+0000] {logging_mixin.py:190} INFO - [V] Đã đẩy lên Kafka: Topic tracking_events
[2026-04-05T10:27:53.293+0000] {logging_mixin.py:190} INFO - [V] Đã đẩy lên Kafka: Topic tracking_events
[2026-04-05T10:27:53.293+0000] {logging_mixin.py:190} INFO - [V] Đã đẩy lên Kafka: Topic tracking_events
[2026-04-05T10:27:53.293+0000] {logging_mixin.py:190} INFO - [V] Đã đẩy lên Kafka: Topic tracking_events
[2026-04-05T10:27:53.293+0000] {logging_mixin.py:190} INFO - [V] Đã đẩy lên Kafka: Topic tracking_events
[2026-04-05T10:27:53.293+0000] {logging_mixin.py:190} INFO - [V] Đã đẩy lên Kafka: Topic tracking_events
[2026-04-05T10:27:53.293+0000] {logging_mixin.py:190} INFO - [V] Đã đẩy lên Kafka: Topic tracking_events
[2026-04-05T10:27:53.294+0000] {logging_mixin.py:190} INFO - [!] Đã đẩy 10 bản ghi lên Kafka!
[2026-04-05T10:28:08.338+0000] {protocol.py:1210} WARNING - Server warning: Read 7993 live rows and 73960 tombstone cells for query SELECT custom_track, job_id, ts FROM keyspace_name.tracking WHERE ts > 2026-04-05 10:27:40.000000 AND  LIMIT 5000; token 9210261722304791681 (see tombstone_warn_threshold)
[2026-04-05T10:28:08.341+0000] {logging_mixin.py:190} INFO - [V] Đã đẩy lên Kafka: Topic tracking_events
[2026-04-05T10:28:08.342+0000] {logging_mixin.py:190} INFO - [V] Đã đẩy lên Kafka: Topic tracking_events
[2026-04-05T10:28:08.342+0000] {logging_mixin.py:190} INFO - [V] Đã đẩy lên Kafka: Topic tracking_events
[2026-04-05T10:28:08.342+0000] {logging_mixin.py:190} INFO - [V] Đã đẩy lên Kafka: Topic tracking_events
[2026-04-05T10:28:08.342+0000] {logging_mixin.py:190} INFO - [V] Đã đẩy lên Kafka: Topic tracking_events
[2026-04-05T10:28:08.342+0000] {logging_mixin.py:190} INFO - [V] Đã đẩy lên Kafka: Topic tracking_events
[2026-04-05T10:28:08.342+0000] {logging_mixin.py:190} INFO - [V] Đã đẩy lên Kafka: Topic tracking_events
[2026-04-05T10:28:08.343+0000] {logging_mixin.py:190} INFO - [V] Đã đẩy lên Kafka: Topic tracking_events
[2026-04-05T10:28:08.344+0000] {logging_mixin.py:190} INFO - [!] Đã đẩy 8 bản ghi lên Kafka!
[2026-04-05T10:28:26.550+0000] {protocol.py:1210} WARNING - Server warning: Read 7993 live rows and 73960 tombstone cells for query SELECT custom_track, job_id, ts FROM keyspace_name.tracking WHERE ts > 2026-04-05 10:28:03.000000 AND  LIMIT 5000; token 9210261722304791681 (see tombstone_warn_threshold)
[2026-04-05T10:28:41.602+0000] {protocol.py:1210} WARNING - Server warning: Read 7996 live rows and 73960 tombstone cells for query SELECT custom_track, job_id, ts FROM keyspace_name.tracking WHERE ts > 2026-04-05 10:28:03.000000 AND  LIMIT 5000; token 9210261722304791681 (see tombstone_warn_threshold)
[2026-04-05T10:28:41.606+0000] {logging_mixin.py:190} INFO - [V] Đã đẩy lên Kafka: Topic tracking_events
[2026-04-05T10:28:41.606+0000] {logging_mixin.py:190} INFO - [V] Đã đẩy lên Kafka: Topic tracking_events
[2026-04-05T10:28:41.606+0000] {logging_mixin.py:190} INFO - [V] Đã đẩy lên Kafka: Topic tracking_events
[2026-04-05T10:28:41.608+0000] {logging_mixin.py:190} INFO - [!] Đã đẩy 3 bản ghi lên Kafka!
[2026-04-05T10:28:59.822+0000] {protocol.py:1210} WARNING - Server warning: Read 8013 live rows and 73960 tombstone cells for query SELECT custom_track, job_id, ts FROM keyspace_name.tracking WHERE ts > 2026-04-05 10:28:26.000000 AND  LIMIT 5000; token 9210261722304791681 (see tombstone_warn_threshold)
[2026-04-05T10:28:59.824+0000] {logging_mixin.py:190} INFO - [V] Đã đẩy lên Kafka: Topic tracking_events
[2026-04-05T10:28:59.824+0000] {logging_mixin.py:190} INFO - [V] Đã đẩy lên Kafka: Topic tracking_events
[2026-04-05T10:28:59.824+0000] {logging_mixin.py:190} INFO - [V] Đã đẩy lên Kafka: Topic tracking_events
[2026-04-05T10:28:59.825+0000] {logging_mixin.py:190} INFO - [V] Đã đẩy lên Kafka: Topic tracking_events
[2026-04-05T10:28:59.825+0000] {logging_mixin.py:190} INFO - [V] Đã đẩy lên Kafka: Topic tracking_events
[2026-04-05T10:28:59.825+0000] {logging_mixin.py:190} INFO - [V] Đã đẩy lên Kafka: Topic tracking_events
[2026-04-05T10:28:59.825+0000] {logging_mixin.py:190} INFO - [V] Đã đẩy lên Kafka: Topic tracking_events
[2026-04-05T10:28:59.825+0000] {logging_mixin.py:190} INFO - [V] Đã đẩy lên Kafka: Topic tracking_events
[2026-04-05T10:28:59.825+0000] {logging_mixin.py:190} INFO - [V] Đã đẩy lên Kafka: Topic tracking_events
[2026-04-05T10:28:59.825+0000] {logging_mixin.py:190} INFO - [V] Đã đẩy lên Kafka: Topic tracking_events
[2026-04-05T10:28:59.825+0000] {logging_mixin.py:190} INFO - [V] Đã đẩy lên Kafka: Topic tracking_events
[2026-04-05T10:28:59.825+0000] {logging_mixin.py:190} INFO - [V] Đã đẩy lên Kafka: Topic tracking_events
[2026-04-05T10:28:59.825+0000] {logging_mixin.py:190} INFO - [V] Đã đẩy lên Kafka: Topic tracking_events
[2026-04-05T10:28:59.825+0000] {logging_mixin.py:190} INFO - [V] Đã đẩy lên Kafka: Topic tracking_events
[2026-04-05T10:28:59.826+0000] {logging_mixin.py:190} INFO - [V] Đã đẩy lên Kafka: Topic tracking_events
[2026-04-05T10:28:59.826+0000] {logging_mixin.py:190} INFO - [V] Đã đẩy lên Kafka: Topic tracking_events
[2026-04-05T10:28:59.826+0000] {logging_mixin.py:190} INFO - [V] Đã đẩy lên Kafka: Topic tracking_events
[2026-04-05T10:28:59.827+0000] {logging_mixin.py:190} INFO - [!] Đã đẩy 17 bản ghi lên Kafka!
[2026-04-05T10:29:14.867+0000] {protocol.py:1210} WARNING - Server warning: Read 8026 live rows and 73960 tombstone cells for query SELECT custom_track, job_id, ts FROM keyspace_name.tracking WHERE ts > 2026-04-05 10:28:46.000000 AND  LIMIT 5000; token 9210261722304791681 (see tombstone_warn_threshold)
[2026-04-05T10:29:14.870+0000] {logging_mixin.py:190} INFO - [V] Đã đẩy lên Kafka: Topic tracking_events
[2026-04-05T10:29:14.870+0000] {logging_mixin.py:190} INFO - [V] Đã đẩy lên Kafka: Topic tracking_events
[2026-04-05T10:29:14.871+0000] {logging_mixin.py:190} INFO - [V] Đã đẩy lên Kafka: Topic tracking_events
[2026-04-05T10:29:14.871+0000] {logging_mixin.py:190} INFO - [V] Đã đẩy lên Kafka: Topic tracking_events
[2026-04-05T10:29:14.871+0000] {logging_mixin.py:190} INFO - [V] Đã đẩy lên Kafka: Topic tracking_events
[2026-04-05T10:29:14.871+0000] {logging_mixin.py:190} INFO - [V] Đã đẩy lên Kafka: Topic tracking_events
[2026-04-05T10:29:14.871+0000] {logging_mixin.py:190} INFO - [V] Đã đẩy lên Kafka: Topic tracking_events
[2026-04-05T10:29:14.871+0000] {logging_mixin.py:190} INFO - [V] Đã đẩy lên Kafka: Topic tracking_events
[2026-04-05T10:29:14.872+0000] {logging_mixin.py:190} INFO - [V] Đã đẩy lên Kafka: Topic tracking_events
[2026-04-05T10:29:14.872+0000] {logging_mixin.py:190} INFO - [V] Đã đẩy lên Kafka: Topic tracking_events
[2026-04-05T10:29:14.872+0000] {logging_mixin.py:190} INFO - [V] Đã đẩy lên Kafka: Topic tracking_events
[2026-04-05T10:29:14.872+0000] {logging_mixin.py:190} INFO - [V] Đã đẩy lên Kafka: Topic tracking_events
[2026-04-05T10:29:14.872+0000] {logging_mixin.py:190} INFO - [V] Đã đẩy lên Kafka: Topic tracking_events
[2026-04-05T10:29:14.874+0000] {logging_mixin.py:190} INFO - [!] Đã đẩy 13 bản ghi lên Kafka!
[2026-04-05T10:29:33.061+0000] {protocol.py:1210} WARNING - Server warning: Read 8026 live rows and 73960 tombstone cells for query SELECT custom_track, job_id, ts FROM keyspace_name.tracking WHERE ts > 2026-04-05 10:29:09.000000 AND  LIMIT 5000; token 9210261722304791681 (see tombstone_warn_threshold)
[2026-04-05T10:29:48.128+0000] {protocol.py:1210} WARNING - Server warning: Read 8040 live rows and 73960 tombstone cells for query SELECT custom_track, job_id, ts FROM keyspace_name.tracking WHERE ts > 2026-04-05 10:29:09.000000 AND  LIMIT 5000; token 9210261722304791681 (see tombstone_warn_threshold)
[2026-04-05T10:29:48.139+0000] {logging_mixin.py:190} INFO - [V] Đã đẩy lên Kafka: Topic tracking_events
[2026-04-05T10:29:48.140+0000] {logging_mixin.py:190} INFO - [V] Đã đẩy lên Kafka: Topic tracking_events
[2026-04-05T10:29:48.140+0000] {logging_mixin.py:190} INFO - [V] Đã đẩy lên Kafka: Topic tracking_events
[2026-04-05T10:29:48.140+0000] {logging_mixin.py:190} INFO - [V] Đã đẩy lên Kafka: Topic tracking_events
[2026-04-05T10:29:48.141+0000] {logging_mixin.py:190} INFO - [V] Đã đẩy lên Kafka: Topic tracking_events
[2026-04-05T10:29:48.141+0000] {logging_mixin.py:190} INFO - [V] Đã đẩy lên Kafka: Topic tracking_events
[2026-04-05T10:29:48.141+0000] {logging_mixin.py:190} INFO - [V] Đã đẩy lên Kafka: Topic tracking_events
[2026-04-05T10:29:48.141+0000] {logging_mixin.py:190} INFO - [V] Đã đẩy lên Kafka: Topic tracking_events
[2026-04-05T10:29:48.141+0000] {logging_mixin.py:190} INFO - [V] Đã đẩy lên Kafka: Topic tracking_events
[2026-04-05T10:29:48.141+0000] {logging_mixin.py:190} INFO - [V] Đã đẩy lên Kafka: Topic tracking_events
[2026-04-05T10:29:48.141+0000] {logging_mixin.py:190} INFO - [V] Đã đẩy lên Kafka: Topic tracking_events
[2026-04-05T10:29:48.142+0000] {logging_mixin.py:190} INFO - [V] Đã đẩy lên Kafka: Topic tracking_events
[2026-04-05T10:29:48.142+0000] {logging_mixin.py:190} INFO - [V] Đã đẩy lên Kafka: Topic tracking_events
[2026-04-05T10:29:48.142+0000] {logging_mixin.py:190} INFO - [V] Đã đẩy lên Kafka: Topic tracking_events
[2026-04-05T10:29:48.146+0000] {logging_mixin.py:190} INFO - [!] Đã đẩy 14 bản ghi lên Kafka!
[2026-04-05T10:30:06.403+0000] {protocol.py:1210} WARNING - Server warning: Read 8046 live rows and 73960 tombstone cells for query SELECT custom_track, job_id, ts FROM keyspace_name.tracking WHERE ts > 2026-04-05 10:29:33.000000 AND  LIMIT 5000; token 9210261722304791681 (see tombstone_warn_threshold)
[2026-04-05T10:30:06.406+0000] {logging_mixin.py:190} INFO - [V] Đã đẩy lên Kafka: Topic tracking_events
[2026-04-05T10:30:06.406+0000] {logging_mixin.py:190} INFO - [V] Đã đẩy lên Kafka: Topic tracking_events
[2026-04-05T10:30:06.406+0000] {logging_mixin.py:190} INFO - [V] Đã đẩy lên Kafka: Topic tracking_events
[2026-04-05T10:30:06.406+0000] {logging_mixin.py:190} INFO - [V] Đã đẩy lên Kafka: Topic tracking_events
[2026-04-05T10:30:06.406+0000] {logging_mixin.py:190} INFO - [V] Đã đẩy lên Kafka: Topic tracking_events
[2026-04-05T10:30:06.406+0000] {logging_mixin.py:190} INFO - [V] Đã đẩy lên Kafka: Topic tracking_events
[2026-04-05T10:30:06.407+0000] {logging_mixin.py:190} INFO - [!] Đã đẩy 6 bản ghi lên Kafka!
[2026-04-05T10:30:21.448+0000] {protocol.py:1210} WARNING - Server warning: Read 8059 live rows and 73960 tombstone cells for query SELECT custom_track, job_id, ts FROM keyspace_name.tracking WHERE ts > 2026-04-05 10:29:53.000000 AND  LIMIT 5000; token 9210261722304791681 (see tombstone_warn_threshold)
[2026-04-05T10:30:21.451+0000] {logging_mixin.py:190} INFO - [V] Đã đẩy lên Kafka: Topic tracking_events
[2026-04-05T10:30:21.452+0000] {logging_mixin.py:190} INFO - [V] Đã đẩy lên Kafka: Topic tracking_events
[2026-04-05T10:30:21.452+0000] {logging_mixin.py:190} INFO - [V] Đã đẩy lên Kafka: Topic tracking_events
[2026-04-05T10:30:21.452+0000] {logging_mixin.py:190} INFO - [V] Đã đẩy lên Kafka: Topic tracking_events
[2026-04-05T10:30:21.452+0000] {logging_mixin.py:190} INFO - [V] Đã đẩy lên Kafka: Topic tracking_events
[2026-04-05T10:30:21.452+0000] {logging_mixin.py:190} INFO - [V] Đã đẩy lên Kafka: Topic tracking_events
[2026-04-05T10:30:21.452+0000] {logging_mixin.py:190} INFO - [V] Đã đẩy lên Kafka: Topic tracking_events
[2026-04-05T10:30:21.452+0000] {logging_mixin.py:190} INFO - [V] Đã đẩy lên Kafka: Topic tracking_events
[2026-04-05T10:30:21.453+0000] {logging_mixin.py:190} INFO - [V] Đã đẩy lên Kafka: Topic tracking_events
[2026-04-05T10:30:21.453+0000] {logging_mixin.py:190} INFO - [V] Đã đẩy lên Kafka: Topic tracking_events
[2026-04-05T10:30:21.453+0000] {logging_mixin.py:190} INFO - [V] Đã đẩy lên Kafka: Topic tracking_events
[2026-04-05T10:30:21.453+0000] {logging_mixin.py:190} INFO - [V] Đã đẩy lên Kafka: Topic tracking_events
[2026-04-05T10:30:21.453+0000] {logging_mixin.py:190} INFO - [V] Đã đẩy lên Kafka: Topic tracking_events
[2026-04-05T10:30:21.454+0000] {logging_mixin.py:190} INFO - [!] Đã đẩy 13 bản ghi lên Kafka!
[2026-04-05T10:30:39.573+0000] {protocol.py:1210} WARNING - Server warning: Read 8069 live rows and 73960 tombstone cells for query SELECT custom_track, job_id, ts FROM keyspace_name.tracking WHERE ts > 2026-04-05 10:30:16.000000 AND  LIMIT 5000; token 9210261722304791681 (see tombstone_warn_threshold)
[2026-04-05T10:30:39.576+0000] {logging_mixin.py:190} INFO - [V] Đã đẩy lên Kafka: Topic tracking_events
[2026-04-05T10:30:39.576+0000] {logging_mixin.py:190} INFO - [V] Đã đẩy lên Kafka: Topic tracking_events
[2026-04-05T10:30:39.577+0000] {logging_mixin.py:190} INFO - [V] Đã đẩy lên Kafka: Topic tracking_events
[2026-04-05T10:30:39.577+0000] {logging_mixin.py:190} INFO - [V] Đã đẩy lên Kafka: Topic tracking_events
[2026-04-05T10:30:39.577+0000] {logging_mixin.py:190} INFO - [V] Đã đẩy lên Kafka: Topic tracking_events
[2026-04-05T10:30:39.577+0000] {logging_mixin.py:190} INFO - [V] Đã đẩy lên Kafka: Topic tracking_events
[2026-04-05T10:30:39.577+0000] {logging_mixin.py:190} INFO - [V] Đã đẩy lên Kafka: Topic tracking_events
[2026-04-05T10:30:39.577+0000] {logging_mixin.py:190} INFO - [V] Đã đẩy lên Kafka: Topic tracking_events
[2026-04-05T10:30:39.577+0000] {logging_mixin.py:190} INFO - [V] Đã đẩy lên Kafka: Topic tracking_events
[2026-04-05T10:30:39.577+0000] {logging_mixin.py:190} INFO - [V] Đã đẩy lên Kafka: Topic tracking_events
[2026-04-05T10:30:39.578+0000] {logging_mixin.py:190} INFO - [!] Đã đẩy 10 bản ghi lên Kafka!
[2026-04-05T10:30:54.661+0000] {protocol.py:1210} WARNING - Server warning: Read 8069 live rows and 73960 tombstone cells for query SELECT custom_track, job_id, ts FROM keyspace_name.tracking WHERE ts > 2026-04-05 10:30:39.000000 AND  LIMIT 5000; token 9210261722304791681 (see tombstone_warn_threshold)
[2026-04-05T10:31:13.063+0000] {protocol.py:1210} WARNING - Server warning: Read 8074 live rows and 73960 tombstone cells for query SELECT custom_track, job_id, ts FROM keyspace_name.tracking WHERE ts > 2026-04-05 10:30:39.000000 AND  LIMIT 5000; token 9210261722304791681 (see tombstone_warn_threshold)
[2026-04-05T10:31:13.069+0000] {logging_mixin.py:190} INFO - [V] Đã đẩy lên Kafka: Topic tracking_events
[2026-04-05T10:31:13.070+0000] {logging_mixin.py:190} INFO - [V] Đã đẩy lên Kafka: Topic tracking_events
[2026-04-05T10:31:13.070+0000] {logging_mixin.py:190} INFO - [V] Đã đẩy lên Kafka: Topic tracking_events
[2026-04-05T10:31:13.070+0000] {logging_mixin.py:190} INFO - [V] Đã đẩy lên Kafka: Topic tracking_events
[2026-04-05T10:31:13.070+0000] {logging_mixin.py:190} INFO - [V] Đã đẩy lên Kafka: Topic tracking_events
[2026-04-05T10:31:13.074+0000] {logging_mixin.py:190} INFO - [!] Đã đẩy 5 bản ghi lên Kafka!
[2026-04-05T10:31:23.317+0000] {local_task_job_runner.py:127} ERROR - Received SIGTERM. Terminating subprocesses
[2026-04-05T10:31:23.334+0000] {process_utils.py:132} INFO - Sending 15 to group 206. PIDs of all processes in the group: [206]
[2026-04-05T10:31:23.335+0000] {process_utils.py:87} INFO - Sending the signal 15 to group 206
[2026-04-05T10:31:23.336+0000] {taskinstance.py:3094} ERROR - Received SIGTERM. Terminating subprocesses.
[2026-04-05T10:31:23.400+0000] {taskinstance.py:3095} ERROR - Stacktrace: 
  File "/home/***/.local/bin/***", line 8, in <module>
    sys.exit(main())
  File "/home/***/.local/lib/python3.8/site-packages/***/__main__.py", line 62, in main
    args.func(args)
  File "/home/***/.local/lib/python3.8/site-packages/***/cli/cli_config.py", line 49, in command
    return func(*args, **kwargs)
  File "/home/***/.local/lib/python3.8/site-packages/***/utils/cli.py", line 116, in wrapper
    return f(*args, **kwargs)
  File "/home/***/.local/lib/python3.8/site-packages/***/utils/providers_configuration_loader.py", line 55, in wrapped_function
    return func(*args, **kwargs)
  File "/home/***/.local/lib/python3.8/site-packages/***/cli/commands/scheduler_command.py", line 56, in scheduler
    run_command_with_daemon_option(
  File "/home/***/.local/lib/python3.8/site-packages/***/cli/commands/daemon_utils.py", line 86, in run_command_with_daemon_option
    callback()
  File "/home/***/.local/lib/python3.8/site-packages/***/cli/commands/scheduler_command.py", line 59, in <lambda>
    callback=lambda: _run_scheduler_job(args),
  File "/home/***/.local/lib/python3.8/site-packages/***/cli/commands/scheduler_command.py", line 47, in _run_scheduler_job
    run_job(job=job_runner.job, execute_callable=job_runner._execute)
  File "/home/***/.local/lib/python3.8/site-packages/***/utils/session.py", line 97, in wrapper
    return func(*args, session=session, **kwargs)
  File "/home/***/.local/lib/python3.8/site-packages/***/jobs/job.py", line 421, in run_job
    return execute_job(job, execute_callable=execute_callable)
  File "/home/***/.local/lib/python3.8/site-packages/***/jobs/job.py", line 450, in execute_job
    ret = execute_callable()
  File "/home/***/.local/lib/python3.8/site-packages/***/jobs/scheduler_job_runner.py", line 990, in _execute
    executor.start()
  File "/home/***/.local/lib/python3.8/site-packages/***/executors/local_executor.py", line 392, in start
    self.impl.start()
  File "/home/***/.local/lib/python3.8/site-packages/***/executors/local_executor.py", line 330, in start
    worker.start()
  File "/usr/local/lib/python3.8/multiprocessing/process.py", line 121, in start
    self._popen = self._Popen(self)
  File "/usr/local/lib/python3.8/multiprocessing/context.py", line 224, in _Popen
    return _default_context.get_context().Process._Popen(process_obj)
  File "/usr/local/lib/python3.8/multiprocessing/context.py", line 277, in _Popen
    return Popen(process_obj)
  File "/usr/local/lib/python3.8/multiprocessing/popen_fork.py", line 19, in __init__
    self._launch(process_obj)
  File "/usr/local/lib/python3.8/multiprocessing/popen_fork.py", line 75, in _launch
    code = process_obj._bootstrap(parent_sentinel=child_r)
  File "/usr/local/lib/python3.8/multiprocessing/process.py", line 315, in _bootstrap
    self.run()
  File "/home/***/.local/lib/python3.8/site-packages/***/executors/local_executor.py", line 80, in run
    return super().run()
  File "/usr/local/lib/python3.8/multiprocessing/process.py", line 108, in run
    self._target(*self._args, **self._kwargs)
  File "/home/***/.local/lib/python3.8/site-packages/***/traces/tracer.py", line 58, in wrapper
    return func(*args, **kwargs)
  File "/home/***/.local/lib/python3.8/site-packages/***/executors/local_executor.py", line 211, in do_work
    self.execute_work(key=key, command=command)
  File "/home/***/.local/lib/python3.8/site-packages/***/traces/tracer.py", line 58, in wrapper
    return func(*args, **kwargs)
  File "/home/***/.local/lib/python3.8/site-packages/***/executors/local_executor.py", line 100, in execute_work
    state = self._execute_work_in_fork(command)
  File "/home/***/.local/lib/python3.8/site-packages/***/traces/tracer.py", line 58, in wrapper
    return func(*args, **kwargs)
  File "/home/***/.local/lib/python3.8/site-packages/***/executors/local_executor.py", line 142, in _execute_work_in_fork
    args.func(args)
  File "/home/***/.local/lib/python3.8/site-packages/***/cli/cli_config.py", line 49, in command
    return func(*args, **kwargs)
  File "/home/***/.local/lib/python3.8/site-packages/***/utils/cli.py", line 116, in wrapper
    return f(*args, **kwargs)
  File "/home/***/.local/lib/python3.8/site-packages/***/cli/commands/task_command.py", line 483, in task_run
    task_return_code = _run_task_by_selected_method(args, _dag, ti)
  File "/home/***/.local/lib/python3.8/site-packages/***/cli/commands/task_command.py", line 254, in _run_task_by_selected_method
    return _run_task_by_local_task_job(args, ti)
  File "/home/***/.local/lib/python3.8/site-packages/***/cli/commands/task_command.py", line 322, in _run_task_by_local_task_job
    ret = run_job(job=job_runner.job, execute_callable=job_runner._execute)
  File "/home/***/.local/lib/python3.8/site-packages/***/utils/session.py", line 97, in wrapper
    return func(*args, session=session, **kwargs)
  File "/home/***/.local/lib/python3.8/site-packages/***/jobs/job.py", line 421, in run_job
    return execute_job(job, execute_callable=execute_callable)
  File "/home/***/.local/lib/python3.8/site-packages/***/jobs/job.py", line 450, in execute_job
    ret = execute_callable()
  File "/home/***/.local/lib/python3.8/site-packages/***/jobs/local_task_job_runner.py", line 171, in _execute
    self.task_runner.start()
  File "/home/***/.local/lib/python3.8/site-packages/***/task/task_runner/standard_task_runner.py", line 55, in start
    self.process = self._start_by_fork()
  File "/home/***/.local/lib/python3.8/site-packages/***/task/task_runner/standard_task_runner.py", line 117, in _start_by_fork
    ret = args.func(args, dag=self.dag)
  File "/home/***/.local/lib/python3.8/site-packages/***/cli/cli_config.py", line 49, in command
    return func(*args, **kwargs)
  File "/home/***/.local/lib/python3.8/site-packages/***/utils/cli.py", line 116, in wrapper
    return f(*args, **kwargs)
  File "/home/***/.local/lib/python3.8/site-packages/***/cli/commands/task_command.py", line 483, in task_run
    task_return_code = _run_task_by_selected_method(args, _dag, ti)
  File "/home/***/.local/lib/python3.8/site-packages/***/cli/commands/task_command.py", line 256, in _run_task_by_selected_method
    return _run_raw_task(args, ti)
  File "/home/***/.local/lib/python3.8/site-packages/***/cli/commands/task_command.py", line 341, in _run_raw_task
    return ti._run_raw_task(
  File "/home/***/.local/lib/python3.8/site-packages/***/utils/session.py", line 97, in wrapper
    return func(*args, session=session, **kwargs)
  File "/home/***/.local/lib/python3.8/site-packages/***/models/taskinstance.py", line 3006, in _run_raw_task
    return _run_raw_task(
  File "/home/***/.local/lib/python3.8/site-packages/***/models/taskinstance.py", line 274, in _run_raw_task
    TaskInstance._execute_task_with_callbacks(
  File "/home/***/.local/lib/python3.8/site-packages/***/models/taskinstance.py", line 3161, in _execute_task_with_callbacks
    result = self._execute_task(context, task_orig)
  File "/home/***/.local/lib/python3.8/site-packages/***/models/taskinstance.py", line 3185, in _execute_task
    return _execute_task(self, context, task_orig)
  File "/home/***/.local/lib/python3.8/site-packages/***/models/taskinstance.py", line 768, in _execute_task
    result = _execute_callable(context=context, **execute_callable_kwargs)
  File "/home/***/.local/lib/python3.8/site-packages/***/models/taskinstance.py", line 734, in _execute_callable
    return ExecutionCallableRunner(
  File "/home/***/.local/lib/python3.8/site-packages/***/utils/operator_helpers.py", line 252, in run
    return self.func(*args, **kwargs)
  File "/home/***/.local/lib/python3.8/site-packages/***/models/baseoperator.py", line 424, in wrapper
    return func(self, *args, **kwargs)
  File "/home/***/.local/lib/python3.8/site-packages/***/operators/python.py", line 238, in execute
    return_value = self.execute_callable()
  File "/home/***/.local/lib/python3.8/site-packages/***/operators/python.py", line 256, in execute_callable
    return runner.run(*self.op_args, **self.op_kwargs)
  File "/home/***/.local/lib/python3.8/site-packages/***/utils/operator_helpers.py", line 252, in run
    return self.func(*args, **kwargs)
  File "/opt/***/scripts/ingestion/kafka_cdc_producer.py", line 57, in cdc_polling_consumer
    time.sleep(15)
  File "/home/***/.local/lib/python3.8/site-packages/***/models/taskinstance.py", line 3095, in signal_handler
    self.log.error("Stacktrace: \n%s", "".join(traceback.format_stack()))

[2026-04-05T10:31:23.466+0000] {taskinstance.py:3313} ERROR - Task failed with exception
Traceback (most recent call last):
  File "/home/airflow/.local/lib/python3.8/site-packages/airflow/models/taskinstance.py", line 768, in _execute_task
    result = _execute_callable(context=context, **execute_callable_kwargs)
  File "/home/airflow/.local/lib/python3.8/site-packages/airflow/models/taskinstance.py", line 734, in _execute_callable
    return ExecutionCallableRunner(
  File "/home/airflow/.local/lib/python3.8/site-packages/airflow/utils/operator_helpers.py", line 252, in run
    return self.func(*args, **kwargs)
  File "/home/airflow/.local/lib/python3.8/site-packages/airflow/models/baseoperator.py", line 424, in wrapper
    return func(self, *args, **kwargs)
  File "/home/airflow/.local/lib/python3.8/site-packages/airflow/operators/python.py", line 238, in execute
    return_value = self.execute_callable()
  File "/home/airflow/.local/lib/python3.8/site-packages/airflow/operators/python.py", line 256, in execute_callable
    return runner.run(*self.op_args, **self.op_kwargs)
  File "/home/airflow/.local/lib/python3.8/site-packages/airflow/utils/operator_helpers.py", line 252, in run
    return self.func(*args, **kwargs)
  File "/opt/airflow/scripts/ingestion/kafka_cdc_producer.py", line 57, in cdc_polling_consumer
    time.sleep(15)
  File "/home/airflow/.local/lib/python3.8/site-packages/airflow/models/taskinstance.py", line 3097, in signal_handler
    raise AirflowTaskTerminated("Task received SIGTERM signal")
airflow.exceptions.AirflowTaskTerminated: Task received SIGTERM signal
[2026-04-05T10:31:23.492+0000] {taskinstance.py:1226} INFO - Marking task as UP_FOR_RETRY. dag_id=1_continuous_services_bear_mode, task_id=service_kafka_cdc, run_id=manual__2026-04-05T10:26:11.457574+00:00, execution_date=20260405T102611, start_date=20260405T102613, end_date=20260405T103123
[2026-04-05T10:31:23.605+0000] {taskinstance.py:341} INFO - ::group::Post task execution logs
[2026-04-05T10:31:23.654+0000] {process_utils.py:80} INFO - Process psutil.Process(pid=206, status='terminated', exitcode=2, started='10:26:12') (206) terminated with exit code 2
[2026-04-05T10:31:23.677+0000] {local_task_job_runner.py:266} INFO - Task exited with return code 143
[2026-04-05T10:31:23.738+0000] {taskinstance.py:3901} INFO - 0 downstream tasks scheduled from follow-on schedule check
