[2026-04-05T08:56:58.847+0000] {local_task_job_runner.py:123} INFO - ::group::Pre task execution logs
[2026-04-05T08:56:58.869+0000] {taskinstance.py:2614} INFO - Dependencies all met for dep_context=non-requeueable deps ti=<TaskInstance: recruitment_cdc_cassandra_to_mysql.run_data_generator scheduled__2026-04-05T07:00:00+00:00 [queued]>
[2026-04-05T08:56:58.881+0000] {taskinstance.py:2614} INFO - Dependencies all met for dep_context=requeueable deps ti=<TaskInstance: recruitment_cdc_cassandra_to_mysql.run_data_generator scheduled__2026-04-05T07:00:00+00:00 [queued]>
[2026-04-05T08:56:58.881+0000] {taskinstance.py:2867} INFO - Starting attempt 1 of 2
[2026-04-05T08:56:58.899+0000] {taskinstance.py:2890} INFO - Executing <Task(PythonOperator): run_data_generator> on 2026-04-05 07:00:00+00:00
[2026-04-05T08:56:58.910+0000] {standard_task_runner.py:72} INFO - Started process 402 to run task
[2026-04-05T08:56:58.920+0000] {standard_task_runner.py:104} INFO - Running: ['***', 'tasks', 'run', 'recruitment_cdc_cassandra_to_mysql', 'run_data_generator', 'scheduled__2026-04-05T07:00:00+00:00', '--job-id', '3', '--raw', '--subdir', 'DAGS_FOLDER/main_pipeline_dag.py', '--cfg-path', '/tmp/tmp2gq3zlki']
[2026-04-05T08:56:58.929+0000] {standard_task_runner.py:105} INFO - Job 3: Subtask run_data_generator
[2026-04-05T08:56:59.031+0000] {task_command.py:467} INFO - Running <TaskInstance: recruitment_cdc_cassandra_to_mysql.run_data_generator scheduled__2026-04-05T07:00:00+00:00 [running]> on host 40f786deaaea
[2026-04-05T08:56:59.140+0000] {taskinstance.py:3134} INFO - Exporting env vars: AIRFLOW_CTX_DAG_OWNER='shibe' AIRFLOW_CTX_DAG_ID='recruitment_cdc_cassandra_to_mysql' AIRFLOW_CTX_TASK_ID='run_data_generator' AIRFLOW_CTX_EXECUTION_DATE='2026-04-05T07:00:00+00:00' AIRFLOW_CTX_TRY_NUMBER='1' AIRFLOW_CTX_DAG_RUN_ID='scheduled__2026-04-05T07:00:00+00:00'
[2026-04-05T08:56:59.143+0000] {taskinstance.py:732} INFO - ::endgroup::
[2026-04-05T08:56:59.160+0000] {logging_mixin.py:190} INFO - 🚀 Khởi tạo kết nối hệ thống...
[2026-04-05T08:56:59.745+0000] {cluster.py:1324} WARNING - Cluster.__init__ called with contact_points specified, but no load_balancing_policy. In the next major version, this will raise an error; please specify a load-balancing policy. (contact_points = ['cassandra'], lbp = None)
[2026-04-05T08:56:59.752+0000] {cluster.py:1701} WARNING - Downgrading core protocol version from 66 to 65 for 172.19.0.6:9042. To avoid this, it is best practice to explicitly set Cluster(protocol_version) to the version supported by your cluster. https://docs.datastax.com/en/developer/python-driver/latest/api/cassandra/cluster.html#cassandra.cluster.Cluster.protocol_version
[2026-04-05T08:56:59.756+0000] {cluster.py:1701} WARNING - Downgrading core protocol version from 65 to 5 for 172.19.0.6:9042. To avoid this, it is best practice to explicitly set Cluster(protocol_version) to the version supported by your cluster. https://docs.datastax.com/en/developer/python-driver/latest/api/cassandra/cluster.html#cassandra.cluster.Cluster.protocol_version
[2026-04-05T08:56:59.760+0000] {connection.py:1290} ERROR - Closing connection <AsyncoreConnection(130303623498192) 172.19.0.6:9042> due to protocol error: Error from server: code=000a [Protocol error] message="Beta version of the protocol used (5/v5-beta), but USE_BETA flag is unset"
[2026-04-05T08:56:59.761+0000] {cluster.py:1701} WARNING - Downgrading core protocol version from 5 to 4 for 172.19.0.6:9042. To avoid this, it is best practice to explicitly set Cluster(protocol_version) to the version supported by your cluster. https://docs.datastax.com/en/developer/python-driver/latest/api/cassandra/cluster.html#cassandra.cluster.Cluster.protocol_version
[2026-04-05T08:56:59.766+0000] {connection.py:1420} WARNING - An authentication challenge was not sent, this is suspicious because the driver expects authentication (configured authenticator = PlainTextAuthenticator)
[2026-04-05T08:56:59.782+0000] {policies.py:289} INFO - Using datacenter 'datacenter1' for DCAwareRoundRobinPolicy (via host '172.19.0.6:9042'); if incorrect, please specify a local_dc to the constructor, or limit contact points to local cluster nodes
[2026-04-05T08:56:59.822+0000] {connection.py:1420} WARNING - An authentication challenge was not sent, this is suspicious because the driver expects authentication (configured authenticator = PlainTextAuthenticator)
[2026-04-05T08:56:59.827+0000] {logging_mixin.py:190} INFO - 🚀 Bắt đầu tạo dữ liệu giả...
[2026-04-05T08:57:00.060+0000] {logging_mixin.py:190} INFO - [+] Inserted: Job 1548 | Track: click | TS: 2026-04-05 08:57:00
[2026-04-05T08:57:00.065+0000] {logging_mixin.py:190} INFO - [+] Inserted: Job 2026 | Track: click | TS: 2026-04-05 08:57:00
[2026-04-05T08:57:00.068+0000] {logging_mixin.py:190} INFO - [+] Inserted: Job 1678 | Track: click | TS: 2026-04-05 08:57:00
[2026-04-05T08:57:00.074+0000] {logging_mixin.py:190} INFO - [+] Inserted: Job 140 | Track: unqualified | TS: 2026-04-05 08:57:00
[2026-04-05T08:57:00.078+0000] {logging_mixin.py:190} INFO - [+] Inserted: Job 523 | Track: click | TS: 2026-04-05 08:57:00
[2026-04-05T08:57:00.082+0000] {logging_mixin.py:190} INFO - [+] Inserted: Job 1658 | Track: click | TS: 2026-04-05 08:57:00
[2026-04-05T08:57:00.085+0000] {logging_mixin.py:190} INFO - [+] Inserted: Job 1901 | Track: click | TS: 2026-04-05 08:57:00
[2026-04-05T08:57:00.088+0000] {logging_mixin.py:190} INFO - [+] Inserted: Job 589 | Track: qualified | TS: 2026-04-05 08:57:00
[2026-04-05T08:57:00.092+0000] {logging_mixin.py:190} INFO - [+] Inserted: Job 261 | Track: click | TS: 2026-04-05 08:57:00
[2026-04-05T08:57:00.096+0000] {logging_mixin.py:190} INFO - [+] Inserted: Job 945 | Track: qualified | TS: 2026-04-05 08:57:00
[2026-04-05T08:57:00.099+0000] {logging_mixin.py:190} INFO - [+] Inserted: Job 1357 | Track: qualified | TS: 2026-04-05 08:57:00
[2026-04-05T08:57:00.103+0000] {logging_mixin.py:190} INFO - [+] Inserted: Job 80 | Track: conversion | TS: 2026-04-05 08:57:00
[2026-04-05T08:57:00.106+0000] {logging_mixin.py:190} INFO - [+] Inserted: Job 851 | Track: click | TS: 2026-04-05 08:57:00
[2026-04-05T08:57:00.112+0000] {logging_mixin.py:190} INFO - [+] Inserted: Job 1282 | Track: conversion | TS: 2026-04-05 08:57:00
[2026-04-05T08:57:00.115+0000] {logging_mixin.py:190} INFO - [+] Inserted: Job 947 | Track: conversion | TS: 2026-04-05 08:57:00
[2026-04-05T08:57:00.118+0000] {logging_mixin.py:190} INFO - [+] Inserted: Job 1733 | Track: unqualified | TS: 2026-04-05 08:57:00
[2026-04-05T08:57:00.122+0000] {logging_mixin.py:190} INFO - [+] Inserted: Job 1712 | Track: click | TS: 2026-04-05 08:57:00
[2026-04-05T08:57:00.124+0000] {logging_mixin.py:190} INFO - [+] Inserted: Job 9 | Track: click | TS: 2026-04-05 08:57:00
[2026-04-05T08:57:20.158+0000] {logging_mixin.py:190} INFO - [+] Inserted: Job 1909 | Track: click | TS: 2026-04-05 08:57:20
[2026-04-05T08:57:20.161+0000] {logging_mixin.py:190} INFO - [+] Inserted: Job 1934 | Track: qualified | TS: 2026-04-05 08:57:20
[2026-04-05T08:57:20.163+0000] {logging_mixin.py:190} INFO - [+] Inserted: Job 1954 | Track: click | TS: 2026-04-05 08:57:20
[2026-04-05T08:57:20.166+0000] {logging_mixin.py:190} INFO - [+] Inserted: Job 949 | Track: click | TS: 2026-04-05 08:57:20
[2026-04-05T08:57:20.170+0000] {logging_mixin.py:190} INFO - [+] Inserted: Job 1873 | Track: click | TS: 2026-04-05 08:57:20
[2026-04-05T08:57:20.175+0000] {logging_mixin.py:190} INFO - [+] Inserted: Job 1366 | Track: click | TS: 2026-04-05 08:57:20
[2026-04-05T08:57:20.178+0000] {logging_mixin.py:190} INFO - [+] Inserted: Job 84 | Track: unqualified | TS: 2026-04-05 08:57:20
[2026-04-05T08:57:20.182+0000] {logging_mixin.py:190} INFO - [+] Inserted: Job 313 | Track: click | TS: 2026-04-05 08:57:20
[2026-04-05T08:57:20.185+0000] {logging_mixin.py:190} INFO - [+] Inserted: Job 235 | Track: qualified | TS: 2026-04-05 08:57:20
[2026-04-05T08:57:20.187+0000] {logging_mixin.py:190} INFO - [+] Inserted: Job 933 | Track: unqualified | TS: 2026-04-05 08:57:20
[2026-04-05T08:57:20.190+0000] {logging_mixin.py:190} INFO - [+] Inserted: Job 1927 | Track: click | TS: 2026-04-05 08:57:20
[2026-04-05T08:57:20.192+0000] {logging_mixin.py:190} INFO - [+] Inserted: Job 524 | Track: qualified | TS: 2026-04-05 08:57:20
[2026-04-05T08:57:43.330+0000] {logging_mixin.py:190} INFO - [+] Inserted: Job 1692 | Track: click | TS: 2026-04-05 08:57:43
[2026-04-05T08:58:06.580+0000] {logging_mixin.py:190} INFO - [+] Inserted: Job 1328 | Track: conversion | TS: 2026-04-05 08:58:06
[2026-04-05T08:58:06.583+0000] {logging_mixin.py:190} INFO - [+] Inserted: Job 881 | Track: click | TS: 2026-04-05 08:58:06
[2026-04-05T08:58:06.585+0000] {logging_mixin.py:190} INFO - [+] Inserted: Job 1585 | Track: click | TS: 2026-04-05 08:58:06
[2026-04-05T08:58:06.587+0000] {logging_mixin.py:190} INFO - [+] Inserted: Job 1634 | Track: click | TS: 2026-04-05 08:58:06
[2026-04-05T08:58:06.589+0000] {logging_mixin.py:190} INFO - [+] Inserted: Job 549 | Track: click | TS: 2026-04-05 08:58:06
[2026-04-05T08:58:06.591+0000] {logging_mixin.py:190} INFO - [+] Inserted: Job 746 | Track: click | TS: 2026-04-05 08:58:06
[2026-04-05T08:58:06.593+0000] {logging_mixin.py:190} INFO - [+] Inserted: Job 656 | Track: click | TS: 2026-04-05 08:58:06
[2026-04-05T08:58:06.596+0000] {logging_mixin.py:190} INFO - [+] Inserted: Job 1744 | Track: qualified | TS: 2026-04-05 08:58:06
[2026-04-05T08:58:06.599+0000] {logging_mixin.py:190} INFO - [+] Inserted: Job 1455 | Track: click | TS: 2026-04-05 08:58:06
[2026-04-05T08:58:06.603+0000] {logging_mixin.py:190} INFO - [+] Inserted: Job 1675 | Track: click | TS: 2026-04-05 08:58:06
[2026-04-05T08:58:06.607+0000] {logging_mixin.py:190} INFO - [+] Inserted: Job 974 | Track: click | TS: 2026-04-05 08:58:06
[2026-04-05T08:58:06.610+0000] {logging_mixin.py:190} INFO - [+] Inserted: Job 586 | Track: click | TS: 2026-04-05 08:58:06
[2026-04-05T08:58:06.612+0000] {logging_mixin.py:190} INFO - [+] Inserted: Job 883 | Track: click | TS: 2026-04-05 08:58:06
[2026-04-05T08:58:06.615+0000] {logging_mixin.py:190} INFO - [+] Inserted: Job 1059 | Track: click | TS: 2026-04-05 08:58:06
[2026-04-05T08:58:06.617+0000] {logging_mixin.py:190} INFO - [+] Inserted: Job 2004 | Track: conversion | TS: 2026-04-05 08:58:06
[2026-04-05T08:58:06.619+0000] {logging_mixin.py:190} INFO - [+] Inserted: Job 1748 | Track: qualified | TS: 2026-04-05 08:58:06
[2026-04-05T08:58:06.622+0000] {logging_mixin.py:190} INFO - [+] Inserted: Job 541 | Track: click | TS: 2026-04-05 08:58:06
[2026-04-05T08:58:26.657+0000] {logging_mixin.py:190} INFO - [+] Inserted: Job 734 | Track: conversion | TS: 2026-04-05 08:58:26
[2026-04-05T08:58:26.659+0000] {logging_mixin.py:190} INFO - [+] Inserted: Job 1865 | Track: unqualified | TS: 2026-04-05 08:58:26
[2026-04-05T08:58:26.662+0000] {logging_mixin.py:190} INFO - [+] Inserted: Job 524 | Track: click | TS: 2026-04-05 08:58:26
[2026-04-05T08:58:26.664+0000] {logging_mixin.py:190} INFO - [+] Inserted: Job 582 | Track: click | TS: 2026-04-05 08:58:26
[2026-04-05T08:58:26.666+0000] {logging_mixin.py:190} INFO - [+] Inserted: Job 1494 | Track: click | TS: 2026-04-05 08:58:26
[2026-04-05T08:58:26.669+0000] {logging_mixin.py:190} INFO - [+] Inserted: Job 1608 | Track: click | TS: 2026-04-05 08:58:26
[2026-04-05T08:58:26.672+0000] {logging_mixin.py:190} INFO - [+] Inserted: Job 338 | Track: click | TS: 2026-04-05 08:58:26
[2026-04-05T08:58:26.675+0000] {logging_mixin.py:190} INFO - [+] Inserted: Job 976 | Track: click | TS: 2026-04-05 08:58:26
[2026-04-05T08:58:26.679+0000] {logging_mixin.py:190} INFO - [+] Inserted: Job 482 | Track: click | TS: 2026-04-05 08:58:26
[2026-04-05T08:58:26.683+0000] {logging_mixin.py:190} INFO - [+] Inserted: Job 1453 | Track: click | TS: 2026-04-05 08:58:26
[2026-04-05T08:58:26.687+0000] {logging_mixin.py:190} INFO - [+] Inserted: Job 102 | Track: click | TS: 2026-04-05 08:58:26
[2026-04-05T08:58:26.692+0000] {logging_mixin.py:190} INFO - [+] Inserted: Job 1319 | Track: unqualified | TS: 2026-04-05 08:58:26
[2026-04-05T08:58:26.696+0000] {logging_mixin.py:190} INFO - [+] Inserted: Job 2042 | Track: unqualified | TS: 2026-04-05 08:58:26
[2026-04-05T08:58:26.699+0000] {logging_mixin.py:190} INFO - [+] Inserted: Job 1812 | Track: click | TS: 2026-04-05 08:58:26
[2026-04-05T08:58:26.702+0000] {logging_mixin.py:190} INFO - [+] Inserted: Job 570 | Track: click | TS: 2026-04-05 08:58:26
[2026-04-05T08:58:26.705+0000] {logging_mixin.py:190} INFO - [+] Inserted: Job 781 | Track: unqualified | TS: 2026-04-05 08:58:26
[2026-04-05T08:58:26.708+0000] {logging_mixin.py:190} INFO - [+] Inserted: Job 1613 | Track: qualified | TS: 2026-04-05 08:58:26
[2026-04-05T08:58:26.710+0000] {logging_mixin.py:190} INFO - [+] Inserted: Job 1670 | Track: conversion | TS: 2026-04-05 08:58:26
[2026-04-05T08:58:49.959+0000] {logging_mixin.py:190} INFO - [+] Inserted: Job 1000 | Track: click | TS: 2026-04-05 08:58:49
[2026-04-05T08:58:49.961+0000] {logging_mixin.py:190} INFO - [+] Inserted: Job 1765 | Track: click | TS: 2026-04-05 08:58:49
[2026-04-05T08:58:49.963+0000] {logging_mixin.py:190} INFO - [+] Inserted: Job 1995 | Track: unqualified | TS: 2026-04-05 08:58:49
[2026-04-05T08:58:49.965+0000] {logging_mixin.py:190} INFO - [+] Inserted: Job 1938 | Track: click | TS: 2026-04-05 08:58:49
[2026-04-05T08:58:49.967+0000] {logging_mixin.py:190} INFO - [+] Inserted: Job 680 | Track: click | TS: 2026-04-05 08:58:49
[2026-04-05T08:58:49.968+0000] {logging_mixin.py:190} INFO - [+] Inserted: Job 1021 | Track: click | TS: 2026-04-05 08:58:49
[2026-04-05T08:59:13.243+0000] {logging_mixin.py:190} INFO - [+] Inserted: Job 709 | Track: click | TS: 2026-04-05 08:59:13
[2026-04-05T08:59:33.278+0000] {logging_mixin.py:190} INFO - [+] Inserted: Job 2043 | Track: click | TS: 2026-04-05 08:59:33
[2026-04-05T08:59:33.282+0000] {logging_mixin.py:190} INFO - [+] Inserted: Job 639 | Track: click | TS: 2026-04-05 08:59:33
[2026-04-05T08:59:33.284+0000] {logging_mixin.py:190} INFO - [+] Inserted: Job 620 | Track: unqualified | TS: 2026-04-05 08:59:33
[2026-04-05T08:59:33.287+0000] {logging_mixin.py:190} INFO - [+] Inserted: Job 452 | Track: click | TS: 2026-04-05 08:59:33
[2026-04-05T08:59:33.290+0000] {logging_mixin.py:190} INFO - [+] Inserted: Job 2072 | Track: click | TS: 2026-04-05 08:59:33
[2026-04-05T08:59:33.295+0000] {logging_mixin.py:190} INFO - [+] Inserted: Job 1526 | Track: conversion | TS: 2026-04-05 08:59:33
[2026-04-05T08:59:33.299+0000] {logging_mixin.py:190} INFO - [+] Inserted: Job 1447 | Track: qualified | TS: 2026-04-05 08:59:33
[2026-04-05T08:59:33.301+0000] {logging_mixin.py:190} INFO - [+] Inserted: Job 1777 | Track: click | TS: 2026-04-05 08:59:33
[2026-04-05T08:59:33.304+0000] {logging_mixin.py:190} INFO - [+] Inserted: Job 490 | Track: unqualified | TS: 2026-04-05 08:59:33
[2026-04-05T08:59:33.308+0000] {logging_mixin.py:190} INFO - [+] Inserted: Job 1011 | Track: unqualified | TS: 2026-04-05 08:59:33
[2026-04-05T08:59:33.310+0000] {logging_mixin.py:190} INFO - [+] Inserted: Job 1794 | Track: conversion | TS: 2026-04-05 08:59:33
[2026-04-05T08:59:33.313+0000] {logging_mixin.py:190} INFO - [+] Inserted: Job 1672 | Track: click | TS: 2026-04-05 08:59:33
[2026-04-05T08:59:56.434+0000] {logging_mixin.py:190} INFO - [+] Inserted: Job 524 | Track: click | TS: 2026-04-05 08:59:56
[2026-04-05T09:00:19.717+0000] {logging_mixin.py:190} INFO - [+] Inserted: Job 689 | Track: qualified | TS: 2026-04-05 09:00:19
[2026-04-05T09:00:19.720+0000] {logging_mixin.py:190} INFO - [+] Inserted: Job 876 | Track: qualified | TS: 2026-04-05 09:00:19
[2026-04-05T09:00:19.724+0000] {logging_mixin.py:190} INFO - [+] Inserted: Job 168 | Track: qualified | TS: 2026-04-05 09:00:19
[2026-04-05T09:00:19.727+0000] {logging_mixin.py:190} INFO - [+] Inserted: Job 2020 | Track: unqualified | TS: 2026-04-05 09:00:19
[2026-04-05T09:00:19.730+0000] {logging_mixin.py:190} INFO - [+] Inserted: Job 2020 | Track: click | TS: 2026-04-05 09:00:19
[2026-04-05T09:00:19.733+0000] {logging_mixin.py:190} INFO - [+] Inserted: Job 1190 | Track: click | TS: 2026-04-05 09:00:19
[2026-04-05T09:00:19.735+0000] {logging_mixin.py:190} INFO - [+] Inserted: Job 1225 | Track: click | TS: 2026-04-05 09:00:19
[2026-04-05T09:00:19.738+0000] {logging_mixin.py:190} INFO - [+] Inserted: Job 2034 | Track: click | TS: 2026-04-05 09:00:19
[2026-04-05T09:00:19.740+0000] {logging_mixin.py:190} INFO - [+] Inserted: Job 992 | Track: qualified | TS: 2026-04-05 09:00:19
[2026-04-05T09:00:39.768+0000] {logging_mixin.py:190} INFO - [+] Inserted: Job 2004 | Track: click | TS: 2026-04-05 09:00:39
[2026-04-05T09:00:39.770+0000] {logging_mixin.py:190} INFO - [+] Inserted: Job 1287 | Track: click | TS: 2026-04-05 09:00:39
[2026-04-05T09:00:39.771+0000] {logging_mixin.py:190} INFO - [+] Inserted: Job 102 | Track: unqualified | TS: 2026-04-05 09:00:39
[2026-04-05T09:00:39.772+0000] {logging_mixin.py:190} INFO - [+] Inserted: Job 856 | Track: click | TS: 2026-04-05 09:00:39
[2026-04-05T09:00:39.773+0000] {logging_mixin.py:190} INFO - [+] Inserted: Job 1626 | Track: conversion | TS: 2026-04-05 09:00:39
[2026-04-05T09:00:39.774+0000] {logging_mixin.py:190} INFO - [+] Inserted: Job 364 | Track: conversion | TS: 2026-04-05 09:00:39
[2026-04-05T09:00:39.776+0000] {logging_mixin.py:190} INFO - [+] Inserted: Job 354 | Track: unqualified | TS: 2026-04-05 09:00:39
[2026-04-05T09:00:39.778+0000] {logging_mixin.py:190} INFO - [+] Inserted: Job 175 | Track: conversion | TS: 2026-04-05 09:00:39
[2026-04-05T09:00:39.780+0000] {logging_mixin.py:190} INFO - [+] Inserted: Job 1305 | Track: click | TS: 2026-04-05 09:00:39
[2026-04-05T09:00:39.782+0000] {logging_mixin.py:190} INFO - [+] Inserted: Job 752 | Track: click | TS: 2026-04-05 09:00:39
[2026-04-05T09:00:39.783+0000] {logging_mixin.py:190} INFO - [+] Inserted: Job 1775 | Track: click | TS: 2026-04-05 09:00:39
[2026-04-05T09:00:39.785+0000] {logging_mixin.py:190} INFO - [+] Inserted: Job 883 | Track: unqualified | TS: 2026-04-05 09:00:39
[2026-04-05T09:00:39.786+0000] {logging_mixin.py:190} INFO - [+] Inserted: Job 1133 | Track: conversion | TS: 2026-04-05 09:00:39
[2026-04-05T09:00:39.788+0000] {logging_mixin.py:190} INFO - [+] Inserted: Job 1956 | Track: click | TS: 2026-04-05 09:00:39
[2026-04-05T09:00:39.789+0000] {logging_mixin.py:190} INFO - [+] Inserted: Job 740 | Track: click | TS: 2026-04-05 09:00:39
[2026-04-05T09:00:39.791+0000] {logging_mixin.py:190} INFO - [+] Inserted: Job 119 | Track: click | TS: 2026-04-05 09:00:39
[2026-04-05T09:00:39.792+0000] {logging_mixin.py:190} INFO - [+] Inserted: Job 1311 | Track: click | TS: 2026-04-05 09:00:39
[2026-04-05T09:00:39.794+0000] {logging_mixin.py:190} INFO - [+] Inserted: Job 589 | Track: unqualified | TS: 2026-04-05 09:00:39
[2026-04-05T09:00:39.796+0000] {logging_mixin.py:190} INFO - [+] Inserted: Job 1924 | Track: click | TS: 2026-04-05 09:00:39
[2026-04-05T09:01:03.032+0000] {logging_mixin.py:190} INFO - [+] Inserted: Job 1555 | Track: click | TS: 2026-04-05 09:01:03
[2026-04-05T09:01:03.034+0000] {logging_mixin.py:190} INFO - [+] Inserted: Job 1551 | Track: click | TS: 2026-04-05 09:01:03
[2026-04-05T09:01:03.036+0000] {logging_mixin.py:190} INFO - [+] Inserted: Job 1031 | Track: click | TS: 2026-04-05 09:01:03
[2026-04-05T09:01:03.037+0000] {logging_mixin.py:190} INFO - [+] Inserted: Job 1769 | Track: click | TS: 2026-04-05 09:01:03
[2026-04-05T09:01:03.042+0000] {logging_mixin.py:190} INFO - [+] Inserted: Job 354 | Track: click | TS: 2026-04-05 09:01:03
[2026-04-05T09:01:26.291+0000] {logging_mixin.py:190} INFO - [+] Inserted: Job 174 | Track: click | TS: 2026-04-05 09:01:26
[2026-04-05T09:01:26.292+0000] {logging_mixin.py:190} INFO - [+] Inserted: Job 57 | Track: conversion | TS: 2026-04-05 09:01:26
[2026-04-05T09:01:26.294+0000] {logging_mixin.py:190} INFO - [+] Inserted: Job 268 | Track: conversion | TS: 2026-04-05 09:01:26
[2026-04-05T09:01:26.296+0000] {logging_mixin.py:190} INFO - [+] Inserted: Job 116 | Track: click | TS: 2026-04-05 09:01:26
[2026-04-05T09:01:26.297+0000] {logging_mixin.py:190} INFO - [+] Inserted: Job 1890 | Track: click | TS: 2026-04-05 09:01:26
[2026-04-05T09:01:26.298+0000] {logging_mixin.py:190} INFO - [+] Inserted: Job 672 | Track: click | TS: 2026-04-05 09:01:26
[2026-04-05T09:01:26.300+0000] {logging_mixin.py:190} INFO - [+] Inserted: Job 1904 | Track: qualified | TS: 2026-04-05 09:01:26
[2026-04-05T09:01:46.336+0000] {logging_mixin.py:190} INFO - [+] Inserted: Job 1371 | Track: click | TS: 2026-04-05 09:01:46
[2026-04-05T09:01:46.338+0000] {logging_mixin.py:190} INFO - [+] Inserted: Job 142 | Track: click | TS: 2026-04-05 09:01:46
[2026-04-05T09:01:46.340+0000] {logging_mixin.py:190} INFO - [+] Inserted: Job 419 | Track: click | TS: 2026-04-05 09:01:46
[2026-04-05T09:01:46.341+0000] {logging_mixin.py:190} INFO - [+] Inserted: Job 2001 | Track: qualified | TS: 2026-04-05 09:01:46
[2026-04-05T09:01:46.343+0000] {logging_mixin.py:190} INFO - [+] Inserted: Job 374 | Track: conversion | TS: 2026-04-05 09:01:46
[2026-04-05T09:01:46.344+0000] {logging_mixin.py:190} INFO - [+] Inserted: Job 1543 | Track: click | TS: 2026-04-05 09:01:46
[2026-04-05T09:01:46.345+0000] {logging_mixin.py:190} INFO - [+] Inserted: Job 1810 | Track: click | TS: 2026-04-05 09:01:46
[2026-04-05T09:01:46.346+0000] {logging_mixin.py:190} INFO - [+] Inserted: Job 1168 | Track: click | TS: 2026-04-05 09:01:46
[2026-04-05T09:01:46.348+0000] {logging_mixin.py:190} INFO - [+] Inserted: Job 1488 | Track: click | TS: 2026-04-05 09:01:46
[2026-04-05T09:01:46.350+0000] {logging_mixin.py:190} INFO - [+] Inserted: Job 345 | Track: qualified | TS: 2026-04-05 09:01:46
[2026-04-05T09:01:46.351+0000] {logging_mixin.py:190} INFO - [+] Inserted: Job 348 | Track: click | TS: 2026-04-05 09:01:46
[2026-04-05T09:01:46.353+0000] {logging_mixin.py:190} INFO - [+] Inserted: Job 491 | Track: click | TS: 2026-04-05 09:01:46
[2026-04-05T09:01:46.354+0000] {logging_mixin.py:190} INFO - [+] Inserted: Job 1293 | Track: click | TS: 2026-04-05 09:01:46
[2026-04-05T09:01:46.355+0000] {logging_mixin.py:190} INFO - [+] Inserted: Job 222 | Track: click | TS: 2026-04-05 09:01:46
[2026-04-05T09:02:09.470+0000] {logging_mixin.py:190} INFO - [+] Inserted: Job 2061 | Track: conversion | TS: 2026-04-05 09:02:09
[2026-04-05T09:02:09.472+0000] {logging_mixin.py:190} INFO - [+] Inserted: Job 928 | Track: click | TS: 2026-04-05 09:02:09
[2026-04-05T09:02:09.474+0000] {logging_mixin.py:190} INFO - [+] Inserted: Job 1460 | Track: click | TS: 2026-04-05 09:02:09
[2026-04-05T09:02:09.476+0000] {logging_mixin.py:190} INFO - [+] Inserted: Job 673 | Track: click | TS: 2026-04-05 09:02:09
[2026-04-05T09:02:09.477+0000] {logging_mixin.py:190} INFO - [+] Inserted: Job 444 | Track: click | TS: 2026-04-05 09:02:09
[2026-04-05T09:02:09.479+0000] {logging_mixin.py:190} INFO - [+] Inserted: Job 2001 | Track: click | TS: 2026-04-05 09:02:09
[2026-04-05T09:02:09.480+0000] {logging_mixin.py:190} INFO - [+] Inserted: Job 1030 | Track: click | TS: 2026-04-05 09:02:09
[2026-04-05T09:02:09.482+0000] {logging_mixin.py:190} INFO - [+] Inserted: Job 1596 | Track: click | TS: 2026-04-05 09:02:09
[2026-04-05T09:02:09.484+0000] {logging_mixin.py:190} INFO - [+] Inserted: Job 314 | Track: qualified | TS: 2026-04-05 09:02:09
[2026-04-05T09:02:09.485+0000] {logging_mixin.py:190} INFO - [+] Inserted: Job 1400 | Track: qualified | TS: 2026-04-05 09:02:09
[2026-04-05T09:02:09.487+0000] {logging_mixin.py:190} INFO - [+] Inserted: Job 741 | Track: click | TS: 2026-04-05 09:02:09
[2026-04-05T09:02:09.488+0000] {logging_mixin.py:190} INFO - [+] Inserted: Job 1739 | Track: click | TS: 2026-04-05 09:02:09
[2026-04-05T09:02:09.490+0000] {logging_mixin.py:190} INFO - [+] Inserted: Job 888 | Track: click | TS: 2026-04-05 09:02:09
[2026-04-05T09:02:09.494+0000] {logging_mixin.py:190} INFO - [+] Inserted: Job 1734 | Track: click | TS: 2026-04-05 09:02:09
[2026-04-05T09:02:09.496+0000] {logging_mixin.py:190} INFO - [+] Inserted: Job 1546 | Track: qualified | TS: 2026-04-05 09:02:09
[2026-04-05T09:02:32.796+0000] {logging_mixin.py:190} INFO - [+] Inserted: Job 1073 | Track: click | TS: 2026-04-05 09:02:32
[2026-04-05T09:02:32.798+0000] {logging_mixin.py:190} INFO - [+] Inserted: Job 520 | Track: unqualified | TS: 2026-04-05 09:02:32
[2026-04-05T09:02:32.801+0000] {logging_mixin.py:190} INFO - [+] Inserted: Job 1542 | Track: click | TS: 2026-04-05 09:02:32
[2026-04-05T09:02:32.803+0000] {logging_mixin.py:190} INFO - [+] Inserted: Job 176 | Track: click | TS: 2026-04-05 09:02:32
[2026-04-05T09:02:32.805+0000] {logging_mixin.py:190} INFO - [+] Inserted: Job 569 | Track: click | TS: 2026-04-05 09:02:32
[2026-04-05T09:02:32.808+0000] {logging_mixin.py:190} INFO - [+] Inserted: Job 886 | Track: conversion | TS: 2026-04-05 09:02:32
[2026-04-05T09:02:32.810+0000] {logging_mixin.py:190} INFO - [+] Inserted: Job 996 | Track: unqualified | TS: 2026-04-05 09:02:32
[2026-04-05T09:02:32.814+0000] {logging_mixin.py:190} INFO - [+] Inserted: Job 1862 | Track: click | TS: 2026-04-05 09:02:32
[2026-04-05T09:02:32.817+0000] {logging_mixin.py:190} INFO - [+] Inserted: Job 153 | Track: conversion | TS: 2026-04-05 09:02:32
[2026-04-05T09:02:32.820+0000] {logging_mixin.py:190} INFO - [+] Inserted: Job 1277 | Track: click | TS: 2026-04-05 09:02:32
[2026-04-05T09:02:54.068+0000] {logging_mixin.py:190} INFO - [+] Inserted: Job 1752 | Track: click | TS: 2026-04-05 09:02:54
[2026-04-05T09:02:54.071+0000] {logging_mixin.py:190} INFO - [+] Inserted: Job 596 | Track: click | TS: 2026-04-05 09:02:54
[2026-04-05T09:02:54.073+0000] {logging_mixin.py:190} INFO - [+] Inserted: Job 133 | Track: click | TS: 2026-04-05 09:02:54
[2026-04-05T09:02:54.074+0000] {logging_mixin.py:190} INFO - [+] Inserted: Job 2043 | Track: click | TS: 2026-04-05 09:02:54
[2026-04-05T09:02:54.075+0000] {logging_mixin.py:190} INFO - [+] Inserted: Job 1193 | Track: qualified | TS: 2026-04-05 09:02:54
[2026-04-05T09:03:16.114+0000] {logging_mixin.py:190} INFO - [+] Inserted: Job 1296 | Track: click | TS: 2026-04-05 09:03:16
[2026-04-05T09:03:16.120+0000] {logging_mixin.py:190} INFO - [+] Inserted: Job 1211 | Track: click | TS: 2026-04-05 09:03:16
[2026-04-05T09:03:16.122+0000] {logging_mixin.py:190} INFO - [+] Inserted: Job 1074 | Track: click | TS: 2026-04-05 09:03:16
[2026-04-05T09:03:16.124+0000] {logging_mixin.py:190} INFO - [+] Inserted: Job 1065 | Track: conversion | TS: 2026-04-05 09:03:16
[2026-04-05T09:03:16.126+0000] {logging_mixin.py:190} INFO - [+] Inserted: Job 810 | Track: click | TS: 2026-04-05 09:03:16
[2026-04-05T09:03:16.128+0000] {logging_mixin.py:190} INFO - [+] Inserted: Job 55 | Track: click | TS: 2026-04-05 09:03:16
[2026-04-05T09:03:16.130+0000] {logging_mixin.py:190} INFO - [+] Inserted: Job 1344 | Track: click | TS: 2026-04-05 09:03:16
[2026-04-05T09:03:16.133+0000] {logging_mixin.py:190} INFO - [+] Inserted: Job 1127 | Track: click | TS: 2026-04-05 09:03:16
[2026-04-05T09:03:16.135+0000] {logging_mixin.py:190} INFO - [+] Inserted: Job 885 | Track: unqualified | TS: 2026-04-05 09:03:16
[2026-04-05T09:03:16.137+0000] {logging_mixin.py:190} INFO - [+] Inserted: Job 1803 | Track: click | TS: 2026-04-05 09:03:16
[2026-04-05T09:03:16.140+0000] {logging_mixin.py:190} INFO - [+] Inserted: Job 972 | Track: click | TS: 2026-04-05 09:03:16
[2026-04-05T09:03:16.143+0000] {logging_mixin.py:190} INFO - [+] Inserted: Job 248 | Track: qualified | TS: 2026-04-05 09:03:16
[2026-04-05T09:03:16.145+0000] {logging_mixin.py:190} INFO - [+] Inserted: Job 610 | Track: qualified | TS: 2026-04-05 09:03:16
[2026-04-05T09:03:16.148+0000] {logging_mixin.py:190} INFO - [+] Inserted: Job 1707 | Track: conversion | TS: 2026-04-05 09:03:16
[2026-04-05T09:03:16.151+0000] {logging_mixin.py:190} INFO - [+] Inserted: Job 429 | Track: qualified | TS: 2026-04-05 09:03:16
[2026-04-05T09:03:16.154+0000] {logging_mixin.py:190} INFO - [+] Inserted: Job 321 | Track: click | TS: 2026-04-05 09:03:16
[2026-04-05T09:03:39.390+0000] {logging_mixin.py:190} INFO - [+] Inserted: Job 1388 | Track: click | TS: 2026-04-05 09:03:39
[2026-04-05T09:03:39.394+0000] {logging_mixin.py:190} INFO - [+] Inserted: Job 1142 | Track: click | TS: 2026-04-05 09:03:39
[2026-04-05T09:03:39.396+0000] {logging_mixin.py:190} INFO - [+] Inserted: Job 545 | Track: click | TS: 2026-04-05 09:03:39
[2026-04-05T09:03:39.397+0000] {logging_mixin.py:190} INFO - [+] Inserted: Job 618 | Track: conversion | TS: 2026-04-05 09:03:39
[2026-04-05T09:03:39.398+0000] {logging_mixin.py:190} INFO - [+] Inserted: Job 425 | Track: conversion | TS: 2026-04-05 09:03:39
[2026-04-05T09:03:39.400+0000] {logging_mixin.py:190} INFO - [+] Inserted: Job 1395 | Track: click | TS: 2026-04-05 09:03:39
[2026-04-05T09:03:39.401+0000] {logging_mixin.py:190} INFO - [+] Inserted: Job 1093 | Track: click | TS: 2026-04-05 09:03:39
[2026-04-05T09:03:39.402+0000] {logging_mixin.py:190} INFO - [+] Inserted: Job 317 | Track: qualified | TS: 2026-04-05 09:03:39
[2026-04-05T09:03:39.403+0000] {logging_mixin.py:190} INFO - [+] Inserted: Job 898 | Track: click | TS: 2026-04-05 09:03:39
[2026-04-05T09:03:39.404+0000] {logging_mixin.py:190} INFO - [+] Inserted: Job 1680 | Track: click | TS: 2026-04-05 09:03:39
[2026-04-05T09:03:39.406+0000] {logging_mixin.py:190} INFO - [+] Inserted: Job 1073 | Track: qualified | TS: 2026-04-05 09:03:39
[2026-04-05T09:03:39.408+0000] {logging_mixin.py:190} INFO - [+] Inserted: Job 1860 | Track: click | TS: 2026-04-05 09:03:39
[2026-04-05T09:03:39.410+0000] {logging_mixin.py:190} INFO - [+] Inserted: Job 466 | Track: click | TS: 2026-04-05 09:03:39
[2026-04-05T09:03:39.411+0000] {logging_mixin.py:190} INFO - [+] Inserted: Job 806 | Track: click | TS: 2026-04-05 09:03:39
[2026-04-05T09:03:39.412+0000] {logging_mixin.py:190} INFO - [+] Inserted: Job 1957 | Track: qualified | TS: 2026-04-05 09:03:39
[2026-04-05T09:03:39.413+0000] {logging_mixin.py:190} INFO - [+] Inserted: Job 301 | Track: conversion | TS: 2026-04-05 09:03:39
[2026-04-05T09:04:00.544+0000] {logging_mixin.py:190} INFO - [+] Inserted: Job 927 | Track: click | TS: 2026-04-05 09:04:00
[2026-04-05T09:04:00.546+0000] {logging_mixin.py:190} INFO - [+] Inserted: Job 386 | Track: click | TS: 2026-04-05 09:04:00
[2026-04-05T09:04:00.547+0000] {logging_mixin.py:190} INFO - [+] Inserted: Job 1867 | Track: click | TS: 2026-04-05 09:04:00
[2026-04-05T09:04:00.548+0000] {logging_mixin.py:190} INFO - [+] Inserted: Job 1466 | Track: click | TS: 2026-04-05 09:04:00
[2026-04-05T09:04:00.549+0000] {logging_mixin.py:190} INFO - [+] Inserted: Job 162 | Track: click | TS: 2026-04-05 09:04:00
[2026-04-05T09:04:00.550+0000] {logging_mixin.py:190} INFO - [+] Inserted: Job 1636 | Track: click | TS: 2026-04-05 09:04:00
[2026-04-05T09:04:00.553+0000] {logging_mixin.py:190} INFO - [+] Inserted: Job 1746 | Track: conversion | TS: 2026-04-05 09:04:00
[2026-04-05T09:04:00.556+0000] {logging_mixin.py:190} INFO - [+] Inserted: Job 1074 | Track: click | TS: 2026-04-05 09:04:00
[2026-04-05T09:04:00.557+0000] {logging_mixin.py:190} INFO - [+] Inserted: Job 203 | Track: click | TS: 2026-04-05 09:04:00
[2026-04-05T09:04:00.559+0000] {logging_mixin.py:190} INFO - [+] Inserted: Job 212 | Track: click | TS: 2026-04-05 09:04:00
[2026-04-05T09:04:22.590+0000] {logging_mixin.py:190} INFO - [+] Inserted: Job 786 | Track: click | TS: 2026-04-05 09:04:22
[2026-04-05T09:04:22.591+0000] {logging_mixin.py:190} INFO - [+] Inserted: Job 1436 | Track: unqualified | TS: 2026-04-05 09:04:22
[2026-04-05T09:04:22.593+0000] {logging_mixin.py:190} INFO - [+] Inserted: Job 501 | Track: click | TS: 2026-04-05 09:04:22
[2026-04-05T09:04:22.595+0000] {logging_mixin.py:190} INFO - [+] Inserted: Job 809 | Track: qualified | TS: 2026-04-05 09:04:22
[2026-04-05T09:04:22.596+0000] {logging_mixin.py:190} INFO - [+] Inserted: Job 477 | Track: conversion | TS: 2026-04-05 09:04:22
[2026-04-05T09:04:22.597+0000] {logging_mixin.py:190} INFO - [+] Inserted: Job 1865 | Track: click | TS: 2026-04-05 09:04:22
[2026-04-05T09:04:22.598+0000] {logging_mixin.py:190} INFO - [+] Inserted: Job 1721 | Track: click | TS: 2026-04-05 09:04:22
[2026-04-05T09:04:22.601+0000] {logging_mixin.py:190} INFO - [+] Inserted: Job 418 | Track: click | TS: 2026-04-05 09:04:22
[2026-04-05T09:04:22.602+0000] {logging_mixin.py:190} INFO - [+] Inserted: Job 712 | Track: click | TS: 2026-04-05 09:04:22
[2026-04-05T09:04:22.603+0000] {logging_mixin.py:190} INFO - [+] Inserted: Job 385 | Track: click | TS: 2026-04-05 09:04:22
[2026-04-05T09:04:22.604+0000] {logging_mixin.py:190} INFO - [+] Inserted: Job 889 | Track: click | TS: 2026-04-05 09:04:22
[2026-04-05T09:04:22.605+0000] {logging_mixin.py:190} INFO - [+] Inserted: Job 761 | Track: unqualified | TS: 2026-04-05 09:04:22
[2026-04-05T09:04:22.607+0000] {logging_mixin.py:190} INFO - [+] Inserted: Job 337 | Track: click | TS: 2026-04-05 09:04:22
[2026-04-05T09:04:22.608+0000] {logging_mixin.py:190} INFO - [+] Inserted: Job 1297 | Track: conversion | TS: 2026-04-05 09:04:22
[2026-04-05T09:04:45.964+0000] {logging_mixin.py:190} INFO - [+] Inserted: Job 1615 | Track: qualified | TS: 2026-04-05 09:04:45
[2026-04-05T09:04:45.966+0000] {logging_mixin.py:190} INFO - [+] Inserted: Job 962 | Track: qualified | TS: 2026-04-05 09:04:45
[2026-04-05T09:04:45.968+0000] {logging_mixin.py:190} INFO - [+] Inserted: Job 437 | Track: click | TS: 2026-04-05 09:04:45
[2026-04-05T09:04:45.970+0000] {logging_mixin.py:190} INFO - [+] Inserted: Job 751 | Track: click | TS: 2026-04-05 09:04:45
[2026-04-05T09:04:45.971+0000] {logging_mixin.py:190} INFO - [+] Inserted: Job 813 | Track: click | TS: 2026-04-05 09:04:45
[2026-04-05T09:04:45.972+0000] {logging_mixin.py:190} INFO - [+] Inserted: Job 205 | Track: click | TS: 2026-04-05 09:04:45
[2026-04-05T09:04:45.973+0000] {logging_mixin.py:190} INFO - [+] Inserted: Job 489 | Track: click | TS: 2026-04-05 09:04:45
[2026-04-05T09:04:45.974+0000] {logging_mixin.py:190} INFO - [+] Inserted: Job 1700 | Track: click | TS: 2026-04-05 09:04:45
[2026-04-05T09:04:45.975+0000] {logging_mixin.py:190} INFO - [+] Inserted: Job 7 | Track: unqualified | TS: 2026-04-05 09:04:45
[2026-04-05T09:04:45.976+0000] {logging_mixin.py:190} INFO - [+] Inserted: Job 704 | Track: click | TS: 2026-04-05 09:04:45
[2026-04-05T09:04:45.977+0000] {logging_mixin.py:190} INFO - [+] Inserted: Job 1883 | Track: click | TS: 2026-04-05 09:04:45
[2026-04-05T09:04:45.978+0000] {logging_mixin.py:190} INFO - [+] Inserted: Job 1142 | Track: click | TS: 2026-04-05 09:04:45
[2026-04-05T09:04:45.979+0000] {logging_mixin.py:190} INFO - [+] Inserted: Job 2008 | Track: click | TS: 2026-04-05 09:04:45
[2026-04-05T09:04:45.980+0000] {logging_mixin.py:190} INFO - [+] Inserted: Job 1294 | Track: click | TS: 2026-04-05 09:04:45
[2026-04-05T09:05:09.201+0000] {logging_mixin.py:190} INFO - [+] Inserted: Job 652 | Track: unqualified | TS: 2026-04-05 09:05:09
[2026-04-05T09:05:09.203+0000] {logging_mixin.py:190} INFO - [+] Inserted: Job 1820 | Track: click | TS: 2026-04-05 09:05:09
[2026-04-05T09:05:09.204+0000] {logging_mixin.py:190} INFO - [+] Inserted: Job 2029 | Track: qualified | TS: 2026-04-05 09:05:09
[2026-04-05T09:05:09.206+0000] {logging_mixin.py:190} INFO - [+] Inserted: Job 204 | Track: click | TS: 2026-04-05 09:05:09
[2026-04-05T09:05:29.239+0000] {logging_mixin.py:190} INFO - [+] Inserted: Job 457 | Track: click | TS: 2026-04-05 09:05:29
[2026-04-05T09:05:29.241+0000] {logging_mixin.py:190} INFO - [+] Inserted: Job 254 | Track: click | TS: 2026-04-05 09:05:29
[2026-04-05T09:05:29.242+0000] {logging_mixin.py:190} INFO - [+] Inserted: Job 1333 | Track: conversion | TS: 2026-04-05 09:05:29
[2026-04-05T09:05:29.243+0000] {logging_mixin.py:190} INFO - [+] Inserted: Job 1224 | Track: click | TS: 2026-04-05 09:05:29
[2026-04-05T09:05:52.480+0000] {logging_mixin.py:190} INFO - [+] Inserted: Job 1375 | Track: click | TS: 2026-04-05 09:05:52
[2026-04-05T09:05:52.482+0000] {logging_mixin.py:190} INFO - [+] Inserted: Job 1024 | Track: click | TS: 2026-04-05 09:05:52
[2026-04-05T09:05:52.485+0000] {logging_mixin.py:190} INFO - [+] Inserted: Job 867 | Track: click | TS: 2026-04-05 09:05:52
[2026-04-05T09:06:15.633+0000] {logging_mixin.py:190} INFO - [+] Inserted: Job 1888 | Track: conversion | TS: 2026-04-05 09:06:15
[2026-04-05T09:06:15.635+0000] {logging_mixin.py:190} INFO - [+] Inserted: Job 1606 | Track: click | TS: 2026-04-05 09:06:15
[2026-04-05T09:06:15.636+0000] {logging_mixin.py:190} INFO - [+] Inserted: Job 337 | Track: click | TS: 2026-04-05 09:06:15
[2026-04-05T09:06:15.637+0000] {logging_mixin.py:190} INFO - [+] Inserted: Job 1619 | Track: click | TS: 2026-04-05 09:06:15
[2026-04-05T09:06:15.639+0000] {logging_mixin.py:190} INFO - [+] Inserted: Job 278 | Track: qualified | TS: 2026-04-05 09:06:15
[2026-04-05T09:06:15.640+0000] {logging_mixin.py:190} INFO - [+] Inserted: Job 85 | Track: click | TS: 2026-04-05 09:06:15
[2026-04-05T09:06:15.641+0000] {logging_mixin.py:190} INFO - [+] Inserted: Job 466 | Track: unqualified | TS: 2026-04-05 09:06:15
[2026-04-05T09:06:15.642+0000] {logging_mixin.py:190} INFO - [+] Inserted: Job 1259 | Track: click | TS: 2026-04-05 09:06:15
[2026-04-05T09:06:15.643+0000] {logging_mixin.py:190} INFO - [+] Inserted: Job 237 | Track: conversion | TS: 2026-04-05 09:06:15
[2026-04-05T09:06:15.644+0000] {logging_mixin.py:190} INFO - [+] Inserted: Job 1778 | Track: click | TS: 2026-04-05 09:06:15
[2026-04-05T09:06:15.645+0000] {logging_mixin.py:190} INFO - [+] Inserted: Job 1898 | Track: click | TS: 2026-04-05 09:06:15
[2026-04-05T09:06:15.646+0000] {logging_mixin.py:190} INFO - [+] Inserted: Job 1832 | Track: click | TS: 2026-04-05 09:06:15
[2026-04-05T09:06:15.647+0000] {logging_mixin.py:190} INFO - [+] Inserted: Job 471 | Track: click | TS: 2026-04-05 09:06:15
[2026-04-05T09:06:15.648+0000] {logging_mixin.py:190} INFO - [+] Inserted: Job 261 | Track: click | TS: 2026-04-05 09:06:15
[2026-04-05T09:06:15.649+0000] {logging_mixin.py:190} INFO - [+] Inserted: Job 1685 | Track: click | TS: 2026-04-05 09:06:15
[2026-04-05T09:06:15.650+0000] {logging_mixin.py:190} INFO - [+] Inserted: Job 1285 | Track: qualified | TS: 2026-04-05 09:06:15
[2026-04-05T09:06:15.651+0000] {logging_mixin.py:190} INFO - [+] Inserted: Job 226 | Track: qualified | TS: 2026-04-05 09:06:15
[2026-04-05T09:06:35.673+0000] {logging_mixin.py:190} INFO - [+] Inserted: Job 1820 | Track: unqualified | TS: 2026-04-05 09:06:35
[2026-04-05T09:06:35.674+0000] {logging_mixin.py:190} INFO - [+] Inserted: Job 637 | Track: click | TS: 2026-04-05 09:06:35
[2026-04-05T09:06:35.677+0000] {logging_mixin.py:190} INFO - [+] Inserted: Job 1571 | Track: click | TS: 2026-04-05 09:06:35
[2026-04-05T09:06:35.679+0000] {logging_mixin.py:190} INFO - [+] Inserted: Job 389 | Track: click | TS: 2026-04-05 09:06:35
[2026-04-05T09:06:35.682+0000] {logging_mixin.py:190} INFO - [+] Inserted: Job 879 | Track: click | TS: 2026-04-05 09:06:35
[2026-04-05T09:06:35.686+0000] {logging_mixin.py:190} INFO - [+] Inserted: Job 1149 | Track: unqualified | TS: 2026-04-05 09:06:35
[2026-04-05T09:06:35.688+0000] {logging_mixin.py:190} INFO - [+] Inserted: Job 1371 | Track: qualified | TS: 2026-04-05 09:06:35
[2026-04-05T09:06:35.690+0000] {logging_mixin.py:190} INFO - [+] Inserted: Job 2009 | Track: click | TS: 2026-04-05 09:06:35
[2026-04-05T09:06:35.691+0000] {logging_mixin.py:190} INFO - [+] Inserted: Job 589 | Track: click | TS: 2026-04-05 09:06:35
[2026-04-05T09:06:35.693+0000] {logging_mixin.py:190} INFO - [+] Inserted: Job 1086 | Track: click | TS: 2026-04-05 09:06:35
[2026-04-05T09:06:35.694+0000] {logging_mixin.py:190} INFO - [+] Inserted: Job 636 | Track: click | TS: 2026-04-05 09:06:35
[2026-04-05T09:06:35.696+0000] {logging_mixin.py:190} INFO - [+] Inserted: Job 509 | Track: click | TS: 2026-04-05 09:06:35
[2026-04-05T09:06:35.697+0000] {logging_mixin.py:190} INFO - [+] Inserted: Job 1338 | Track: unqualified | TS: 2026-04-05 09:06:35
[2026-04-05T09:06:35.699+0000] {logging_mixin.py:190} INFO - [+] Inserted: Job 406 | Track: click | TS: 2026-04-05 09:06:35
[2026-04-05T09:06:35.700+0000] {logging_mixin.py:190} INFO - [+] Inserted: Job 72 | Track: click | TS: 2026-04-05 09:06:35
[2026-04-05T09:06:35.701+0000] {logging_mixin.py:190} INFO - [+] Inserted: Job 1573 | Track: unqualified | TS: 2026-04-05 09:06:35
[2026-04-05T09:06:35.703+0000] {logging_mixin.py:190} INFO - [+] Inserted: Job 249 | Track: conversion | TS: 2026-04-05 09:06:35
[2026-04-05T09:06:59.002+0000] {logging_mixin.py:190} INFO - [+] Inserted: Job 751 | Track: click | TS: 2026-04-05 09:06:59
[2026-04-05T09:06:59.003+0000] {logging_mixin.py:190} INFO - [+] Inserted: Job 1229 | Track: click | TS: 2026-04-05 09:06:59
[2026-04-05T09:06:59.005+0000] {logging_mixin.py:190} INFO - [+] Inserted: Job 1298 | Track: click | TS: 2026-04-05 09:06:59
[2026-04-05T09:07:22.285+0000] {logging_mixin.py:190} INFO - [+] Inserted: Job 1957 | Track: click | TS: 2026-04-05 09:07:22
[2026-04-05T09:07:22.287+0000] {logging_mixin.py:190} INFO - [+] Inserted: Job 880 | Track: conversion | TS: 2026-04-05 09:07:22
[2026-04-05T09:07:22.288+0000] {logging_mixin.py:190} INFO - [+] Inserted: Job 1154 | Track: qualified | TS: 2026-04-05 09:07:22
[2026-04-05T09:07:22.289+0000] {logging_mixin.py:190} INFO - [+] Inserted: Job 1949 | Track: qualified | TS: 2026-04-05 09:07:22
[2026-04-05T09:07:22.290+0000] {logging_mixin.py:190} INFO - [+] Inserted: Job 1159 | Track: click | TS: 2026-04-05 09:07:22
[2026-04-05T09:07:22.291+0000] {logging_mixin.py:190} INFO - [+] Inserted: Job 1309 | Track: click | TS: 2026-04-05 09:07:22
[2026-04-05T09:07:22.292+0000] {logging_mixin.py:190} INFO - [+] Inserted: Job 1908 | Track: unqualified | TS: 2026-04-05 09:07:22
[2026-04-05T09:07:22.293+0000] {logging_mixin.py:190} INFO - [+] Inserted: Job 581 | Track: conversion | TS: 2026-04-05 09:07:22
[2026-04-05T09:07:22.294+0000] {logging_mixin.py:190} INFO - [+] Inserted: Job 1015 | Track: click | TS: 2026-04-05 09:07:22
[2026-04-05T09:07:22.296+0000] {logging_mixin.py:190} INFO - [+] Inserted: Job 1790 | Track: conversion | TS: 2026-04-05 09:07:22
[2026-04-05T09:07:22.297+0000] {logging_mixin.py:190} INFO - [+] Inserted: Job 465 | Track: unqualified | TS: 2026-04-05 09:07:22
[2026-04-05T09:07:22.298+0000] {logging_mixin.py:190} INFO - [+] Inserted: Job 1684 | Track: click | TS: 2026-04-05 09:07:22
[2026-04-05T09:07:22.299+0000] {logging_mixin.py:190} INFO - [+] Inserted: Job 912 | Track: conversion | TS: 2026-04-05 09:07:22
[2026-04-05T09:07:22.301+0000] {logging_mixin.py:190} INFO - [+] Inserted: Job 701 | Track: click | TS: 2026-04-05 09:07:22
[2026-04-05T09:07:22.303+0000] {logging_mixin.py:190} INFO - [+] Inserted: Job 985 | Track: click | TS: 2026-04-05 09:07:22
[2026-04-05T09:07:42.334+0000] {logging_mixin.py:190} INFO - [+] Inserted: Job 814 | Track: unqualified | TS: 2026-04-05 09:07:42
[2026-04-05T09:07:42.337+0000] {logging_mixin.py:190} INFO - [+] Inserted: Job 1818 | Track: click | TS: 2026-04-05 09:07:42
[2026-04-05T09:07:42.339+0000] {logging_mixin.py:190} INFO - [+] Inserted: Job 500 | Track: qualified | TS: 2026-04-05 09:07:42
[2026-04-05T09:07:42.340+0000] {logging_mixin.py:190} INFO - [+] Inserted: Job 449 | Track: click | TS: 2026-04-05 09:07:42
[2026-04-05T09:07:42.342+0000] {logging_mixin.py:190} INFO - [+] Inserted: Job 1098 | Track: qualified | TS: 2026-04-05 09:07:42
[2026-04-05T09:07:42.343+0000] {logging_mixin.py:190} INFO - [+] Inserted: Job 1817 | Track: click | TS: 2026-04-05 09:07:42
[2026-04-05T09:07:42.344+0000] {logging_mixin.py:190} INFO - [+] Inserted: Job 1557 | Track: unqualified | TS: 2026-04-05 09:07:42
[2026-04-05T09:07:42.345+0000] {logging_mixin.py:190} INFO - [+] Inserted: Job 652 | Track: click | TS: 2026-04-05 09:07:42
[2026-04-05T09:07:42.346+0000] {logging_mixin.py:190} INFO - [+] Inserted: Job 1537 | Track: qualified | TS: 2026-04-05 09:07:42
[2026-04-05T09:07:42.347+0000] {logging_mixin.py:190} INFO - [+] Inserted: Job 1180 | Track: qualified | TS: 2026-04-05 09:07:42
[2026-04-05T09:07:42.348+0000] {logging_mixin.py:190} INFO - [+] Inserted: Job 1773 | Track: qualified | TS: 2026-04-05 09:07:42
[2026-04-05T09:07:42.348+0000] {logging_mixin.py:190} INFO - [+] Inserted: Job 450 | Track: click | TS: 2026-04-05 09:07:42
[2026-04-05T09:07:42.349+0000] {logging_mixin.py:190} INFO - [+] Inserted: Job 1716 | Track: click | TS: 2026-04-05 09:07:42
[2026-04-05T09:07:42.351+0000] {logging_mixin.py:190} INFO - [+] Inserted: Job 1161 | Track: click | TS: 2026-04-05 09:07:42
[2026-04-05T09:07:42.352+0000] {logging_mixin.py:190} INFO - [+] Inserted: Job 1057 | Track: click | TS: 2026-04-05 09:07:42
[2026-04-05T09:07:42.352+0000] {logging_mixin.py:190} INFO - [+] Inserted: Job 955 | Track: conversion | TS: 2026-04-05 09:07:42
[2026-04-05T09:07:42.353+0000] {logging_mixin.py:190} INFO - [+] Inserted: Job 2015 | Track: conversion | TS: 2026-04-05 09:07:42
                                                                                                                             