[2026-04-06T09:08:10.302+0000] {local_task_job_runner.py:123} INFO - ::group::Pre task execution logs
[2026-04-06T09:08:10.324+0000] {taskinstance.py:2614} INFO - Dependencies all met for dep_context=non-requeueable deps ti=<TaskInstance: 1_continuous_services_bear_mode.service_kafka_cdc manual__2026-04-06T09:08:08.026743+00:00 [queued]>
[2026-04-06T09:08:10.340+0000] {taskinstance.py:2614} INFO - Dependencies all met for dep_context=requeueable deps ti=<TaskInstance: 1_continuous_services_bear_mode.service_kafka_cdc manual__2026-04-06T09:08:08.026743+00:00 [queued]>
[2026-04-06T09:08:10.341+0000] {taskinstance.py:2867} INFO - Starting attempt 1 of 6
[2026-04-06T09:08:10.368+0000] {taskinstance.py:2890} INFO - Executing <Task(PythonOperator): service_kafka_cdc> on 2026-04-06 09:08:08.026743+00:00
[2026-04-06T09:08:10.378+0000] {standard_task_runner.py:72} INFO - Started process 257 to run task
[2026-04-06T09:08:10.395+0000] {standard_task_runner.py:104} INFO - Running: ['***', 'tasks', 'run', '1_continuous_services_bear_mode', 'service_kafka_cdc', 'manual__2026-04-06T09:08:08.026743+00:00', '--job-id', '2', '--raw', '--subdir', 'DAGS_FOLDER/dag_continuous_services.py', '--cfg-path', '/tmp/tmpfq8fodyy']
[2026-04-06T09:08:10.401+0000] {standard_task_runner.py:105} INFO - Job 2: Subtask service_kafka_cdc
[2026-04-06T09:08:10.493+0000] {task_command.py:467} INFO - Running <TaskInstance: 1_continuous_services_bear_mode.service_kafka_cdc manual__2026-04-06T09:08:08.026743+00:00 [running]> on host 243d9d3157a8
[2026-04-06T09:08:10.704+0000] {taskinstance.py:3134} INFO - Exporting env vars: AIRFLOW_CTX_DAG_OWNER='shibe' AIRFLOW_CTX_DAG_ID='1_continuous_services_bear_mode' AIRFLOW_CTX_TASK_ID='service_kafka_cdc' AIRFLOW_CTX_EXECUTION_DATE='2026-04-06T09:08:08.026743+00:00' AIRFLOW_CTX_TRY_NUMBER='1' AIRFLOW_CTX_DAG_RUN_ID='manual__2026-04-06T09:08:08.026743+00:00'
[2026-04-06T09:08:10.712+0000] {taskinstance.py:732} INFO - ::endgroup::
[2026-04-06T09:08:10.787+0000] {cluster.py:1324} WARNING - Cluster.__init__ called with contact_points specified, but no load_balancing_policy. In the next major version, this will raise an error; please specify a load-balancing policy. (contact_points = ['cassandra'], lbp = None)
[2026-04-06T09:08:10.845+0000] {cluster.py:1701} WARNING - Downgrading core protocol version from 66 to 65 for 172.19.0.5:9042. To avoid this, it is best practice to explicitly set Cluster(protocol_version) to the version supported by your cluster. https://docs.datastax.com/en/developer/python-driver/latest/api/cassandra/cluster.html#cassandra.cluster.Cluster.protocol_version
[2026-04-06T09:08:10.851+0000] {cluster.py:1701} WARNING - Downgrading core protocol version from 65 to 5 for 172.19.0.5:9042. To avoid this, it is best practice to explicitly set Cluster(protocol_version) to the version supported by your cluster. https://docs.datastax.com/en/developer/python-driver/latest/api/cassandra/cluster.html#cassandra.cluster.Cluster.protocol_version
[2026-04-06T09:08:10.855+0000] {connection.py:1290} ERROR - Closing connection <AsyncoreConnection(139401482465824) 172.19.0.5:9042> due to protocol error: Error from server: code=000a [Protocol error] message="Beta version of the protocol used (5/v5-beta), but USE_BETA flag is unset"
[2026-04-06T09:08:10.855+0000] {cluster.py:1701} WARNING - Downgrading core protocol version from 5 to 4 for 172.19.0.5:9042. To avoid this, it is best practice to explicitly set Cluster(protocol_version) to the version supported by your cluster. https://docs.datastax.com/en/developer/python-driver/latest/api/cassandra/cluster.html#cassandra.cluster.Cluster.protocol_version
[2026-04-06T09:08:10.905+0000] {connection.py:1420} WARNING - An authentication challenge was not sent, this is suspicious because the driver expects authentication (configured authenticator = PlainTextAuthenticator)
[2026-04-06T09:08:10.940+0000] {policies.py:289} INFO - Using datacenter 'datacenter1' for DCAwareRoundRobinPolicy (via host '172.19.0.5:9042'); if incorrect, please specify a local_dc to the constructor, or limit contact points to local cluster nodes
[2026-04-06T09:08:11.006+0000] {connection.py:1420} WARNING - An authentication challenge was not sent, this is suspicious because the driver expects authentication (configured authenticator = PlainTextAuthenticator)
[2026-04-06T09:08:11.018+0000] {logging_mixin.py:190} INFO - 🚀 CDC Polling started at 2026-04-06 09:07:11.010756
[2026-04-06T09:08:11.355+0000] {protocol.py:1210} WARNING - Server warning: Read 8487 live rows and 73960 tombstone cells for query SELECT custom_track, job_id, ts FROM keyspace_name.tracking WHERE ts > 2026-04-06 09:07:11.010756 AND  LIMIT 5000; token 9210261722304791681 (see tombstone_warn_threshold)
[2026-04-06T09:08:26.572+0000] {protocol.py:1210} WARNING - Server warning: Read 8500 live rows and 73960 tombstone cells for query SELECT custom_track, job_id, ts FROM keyspace_name.tracking WHERE ts > 2026-04-06 09:07:11.010756 AND  LIMIT 5000; token 9210261722304791681 (see tombstone_warn_threshold)
[2026-04-06T09:08:27.517+0000] {logging_mixin.py:190} INFO - [V] Đã đẩy lên Kafka: Topic tracking_events
[2026-04-06T09:08:27.518+0000] {logging_mixin.py:190} INFO - [V] Đã đẩy lên Kafka: Topic tracking_events
[2026-04-06T09:08:27.518+0000] {logging_mixin.py:190} INFO - [V] Đã đẩy lên Kafka: Topic tracking_events
[2026-04-06T09:08:27.518+0000] {logging_mixin.py:190} INFO - [V] Đã đẩy lên Kafka: Topic tracking_events
[2026-04-06T09:08:27.518+0000] {logging_mixin.py:190} INFO - [V] Đã đẩy lên Kafka: Topic tracking_events
[2026-04-06T09:08:27.518+0000] {logging_mixin.py:190} INFO - [V] Đã đẩy lên Kafka: Topic tracking_events
[2026-04-06T09:08:27.519+0000] {logging_mixin.py:190} INFO - [V] Đã đẩy lên Kafka: Topic tracking_events
[2026-04-06T09:08:27.519+0000] {logging_mixin.py:190} INFO - [V] Đã đẩy lên Kafka: Topic tracking_events
[2026-04-06T09:08:27.519+0000] {logging_mixin.py:190} INFO - [V] Đã đẩy lên Kafka: Topic tracking_events
[2026-04-06T09:08:27.519+0000] {logging_mixin.py:190} INFO - [V] Đã đẩy lên Kafka: Topic tracking_events
[2026-04-06T09:08:27.519+0000] {logging_mixin.py:190} INFO - [V] Đã đẩy lên Kafka: Topic tracking_events
[2026-04-06T09:08:27.519+0000] {logging_mixin.py:190} INFO - [V] Đã đẩy lên Kafka: Topic tracking_events
[2026-04-06T09:08:27.519+0000] {logging_mixin.py:190} INFO - [V] Đã đẩy lên Kafka: Topic tracking_events
[2026-04-06T09:08:27.540+0000] {logging_mixin.py:190} INFO - [!] Đã đẩy 13 bản ghi lên Kafka!
[2026-04-06T09:08:45.337+0000] {protocol.py:1210} WARNING - Server warning: Read 8515 live rows and 73960 tombstone cells for query SELECT custom_track, job_id, ts FROM keyspace_name.tracking WHERE ts > 2026-04-06 09:08:11.000000 AND  LIMIT 5000; token 9210261722304791681 (see tombstone_warn_threshold)
[2026-04-06T09:08:45.342+0000] {logging_mixin.py:190} INFO - [V] Đã đẩy lên Kafka: Topic tracking_events
[2026-04-06T09:08:45.343+0000] {logging_mixin.py:190} INFO - [V] Đã đẩy lên Kafka: Topic tracking_events
[2026-04-06T09:08:45.343+0000] {logging_mixin.py:190} INFO - [V] Đã đẩy lên Kafka: Topic tracking_events
[2026-04-06T09:08:45.343+0000] {logging_mixin.py:190} INFO - [V] Đã đẩy lên Kafka: Topic tracking_events
[2026-04-06T09:08:45.343+0000] {logging_mixin.py:190} INFO - [V] Đã đẩy lên Kafka: Topic tracking_events
[2026-04-06T09:08:45.343+0000] {logging_mixin.py:190} INFO - [V] Đã đẩy lên Kafka: Topic tracking_events
[2026-04-06T09:08:45.343+0000] {logging_mixin.py:190} INFO - [V] Đã đẩy lên Kafka: Topic tracking_events
[2026-04-06T09:08:45.343+0000] {logging_mixin.py:190} INFO - [V] Đã đẩy lên Kafka: Topic tracking_events
[2026-04-06T09:08:45.344+0000] {logging_mixin.py:190} INFO - [V] Đã đẩy lên Kafka: Topic tracking_events
[2026-04-06T09:08:45.344+0000] {logging_mixin.py:190} INFO - [V] Đã đẩy lên Kafka: Topic tracking_events
[2026-04-06T09:08:45.344+0000] {logging_mixin.py:190} INFO - [V] Đã đẩy lên Kafka: Topic tracking_events
[2026-04-06T09:08:45.344+0000] {logging_mixin.py:190} INFO - [V] Đã đẩy lên Kafka: Topic tracking_events
[2026-04-06T09:08:45.344+0000] {logging_mixin.py:190} INFO - [V] Đã đẩy lên Kafka: Topic tracking_events
[2026-04-06T09:08:45.344+0000] {logging_mixin.py:190} INFO - [V] Đã đẩy lên Kafka: Topic tracking_events
[2026-04-06T09:08:45.344+0000] {logging_mixin.py:190} INFO - [V] Đã đẩy lên Kafka: Topic tracking_events
[2026-04-06T09:08:45.345+0000] {logging_mixin.py:190} INFO - [!] Đã đẩy 15 bản ghi lên Kafka!
[2026-04-06T09:09:00.416+0000] {protocol.py:1210} WARNING - Server warning: Read 8523 live rows and 73960 tombstone cells for query SELECT custom_track, job_id, ts FROM keyspace_name.tracking WHERE ts > 2026-04-06 09:08:31.000000 AND  LIMIT 5000; token 9210261722304791681 (see tombstone_warn_threshold)
[2026-04-06T09:09:00.420+0000] {logging_mixin.py:190} INFO - [V] Đã đẩy lên Kafka: Topic tracking_events
[2026-04-06T09:09:00.420+0000] {logging_mixin.py:190} INFO - [V] Đã đẩy lên Kafka: Topic tracking_events
[2026-04-06T09:09:00.421+0000] {logging_mixin.py:190} INFO - [V] Đã đẩy lên Kafka: Topic tracking_events
[2026-04-06T09:09:00.421+0000] {logging_mixin.py:190} INFO - [V] Đã đẩy lên Kafka: Topic tracking_events
[2026-04-06T09:09:00.421+0000] {logging_mixin.py:190} INFO - [V] Đã đẩy lên Kafka: Topic tracking_events
[2026-04-06T09:09:00.421+0000] {logging_mixin.py:190} INFO - [V] Đã đẩy lên Kafka: Topic tracking_events
[2026-04-06T09:09:00.421+0000] {logging_mixin.py:190} INFO - [V] Đã đẩy lên Kafka: Topic tracking_events
[2026-04-06T09:09:00.421+0000] {logging_mixin.py:190} INFO - [V] Đã đẩy lên Kafka: Topic tracking_events
[2026-04-06T09:09:00.422+0000] {logging_mixin.py:190} INFO - [!] Đã đẩy 8 bản ghi lên Kafka!
[2026-04-06T09:09:18.202+0000] {protocol.py:1210} WARNING - Server warning: Read 8542 live rows and 73960 tombstone cells for query SELECT custom_track, job_id, ts FROM keyspace_name.tracking WHERE ts > 2026-04-06 09:08:54.000000 AND  LIMIT 5000; token 9210261722304791681 (see tombstone_warn_threshold)
[2026-04-06T09:09:18.207+0000] {logging_mixin.py:190} INFO - [V] Đã đẩy lên Kafka: Topic tracking_events
[2026-04-06T09:09:18.207+0000] {logging_mixin.py:190} INFO - [V] Đã đẩy lên Kafka: Topic tracking_events
[2026-04-06T09:09:18.207+0000] {logging_mixin.py:190} INFO - [V] Đã đẩy lên Kafka: Topic tracking_events
[2026-04-06T09:09:18.207+0000] {logging_mixin.py:190} INFO - [V] Đã đẩy lên Kafka: Topic tracking_events
[2026-04-06T09:09:18.207+0000] {logging_mixin.py:190} INFO - [V] Đã đẩy lên Kafka: Topic tracking_events
[2026-04-06T09:09:18.207+0000] {logging_mixin.py:190} INFO - [V] Đã đẩy lên Kafka: Topic tracking_events
[2026-04-06T09:09:18.207+0000] {logging_mixin.py:190} INFO - [V] Đã đẩy lên Kafka: Topic tracking_events
[2026-04-06T09:09:18.208+0000] {logging_mixin.py:190} INFO - [V] Đã đẩy lên Kafka: Topic tracking_events
[2026-04-06T09:09:18.208+0000] {logging_mixin.py:190} INFO - [V] Đã đẩy lên Kafka: Topic tracking_events
[2026-04-06T09:09:18.208+0000] {logging_mixin.py:190} INFO - [V] Đã đẩy lên Kafka: Topic tracking_events
[2026-04-06T09:09:18.208+0000] {logging_mixin.py:190} INFO - [V] Đã đẩy lên Kafka: Topic tracking_events
[2026-04-06T09:09:18.208+0000] {logging_mixin.py:190} INFO - [V] Đã đẩy lên Kafka: Topic tracking_events
[2026-04-06T09:09:18.208+0000] {logging_mixin.py:190} INFO - [V] Đã đẩy lên Kafka: Topic tracking_events
[2026-04-06T09:09:18.208+0000] {logging_mixin.py:190} INFO - [V] Đã đẩy lên Kafka: Topic tracking_events
[2026-04-06T09:09:18.208+0000] {logging_mixin.py:190} INFO - [V] Đã đẩy lên Kafka: Topic tracking_events
[2026-04-06T09:09:18.208+0000] {logging_mixin.py:190} INFO - [V] Đã đẩy lên Kafka: Topic tracking_events
[2026-04-06T09:09:18.208+0000] {logging_mixin.py:190} INFO - [V] Đã đẩy lên Kafka: Topic tracking_events
[2026-04-06T09:09:18.208+0000] {logging_mixin.py:190} INFO - [V] Đã đẩy lên Kafka: Topic tracking_events
[2026-04-06T09:09:18.208+0000] {logging_mixin.py:190} INFO - [V] Đã đẩy lên Kafka: Topic tracking_events
[2026-04-06T09:09:18.210+0000] {logging_mixin.py:190} INFO - [!] Đã đẩy 19 bản ghi lên Kafka!
[2026-04-06T09:09:33.301+0000] {protocol.py:1210} WARNING - Server warning: Read 8542 live rows and 73960 tombstone cells for query SELECT custom_track, job_id, ts FROM keyspace_name.tracking WHERE ts > 2026-04-06 09:09:17.000000 AND  LIMIT 5000; token 9210261722304791681 (see tombstone_warn_threshold)
[2026-04-06T09:09:51.428+0000] {protocol.py:1210} WARNING - Server warning: Read 8549 live rows and 73960 tombstone cells for query SELECT custom_track, job_id, ts FROM keyspace_name.tracking WHERE ts > 2026-04-06 09:09:17.000000 AND  LIMIT 5000; token 9210261722304791681 (see tombstone_warn_threshold)
[2026-04-06T09:09:51.436+0000] {logging_mixin.py:190} INFO - [V] Đã đẩy lên Kafka: Topic tracking_events
[2026-04-06T09:09:51.436+0000] {logging_mixin.py:190} INFO - [V] Đã đẩy lên Kafka: Topic tracking_events
[2026-04-06T09:09:51.436+0000] {logging_mixin.py:190} INFO - [V] Đã đẩy lên Kafka: Topic tracking_events
[2026-04-06T09:09:51.436+0000] {logging_mixin.py:190} INFO - [V] Đã đẩy lên Kafka: Topic tracking_events
[2026-04-06T09:09:51.436+0000] {logging_mixin.py:190} INFO - [V] Đã đẩy lên Kafka: Topic tracking_events
[2026-04-06T09:09:51.437+0000] {logging_mixin.py:190} INFO - [V] Đã đẩy lên Kafka: Topic tracking_events
[2026-04-06T09:09:51.437+0000] {logging_mixin.py:190} INFO - [V] Đã đẩy lên Kafka: Topic tracking_events
[2026-04-06T09:09:51.438+0000] {logging_mixin.py:190} INFO - [!] Đã đẩy 7 bản ghi lên Kafka!
[2026-04-06T09:10:06.522+0000] {protocol.py:1210} WARNING - Server warning: Read 8562 live rows and 73960 tombstone cells for query SELECT custom_track, job_id, ts FROM keyspace_name.tracking WHERE ts > 2026-04-06 09:09:37.000000 AND  LIMIT 5000; token 9210261722304791681 (see tombstone_warn_threshold)
[2026-04-06T09:10:06.527+0000] {logging_mixin.py:190} INFO - [V] Đã đẩy lên Kafka: Topic tracking_events
[2026-04-06T09:10:06.528+0000] {logging_mixin.py:190} INFO - [V] Đã đẩy lên Kafka: Topic tracking_events
[2026-04-06T09:10:06.528+0000] {logging_mixin.py:190} INFO - [V] Đã đẩy lên Kafka: Topic tracking_events
[2026-04-06T09:10:06.529+0000] {logging_mixin.py:190} INFO - [V] Đã đẩy lên Kafka: Topic tracking_events
[2026-04-06T09:10:06.529+0000] {logging_mixin.py:190} INFO - [V] Đã đẩy lên Kafka: Topic tracking_events
[2026-04-06T09:10:06.529+0000] {logging_mixin.py:190} INFO - [V] Đã đẩy lên Kafka: Topic tracking_events
[2026-04-06T09:10:06.529+0000] {logging_mixin.py:190} INFO - [V] Đã đẩy lên Kafka: Topic tracking_events
[2026-04-06T09:10:06.529+0000] {logging_mixin.py:190} INFO - [V] Đã đẩy lên Kafka: Topic tracking_events
[2026-04-06T09:10:06.529+0000] {logging_mixin.py:190} INFO - [V] Đã đẩy lên Kafka: Topic tracking_events
[2026-04-06T09:10:06.529+0000] {logging_mixin.py:190} INFO - [V] Đã đẩy lên Kafka: Topic tracking_events
[2026-04-06T09:10:06.529+0000] {logging_mixin.py:190} INFO - [V] Đã đẩy lên Kafka: Topic tracking_events
[2026-04-06T09:10:06.529+0000] {logging_mixin.py:190} INFO - [V] Đã đẩy lên Kafka: Topic tracking_events
[2026-04-06T09:10:06.530+0000] {logging_mixin.py:190} INFO - [V] Đã đẩy lên Kafka: Topic tracking_events
[2026-04-06T09:10:06.532+0000] {logging_mixin.py:190} INFO - [!] Đã đẩy 13 bản ghi lên Kafka!
[2026-04-06T09:10:24.342+0000] {protocol.py:1210} WARNING - Server warning: Read 8582 live rows and 73960 tombstone cells for query SELECT custom_track, job_id, ts FROM keyspace_name.tracking WHERE ts > 2026-04-06 09:10:00.000000 AND  LIMIT 5000; token 9210261722304791681 (see tombstone_warn_threshold)
[2026-04-06T09:10:24.346+0000] {logging_mixin.py:190} INFO - [V] Đã đẩy lên Kafka: Topic tracking_events
[2026-04-06T09:10:24.347+0000] {logging_mixin.py:190} INFO - [V] Đã đẩy lên Kafka: Topic tracking_events
[2026-04-06T09:10:24.347+0000] {logging_mixin.py:190} INFO - [V] Đã đẩy lên Kafka: Topic tracking_events
[2026-04-06T09:10:24.347+0000] {logging_mixin.py:190} INFO - [V] Đã đẩy lên Kafka: Topic tracking_events
[2026-04-06T09:10:24.347+0000] {logging_mixin.py:190} INFO - [V] Đã đẩy lên Kafka: Topic tracking_events
[2026-04-06T09:10:24.347+0000] {logging_mixin.py:190} INFO - [V] Đã đẩy lên Kafka: Topic tracking_events
[2026-04-06T09:10:24.347+0000] {logging_mixin.py:190} INFO - [V] Đã đẩy lên Kafka: Topic tracking_events
[2026-04-06T09:10:24.347+0000] {logging_mixin.py:190} INFO - [V] Đã đẩy lên Kafka: Topic tracking_events
[2026-04-06T09:10:24.347+0000] {logging_mixin.py:190} INFO - [V] Đã đẩy lên Kafka: Topic tracking_events
[2026-04-06T09:10:24.347+0000] {logging_mixin.py:190} INFO - [V] Đã đẩy lên Kafka: Topic tracking_events
[2026-04-06T09:10:24.348+0000] {logging_mixin.py:190} INFO - [V] Đã đẩy lên Kafka: Topic tracking_events
[2026-04-06T09:10:24.348+0000] {logging_mixin.py:190} INFO - [V] Đã đẩy lên Kafka: Topic tracking_events
[2026-04-06T09:10:24.348+0000] {logging_mixin.py:190} INFO - [V] Đã đẩy lên Kafka: Topic tracking_events
[2026-04-06T09:10:24.348+0000] {logging_mixin.py:190} INFO - [V] Đã đẩy lên Kafka: Topic tracking_events
[2026-04-06T09:10:24.348+0000] {logging_mixin.py:190} INFO - [V] Đã đẩy lên Kafka: Topic tracking_events
[2026-04-06T09:10:24.348+0000] {logging_mixin.py:190} INFO - [V] Đã đẩy lên Kafka: Topic tracking_events
[2026-04-06T09:10:24.348+0000] {logging_mixin.py:190} INFO - [V] Đã đẩy lên Kafka: Topic tracking_events
[2026-04-06T09:10:24.348+0000] {logging_mixin.py:190} INFO - [V] Đã đẩy lên Kafka: Topic tracking_events
[2026-04-06T09:10:24.348+0000] {logging_mixin.py:190} INFO - [V] Đã đẩy lên Kafka: Topic tracking_events
[2026-04-06T09:10:24.348+0000] {logging_mixin.py:190} INFO - [V] Đã đẩy lên Kafka: Topic tracking_events
[2026-04-06T09:10:24.350+0000] {logging_mixin.py:190} INFO - [!] Đã đẩy 20 bản ghi lên Kafka!
[2026-04-06T09:10:39.406+0000] {protocol.py:1210} WARNING - Server warning: Read 8582 live rows and 73960 tombstone cells for query SELECT custom_track, job_id, ts FROM keyspace_name.tracking WHERE ts > 2026-04-06 09:10:23.000000 AND  LIMIT 5000; token 9210261722304791681 (see tombstone_warn_threshold)
[2026-04-06T09:10:57.195+0000] {protocol.py:1210} WARNING - Server warning: Read 8597 live rows and 73960 tombstone cells for query SELECT custom_track, job_id, ts FROM keyspace_name.tracking WHERE ts > 2026-04-06 09:10:23.000000 AND  LIMIT 5000; token 9210261722304791681 (see tombstone_warn_threshold)
[2026-04-06T09:10:57.198+0000] {logging_mixin.py:190} INFO - [V] Đã đẩy lên Kafka: Topic tracking_events
[2026-04-06T09:10:57.199+0000] {logging_mixin.py:190} INFO - [V] Đã đẩy lên Kafka: Topic tracking_events
[2026-04-06T09:10:57.199+0000] {logging_mixin.py:190} INFO - [V] Đã đẩy lên Kafka: Topic tracking_events
[2026-04-06T09:10:57.199+0000] {logging_mixin.py:190} INFO - [V] Đã đẩy lên Kafka: Topic tracking_events
[2026-04-06T09:10:57.199+0000] {logging_mixin.py:190} INFO - [V] Đã đẩy lên Kafka: Topic tracking_events
[2026-04-06T09:10:57.199+0000] {logging_mixin.py:190} INFO - [V] Đã đẩy lên Kafka: Topic tracking_events
[2026-04-06T09:10:57.199+0000] {logging_mixin.py:190} INFO - [V] Đã đẩy lên Kafka: Topic tracking_events
[2026-04-06T09:10:57.199+0000] {logging_mixin.py:190} INFO - [V] Đã đẩy lên Kafka: Topic tracking_events
[2026-04-06T09:10:57.200+0000] {logging_mixin.py:190} INFO - [V] Đã đẩy lên Kafka: Topic tracking_events
[2026-04-06T09:10:57.200+0000] {logging_mixin.py:190} INFO - [V] Đã đẩy lên Kafka: Topic tracking_events
[2026-04-06T09:10:57.200+0000] {logging_mixin.py:190} INFO - [V] Đã đẩy lên Kafka: Topic tracking_events
[2026-04-06T09:10:57.200+0000] {logging_mixin.py:190} INFO - [V] Đã đẩy lên Kafka: Topic tracking_events
[2026-04-06T09:10:57.200+0000] {logging_mixin.py:190} INFO - [V] Đã đẩy lên Kafka: Topic tracking_events
[2026-04-06T09:10:57.200+0000] {logging_mixin.py:190} INFO - [V] Đã đẩy lên Kafka: Topic tracking_events
[2026-04-06T09:10:57.200+0000] {logging_mixin.py:190} INFO - [V] Đã đẩy lên Kafka: Topic tracking_events
[2026-04-06T09:10:57.202+0000] {logging_mixin.py:190} INFO - [!] Đã đẩy 15 bản ghi lên Kafka!
[2026-04-06T09:11:12.350+0000] {protocol.py:1210} WARNING - Server warning: Read 8602 live rows and 73960 tombstone cells for query SELECT custom_track, job_id, ts FROM keyspace_name.tracking WHERE ts > 2026-04-06 09:10:43.000000 AND  LIMIT 5000; token 9210261722304791681 (see tombstone_warn_threshold)
[2026-04-06T09:11:12.360+0000] {logging_mixin.py:190} INFO - [V] Đã đẩy lên Kafka: Topic tracking_events
[2026-04-06T09:11:12.361+0000] {logging_mixin.py:190} INFO - [V] Đã đẩy lên Kafka: Topic tracking_events
[2026-04-06T09:11:12.361+0000] {logging_mixin.py:190} INFO - [V] Đã đẩy lên Kafka: Topic tracking_events
[2026-04-06T09:11:12.364+0000] {logging_mixin.py:190} INFO - [V] Đã đẩy lên Kafka: Topic tracking_events
[2026-04-06T09:11:12.364+0000] {logging_mixin.py:190} INFO - [V] Đã đẩy lên Kafka: Topic tracking_events
[2026-04-06T09:11:12.367+0000] {logging_mixin.py:190} INFO - [!] Đã đẩy 5 bản ghi lên Kafka!
[2026-04-06T09:11:30.153+0000] {protocol.py:1210} WARNING - Server warning: Read 8609 live rows and 73960 tombstone cells for query SELECT custom_track, job_id, ts FROM keyspace_name.tracking WHERE ts > 2026-04-06 09:11:06.000000 AND  LIMIT 5000; token 9210261722304791681 (see tombstone_warn_threshold)
[2026-04-06T09:11:30.157+0000] {logging_mixin.py:190} INFO - [V] Đã đẩy lên Kafka: Topic tracking_events
[2026-04-06T09:11:30.157+0000] {logging_mixin.py:190} INFO - [V] Đã đẩy lên Kafka: Topic tracking_events
[2026-04-06T09:11:30.157+0000] {logging_mixin.py:190} INFO - [V] Đã đẩy lên Kafka: Topic tracking_events
[2026-04-06T09:11:30.157+0000] {logging_mixin.py:190} INFO - [V] Đã đẩy lên Kafka: Topic tracking_events
[2026-04-06T09:11:30.158+0000] {logging_mixin.py:190} INFO - [V] Đã đẩy lên Kafka: Topic tracking_events
[2026-04-06T09:11:30.158+0000] {logging_mixin.py:190} INFO - [V] Đã đẩy lên Kafka: Topic tracking_events
[2026-04-06T09:11:30.158+0000] {logging_mixin.py:190} INFO - [V] Đã đẩy lên Kafka: Topic tracking_events
[2026-04-06T09:11:30.159+0000] {logging_mixin.py:190} INFO - [!] Đã đẩy 7 bản ghi lên Kafka!
[2026-04-06T09:11:45.216+0000] {protocol.py:1210} WARNING - Server warning: Read 8609 live rows and 73960 tombstone cells for query SELECT custom_track, job_id, ts FROM keyspace_name.tracking WHERE ts > 2026-04-06 09:11:28.000000 AND  LIMIT 5000; token 9210261722304791681 (see tombstone_warn_threshold)
[2026-04-06T09:12:03.016+0000] {protocol.py:1210} WARNING - Server warning: Read 8629 live rows and 73960 tombstone cells for query SELECT custom_track, job_id, ts FROM keyspace_name.tracking WHERE ts > 2026-04-06 09:11:28.000000 AND  LIMIT 5000; token 9210261722304791681 (see tombstone_warn_threshold)
[2026-04-06T09:12:03.020+0000] {logging_mixin.py:190} INFO - [V] Đã đẩy lên Kafka: Topic tracking_events
[2026-04-06T09:12:03.021+0000] {logging_mixin.py:190} INFO - [V] Đã đẩy lên Kafka: Topic tracking_events
[2026-04-06T09:12:03.021+0000] {logging_mixin.py:190} INFO - [V] Đã đẩy lên Kafka: Topic tracking_events
[2026-04-06T09:12:03.021+0000] {logging_mixin.py:190} INFO - [V] Đã đẩy lên Kafka: Topic tracking_events
[2026-04-06T09:12:03.021+0000] {logging_mixin.py:190} INFO - [V] Đã đẩy lên Kafka: Topic tracking_events
[2026-04-06T09:12:03.021+0000] {logging_mixin.py:190} INFO - [V] Đã đẩy lên Kafka: Topic tracking_events
[2026-04-06T09:12:03.021+0000] {logging_mixin.py:190} INFO - [V] Đã đẩy lên Kafka: Topic tracking_events
[2026-04-06T09:12:03.021+0000] {logging_mixin.py:190} INFO - [V] Đã đẩy lên Kafka: Topic tracking_events
[2026-04-06T09:12:03.021+0000] {logging_mixin.py:190} INFO - [V] Đã đẩy lên Kafka: Topic tracking_events
[2026-04-06T09:12:03.021+0000] {logging_mixin.py:190} INFO - [V] Đã đẩy lên Kafka: Topic tracking_events
[2026-04-06T09:12:03.021+0000] {logging_mixin.py:190} INFO - [V] Đã đẩy lên Kafka: Topic tracking_events
[2026-04-06T09:12:03.021+0000] {logging_mixin.py:190} INFO - [V] Đã đẩy lên Kafka: Topic tracking_events
[2026-04-06T09:12:03.022+0000] {logging_mixin.py:190} INFO - [V] Đã đẩy lên Kafka: Topic tracking_events
[2026-04-06T09:12:03.022+0000] {logging_mixin.py:190} INFO - [V] Đã đẩy lên Kafka: Topic tracking_events
[2026-04-06T09:12:03.022+0000] {logging_mixin.py:190} INFO - [V] Đã đẩy lên Kafka: Topic tracking_events
[2026-04-06T09:12:03.022+0000] {logging_mixin.py:190} INFO - [V] Đã đẩy lên Kafka: Topic tracking_events
[2026-04-06T09:12:03.022+0000] {logging_mixin.py:190} INFO - [V] Đã đẩy lên Kafka: Topic tracking_events
[2026-04-06T09:12:03.022+0000] {logging_mixin.py:190} INFO - [V] Đã đẩy lên Kafka: Topic tracking_events
[2026-04-06T09:12:03.022+0000] {logging_mixin.py:190} INFO - [V] Đã đẩy lên Kafka: Topic tracking_events
[2026-04-06T09:12:03.022+0000] {logging_mixin.py:190} INFO - [V] Đã đẩy lên Kafka: Topic tracking_events
[2026-04-06T09:12:03.023+0000] {logging_mixin.py:190} INFO - [!] Đã đẩy 20 bản ghi lên Kafka!
[2026-04-06T09:12:18.218+0000] {protocol.py:1210} WARNING - Server warning: Read 8638 live rows and 73960 tombstone cells for query SELECT custom_track, job_id, ts FROM keyspace_name.tracking WHERE ts > 2026-04-06 09:11:48.000000 AND  LIMIT 5000; token 9210261722304791681 (see tombstone_warn_threshold)
[2026-04-06T09:12:18.224+0000] {logging_mixin.py:190} INFO - [V] Đã đẩy lên Kafka: Topic tracking_events
[2026-04-06T09:12:18.224+0000] {logging_mixin.py:190} INFO - [V] Đã đẩy lên Kafka: Topic tracking_events
[2026-04-06T09:12:18.224+0000] {logging_mixin.py:190} INFO - [V] Đã đẩy lên Kafka: Topic tracking_events
[2026-04-06T09:12:18.224+0000] {logging_mixin.py:190} INFO - [V] Đã đẩy lên Kafka: Topic tracking_events
[2026-04-06T09:12:18.225+0000] {logging_mixin.py:190} INFO - [V] Đã đẩy lên Kafka: Topic tracking_events
[2026-04-06T09:12:18.225+0000] {logging_mixin.py:190} INFO - [V] Đã đẩy lên Kafka: Topic tracking_events
[2026-04-06T09:12:18.225+0000] {logging_mixin.py:190} INFO - [V] Đã đẩy lên Kafka: Topic tracking_events
[2026-04-06T09:12:18.225+0000] {logging_mixin.py:190} INFO - [V] Đã đẩy lên Kafka: Topic tracking_events
[2026-04-06T09:12:18.225+0000] {logging_mixin.py:190} INFO - [V] Đã đẩy lên Kafka: Topic tracking_events
[2026-04-06T09:12:18.226+0000] {logging_mixin.py:190} INFO - [!] Đã đẩy 9 bản ghi lên Kafka!
[2026-04-06T09:12:36.013+0000] {protocol.py:1210} WARNING - Server warning: Read 8652 live rows and 73960 tombstone cells for query SELECT custom_track, job_id, ts FROM keyspace_name.tracking WHERE ts > 2026-04-06 09:12:11.000000 AND  LIMIT 5000; token 9210261722304791681 (see tombstone_warn_threshold)
[2026-04-06T09:12:36.016+0000] {logging_mixin.py:190} INFO - [V] Đã đẩy lên Kafka: Topic tracking_events
[2026-04-06T09:12:36.016+0000] {logging_mixin.py:190} INFO - [V] Đã đẩy lên Kafka: Topic tracking_events
[2026-04-06T09:12:36.016+0000] {logging_mixin.py:190} INFO - [V] Đã đẩy lên Kafka: Topic tracking_events
[2026-04-06T09:12:36.016+0000] {logging_mixin.py:190} INFO - [V] Đã đẩy lên Kafka: Topic tracking_events
[2026-04-06T09:12:36.016+0000] {logging_mixin.py:190} INFO - [V] Đã đẩy lên Kafka: Topic tracking_events
[2026-04-06T09:12:36.016+0000] {logging_mixin.py:190} INFO - [V] Đã đẩy lên Kafka: Topic tracking_events
[2026-04-06T09:12:36.016+0000] {logging_mixin.py:190} INFO - [V] Đã đẩy lên Kafka: Topic tracking_events
[2026-04-06T09:12:36.016+0000] {logging_mixin.py:190} INFO - [V] Đã đẩy lên Kafka: Topic tracking_events
[2026-04-06T09:12:36.016+0000] {logging_mixin.py:190} INFO - [V] Đã đẩy lên Kafka: Topic tracking_events
[2026-04-06T09:12:36.016+0000] {logging_mixin.py:190} INFO - [V] Đã đẩy lên Kafka: Topic tracking_events
[2026-04-06T09:12:36.017+0000] {logging_mixin.py:190} INFO - [V] Đã đẩy lên Kafka: Topic tracking_events
[2026-04-06T09:12:36.017+0000] {logging_mixin.py:190} INFO - [V] Đã đẩy lên Kafka: Topic tracking_events
[2026-04-06T09:12:36.017+0000] {logging_mixin.py:190} INFO - [V] Đã đẩy lên Kafka: Topic tracking_events
[2026-04-06T09:12:36.017+0000] {logging_mixin.py:190} INFO - [V] Đã đẩy lên Kafka: Topic tracking_events
[2026-04-06T09:12:36.018+0000] {logging_mixin.py:190} INFO - [!] Đã đẩy 14 bản ghi lên Kafka!
[2026-04-06T09:12:51.067+0000] {protocol.py:1210} WARNING - Server warning: Read 8652 live rows and 73960 tombstone cells for query SELECT custom_track, job_id, ts FROM keyspace_name.tracking WHERE ts > 2026-04-06 09:12:34.000000 AND  LIMIT 5000; token 9210261722304791681 (see tombstone_warn_threshold)
[2026-04-06T09:13:08.873+0000] {protocol.py:1210} WARNING - Server warning: Read 8670 live rows and 73960 tombstone cells for query SELECT custom_track, job_id, ts FROM keyspace_name.tracking WHERE ts > 2026-04-06 09:12:34.000000 AND  LIMIT 5000; token 9210261722304791681 (see tombstone_warn_threshold)
[2026-04-06T09:13:08.876+0000] {logging_mixin.py:190} INFO - [V] Đã đẩy lên Kafka: Topic tracking_events
[2026-04-06T09:13:08.877+0000] {logging_mixin.py:190} INFO - [V] Đã đẩy lên Kafka: Topic tracking_events
[2026-04-06T09:13:08.877+0000] {logging_mixin.py:190} INFO - [V] Đã đẩy lên Kafka: Topic tracking_events
[2026-04-06T09:13:08.877+0000] {logging_mixin.py:190} INFO - [V] Đã đẩy lên Kafka: Topic tracking_events
[2026-04-06T09:13:08.877+0000] {logging_mixin.py:190} INFO - [V] Đã đẩy lên Kafka: Topic tracking_events
[2026-04-06T09:13:08.877+0000] {logging_mixin.py:190} INFO - [V] Đã đẩy lên Kafka: Topic tracking_events
[2026-04-06T09:13:08.877+0000] {logging_mixin.py:190} INFO - [V] Đã đẩy lên Kafka: Topic tracking_events
[2026-04-06T09:13:08.877+0000] {logging_mixin.py:190} INFO - [V] Đã đẩy lên Kafka: Topic tracking_events
[2026-04-06T09:13:08.877+0000] {logging_mixin.py:190} INFO - [V] Đã đẩy lên Kafka: Topic tracking_events
[2026-04-06T09:13:08.877+0000] {logging_mixin.py:190} INFO - [V] Đã đẩy lên Kafka: Topic tracking_events
[2026-04-06T09:13:08.877+0000] {logging_mixin.py:190} INFO - [V] Đã đẩy lên Kafka: Topic tracking_events
[2026-04-06T09:13:08.877+0000] {logging_mixin.py:190} INFO - [V] Đã đẩy lên Kafka: Topic tracking_events
[2026-04-06T09:13:08.877+0000] {logging_mixin.py:190} INFO - [V] Đã đẩy lên Kafka: Topic tracking_events
[2026-04-06T09:13:08.878+0000] {logging_mixin.py:190} INFO - [V] Đã đẩy lên Kafka: Topic tracking_events
[2026-04-06T09:13:08.878+0000] {logging_mixin.py:190} INFO - [V] Đã đẩy lên Kafka: Topic tracking_events
[2026-04-06T09:13:08.878+0000] {logging_mixin.py:190} INFO - [V] Đã đẩy lên Kafka: Topic tracking_events
[2026-04-06T09:13:08.878+0000] {logging_mixin.py:190} INFO - [V] Đã đẩy lên Kafka: Topic tracking_events
[2026-04-06T09:13:08.878+0000] {logging_mixin.py:190} INFO - [V] Đã đẩy lên Kafka: Topic tracking_events
[2026-04-06T09:13:08.878+0000] {logging_mixin.py:190} INFO - [!] Đã đẩy 18 bản ghi lên Kafka!
[2026-04-06T09:13:23.934+0000] {protocol.py:1210} WARNING - Server warning: Read 8672 live rows and 73960 tombstone cells for query SELECT custom_track, job_id, ts FROM keyspace_name.tracking WHERE ts > 2026-04-06 09:12:54.000000 AND  LIMIT 5000; token 9210261722304791681 (see tombstone_warn_threshold)
[2026-04-06T09:13:23.937+0000] {logging_mixin.py:190} INFO - [V] Đã đẩy lên Kafka: Topic tracking_events
[2026-04-06T09:13:23.937+0000] {logging_mixin.py:190} INFO - [V] Đã đẩy lên Kafka: Topic tracking_events
[2026-04-06T09:13:23.938+0000] {logging_mixin.py:190} INFO - [!] Đã đẩy 2 bản ghi lên Kafka!
[2026-04-06T09:13:41.801+0000] {protocol.py:1210} WARNING - Server warning: Read 8674 live rows and 73960 tombstone cells for query SELECT custom_track, job_id, ts FROM keyspace_name.tracking WHERE ts > 2026-04-06 09:13:17.000000 AND  LIMIT 5000; token 9210261722304791681 (see tombstone_warn_threshold)
[2026-04-06T09:13:41.807+0000] {logging_mixin.py:190} INFO - [V] Đã đẩy lên Kafka: Topic tracking_events
[2026-04-06T09:13:41.807+0000] {logging_mixin.py:190} INFO - [V] Đã đẩy lên Kafka: Topic tracking_events
[2026-04-06T09:13:41.810+0000] {logging_mixin.py:190} INFO - [!] Đã đẩy 2 bản ghi lên Kafka!
[2026-04-06T09:13:56.880+0000] {protocol.py:1210} WARNING - Server warning: Read 8674 live rows and 73960 tombstone cells for query SELECT custom_track, job_id, ts FROM keyspace_name.tracking WHERE ts > 2026-04-06 09:13:40.000000 AND  LIMIT 5000; token 9210261722304791681 (see tombstone_warn_threshold)
[2026-04-06T09:14:14.667+0000] {protocol.py:1210} WARNING - Server warning: Read 8691 live rows and 73960 tombstone cells for query SELECT custom_track, job_id, ts FROM keyspace_name.tracking WHERE ts > 2026-04-06 09:13:40.000000 AND  LIMIT 5000; token 9210261722304791681 (see tombstone_warn_threshold)
[2026-04-06T09:14:14.670+0000] {logging_mixin.py:190} INFO - [V] Đã đẩy lên Kafka: Topic tracking_events
[2026-04-06T09:14:14.670+0000] {logging_mixin.py:190} INFO - [V] Đã đẩy lên Kafka: Topic tracking_events
[2026-04-06T09:14:14.670+0000] {logging_mixin.py:190} INFO - [V] Đã đẩy lên Kafka: Topic tracking_events
[2026-04-06T09:14:14.670+0000] {logging_mixin.py:190} INFO - [V] Đã đẩy lên Kafka: Topic tracking_events
[2026-04-06T09:14:14.670+0000] {logging_mixin.py:190} INFO - [V] Đã đẩy lên Kafka: Topic tracking_events
[2026-04-06T09:14:14.670+0000] {logging_mixin.py:190} INFO - [V] Đã đẩy lên Kafka: Topic tracking_events
[2026-04-06T09:14:14.670+0000] {logging_mixin.py:190} INFO - [V] Đã đẩy lên Kafka: Topic tracking_events
[2026-04-06T09:14:14.671+0000] {logging_mixin.py:190} INFO - [V] Đã đẩy lên Kafka: Topic tracking_events
[2026-04-06T09:14:14.671+0000] {logging_mixin.py:190} INFO - [V] Đã đẩy lên Kafka: Topic tracking_events
[2026-04-06T09:14:14.671+0000] {logging_mixin.py:190} INFO - [V] Đã đẩy lên Kafka: Topic tracking_events
[2026-04-06T09:14:14.671+0000] {logging_mixin.py:190} INFO - [V] Đã đẩy lên Kafka: Topic tracking_events
[2026-04-06T09:14:14.671+0000] {logging_mixin.py:190} INFO - [V] Đã đẩy lên Kafka: Topic tracking_events
[2026-04-06T09:14:14.671+0000] {logging_mixin.py:190} INFO - [V] Đã đẩy lên Kafka: Topic tracking_events
[2026-04-06T09:14:14.671+0000] {logging_mixin.py:190} INFO - [V] Đã đẩy lên Kafka: Topic tracking_events
[2026-04-06T09:14:14.671+0000] {logging_mixin.py:190} INFO - [V] Đã đẩy lên Kafka: Topic tracking_events
[2026-04-06T09:14:14.671+0000] {logging_mixin.py:190} INFO - [V] Đã đẩy lên Kafka: Topic tracking_events
[2026-04-06T09:14:14.671+0000] {logging_mixin.py:190} INFO - [V] Đã đẩy lên Kafka: Topic tracking_events
[2026-04-06T09:14:14.672+0000] {logging_mixin.py:190} INFO - [!] Đã đẩy 17 bản ghi lên Kafka!
[2026-04-06T09:14:29.763+0000] {protocol.py:1210} WARNING - Server warning: Read 8696 live rows and 73960 tombstone cells for query SELECT custom_track, job_id, ts FROM keyspace_name.tracking WHERE ts > 2026-04-06 09:14:00.000000 AND  LIMIT 5000; token 9210261722304791681 (see tombstone_warn_threshold)
[2026-04-06T09:14:29.768+0000] {logging_mixin.py:190} INFO - [V] Đã đẩy lên Kafka: Topic tracking_events
[2026-04-06T09:14:29.768+0000] {logging_mixin.py:190} INFO - [V] Đã đẩy lên Kafka: Topic tracking_events
[2026-04-06T09:14:29.768+0000] {logging_mixin.py:190} INFO - [V] Đã đẩy lên Kafka: Topic tracking_events
[2026-04-06T09:14:29.768+0000] {logging_mixin.py:190} INFO - [V] Đã đẩy lên Kafka: Topic tracking_events
[2026-04-06T09:14:29.769+0000] {logging_mixin.py:190} INFO - [V] Đã đẩy lên Kafka: Topic tracking_events
[2026-04-06T09:14:29.770+0000] {logging_mixin.py:190} INFO - [!] Đã đẩy 5 bản ghi lên Kafka!
[2026-04-06T09:14:47.556+0000] {protocol.py:1210} WARNING - Server warning: Read 8701 live rows and 73960 tombstone cells for query SELECT custom_track, job_id, ts FROM keyspace_name.tracking WHERE ts > 2026-04-06 09:14:22.000000 AND  LIMIT 5000; token 9210261722304791681 (see tombstone_warn_threshold)
[2026-04-06T09:14:47.559+0000] {logging_mixin.py:190} INFO - [V] Đã đẩy lên Kafka: Topic tracking_events
[2026-04-06T09:14:47.559+0000] {logging_mixin.py:190} INFO - [V] Đã đẩy lên Kafka: Topic tracking_events
[2026-04-06T09:14:47.559+0000] {logging_mixin.py:190} INFO - [V] Đã đẩy lên Kafka: Topic tracking_events
[2026-04-06T09:14:47.559+0000] {logging_mixin.py:190} INFO - [V] Đã đẩy lên Kafka: Topic tracking_events
[2026-04-06T09:14:47.559+0000] {logging_mixin.py:190} INFO - [V] Đã đẩy lên Kafka: Topic tracking_events
[2026-04-06T09:14:47.560+0000] {logging_mixin.py:190} INFO - [!] Đã đẩy 5 bản ghi lên Kafka!
[2026-04-06T09:15:02.746+0000] {protocol.py:1210} WARNING - Server warning: Read 8701 live rows and 73960 tombstone cells for query SELECT custom_track, job_id, ts FROM keyspace_name.tracking WHERE ts > 2026-04-06 09:14:45.000000 AND  LIMIT 5000; token 9210261722304791681 (see tombstone_warn_threshold)
[2026-04-06T09:15:20.549+0000] {protocol.py:1210} WARNING - Server warning: Read 8715 live rows and 73960 tombstone cells for query SELECT custom_track, job_id, ts FROM keyspace_name.tracking WHERE ts > 2026-04-06 09:14:45.000000 AND  LIMIT 5000; token 9210261722304791681 (see tombstone_warn_threshold)
[2026-04-06T09:15:20.553+0000] {logging_mixin.py:190} INFO - [V] Đã đẩy lên Kafka: Topic tracking_events
[2026-04-06T09:15:20.554+0000] {logging_mixin.py:190} INFO - [V] Đã đẩy lên Kafka: Topic tracking_events
[2026-04-06T09:15:20.554+0000] {logging_mixin.py:190} INFO - [V] Đã đẩy lên Kafka: Topic tracking_events
[2026-04-06T09:15:20.554+0000] {logging_mixin.py:190} INFO - [V] Đã đẩy lên Kafka: Topic tracking_events
[2026-04-06T09:15:20.554+0000] {logging_mixin.py:190} INFO - [V] Đã đẩy lên Kafka: Topic tracking_events
[2026-04-06T09:15:20.555+0000] {logging_mixin.py:190} INFO - [V] Đã đẩy lên Kafka: Topic tracking_events
[2026-04-06T09:15:20.555+0000] {logging_mixin.py:190} INFO - [V] Đã đẩy lên Kafka: Topic tracking_events
[2026-04-06T09:15:20.555+0000] {logging_mixin.py:190} INFO - [V] Đã đẩy lên Kafka: Topic tracking_events
[2026-04-06T09:15:20.555+0000] {logging_mixin.py:190} INFO - [V] Đã đẩy lên Kafka: Topic tracking_events
[2026-04-06T09:15:20.555+0000] {logging_mixin.py:190} INFO - [V] Đã đẩy lên Kafka: Topic tracking_events
[2026-04-06T09:15:20.555+0000] {logging_mixin.py:190} INFO - [V] Đã đẩy lên Kafka: Topic tracking_events
[2026-04-06T09:15:20.555+0000] {logging_mixin.py:190} INFO - [V] Đã đẩy lên Kafka: Topic tracking_events
[2026-04-06T09:15:20.555+0000] {logging_mixin.py:190} INFO - [V] Đã đẩy lên Kafka: Topic tracking_events
[2026-04-06T09:15:20.555+0000] {logging_mixin.py:190} INFO - [V] Đã đẩy lên Kafka: Topic tracking_events
[2026-04-06T09:15:20.556+0000] {logging_mixin.py:190} INFO - [!] Đã đẩy 14 bản ghi lên Kafka!
[2026-04-06T09:15:35.623+0000] {protocol.py:1210} WARNING - Server warning: Read 8727 live rows and 73960 tombstone cells for query SELECT custom_track, job_id, ts FROM keyspace_name.tracking WHERE ts > 2026-04-06 09:15:05.000000 AND  LIMIT 5000; token 9210261722304791681 (see tombstone_warn_threshold)
[2026-04-06T09:15:35.626+0000] {logging_mixin.py:190} INFO - [V] Đã đẩy lên Kafka: Topic tracking_events
[2026-04-06T09:15:35.627+0000] {logging_mixin.py:190} INFO - [V] Đã đẩy lên Kafka: Topic tracking_events
[2026-04-06T09:15:35.627+0000] {logging_mixin.py:190} INFO - [V] Đã đẩy lên Kafka: Topic tracking_events
[2026-04-06T09:15:35.627+0000] {logging_mixin.py:190} INFO - [V] Đã đẩy lên Kafka: Topic tracking_events
[2026-04-06T09:15:35.627+0000] {logging_mixin.py:190} INFO - [V] Đã đẩy lên Kafka: Topic tracking_events
[2026-04-06T09:15:35.627+0000] {logging_mixin.py:190} INFO - [V] Đã đẩy lên Kafka: Topic tracking_events
[2026-04-06T09:15:35.627+0000] {logging_mixin.py:190} INFO - [V] Đã đẩy lên Kafka: Topic tracking_events
[2026-04-06T09:15:35.627+0000] {logging_mixin.py:190} INFO - [V] Đã đẩy lên Kafka: Topic tracking_events
[2026-04-06T09:15:35.627+0000] {logging_mixin.py:190} INFO - [V] Đã đẩy lên Kafka: Topic tracking_events
[2026-04-06T09:15:35.627+0000] {logging_mixin.py:190} INFO - [V] Đã đẩy lên Kafka: Topic tracking_events
[2026-04-06T09:15:35.627+0000] {logging_mixin.py:190} INFO - [V] Đã đẩy lên Kafka: Topic tracking_events
[2026-04-06T09:15:35.627+0000] {logging_mixin.py:190} INFO - [V] Đã đẩy lên Kafka: Topic tracking_events
[2026-04-06T09:15:35.628+0000] {logging_mixin.py:190} INFO - [!] Đã đẩy 12 bản ghi lên Kafka!
[2026-04-06T09:15:51.785+0000] {local_task_job_runner.py:127} ERROR - Received SIGTERM. Terminating subprocesses
[2026-04-06T09:15:51.945+0000] {process_utils.py:132} INFO - Sending 15 to group 257. PIDs of all processes in the group: [257]
[2026-04-06T09:15:51.959+0000] {process_utils.py:87} INFO - Sending the signal 15 to group 257
[2026-04-06T09:15:52.017+0000] {taskinstance.py:3094} ERROR - Received SIGTERM. Terminating subprocesses.
[2026-04-06T09:15:52.286+0000] {taskinstance.py:3095} ERROR - Stacktrace: 
  File "/home/***/.local/bin/***", line 8, in <module>
    sys.exit(main())
  File "/home/***/.local/lib/python3.8/site-packages/***/__main__.py", line 62, in main
    args.func(args)
  File "/home/***/.local/lib/python3.8/site-packages/***/cli/cli_config.py", line 49, in command
    return func(*args, **kwargs)
  File "/home/***/.local/lib/python3.8/site-packages/***/utils/cli.py", line 116, in wrapper
    return f(*args, **kwargs)
  File "/home/***/.local/lib/python3.8/site-packages/***/utils/providers_configuration_loader.py", line 55, in wrapped_function
    return func(*args, **kwargs)
  File "/home/***/.local/lib/python3.8/site-packages/***/cli/commands/scheduler_command.py", line 56, in scheduler
    run_command_with_daemon_option(
  File "/home/***/.local/lib/python3.8/site-packages/***/cli/commands/daemon_utils.py", line 86, in run_command_with_daemon_option
    callback()
  File "/home/***/.local/lib/python3.8/site-packages/***/cli/commands/scheduler_command.py", line 59, in <lambda>
    callback=lambda: _run_scheduler_job(args),
  File "/home/***/.local/lib/python3.8/site-packages/***/cli/commands/scheduler_command.py", line 47, in _run_scheduler_job
    run_job(job=job_runner.job, execute_callable=job_runner._execute)
  File "/home/***/.local/lib/python3.8/site-packages/***/utils/session.py", line 97, in wrapper
    return func(*args, session=session, **kwargs)
  File "/home/***/.local/lib/python3.8/site-packages/***/jobs/job.py", line 421, in run_job
    return execute_job(job, execute_callable=execute_callable)
  File "/home/***/.local/lib/python3.8/site-packages/***/jobs/job.py", line 450, in execute_job
    ret = execute_callable()
  File "/home/***/.local/lib/python3.8/site-packages/***/jobs/scheduler_job_runner.py", line 990, in _execute
    executor.start()
  File "/home/***/.local/lib/python3.8/site-packages/***/executors/local_executor.py", line 392, in start
    self.impl.start()
  File "/home/***/.local/lib/python3.8/site-packages/***/executors/local_executor.py", line 330, in start
    worker.start()
  File "/usr/local/lib/python3.8/multiprocessing/process.py", line 121, in start
    self._popen = self._Popen(self)
  File "/usr/local/lib/python3.8/multiprocessing/context.py", line 224, in _Popen
    return _default_context.get_context().Process._Popen(process_obj)
  File "/usr/local/lib/python3.8/multiprocessing/context.py", line 277, in _Popen
    return Popen(process_obj)
  File "/usr/local/lib/python3.8/multiprocessing/popen_fork.py", line 19, in __init__
    self._launch(process_obj)
  File "/usr/local/lib/python3.8/multiprocessing/popen_fork.py", line 75, in _launch
    code = process_obj._bootstrap(parent_sentinel=child_r)
  File "/usr/local/lib/python3.8/multiprocessing/process.py", line 315, in _bootstrap
    self.run()
  File "/home/***/.local/lib/python3.8/site-packages/***/executors/local_executor.py", line 80, in run
    return super().run()
  File "/usr/local/lib/python3.8/multiprocessing/process.py", line 108, in run
    self._target(*self._args, **self._kwargs)
  File "/home/***/.local/lib/python3.8/site-packages/***/traces/tracer.py", line 58, in wrapper
    return func(*args, **kwargs)
  File "/home/***/.local/lib/python3.8/site-packages/***/executors/local_executor.py", line 211, in do_work
    self.execute_work(key=key, command=command)
  File "/home/***/.local/lib/python3.8/site-packages/***/traces/tracer.py", line 58, in wrapper
    return func(*args, **kwargs)
  File "/home/***/.local/lib/python3.8/site-packages/***/executors/local_executor.py", line 100, in execute_work
    state = self._execute_work_in_fork(command)
  File "/home/***/.local/lib/python3.8/site-packages/***/traces/tracer.py", line 58, in wrapper
    return func(*args, **kwargs)
  File "/home/***/.local/lib/python3.8/site-packages/***/executors/local_executor.py", line 142, in _execute_work_in_fork
    args.func(args)
  File "/home/***/.local/lib/python3.8/site-packages/***/cli/cli_config.py", line 49, in command
    return func(*args, **kwargs)
  File "/home/***/.local/lib/python3.8/site-packages/***/utils/cli.py", line 116, in wrapper
    return f(*args, **kwargs)
  File "/home/***/.local/lib/python3.8/site-packages/***/cli/commands/task_command.py", line 483, in task_run
    task_return_code = _run_task_by_selected_method(args, _dag, ti)
  File "/home/***/.local/lib/python3.8/site-packages/***/cli/commands/task_command.py", line 254, in _run_task_by_selected_method
    return _run_task_by_local_task_job(args, ti)
  File "/home/***/.local/lib/python3.8/site-packages/***/cli/commands/task_command.py", line 322, in _run_task_by_local_task_job
    ret = run_job(job=job_runner.job, execute_callable=job_runner._execute)
  File "/home/***/.local/lib/python3.8/site-packages/***/utils/session.py", line 97, in wrapper
    return func(*args, session=session, **kwargs)
  File "/home/***/.local/lib/python3.8/site-packages/***/jobs/job.py", line 421, in run_job
    return execute_job(job, execute_callable=execute_callable)
  File "/home/***/.local/lib/python3.8/site-packages/***/jobs/job.py", line 450, in execute_job
    ret = execute_callable()
  File "/home/***/.local/lib/python3.8/site-packages/***/jobs/local_task_job_runner.py", line 171, in _execute
    self.task_runner.start()
  File "/home/***/.local/lib/python3.8/site-packages/***/task/task_runner/standard_task_runner.py", line 55, in start
    self.process = self._start_by_fork()
  File "/home/***/.local/lib/python3.8/site-packages/***/task/task_runner/standard_task_runner.py", line 117, in _start_by_fork
    ret = args.func(args, dag=self.dag)
  File "/home/***/.local/lib/python3.8/site-packages/***/cli/cli_config.py", line 49, in command
    return func(*args, **kwargs)
  File "/home/***/.local/lib/python3.8/site-packages/***/utils/cli.py", line 116, in wrapper
    return f(*args, **kwargs)
  File "/home/***/.local/lib/python3.8/site-packages/***/cli/commands/task_command.py", line 483, in task_run
    task_return_code = _run_task_by_selected_method(args, _dag, ti)
  File "/home/***/.local/lib/python3.8/site-packages/***/cli/commands/task_command.py", line 256, in _run_task_by_selected_method
    return _run_raw_task(args, ti)
  File "/home/***/.local/lib/python3.8/site-packages/***/cli/commands/task_command.py", line 341, in _run_raw_task
    return ti._run_raw_task(
  File "/home/***/.local/lib/python3.8/site-packages/***/utils/session.py", line 97, in wrapper
    return func(*args, session=session, **kwargs)
  File "/home/***/.local/lib/python3.8/site-packages/***/models/taskinstance.py", line 3006, in _run_raw_task
    return _run_raw_task(
  File "/home/***/.local/lib/python3.8/site-packages/***/models/taskinstance.py", line 274, in _run_raw_task
    TaskInstance._execute_task_with_callbacks(
  File "/home/***/.local/lib/python3.8/site-packages/***/models/taskinstance.py", line 3161, in _execute_task_with_callbacks
    result = self._execute_task(context, task_orig)
  File "/home/***/.local/lib/python3.8/site-packages/***/models/taskinstance.py", line 3185, in _execute_task
    return _execute_task(self, context, task_orig)
  File "/home/***/.local/lib/python3.8/site-packages/***/models/taskinstance.py", line 768, in _execute_task
    result = _execute_callable(context=context, **execute_callable_kwargs)
  File "/home/***/.local/lib/python3.8/site-packages/***/models/taskinstance.py", line 734, in _execute_callable
    return ExecutionCallableRunner(
  File "/home/***/.local/lib/python3.8/site-packages/***/utils/operator_helpers.py", line 252, in run
    return self.func(*args, **kwargs)
  File "/home/***/.local/lib/python3.8/site-packages/***/models/baseoperator.py", line 424, in wrapper
    return func(self, *args, **kwargs)
  File "/home/***/.local/lib/python3.8/site-packages/***/operators/python.py", line 238, in execute
    return_value = self.execute_callable()
  File "/home/***/.local/lib/python3.8/site-packages/***/operators/python.py", line 256, in execute_callable
    return runner.run(*self.op_args, **self.op_kwargs)
  File "/home/***/.local/lib/python3.8/site-packages/***/utils/operator_helpers.py", line 252, in run
    return self.func(*args, **kwargs)
  File "/opt/***/scripts/ingestion/kafka_cdc_producer.py", line 57, in cdc_polling_consumer
    time.sleep(15)
  File "/home/***/.local/lib/python3.8/site-packages/***/models/taskinstance.py", line 3095, in signal_handler
    self.log.error("Stacktrace: \n%s", "".join(traceback.format_stack()))

[2026-04-06T09:15:52.587+0000] {taskinstance.py:3313} ERROR - Task failed with exception
Traceback (most recent call last):
  File "/home/airflow/.local/lib/python3.8/site-packages/airflow/models/taskinstance.py", line 768, in _execute_task
    result = _execute_callable(context=context, **execute_callable_kwargs)
  File "/home/airflow/.local/lib/python3.8/site-packages/airflow/models/taskinstance.py", line 734, in _execute_callable
    return ExecutionCallableRunner(
  File "/home/airflow/.local/lib/python3.8/site-packages/airflow/utils/operator_helpers.py", line 252, in run
    return self.func(*args, **kwargs)
  File "/home/airflow/.local/lib/python3.8/site-packages/airflow/models/baseoperator.py", line 424, in wrapper
    return func(self, *args, **kwargs)
  File "/home/airflow/.local/lib/python3.8/site-packages/airflow/operators/python.py", line 238, in execute
    return_value = self.execute_callable()
  File "/home/airflow/.local/lib/python3.8/site-packages/airflow/operators/python.py", line 256, in execute_callable
    return runner.run(*self.op_args, **self.op_kwargs)
  File "/home/airflow/.local/lib/python3.8/site-packages/airflow/utils/operator_helpers.py", line 252, in run
    return self.func(*args, **kwargs)
  File "/opt/airflow/scripts/ingestion/kafka_cdc_producer.py", line 57, in cdc_polling_consumer
    time.sleep(15)
  File "/home/airflow/.local/lib/python3.8/site-packages/airflow/models/taskinstance.py", line 3097, in signal_handler
    raise AirflowTaskTerminated("Task received SIGTERM signal")
airflow.exceptions.AirflowTaskTerminated: Task received SIGTERM signal
[2026-04-06T09:15:52.723+0000] {taskinstance.py:1226} INFO - Marking task as UP_FOR_RETRY. dag_id=1_continuous_services_bear_mode, task_id=service_kafka_cdc, run_id=manual__2026-04-06T09:08:08.026743+00:00, execution_date=20260406T090808, start_date=20260406T090810, end_date=20260406T091552
