[2026-04-06T09:23:34.385+0000] {local_task_job_runner.py:123} INFO - ::group::Pre task execution logs
[2026-04-06T09:23:34.408+0000] {taskinstance.py:2614} INFO - Dependencies all met for dep_context=non-requeueable deps ti=<TaskInstance: 2_batch_etl_every_10min.run_batch_processing scheduled__2026-04-06T09:10:00+00:00 [queued]>
[2026-04-06T09:23:34.420+0000] {taskinstance.py:2614} INFO - Dependencies all met for dep_context=requeueable deps ti=<TaskInstance: 2_batch_etl_every_10min.run_batch_processing scheduled__2026-04-06T09:10:00+00:00 [queued]>
[2026-04-06T09:23:34.421+0000] {taskinstance.py:2867} INFO - Starting attempt 1 of 2
[2026-04-06T09:23:34.440+0000] {taskinstance.py:2890} INFO - Executing <Task(PythonOperator): run_batch_processing> on 2026-04-06 09:10:00+00:00
[2026-04-06T09:23:34.445+0000] {standard_task_runner.py:72} INFO - Started process 519 to run task
[2026-04-06T09:23:34.454+0000] {standard_task_runner.py:104} INFO - Running: ['***', 'tasks', 'run', '2_batch_etl_every_10min', 'run_batch_processing', 'scheduled__2026-04-06T09:10:00+00:00', '--job-id', '5', '--raw', '--subdir', 'DAGS_FOLDER/dag_batch_processing_10min.py', '--cfg-path', '/tmp/tmprw13s_wt']
[2026-04-06T09:23:34.457+0000] {standard_task_runner.py:105} INFO - Job 5: Subtask run_batch_processing
[2026-04-06T09:23:34.536+0000] {task_command.py:467} INFO - Running <TaskInstance: 2_batch_etl_every_10min.run_batch_processing scheduled__2026-04-06T09:10:00+00:00 [running]> on host 814900065bcc
[2026-04-06T09:23:34.674+0000] {taskinstance.py:3134} INFO - Exporting env vars: AIRFLOW_CTX_DAG_OWNER='shibe' AIRFLOW_CTX_DAG_ID='2_batch_etl_every_10min' AIRFLOW_CTX_TASK_ID='run_batch_processing' AIRFLOW_CTX_EXECUTION_DATE='2026-04-06T09:10:00+00:00' AIRFLOW_CTX_TRY_NUMBER='1' AIRFLOW_CTX_DAG_RUN_ID='scheduled__2026-04-06T09:10:00+00:00'
[2026-04-06T09:23:34.676+0000] {taskinstance.py:732} INFO - ::endgroup::
[2026-04-06T09:23:53.620+0000] {logging_mixin.py:190} INFO - >>> Loading data from Cassandra...
[2026-04-06T09:24:01.596+0000] {logging_mixin.py:190} INFO - >>> Writing to MySQL...
[2026-04-06T09:24:10.970+0000] {logging_mixin.py:190} INFO - >>> ETL Pipeline Finished!
[2026-04-06T09:24:11.946+0000] {python.py:240} INFO - Done. Returned value was: None
[2026-04-06T09:24:11.959+0000] {taskinstance.py:341} INFO - ::group::Post task execution logs
[2026-04-06T09:24:11.959+0000] {taskinstance.py:353} INFO - Marking task as SUCCESS. dag_id=2_batch_etl_every_10min, task_id=run_batch_processing, run_id=scheduled__2026-04-06T09:10:00+00:00, execution_date=20260406T091000, start_date=20260406T092334, end_date=20260406T092411
[2026-04-06T09:24:12.018+0000] {local_task_job_runner.py:266} INFO - Task exited with return code 0
[2026-04-06T09:24:12.036+0000] {taskinstance.py:3901} INFO - 0 downstream tasks scheduled from follow-on schedule check
[2026-04-06T09:24:12.038+0000] {local_task_job_runner.py:245} INFO - ::endgroup::
