[2026-04-05T09:43:22.170+0000] {local_task_job_runner.py:123} INFO - ::group::Pre task execution logs
[2026-04-05T09:43:22.188+0000] {taskinstance.py:2614} INFO - Dependencies all met for dep_context=non-requeueable deps ti=<TaskInstance: recruitment_cdc_cassandra_to_mysql.run_data_generator manual__2026-04-05T09:38:12.963968+00:00 [queued]>
[2026-04-05T09:43:22.202+0000] {taskinstance.py:2614} INFO - Dependencies all met for dep_context=requeueable deps ti=<TaskInstance: recruitment_cdc_cassandra_to_mysql.run_data_generator manual__2026-04-05T09:38:12.963968+00:00 [queued]>
[2026-04-05T09:43:22.202+0000] {taskinstance.py:2867} INFO - Starting attempt 2 of 2
[2026-04-05T09:43:22.217+0000] {taskinstance.py:2890} INFO - Executing <Task(PythonOperator): run_data_generator> on 2026-04-05 09:38:12.963968+00:00
[2026-04-05T09:43:22.224+0000] {standard_task_runner.py:72} INFO - Started process 1030 to run task
[2026-04-05T09:43:22.230+0000] {standard_task_runner.py:104} INFO - Running: ['***', 'tasks', 'run', 'recruitment_cdc_cassandra_to_mysql', 'run_data_generator', 'manual__2026-04-05T09:38:12.963968+00:00', '--job-id', '12', '--raw', '--subdir', 'DAGS_FOLDER/main_pipeline_dag.py', '--cfg-path', '/tmp/tmpnytcu6dv']
[2026-04-05T09:43:22.233+0000] {standard_task_runner.py:105} INFO - Job 12: Subtask run_data_generator
[2026-04-05T09:43:22.295+0000] {task_command.py:467} INFO - Running <TaskInstance: recruitment_cdc_cassandra_to_mysql.run_data_generator manual__2026-04-05T09:38:12.963968+00:00 [running]> on host bca6e70ab794
[2026-04-05T09:43:22.394+0000] {taskinstance.py:3134} INFO - Exporting env vars: AIRFLOW_CTX_DAG_OWNER='shibe' AIRFLOW_CTX_DAG_ID='recruitment_cdc_cassandra_to_mysql' AIRFLOW_CTX_TASK_ID='run_data_generator' AIRFLOW_CTX_EXECUTION_DATE='2026-04-05T09:38:12.963968+00:00' AIRFLOW_CTX_TRY_NUMBER='2' AIRFLOW_CTX_DAG_RUN_ID='manual__2026-04-05T09:38:12.963968+00:00'
[2026-04-05T09:43:22.396+0000] {taskinstance.py:732} INFO - ::endgroup::
[2026-04-05T09:43:22.410+0000] {logging_mixin.py:190} INFO - 🚀 Khởi tạo kết nối hệ thống...
[2026-04-05T09:43:22.709+0000] {cluster.py:1324} WARNING - Cluster.__init__ called with contact_points specified, but no load_balancing_policy. In the next major version, this will raise an error; please specify a load-balancing policy. (contact_points = ['cassandra'], lbp = None)
[2026-04-05T09:43:22.713+0000] {cluster.py:1701} WARNING - Downgrading core protocol version from 66 to 65 for 172.19.0.5:9042. To avoid this, it is best practice to explicitly set Cluster(protocol_version) to the version supported by your cluster. https://docs.datastax.com/en/developer/python-driver/latest/api/cassandra/cluster.html#cassandra.cluster.Cluster.protocol_version
[2026-04-05T09:43:22.715+0000] {cluster.py:1701} WARNING - Downgrading core protocol version from 65 to 5 for 172.19.0.5:9042. To avoid this, it is best practice to explicitly set Cluster(protocol_version) to the version supported by your cluster. https://docs.datastax.com/en/developer/python-driver/latest/api/cassandra/cluster.html#cassandra.cluster.Cluster.protocol_version
[2026-04-05T09:43:22.717+0000] {connection.py:1290} ERROR - Closing connection <AsyncoreConnection(133721142931904) 172.19.0.5:9042> due to protocol error: Error from server: code=000a [Protocol error] message="Beta version of the protocol used (5/v5-beta), but USE_BETA flag is unset"
[2026-04-05T09:43:22.717+0000] {cluster.py:1701} WARNING - Downgrading core protocol version from 5 to 4 for 172.19.0.5:9042. To avoid this, it is best practice to explicitly set Cluster(protocol_version) to the version supported by your cluster. https://docs.datastax.com/en/developer/python-driver/latest/api/cassandra/cluster.html#cassandra.cluster.Cluster.protocol_version
[2026-04-05T09:43:22.721+0000] {connection.py:1420} WARNING - An authentication challenge was not sent, this is suspicious because the driver expects authentication (configured authenticator = PlainTextAuthenticator)
[2026-04-05T09:43:22.733+0000] {policies.py:289} INFO - Using datacenter 'datacenter1' for DCAwareRoundRobinPolicy (via host '172.19.0.5:9042'); if incorrect, please specify a local_dc to the constructor, or limit contact points to local cluster nodes
[2026-04-05T09:43:22.764+0000] {connection.py:1420} WARNING - An authentication challenge was not sent, this is suspicious because the driver expects authentication (configured authenticator = PlainTextAuthenticator)
[2026-04-05T09:43:22.767+0000] {taskinstance.py:3313} ERROR - Task failed with exception
Traceback (most recent call last):
  File "/home/airflow/.local/lib/python3.8/site-packages/airflow/models/taskinstance.py", line 768, in _execute_task
    result = _execute_callable(context=context, **execute_callable_kwargs)
  File "/home/airflow/.local/lib/python3.8/site-packages/airflow/models/taskinstance.py", line 734, in _execute_callable
    return ExecutionCallableRunner(
  File "/home/airflow/.local/lib/python3.8/site-packages/airflow/utils/operator_helpers.py", line 252, in run
    return self.func(*args, **kwargs)
  File "/home/airflow/.local/lib/python3.8/site-packages/airflow/models/baseoperator.py", line 424, in wrapper
    return func(self, *args, **kwargs)
  File "/home/airflow/.local/lib/python3.8/site-packages/airflow/operators/python.py", line 238, in execute
    return_value = self.execute_callable()
  File "/home/airflow/.local/lib/python3.8/site-packages/airflow/operators/python.py", line 256, in execute_callable
    return runner.run(*self.op_args, **self.op_kwargs)
  File "/home/airflow/.local/lib/python3.8/site-packages/airflow/utils/operator_helpers.py", line 252, in run
    return self.func(*args, **kwargs)
  File "/opt/airflow/scripts/ingestion/data_generator.py", line 83, in main
    session.set_keyspace(CASSANDRA_CONFIG['keyspace'])
  File "/home/airflow/.local/lib/python3.8/site-packages/cassandra/cluster.py", line 3432, in set_keyspace
    self.execute('USE %s' % (protect_name(keyspace),))
  File "/home/airflow/.local/lib/python3.8/site-packages/cassandra/cluster.py", line 2677, in execute
    return self.execute_async(query, parameters, trace, custom_payload, timeout, execution_profile, paging_state, host, execute_as).result()
  File "/home/airflow/.local/lib/python3.8/site-packages/cassandra/cluster.py", line 5048, in result
    raise self._final_exception
cassandra.InvalidRequest: Error from server: code=2200 [Invalid query] message="Keyspace 'keyspace_name' does not exist"
[2026-04-05T09:43:22.781+0000] {taskinstance.py:1226} INFO - Marking task as FAILED. dag_id=recruitment_cdc_cassandra_to_mysql, task_id=run_data_generator, run_id=manual__2026-04-05T09:38:12.963968+00:00, execution_date=20260405T093812, start_date=20260405T094322, end_date=20260405T094322
[2026-04-05T09:43:22.812+0000] {taskinstance.py:341} INFO - ::group::Post task execution logs
[2026-04-05T09:43:22.812+0000] {standard_task_runner.py:124} ERROR - Failed to execute job 12 for task run_data_generator (Error from server: code=2200 [Invalid query] message="Keyspace 'keyspace_name' does not exist"; 1030)
Traceback (most recent call last):
  File "/home/airflow/.local/lib/python3.8/site-packages/airflow/task/task_runner/standard_task_runner.py", line 117, in _start_by_fork
    ret = args.func(args, dag=self.dag)
  File "/home/airflow/.local/lib/python3.8/site-packages/airflow/cli/cli_config.py", line 49, in command
    return func(*args, **kwargs)
  File "/home/airflow/.local/lib/python3.8/site-packages/airflow/utils/cli.py", line 116, in wrapper
    return f(*args, **kwargs)
  File "/home/airflow/.local/lib/python3.8/site-packages/airflow/cli/commands/task_command.py", line 483, in task_run
    task_return_code = _run_task_by_selected_method(args, _dag, ti)
  File "/home/airflow/.local/lib/python3.8/site-packages/airflow/cli/commands/task_command.py", line 256, in _run_task_by_selected_method
    return _run_raw_task(args, ti)
  File "/home/airflow/.local/lib/python3.8/site-packages/airflow/cli/commands/task_command.py", line 341, in _run_raw_task
    return ti._run_raw_task(
  File "/home/airflow/.local/lib/python3.8/site-packages/airflow/utils/session.py", line 97, in wrapper
    return func(*args, session=session, **kwargs)
  File "/home/airflow/.local/lib/python3.8/site-packages/airflow/models/taskinstance.py", line 3006, in _run_raw_task
    return _run_raw_task(
  File "/home/airflow/.local/lib/python3.8/site-packages/airflow/models/taskinstance.py", line 274, in _run_raw_task
    TaskInstance._execute_task_with_callbacks(
  File "/home/airflow/.local/lib/python3.8/site-packages/airflow/models/taskinstance.py", line 3161, in _execute_task_with_callbacks
    result = self._execute_task(context, task_orig)
  File "/home/airflow/.local/lib/python3.8/site-packages/airflow/models/taskinstance.py", line 3185, in _execute_task
    return _execute_task(self, context, task_orig)
  File "/home/airflow/.local/lib/python3.8/site-packages/airflow/models/taskinstance.py", line 768, in _execute_task
    result = _execute_callable(context=context, **execute_callable_kwargs)
  File "/home/airflow/.local/lib/python3.8/site-packages/airflow/models/taskinstance.py", line 734, in _execute_callable
    return ExecutionCallableRunner(
  File "/home/airflow/.local/lib/python3.8/site-packages/airflow/utils/operator_helpers.py", line 252, in run
    return self.func(*args, **kwargs)
  File "/home/airflow/.local/lib/python3.8/site-packages/airflow/models/baseoperator.py", line 424, in wrapper
    return func(self, *args, **kwargs)
  File "/home/airflow/.local/lib/python3.8/site-packages/airflow/operators/python.py", line 238, in execute
    return_value = self.execute_callable()
  File "/home/airflow/.local/lib/python3.8/site-packages/airflow/operators/python.py", line 256, in execute_callable
    return runner.run(*self.op_args, **self.op_kwargs)
  File "/home/airflow/.local/lib/python3.8/site-packages/airflow/utils/operator_helpers.py", line 252, in run
    return self.func(*args, **kwargs)
  File "/opt/airflow/scripts/ingestion/data_generator.py", line 83, in main
    session.set_keyspace(CASSANDRA_CONFIG['keyspace'])
  File "/home/airflow/.local/lib/python3.8/site-packages/cassandra/cluster.py", line 3432, in set_keyspace
    self.execute('USE %s' % (protect_name(keyspace),))
  File "/home/airflow/.local/lib/python3.8/site-packages/cassandra/cluster.py", line 2677, in execute
    return self.execute_async(query, parameters, trace, custom_payload, timeout, execution_profile, paging_state, host, execute_as).result()
  File "/home/airflow/.local/lib/python3.8/site-packages/cassandra/cluster.py", line 5048, in result
    raise self._final_exception
cassandra.InvalidRequest: Error from server: code=2200 [Invalid query] message="Keyspace 'keyspace_name' does not exist"
[2026-04-05T09:43:22.842+0000] {local_task_job_runner.py:266} INFO - Task exited with return code 1
[2026-04-05T09:43:22.868+0000] {taskinstance.py:3901} INFO - 0 downstream tasks scheduled from follow-on schedule check
[2026-04-05T09:43:22.874+0000] {local_task_job_runner.py:245} INFO - ::endgroup::
