[2026-04-05T10:42:14.032+0000] {local_task_job_runner.py:123} INFO - ::group::Pre task execution logs
[2026-04-05T10:42:14.050+0000] {taskinstance.py:2614} INFO - Dependencies all met for dep_context=non-requeueable deps ti=<TaskInstance: 2_batch_etl_every_10min.run_batch_processing scheduled__2026-04-05T10:30:00+00:00 [queued]>
[2026-04-05T10:42:14.063+0000] {taskinstance.py:2614} INFO - Dependencies all met for dep_context=requeueable deps ti=<TaskInstance: 2_batch_etl_every_10min.run_batch_processing scheduled__2026-04-05T10:30:00+00:00 [queued]>
[2026-04-05T10:42:14.064+0000] {taskinstance.py:2867} INFO - Starting attempt 2 of 2
[2026-04-05T10:42:14.078+0000] {taskinstance.py:2890} INFO - Executing <Task(PythonOperator): run_batch_processing> on 2026-04-05 10:30:00+00:00
[2026-04-05T10:42:14.085+0000] {standard_task_runner.py:72} INFO - Started process 17078 to run task
[2026-04-05T10:42:14.089+0000] {standard_task_runner.py:104} INFO - Running: ['***', 'tasks', 'run', '2_batch_etl_every_10min', 'run_batch_processing', 'scheduled__2026-04-05T10:30:00+00:00', '--job-id', '52', '--raw', '--subdir', 'DAGS_FOLDER/dag_batch_processing_10min.py', '--cfg-path', '/tmp/tmpscp_zqh0']
[2026-04-05T10:42:14.093+0000] {standard_task_runner.py:105} INFO - Job 52: Subtask run_batch_processing
[2026-04-05T10:42:14.156+0000] {task_command.py:467} INFO - Running <TaskInstance: 2_batch_etl_every_10min.run_batch_processing scheduled__2026-04-05T10:30:00+00:00 [running]> on host c79c22db6b22
[2026-04-05T10:42:14.239+0000] {taskinstance.py:3134} INFO - Exporting env vars: AIRFLOW_CTX_DAG_OWNER='shibe' AIRFLOW_CTX_DAG_ID='2_batch_etl_every_10min' AIRFLOW_CTX_TASK_ID='run_batch_processing' AIRFLOW_CTX_EXECUTION_DATE='2026-04-05T10:30:00+00:00' AIRFLOW_CTX_TRY_NUMBER='2' AIRFLOW_CTX_DAG_RUN_ID='scheduled__2026-04-05T10:30:00+00:00'
[2026-04-05T10:42:14.240+0000] {taskinstance.py:732} INFO - ::endgroup::
[2026-04-05T10:42:18.529+0000] {logging_mixin.py:190} INFO - >>> Loading data from Cassandra...
[2026-04-05T10:42:22.307+0000] {logging_mixin.py:190} INFO - >>> Writing to MySQL...
[2026-04-05T10:42:22.928+0000] {taskinstance.py:3313} ERROR - Task failed with exception
Traceback (most recent call last):
  File "/home/airflow/.local/lib/python3.8/site-packages/airflow/models/taskinstance.py", line 768, in _execute_task
    result = _execute_callable(context=context, **execute_callable_kwargs)
  File "/home/airflow/.local/lib/python3.8/site-packages/airflow/models/taskinstance.py", line 734, in _execute_callable
    return ExecutionCallableRunner(
  File "/home/airflow/.local/lib/python3.8/site-packages/airflow/utils/operator_helpers.py", line 252, in run
    return self.func(*args, **kwargs)
  File "/home/airflow/.local/lib/python3.8/site-packages/airflow/models/baseoperator.py", line 424, in wrapper
    return func(self, *args, **kwargs)
  File "/home/airflow/.local/lib/python3.8/site-packages/airflow/operators/python.py", line 238, in execute
    return_value = self.execute_callable()
  File "/home/airflow/.local/lib/python3.8/site-packages/airflow/operators/python.py", line 256, in execute_callable
    return runner.run(*self.op_args, **self.op_kwargs)
  File "/home/airflow/.local/lib/python3.8/site-packages/airflow/utils/operator_helpers.py", line 252, in run
    return self.func(*args, **kwargs)
  File "/opt/airflow/scripts/processing/batch_etl_cassandra_to_mysql.py", line 69, in main
    final_df.write.format("jdbc") \
  File "/home/airflow/.local/lib/python3.8/site-packages/pyspark/sql/readwriter.py", line 1461, in save
    self._jwrite.save()
  File "/home/airflow/.local/lib/python3.8/site-packages/py4j/java_gateway.py", line 1362, in __call__
    return_value = get_return_value(
  File "/home/airflow/.local/lib/python3.8/site-packages/pyspark/errors/exceptions/captured.py", line 185, in deco
    raise converted from None
pyspark.errors.exceptions.captured.AnalysisException: Column bid_set not found in schema Some(StructType(StructField(dates,StringType,true),StructField(hours,IntegerType,true),StructField(job_id,IntegerType,true),StructField(publisher_id,IntegerType,true),StructField(campaign_id,StringType,true),StructField(group_id,StringType,true),StructField(company_id,StringType,true),StructField(spend_hour,DoubleType,true),StructField(clicks,LongType,false),StructField(conversion,LongType,false),StructField(qualified_application,LongType,false),StructField(disqualified_application,LongType,false),StructField(updated_at,TimestampType,false),StructField(sources,StringType,false))).
[2026-04-05T10:42:22.950+0000] {taskinstance.py:1226} INFO - Marking task as FAILED. dag_id=2_batch_etl_every_10min, task_id=run_batch_processing, run_id=scheduled__2026-04-05T10:30:00+00:00, execution_date=20260405T103000, start_date=20260405T104214, end_date=20260405T104222
[2026-04-05T10:42:22.979+0000] {taskinstance.py:341} INFO - ::group::Post task execution logs
[2026-04-05T10:42:22.980+0000] {standard_task_runner.py:124} ERROR - Failed to execute job 52 for task run_batch_processing (Column bid_set not found in schema Some(StructType(StructField(dates,StringType,true),StructField(hours,IntegerType,true),StructField(job_id,IntegerType,true),StructField(publisher_id,IntegerType,true),StructField(campaign_id,StringType,true),StructField(group_id,StringType,true),StructField(company_id,StringType,true),StructField(spend_hour,DoubleType,true),StructField(clicks,LongType,false),StructField(conversion,LongType,false),StructField(qualified_application,LongType,false),StructField(disqualified_application,LongType,false),StructField(updated_at,TimestampType,false),StructField(sources,StringType,false))).; 17078)
Traceback (most recent call last):
  File "/home/airflow/.local/lib/python3.8/site-packages/airflow/task/task_runner/standard_task_runner.py", line 117, in _start_by_fork
    ret = args.func(args, dag=self.dag)
  File "/home/airflow/.local/lib/python3.8/site-packages/airflow/cli/cli_config.py", line 49, in command
    return func(*args, **kwargs)
  File "/home/airflow/.local/lib/python3.8/site-packages/airflow/utils/cli.py", line 116, in wrapper
    return f(*args, **kwargs)
  File "/home/airflow/.local/lib/python3.8/site-packages/airflow/cli/commands/task_command.py", line 483, in task_run
    task_return_code = _run_task_by_selected_method(args, _dag, ti)
  File "/home/airflow/.local/lib/python3.8/site-packages/airflow/cli/commands/task_command.py", line 256, in _run_task_by_selected_method
    return _run_raw_task(args, ti)
  File "/home/airflow/.local/lib/python3.8/site-packages/airflow/cli/commands/task_command.py", line 341, in _run_raw_task
    return ti._run_raw_task(
  File "/home/airflow/.local/lib/python3.8/site-packages/airflow/utils/session.py", line 97, in wrapper
    return func(*args, session=session, **kwargs)
  File "/home/airflow/.local/lib/python3.8/site-packages/airflow/models/taskinstance.py", line 3006, in _run_raw_task
    return _run_raw_task(
  File "/home/airflow/.local/lib/python3.8/site-packages/airflow/models/taskinstance.py", line 274, in _run_raw_task
    TaskInstance._execute_task_with_callbacks(
  File "/home/airflow/.local/lib/python3.8/site-packages/airflow/models/taskinstance.py", line 3161, in _execute_task_with_callbacks
    result = self._execute_task(context, task_orig)
  File "/home/airflow/.local/lib/python3.8/site-packages/airflow/models/taskinstance.py", line 3185, in _execute_task
    return _execute_task(self, context, task_orig)
  File "/home/airflow/.local/lib/python3.8/site-packages/airflow/models/taskinstance.py", line 768, in _execute_task
    result = _execute_callable(context=context, **execute_callable_kwargs)
  File "/home/airflow/.local/lib/python3.8/site-packages/airflow/models/taskinstance.py", line 734, in _execute_callable
    return ExecutionCallableRunner(
  File "/home/airflow/.local/lib/python3.8/site-packages/airflow/utils/operator_helpers.py", line 252, in run
    return self.func(*args, **kwargs)
  File "/home/airflow/.local/lib/python3.8/site-packages/airflow/models/baseoperator.py", line 424, in wrapper
    return func(self, *args, **kwargs)
  File "/home/airflow/.local/lib/python3.8/site-packages/airflow/operators/python.py", line 238, in execute
    return_value = self.execute_callable()
  File "/home/airflow/.local/lib/python3.8/site-packages/airflow/operators/python.py", line 256, in execute_callable
    return runner.run(*self.op_args, **self.op_kwargs)
  File "/home/airflow/.local/lib/python3.8/site-packages/airflow/utils/operator_helpers.py", line 252, in run
    return self.func(*args, **kwargs)
  File "/opt/airflow/scripts/processing/batch_etl_cassandra_to_mysql.py", line 69, in main
    final_df.write.format("jdbc") \
  File "/home/airflow/.local/lib/python3.8/site-packages/pyspark/sql/readwriter.py", line 1461, in save
    self._jwrite.save()
  File "/home/airflow/.local/lib/python3.8/site-packages/py4j/java_gateway.py", line 1362, in __call__
    return_value = get_return_value(
  File "/home/airflow/.local/lib/python3.8/site-packages/pyspark/errors/exceptions/captured.py", line 185, in deco
    raise converted from None
pyspark.errors.exceptions.captured.AnalysisException: Column bid_set not found in schema Some(StructType(StructField(dates,StringType,true),StructField(hours,IntegerType,true),StructField(job_id,IntegerType,true),StructField(publisher_id,IntegerType,true),StructField(campaign_id,StringType,true),StructField(group_id,StringType,true),StructField(company_id,StringType,true),StructField(spend_hour,DoubleType,true),StructField(clicks,LongType,false),StructField(conversion,LongType,false),StructField(qualified_application,LongType,false),StructField(disqualified_application,LongType,false),StructField(updated_at,TimestampType,false),StructField(sources,StringType,false))).
[2026-04-05T10:42:23.012+0000] {local_task_job_runner.py:266} INFO - Task exited with return code 1
[2026-04-05T10:42:23.029+0000] {taskinstance.py:3901} INFO - 0 downstream tasks scheduled from follow-on schedule check
[2026-04-05T10:42:23.031+0000] {local_task_job_runner.py:245} INFO - ::endgroup::
