[2026-04-06T09:08:10.302+0000] {local_task_job_runner.py:123} INFO - ::group::Pre task execution logs
[2026-04-06T09:08:10.324+0000] {taskinstance.py:2614} INFO - Dependencies all met for dep_context=non-requeueable deps ti=<TaskInstance: 1_continuous_services_bear_mode.service_data_generator manual__2026-04-06T09:08:08.026743+00:00 [queued]>
[2026-04-06T09:08:10.342+0000] {taskinstance.py:2614} INFO - Dependencies all met for dep_context=requeueable deps ti=<TaskInstance: 1_continuous_services_bear_mode.service_data_generator manual__2026-04-06T09:08:08.026743+00:00 [queued]>
[2026-04-06T09:08:10.343+0000] {taskinstance.py:2867} INFO - Starting attempt 1 of 6
[2026-04-06T09:08:10.370+0000] {taskinstance.py:2890} INFO - Executing <Task(PythonOperator): service_data_generator> on 2026-04-06 09:08:08.026743+00:00
[2026-04-06T09:08:10.380+0000] {standard_task_runner.py:72} INFO - Started process 258 to run task
[2026-04-06T09:08:10.398+0000] {standard_task_runner.py:104} INFO - Running: ['***', 'tasks', 'run', '1_continuous_services_bear_mode', 'service_data_generator', 'manual__2026-04-06T09:08:08.026743+00:00', '--job-id', '3', '--raw', '--subdir', 'DAGS_FOLDER/dag_continuous_services.py', '--cfg-path', '/tmp/tmphkt71515']
[2026-04-06T09:08:10.405+0000] {standard_task_runner.py:105} INFO - Job 3: Subtask service_data_generator
[2026-04-06T09:08:10.502+0000] {task_command.py:467} INFO - Running <TaskInstance: 1_continuous_services_bear_mode.service_data_generator manual__2026-04-06T09:08:08.026743+00:00 [running]> on host 243d9d3157a8
[2026-04-06T09:08:10.720+0000] {taskinstance.py:3134} INFO - Exporting env vars: AIRFLOW_CTX_DAG_OWNER='shibe' AIRFLOW_CTX_DAG_ID='1_continuous_services_bear_mode' AIRFLOW_CTX_TASK_ID='service_data_generator' AIRFLOW_CTX_EXECUTION_DATE='2026-04-06T09:08:08.026743+00:00' AIRFLOW_CTX_TRY_NUMBER='1' AIRFLOW_CTX_DAG_RUN_ID='manual__2026-04-06T09:08:08.026743+00:00'
[2026-04-06T09:08:10.722+0000] {taskinstance.py:732} INFO - ::endgroup::
[2026-04-06T09:08:10.752+0000] {logging_mixin.py:190} INFO - 🚀 Khởi tạo kết nối hệ thống...
[2026-04-06T09:08:11.486+0000] {cluster.py:1324} WARNING - Cluster.__init__ called with contact_points specified, but no load_balancing_policy. In the next major version, this will raise an error; please specify a load-balancing policy. (contact_points = ['cassandra'], lbp = None)
[2026-04-06T09:08:11.491+0000] {cluster.py:1701} WARNING - Downgrading core protocol version from 66 to 65 for 172.19.0.5:9042. To avoid this, it is best practice to explicitly set Cluster(protocol_version) to the version supported by your cluster. https://docs.datastax.com/en/developer/python-driver/latest/api/cassandra/cluster.html#cassandra.cluster.Cluster.protocol_version
[2026-04-06T09:08:11.499+0000] {cluster.py:1701} WARNING - Downgrading core protocol version from 65 to 5 for 172.19.0.5:9042. To avoid this, it is best practice to explicitly set Cluster(protocol_version) to the version supported by your cluster. https://docs.datastax.com/en/developer/python-driver/latest/api/cassandra/cluster.html#cassandra.cluster.Cluster.protocol_version
[2026-04-06T09:08:11.504+0000] {connection.py:1290} ERROR - Closing connection <AsyncoreConnection(139402232731920) 172.19.0.5:9042> due to protocol error: Error from server: code=000a [Protocol error] message="Beta version of the protocol used (5/v5-beta), but USE_BETA flag is unset"
[2026-04-06T09:08:11.505+0000] {cluster.py:1701} WARNING - Downgrading core protocol version from 5 to 4 for 172.19.0.5:9042. To avoid this, it is best practice to explicitly set Cluster(protocol_version) to the version supported by your cluster. https://docs.datastax.com/en/developer/python-driver/latest/api/cassandra/cluster.html#cassandra.cluster.Cluster.protocol_version
[2026-04-06T09:08:11.512+0000] {connection.py:1420} WARNING - An authentication challenge was not sent, this is suspicious because the driver expects authentication (configured authenticator = PlainTextAuthenticator)
[2026-04-06T09:08:11.525+0000] {policies.py:289} INFO - Using datacenter 'datacenter1' for DCAwareRoundRobinPolicy (via host '172.19.0.5:9042'); if incorrect, please specify a local_dc to the constructor, or limit contact points to local cluster nodes
[2026-04-06T09:08:11.558+0000] {connection.py:1420} WARNING - An authentication challenge was not sent, this is suspicious because the driver expects authentication (configured authenticator = PlainTextAuthenticator)
[2026-04-06T09:08:11.563+0000] {logging_mixin.py:190} INFO - 🚀 Bắt đầu tạo dữ liệu giả...
[2026-04-06T09:08:11.703+0000] {logging_mixin.py:190} INFO - [+] Inserted: Job 630 | Track: click | TS: 2026-04-06 09:08:11
[2026-04-06T09:08:11.707+0000] {logging_mixin.py:190} INFO - [+] Inserted: Job 1800 | Track: click | TS: 2026-04-06 09:08:11
[2026-04-06T09:08:11.712+0000] {logging_mixin.py:190} INFO - [+] Inserted: Job 183 | Track: click | TS: 2026-04-06 09:08:11
[2026-04-06T09:08:11.716+0000] {logging_mixin.py:190} INFO - [+] Inserted: Job 817 | Track: conversion | TS: 2026-04-06 09:08:11
[2026-04-06T09:08:11.722+0000] {logging_mixin.py:190} INFO - [+] Inserted: Job 1737 | Track: click | TS: 2026-04-06 09:08:11
[2026-04-06T09:08:11.730+0000] {logging_mixin.py:190} INFO - [+] Inserted: Job 1799 | Track: click | TS: 2026-04-06 09:08:11
[2026-04-06T09:08:11.735+0000] {logging_mixin.py:190} INFO - [+] Inserted: Job 1761 | Track: click | TS: 2026-04-06 09:08:11
[2026-04-06T09:08:11.740+0000] {logging_mixin.py:190} INFO - [+] Inserted: Job 551 | Track: click | TS: 2026-04-06 09:08:11
[2026-04-06T09:08:11.745+0000] {logging_mixin.py:190} INFO - [+] Inserted: Job 514 | Track: click | TS: 2026-04-06 09:08:11
[2026-04-06T09:08:11.750+0000] {logging_mixin.py:190} INFO - [+] Inserted: Job 1614 | Track: qualified | TS: 2026-04-06 09:08:11
[2026-04-06T09:08:11.755+0000] {logging_mixin.py:190} INFO - [+] Inserted: Job 172 | Track: click | TS: 2026-04-06 09:08:11
[2026-04-06T09:08:11.760+0000] {logging_mixin.py:190} INFO - [+] Inserted: Job 879 | Track: conversion | TS: 2026-04-06 09:08:11
[2026-04-06T09:08:11.768+0000] {logging_mixin.py:190} INFO - [+] Inserted: Job 2003 | Track: unqualified | TS: 2026-04-06 09:08:11
[2026-04-06T09:08:31.813+0000] {logging_mixin.py:190} INFO - [+] Inserted: Job 251 | Track: click | TS: 2026-04-06 09:08:31
[2026-04-06T09:08:31.817+0000] {logging_mixin.py:190} INFO - [+] Inserted: Job 534 | Track: click | TS: 2026-04-06 09:08:31
[2026-04-06T09:08:31.821+0000] {logging_mixin.py:190} INFO - [+] Inserted: Job 940 | Track: unqualified | TS: 2026-04-06 09:08:31
[2026-04-06T09:08:31.824+0000] {logging_mixin.py:190} INFO - [+] Inserted: Job 381 | Track: unqualified | TS: 2026-04-06 09:08:31
[2026-04-06T09:08:31.826+0000] {logging_mixin.py:190} INFO - [+] Inserted: Job 1982 | Track: click | TS: 2026-04-06 09:08:31
[2026-04-06T09:08:31.829+0000] {logging_mixin.py:190} INFO - [+] Inserted: Job 122 | Track: click | TS: 2026-04-06 09:08:31
[2026-04-06T09:08:31.831+0000] {logging_mixin.py:190} INFO - [+] Inserted: Job 183 | Track: click | TS: 2026-04-06 09:08:31
[2026-04-06T09:08:31.833+0000] {logging_mixin.py:190} INFO - [+] Inserted: Job 417 | Track: unqualified | TS: 2026-04-06 09:08:31
[2026-04-06T09:08:31.836+0000] {logging_mixin.py:190} INFO - [+] Inserted: Job 410 | Track: qualified | TS: 2026-04-06 09:08:31
[2026-04-06T09:08:31.838+0000] {logging_mixin.py:190} INFO - [+] Inserted: Job 1056 | Track: click | TS: 2026-04-06 09:08:31
[2026-04-06T09:08:31.842+0000] {logging_mixin.py:190} INFO - [+] Inserted: Job 1586 | Track: click | TS: 2026-04-06 09:08:31
[2026-04-06T09:08:31.845+0000] {logging_mixin.py:190} INFO - [+] Inserted: Job 90 | Track: conversion | TS: 2026-04-06 09:08:31
[2026-04-06T09:08:31.848+0000] {logging_mixin.py:190} INFO - [+] Inserted: Job 722 | Track: click | TS: 2026-04-06 09:08:31
[2026-04-06T09:08:31.852+0000] {logging_mixin.py:190} INFO - [+] Inserted: Job 376 | Track: click | TS: 2026-04-06 09:08:31
[2026-04-06T09:08:31.855+0000] {logging_mixin.py:190} INFO - [+] Inserted: Job 877 | Track: click | TS: 2026-04-06 09:08:31
[2026-04-06T09:08:54.626+0000] {logging_mixin.py:190} INFO - [+] Inserted: Job 1297 | Track: click | TS: 2026-04-06 09:08:54
[2026-04-06T09:08:54.632+0000] {logging_mixin.py:190} INFO - [+] Inserted: Job 966 | Track: unqualified | TS: 2026-04-06 09:08:54
[2026-04-06T09:08:54.635+0000] {logging_mixin.py:190} INFO - [+] Inserted: Job 881 | Track: click | TS: 2026-04-06 09:08:54
[2026-04-06T09:08:54.638+0000] {logging_mixin.py:190} INFO - [+] Inserted: Job 658 | Track: click | TS: 2026-04-06 09:08:54
[2026-04-06T09:08:54.642+0000] {logging_mixin.py:190} INFO - [+] Inserted: Job 1025 | Track: unqualified | TS: 2026-04-06 09:08:54
[2026-04-06T09:08:54.644+0000] {logging_mixin.py:190} INFO - [+] Inserted: Job 1291 | Track: click | TS: 2026-04-06 09:08:54
[2026-04-06T09:08:54.647+0000] {logging_mixin.py:190} INFO - [+] Inserted: Job 1064 | Track: click | TS: 2026-04-06 09:08:54
[2026-04-06T09:08:54.650+0000] {logging_mixin.py:190} INFO - [+] Inserted: Job 1023 | Track: click | TS: 2026-04-06 09:08:54
[2026-04-06T09:09:17.414+0000] {logging_mixin.py:190} INFO - [+] Inserted: Job 190 | Track: qualified | TS: 2026-04-06 09:09:17
[2026-04-06T09:09:17.416+0000] {logging_mixin.py:190} INFO - [+] Inserted: Job 1706 | Track: click | TS: 2026-04-06 09:09:17
[2026-04-06T09:09:17.419+0000] {logging_mixin.py:190} INFO - [+] Inserted: Job 181 | Track: click | TS: 2026-04-06 09:09:17
[2026-04-06T09:09:17.421+0000] {logging_mixin.py:190} INFO - [+] Inserted: Job 1869 | Track: unqualified | TS: 2026-04-06 09:09:17
[2026-04-06T09:09:17.424+0000] {logging_mixin.py:190} INFO - [+] Inserted: Job 180 | Track: unqualified | TS: 2026-04-06 09:09:17
[2026-04-06T09:09:17.427+0000] {logging_mixin.py:190} INFO - [+] Inserted: Job 1585 | Track: click | TS: 2026-04-06 09:09:17
[2026-04-06T09:09:17.430+0000] {logging_mixin.py:190} INFO - [+] Inserted: Job 2002 | Track: unqualified | TS: 2026-04-06 09:09:17
[2026-04-06T09:09:17.433+0000] {logging_mixin.py:190} INFO - [+] Inserted: Job 687 | Track: qualified | TS: 2026-04-06 09:09:17
[2026-04-06T09:09:17.436+0000] {logging_mixin.py:190} INFO - [+] Inserted: Job 1564 | Track: qualified | TS: 2026-04-06 09:09:17
[2026-04-06T09:09:17.440+0000] {logging_mixin.py:190} INFO - [+] Inserted: Job 645 | Track: click | TS: 2026-04-06 09:09:17
[2026-04-06T09:09:17.445+0000] {logging_mixin.py:190} INFO - [+] Inserted: Job 203 | Track: click | TS: 2026-04-06 09:09:17
[2026-04-06T09:09:17.449+0000] {logging_mixin.py:190} INFO - [+] Inserted: Job 655 | Track: click | TS: 2026-04-06 09:09:17
[2026-04-06T09:09:17.452+0000] {logging_mixin.py:190} INFO - [+] Inserted: Job 147 | Track: conversion | TS: 2026-04-06 09:09:17
[2026-04-06T09:09:17.455+0000] {logging_mixin.py:190} INFO - [+] Inserted: Job 983 | Track: click | TS: 2026-04-06 09:09:17
[2026-04-06T09:09:17.458+0000] {logging_mixin.py:190} INFO - [+] Inserted: Job 963 | Track: unqualified | TS: 2026-04-06 09:09:17
[2026-04-06T09:09:17.461+0000] {logging_mixin.py:190} INFO - [+] Inserted: Job 994 | Track: click | TS: 2026-04-06 09:09:17
[2026-04-06T09:09:17.464+0000] {logging_mixin.py:190} INFO - [+] Inserted: Job 531 | Track: conversion | TS: 2026-04-06 09:09:17
[2026-04-06T09:09:17.467+0000] {logging_mixin.py:190} INFO - [+] Inserted: Job 1821 | Track: click | TS: 2026-04-06 09:09:17
[2026-04-06T09:09:17.470+0000] {logging_mixin.py:190} INFO - [+] Inserted: Job 1644 | Track: click | TS: 2026-04-06 09:09:17
[2026-04-06T09:09:37.506+0000] {logging_mixin.py:190} INFO - [+] Inserted: Job 648 | Track: unqualified | TS: 2026-04-06 09:09:37
[2026-04-06T09:09:37.509+0000] {logging_mixin.py:190} INFO - [+] Inserted: Job 1798 | Track: click | TS: 2026-04-06 09:09:37
[2026-04-06T09:09:37.512+0000] {logging_mixin.py:190} INFO - [+] Inserted: Job 1777 | Track: click | TS: 2026-04-06 09:09:37
[2026-04-06T09:09:37.515+0000] {logging_mixin.py:190} INFO - [+] Inserted: Job 2027 | Track: click | TS: 2026-04-06 09:09:37
[2026-04-06T09:09:37.518+0000] {logging_mixin.py:190} INFO - [+] Inserted: Job 1662 | Track: click | TS: 2026-04-06 09:09:37
[2026-04-06T09:09:37.520+0000] {logging_mixin.py:190} INFO - [+] Inserted: Job 735 | Track: click | TS: 2026-04-06 09:09:37
[2026-04-06T09:09:37.523+0000] {logging_mixin.py:190} INFO - [+] Inserted: Job 1939 | Track: click | TS: 2026-04-06 09:09:37
[2026-04-06T09:10:00.310+0000] {logging_mixin.py:190} INFO - [+] Inserted: Job 1963 | Track: qualified | TS: 2026-04-06 09:10:00
[2026-04-06T09:10:00.314+0000] {logging_mixin.py:190} INFO - [+] Inserted: Job 1770 | Track: click | TS: 2026-04-06 09:10:00
[2026-04-06T09:10:00.317+0000] {logging_mixin.py:190} INFO - [+] Inserted: Job 759 | Track: click | TS: 2026-04-06 09:10:00
[2026-04-06T09:10:00.321+0000] {logging_mixin.py:190} INFO - [+] Inserted: Job 981 | Track: click | TS: 2026-04-06 09:10:00
[2026-04-06T09:10:00.325+0000] {logging_mixin.py:190} INFO - [+] Inserted: Job 1397 | Track: click | TS: 2026-04-06 09:10:00
[2026-04-06T09:10:00.331+0000] {logging_mixin.py:190} INFO - [+] Inserted: Job 746 | Track: conversion | TS: 2026-04-06 09:10:00
[2026-04-06T09:10:00.335+0000] {logging_mixin.py:190} INFO - [+] Inserted: Job 331 | Track: click | TS: 2026-04-06 09:10:00
[2026-04-06T09:10:00.338+0000] {logging_mixin.py:190} INFO - [+] Inserted: Job 1019 | Track: click | TS: 2026-04-06 09:10:00
[2026-04-06T09:10:00.342+0000] {logging_mixin.py:190} INFO - [+] Inserted: Job 1910 | Track: click | TS: 2026-04-06 09:10:00
[2026-04-06T09:10:00.345+0000] {logging_mixin.py:190} INFO - [+] Inserted: Job 2009 | Track: qualified | TS: 2026-04-06 09:10:00
[2026-04-06T09:10:00.349+0000] {logging_mixin.py:190} INFO - [+] Inserted: Job 1454 | Track: click | TS: 2026-04-06 09:10:00
[2026-04-06T09:10:00.353+0000] {logging_mixin.py:190} INFO - [+] Inserted: Job 749 | Track: qualified | TS: 2026-04-06 09:10:00
[2026-04-06T09:10:00.357+0000] {logging_mixin.py:190} INFO - [+] Inserted: Job 1299 | Track: conversion | TS: 2026-04-06 09:10:00
[2026-04-06T09:10:23.135+0000] {logging_mixin.py:190} INFO - [+] Inserted: Job 495 | Track: click | TS: 2026-04-06 09:10:23
[2026-04-06T09:10:23.137+0000] {logging_mixin.py:190} INFO - [+] Inserted: Job 626 | Track: unqualified | TS: 2026-04-06 09:10:23
[2026-04-06T09:10:23.140+0000] {logging_mixin.py:190} INFO - [+] Inserted: Job 42 | Track: click | TS: 2026-04-06 09:10:23
[2026-04-06T09:10:23.143+0000] {logging_mixin.py:190} INFO - [+] Inserted: Job 325 | Track: click | TS: 2026-04-06 09:10:23
[2026-04-06T09:10:23.147+0000] {logging_mixin.py:190} INFO - [+] Inserted: Job 143 | Track: click | TS: 2026-04-06 09:10:23
[2026-04-06T09:10:23.151+0000] {logging_mixin.py:190} INFO - [+] Inserted: Job 431 | Track: conversion | TS: 2026-04-06 09:10:23
[2026-04-06T09:10:23.154+0000] {logging_mixin.py:190} INFO - [+] Inserted: Job 506 | Track: click | TS: 2026-04-06 09:10:23
[2026-04-06T09:10:23.157+0000] {logging_mixin.py:190} INFO - [+] Inserted: Job 1343 | Track: click | TS: 2026-04-06 09:10:23
[2026-04-06T09:10:23.159+0000] {logging_mixin.py:190} INFO - [+] Inserted: Job 1291 | Track: conversion | TS: 2026-04-06 09:10:23
[2026-04-06T09:10:23.162+0000] {logging_mixin.py:190} INFO - [+] Inserted: Job 1489 | Track: qualified | TS: 2026-04-06 09:10:23
[2026-04-06T09:10:23.164+0000] {logging_mixin.py:190} INFO - [+] Inserted: Job 1756 | Track: qualified | TS: 2026-04-06 09:10:23
[2026-04-06T09:10:23.167+0000] {logging_mixin.py:190} INFO - [+] Inserted: Job 1941 | Track: click | TS: 2026-04-06 09:10:23
[2026-04-06T09:10:23.169+0000] {logging_mixin.py:190} INFO - [+] Inserted: Job 1983 | Track: click | TS: 2026-04-06 09:10:23
[2026-04-06T09:10:23.171+0000] {logging_mixin.py:190} INFO - [+] Inserted: Job 1154 | Track: unqualified | TS: 2026-04-06 09:10:23
[2026-04-06T09:10:23.173+0000] {logging_mixin.py:190} INFO - [+] Inserted: Job 1890 | Track: click | TS: 2026-04-06 09:10:23
[2026-04-06T09:10:23.175+0000] {logging_mixin.py:190} INFO - [+] Inserted: Job 1078 | Track: conversion | TS: 2026-04-06 09:10:23
[2026-04-06T09:10:23.177+0000] {logging_mixin.py:190} INFO - [+] Inserted: Job 1026 | Track: click | TS: 2026-04-06 09:10:23
[2026-04-06T09:10:23.179+0000] {logging_mixin.py:190} INFO - [+] Inserted: Job 133 | Track: click | TS: 2026-04-06 09:10:23
[2026-04-06T09:10:23.182+0000] {logging_mixin.py:190} INFO - [+] Inserted: Job 868 | Track: conversion | TS: 2026-04-06 09:10:23
[2026-04-06T09:10:23.184+0000] {logging_mixin.py:190} INFO - [+] Inserted: Job 662 | Track: click | TS: 2026-04-06 09:10:23
[2026-04-06T09:10:43.219+0000] {logging_mixin.py:190} INFO - [+] Inserted: Job 1665 | Track: conversion | TS: 2026-04-06 09:10:43
[2026-04-06T09:10:43.221+0000] {logging_mixin.py:190} INFO - [+] Inserted: Job 86 | Track: click | TS: 2026-04-06 09:10:43
[2026-04-06T09:10:43.223+0000] {logging_mixin.py:190} INFO - [+] Inserted: Job 471 | Track: click | TS: 2026-04-06 09:10:43
[2026-04-06T09:10:43.225+0000] {logging_mixin.py:190} INFO - [+] Inserted: Job 107 | Track: click | TS: 2026-04-06 09:10:43
[2026-04-06T09:10:43.227+0000] {logging_mixin.py:190} INFO - [+] Inserted: Job 1744 | Track: conversion | TS: 2026-04-06 09:10:43
[2026-04-06T09:10:43.229+0000] {logging_mixin.py:190} INFO - [+] Inserted: Job 456 | Track: unqualified | TS: 2026-04-06 09:10:43
[2026-04-06T09:10:43.232+0000] {logging_mixin.py:190} INFO - [+] Inserted: Job 1291 | Track: click | TS: 2026-04-06 09:10:43
[2026-04-06T09:10:43.235+0000] {logging_mixin.py:190} INFO - [+] Inserted: Job 1219 | Track: click | TS: 2026-04-06 09:10:43
[2026-04-06T09:10:43.240+0000] {logging_mixin.py:190} INFO - [+] Inserted: Job 1947 | Track: click | TS: 2026-04-06 09:10:43
[2026-04-06T09:10:43.243+0000] {logging_mixin.py:190} INFO - [+] Inserted: Job 1781 | Track: conversion | TS: 2026-04-06 09:10:43
[2026-04-06T09:10:43.247+0000] {logging_mixin.py:190} INFO - [+] Inserted: Job 744 | Track: unqualified | TS: 2026-04-06 09:10:43
[2026-04-06T09:10:43.249+0000] {logging_mixin.py:190} INFO - [+] Inserted: Job 1657 | Track: click | TS: 2026-04-06 09:10:43
[2026-04-06T09:10:43.252+0000] {logging_mixin.py:190} INFO - [+] Inserted: Job 1662 | Track: click | TS: 2026-04-06 09:10:43
[2026-04-06T09:10:43.255+0000] {logging_mixin.py:190} INFO - [+] Inserted: Job 1033 | Track: click | TS: 2026-04-06 09:10:43
[2026-04-06T09:10:43.257+0000] {logging_mixin.py:190} INFO - [+] Inserted: Job 144 | Track: click | TS: 2026-04-06 09:10:43
[2026-04-06T09:11:06.027+0000] {logging_mixin.py:190} INFO - [+] Inserted: Job 990 | Track: click | TS: 2026-04-06 09:11:06
[2026-04-06T09:11:06.031+0000] {logging_mixin.py:190} INFO - [+] Inserted: Job 54 | Track: click | TS: 2026-04-06 09:11:06
[2026-04-06T09:11:06.035+0000] {logging_mixin.py:190} INFO - [+] Inserted: Job 2034 | Track: qualified | TS: 2026-04-06 09:11:06
[2026-04-06T09:11:06.039+0000] {logging_mixin.py:190} INFO - [+] Inserted: Job 2010 | Track: unqualified | TS: 2026-04-06 09:11:06
[2026-04-06T09:11:06.043+0000] {logging_mixin.py:190} INFO - [+] Inserted: Job 253 | Track: click | TS: 2026-04-06 09:11:06
[2026-04-06T09:11:28.807+0000] {logging_mixin.py:190} INFO - [+] Inserted: Job 1748 | Track: click | TS: 2026-04-06 09:11:28
[2026-04-06T09:11:28.809+0000] {logging_mixin.py:190} INFO - [+] Inserted: Job 1533 | Track: unqualified | TS: 2026-04-06 09:11:28
[2026-04-06T09:11:28.810+0000] {logging_mixin.py:190} INFO - [+] Inserted: Job 1081 | Track: click | TS: 2026-04-06 09:11:28
[2026-04-06T09:11:28.811+0000] {logging_mixin.py:190} INFO - [+] Inserted: Job 1859 | Track: unqualified | TS: 2026-04-06 09:11:28
[2026-04-06T09:11:28.813+0000] {logging_mixin.py:190} INFO - [+] Inserted: Job 722 | Track: click | TS: 2026-04-06 09:11:28
[2026-04-06T09:11:28.815+0000] {logging_mixin.py:190} INFO - [+] Inserted: Job 290 | Track: click | TS: 2026-04-06 09:11:28
[2026-04-06T09:11:28.817+0000] {logging_mixin.py:190} INFO - [+] Inserted: Job 350 | Track: click | TS: 2026-04-06 09:11:28
[2026-04-06T09:11:48.851+0000] {logging_mixin.py:190} INFO - [+] Inserted: Job 502 | Track: unqualified | TS: 2026-04-06 09:11:48
[2026-04-06T09:11:48.853+0000] {logging_mixin.py:190} INFO - [+] Inserted: Job 1430 | Track: click | TS: 2026-04-06 09:11:48
[2026-04-06T09:11:48.855+0000] {logging_mixin.py:190} INFO - [+] Inserted: Job 679 | Track: click | TS: 2026-04-06 09:11:48
[2026-04-06T09:11:48.856+0000] {logging_mixin.py:190} INFO - [+] Inserted: Job 79 | Track: click | TS: 2026-04-06 09:11:48
[2026-04-06T09:11:48.858+0000] {logging_mixin.py:190} INFO - [+] Inserted: Job 71 | Track: click | TS: 2026-04-06 09:11:48
[2026-04-06T09:11:48.860+0000] {logging_mixin.py:190} INFO - [+] Inserted: Job 1847 | Track: click | TS: 2026-04-06 09:11:48
[2026-04-06T09:11:48.862+0000] {logging_mixin.py:190} INFO - [+] Inserted: Job 189 | Track: click | TS: 2026-04-06 09:11:48
[2026-04-06T09:11:48.863+0000] {logging_mixin.py:190} INFO - [+] Inserted: Job 167 | Track: click | TS: 2026-04-06 09:11:48
[2026-04-06T09:11:48.865+0000] {logging_mixin.py:190} INFO - [+] Inserted: Job 1841 | Track: conversion | TS: 2026-04-06 09:11:48
[2026-04-06T09:11:48.867+0000] {logging_mixin.py:190} INFO - [+] Inserted: Job 762 | Track: unqualified | TS: 2026-04-06 09:11:48
[2026-04-06T09:11:48.868+0000] {logging_mixin.py:190} INFO - [+] Inserted: Job 1808 | Track: click | TS: 2026-04-06 09:11:48
[2026-04-06T09:11:48.869+0000] {logging_mixin.py:190} INFO - [+] Inserted: Job 762 | Track: click | TS: 2026-04-06 09:11:48
[2026-04-06T09:11:48.871+0000] {logging_mixin.py:190} INFO - [+] Inserted: Job 633 | Track: click | TS: 2026-04-06 09:11:48
[2026-04-06T09:11:48.872+0000] {logging_mixin.py:190} INFO - [+] Inserted: Job 1660 | Track: unqualified | TS: 2026-04-06 09:11:48
[2026-04-06T09:11:48.874+0000] {logging_mixin.py:190} INFO - [+] Inserted: Job 1145 | Track: click | TS: 2026-04-06 09:11:48
[2026-04-06T09:11:48.875+0000] {logging_mixin.py:190} INFO - [+] Inserted: Job 2019 | Track: click | TS: 2026-04-06 09:11:48
[2026-04-06T09:11:48.878+0000] {logging_mixin.py:190} INFO - [+] Inserted: Job 1916 | Track: click | TS: 2026-04-06 09:11:48
[2026-04-06T09:11:48.881+0000] {logging_mixin.py:190} INFO - [+] Inserted: Job 1449 | Track: click | TS: 2026-04-06 09:11:48
[2026-04-06T09:11:48.884+0000] {logging_mixin.py:190} INFO - [+] Inserted: Job 1838 | Track: click | TS: 2026-04-06 09:11:48
[2026-04-06T09:11:48.886+0000] {logging_mixin.py:190} INFO - [+] Inserted: Job 1555 | Track: unqualified | TS: 2026-04-06 09:11:48
[2026-04-06T09:12:11.645+0000] {logging_mixin.py:190} INFO - [+] Inserted: Job 911 | Track: click | TS: 2026-04-06 09:12:11
[2026-04-06T09:12:11.648+0000] {logging_mixin.py:190} INFO - [+] Inserted: Job 200 | Track: conversion | TS: 2026-04-06 09:12:11
[2026-04-06T09:12:11.650+0000] {logging_mixin.py:190} INFO - [+] Inserted: Job 1713 | Track: click | TS: 2026-04-06 09:12:11
[2026-04-06T09:12:11.653+0000] {logging_mixin.py:190} INFO - [+] Inserted: Job 1661 | Track: click | TS: 2026-04-06 09:12:11
[2026-04-06T09:12:11.654+0000] {logging_mixin.py:190} INFO - [+] Inserted: Job 1330 | Track: click | TS: 2026-04-06 09:12:11
[2026-04-06T09:12:11.656+0000] {logging_mixin.py:190} INFO - [+] Inserted: Job 1687 | Track: click | TS: 2026-04-06 09:12:11
[2026-04-06T09:12:11.659+0000] {logging_mixin.py:190} INFO - [+] Inserted: Job 374 | Track: click | TS: 2026-04-06 09:12:11
[2026-04-06T09:12:11.661+0000] {logging_mixin.py:190} INFO - [+] Inserted: Job 1979 | Track: conversion | TS: 2026-04-06 09:12:11
[2026-04-06T09:12:11.663+0000] {logging_mixin.py:190} INFO - [+] Inserted: Job 1381 | Track: click | TS: 2026-04-06 09:12:11
[2026-04-06T09:12:34.410+0000] {logging_mixin.py:190} INFO - [+] Inserted: Job 1807 | Track: click | TS: 2026-04-06 09:12:34
[2026-04-06T09:12:34.412+0000] {logging_mixin.py:190} INFO - [+] Inserted: Job 484 | Track: click | TS: 2026-04-06 09:12:34
[2026-04-06T09:12:34.414+0000] {logging_mixin.py:190} INFO - [+] Inserted: Job 1328 | Track: click | TS: 2026-04-06 09:12:34
[2026-04-06T09:12:34.416+0000] {logging_mixin.py:190} INFO - [+] Inserted: Job 1220 | Track: click | TS: 2026-04-06 09:12:34
[2026-04-06T09:12:34.417+0000] {logging_mixin.py:190} INFO - [+] Inserted: Job 253 | Track: click | TS: 2026-04-06 09:12:34
[2026-04-06T09:12:34.419+0000] {logging_mixin.py:190} INFO - [+] Inserted: Job 2020 | Track: click | TS: 2026-04-06 09:12:34
[2026-04-06T09:12:34.421+0000] {logging_mixin.py:190} INFO - [+] Inserted: Job 1631 | Track: click | TS: 2026-04-06 09:12:34
[2026-04-06T09:12:34.424+0000] {logging_mixin.py:190} INFO - [+] Inserted: Job 1365 | Track: click | TS: 2026-04-06 09:12:34
[2026-04-06T09:12:34.426+0000] {logging_mixin.py:190} INFO - [+] Inserted: Job 1713 | Track: qualified | TS: 2026-04-06 09:12:34
[2026-04-06T09:12:34.428+0000] {logging_mixin.py:190} INFO - [+] Inserted: Job 1360 | Track: click | TS: 2026-04-06 09:12:34
[2026-04-06T09:12:34.430+0000] {logging_mixin.py:190} INFO - [+] Inserted: Job 1185 | Track: qualified | TS: 2026-04-06 09:12:34
[2026-04-06T09:12:34.431+0000] {logging_mixin.py:190} INFO - [+] Inserted: Job 614 | Track: click | TS: 2026-04-06 09:12:34
[2026-04-06T09:12:34.433+0000] {logging_mixin.py:190} INFO - [+] Inserted: Job 426 | Track: qualified | TS: 2026-04-06 09:12:34
[2026-04-06T09:12:34.434+0000] {logging_mixin.py:190} INFO - [+] Inserted: Job 427 | Track: qualified | TS: 2026-04-06 09:12:34
[2026-04-06T09:12:54.469+0000] {logging_mixin.py:190} INFO - [+] Inserted: Job 1406 | Track: qualified | TS: 2026-04-06 09:12:54
[2026-04-06T09:12:54.471+0000] {logging_mixin.py:190} INFO - [+] Inserted: Job 536 | Track: click | TS: 2026-04-06 09:12:54
[2026-04-06T09:12:54.472+0000] {logging_mixin.py:190} INFO - [+] Inserted: Job 1772 | Track: click | TS: 2026-04-06 09:12:54
[2026-04-06T09:12:54.474+0000] {logging_mixin.py:190} INFO - [+] Inserted: Job 2069 | Track: click | TS: 2026-04-06 09:12:54
[2026-04-06T09:12:54.475+0000] {logging_mixin.py:190} INFO - [+] Inserted: Job 1385 | Track: qualified | TS: 2026-04-06 09:12:54
[2026-04-06T09:12:54.477+0000] {logging_mixin.py:190} INFO - [+] Inserted: Job 2050 | Track: click | TS: 2026-04-06 09:12:54
[2026-04-06T09:12:54.479+0000] {logging_mixin.py:190} INFO - [+] Inserted: Job 1363 | Track: click | TS: 2026-04-06 09:12:54
[2026-04-06T09:12:54.480+0000] {logging_mixin.py:190} INFO - [+] Inserted: Job 306 | Track: click | TS: 2026-04-06 09:12:54
[2026-04-06T09:12:54.481+0000] {logging_mixin.py:190} INFO - [+] Inserted: Job 193 | Track: qualified | TS: 2026-04-06 09:12:54
[2026-04-06T09:12:54.483+0000] {logging_mixin.py:190} INFO - [+] Inserted: Job 1858 | Track: click | TS: 2026-04-06 09:12:54
[2026-04-06T09:12:54.484+0000] {logging_mixin.py:190} INFO - [+] Inserted: Job 1624 | Track: qualified | TS: 2026-04-06 09:12:54
[2026-04-06T09:12:54.485+0000] {logging_mixin.py:190} INFO - [+] Inserted: Job 373 | Track: click | TS: 2026-04-06 09:12:54
[2026-04-06T09:12:54.487+0000] {logging_mixin.py:190} INFO - [+] Inserted: Job 1229 | Track: click | TS: 2026-04-06 09:12:54
[2026-04-06T09:12:54.488+0000] {logging_mixin.py:190} INFO - [+] Inserted: Job 1081 | Track: conversion | TS: 2026-04-06 09:12:54
[2026-04-06T09:12:54.491+0000] {logging_mixin.py:190} INFO - [+] Inserted: Job 844 | Track: click | TS: 2026-04-06 09:12:54
[2026-04-06T09:12:54.493+0000] {logging_mixin.py:190} INFO - [+] Inserted: Job 468 | Track: qualified | TS: 2026-04-06 09:12:54
[2026-04-06T09:12:54.497+0000] {logging_mixin.py:190} INFO - [+] Inserted: Job 209 | Track: qualified | TS: 2026-04-06 09:12:54
[2026-04-06T09:12:54.499+0000] {logging_mixin.py:190} INFO - [+] Inserted: Job 1490 | Track: click | TS: 2026-04-06 09:12:54
[2026-04-06T09:13:17.273+0000] {logging_mixin.py:190} INFO - [+] Inserted: Job 126 | Track: click | TS: 2026-04-06 09:13:17
[2026-04-06T09:13:17.275+0000] {logging_mixin.py:190} INFO - [+] Inserted: Job 536 | Track: click | TS: 2026-04-06 09:13:17
[2026-04-06T09:13:40.055+0000] {logging_mixin.py:190} INFO - [+] Inserted: Job 1203 | Track: conversion | TS: 2026-04-06 09:13:40
[2026-04-06T09:13:40.058+0000] {logging_mixin.py:190} INFO - [+] Inserted: Job 148 | Track: click | TS: 2026-04-06 09:13:40
[2026-04-06T09:14:00.095+0000] {logging_mixin.py:190} INFO - [+] Inserted: Job 1321 | Track: click | TS: 2026-04-06 09:14:00
[2026-04-06T09:14:00.098+0000] {logging_mixin.py:190} INFO - [+] Inserted: Job 1599 | Track: click | TS: 2026-04-06 09:14:00
[2026-04-06T09:14:00.101+0000] {logging_mixin.py:190} INFO - [+] Inserted: Job 492 | Track: qualified | TS: 2026-04-06 09:14:00
[2026-04-06T09:14:00.103+0000] {logging_mixin.py:190} INFO - [+] Inserted: Job 1345 | Track: click | TS: 2026-04-06 09:14:00
[2026-04-06T09:14:00.104+0000] {logging_mixin.py:190} INFO - [+] Inserted: Job 345 | Track: qualified | TS: 2026-04-06 09:14:00
[2026-04-06T09:14:00.107+0000] {logging_mixin.py:190} INFO - [+] Inserted: Job 1741 | Track: unqualified | TS: 2026-04-06 09:14:00
[2026-04-06T09:14:00.110+0000] {logging_mixin.py:190} INFO - [+] Inserted: Job 313 | Track: click | TS: 2026-04-06 09:14:00
[2026-04-06T09:14:00.115+0000] {logging_mixin.py:190} INFO - [+] Inserted: Job 1061 | Track: conversion | TS: 2026-04-06 09:14:00
[2026-04-06T09:14:00.119+0000] {logging_mixin.py:190} INFO - [+] Inserted: Job 1465 | Track: click | TS: 2026-04-06 09:14:00
[2026-04-06T09:14:00.122+0000] {logging_mixin.py:190} INFO - [+] Inserted: Job 537 | Track: unqualified | TS: 2026-04-06 09:14:00
[2026-04-06T09:14:00.124+0000] {logging_mixin.py:190} INFO - [+] Inserted: Job 418 | Track: conversion | TS: 2026-04-06 09:14:00
[2026-04-06T09:14:00.127+0000] {logging_mixin.py:190} INFO - [+] Inserted: Job 630 | Track: conversion | TS: 2026-04-06 09:14:00
[2026-04-06T09:14:00.129+0000] {logging_mixin.py:190} INFO - [+] Inserted: Job 1664 | Track: click | TS: 2026-04-06 09:14:00
[2026-04-06T09:14:00.132+0000] {logging_mixin.py:190} INFO - [+] Inserted: Job 468 | Track: click | TS: 2026-04-06 09:14:00
[2026-04-06T09:14:00.135+0000] {logging_mixin.py:190} INFO - [+] Inserted: Job 1014 | Track: click | TS: 2026-04-06 09:14:00
[2026-04-06T09:14:00.138+0000] {logging_mixin.py:190} INFO - [+] Inserted: Job 1748 | Track: click | TS: 2026-04-06 09:14:00
[2026-04-06T09:14:00.142+0000] {logging_mixin.py:190} INFO - [+] Inserted: Job 304 | Track: click | TS: 2026-04-06 09:14:00
[2026-04-06T09:14:22.908+0000] {logging_mixin.py:190} INFO - [+] Inserted: Job 1943 | Track: click | TS: 2026-04-06 09:14:22
[2026-04-06T09:14:22.909+0000] {logging_mixin.py:190} INFO - [+] Inserted: Job 659 | Track: click | TS: 2026-04-06 09:14:22
[2026-04-06T09:14:22.911+0000] {logging_mixin.py:190} INFO - [+] Inserted: Job 1144 | Track: conversion | TS: 2026-04-06 09:14:22
[2026-04-06T09:14:22.912+0000] {logging_mixin.py:190} INFO - [+] Inserted: Job 491 | Track: click | TS: 2026-04-06 09:14:22
[2026-04-06T09:14:22.913+0000] {logging_mixin.py:190} INFO - [+] Inserted: Job 970 | Track: click | TS: 2026-04-06 09:14:22
[2026-04-06T09:14:45.681+0000] {logging_mixin.py:190} INFO - [+] Inserted: Job 1501 | Track: click | TS: 2026-04-06 09:14:45
[2026-04-06T09:14:45.685+0000] {logging_mixin.py:190} INFO - [+] Inserted: Job 1953 | Track: click | TS: 2026-04-06 09:14:45
[2026-04-06T09:14:45.689+0000] {logging_mixin.py:190} INFO - [+] Inserted: Job 68 | Track: unqualified | TS: 2026-04-06 09:14:45
[2026-04-06T09:14:45.690+0000] {logging_mixin.py:190} INFO - [+] Inserted: Job 807 | Track: click | TS: 2026-04-06 09:14:45
[2026-04-06T09:14:45.692+0000] {logging_mixin.py:190} INFO - [+] Inserted: Job 1859 | Track: click | TS: 2026-04-06 09:14:45
[2026-04-06T09:15:05.721+0000] {logging_mixin.py:190} INFO - [+] Inserted: Job 625 | Track: click | TS: 2026-04-06 09:15:05
[2026-04-06T09:15:05.725+0000] {logging_mixin.py:190} INFO - [+] Inserted: Job 189 | Track: unqualified | TS: 2026-04-06 09:15:05
[2026-04-06T09:15:05.728+0000] {logging_mixin.py:190} INFO - [+] Inserted: Job 1810 | Track: click | TS: 2026-04-06 09:15:05
[2026-04-06T09:15:05.730+0000] {logging_mixin.py:190} INFO - [+] Inserted: Job 1744 | Track: unqualified | TS: 2026-04-06 09:15:05
[2026-04-06T09:15:05.732+0000] {logging_mixin.py:190} INFO - [+] Inserted: Job 49 | Track: qualified | TS: 2026-04-06 09:15:05
[2026-04-06T09:15:05.733+0000] {logging_mixin.py:190} INFO - [+] Inserted: Job 1589 | Track: click | TS: 2026-04-06 09:15:05
[2026-04-06T09:15:05.735+0000] {logging_mixin.py:190} INFO - [+] Inserted: Job 953 | Track: click | TS: 2026-04-06 09:15:05
[2026-04-06T09:15:05.736+0000] {logging_mixin.py:190} INFO - [+] Inserted: Job 1701 | Track: click | TS: 2026-04-06 09:15:05
[2026-04-06T09:15:05.739+0000] {logging_mixin.py:190} INFO - [+] Inserted: Job 471 | Track: click | TS: 2026-04-06 09:15:05
[2026-04-06T09:15:05.741+0000] {logging_mixin.py:190} INFO - [+] Inserted: Job 1896 | Track: click | TS: 2026-04-06 09:15:05
[2026-04-06T09:15:05.743+0000] {logging_mixin.py:190} INFO - [+] Inserted: Job 1424 | Track: click | TS: 2026-04-06 09:15:05
[2026-04-06T09:15:05.744+0000] {logging_mixin.py:190} INFO - [+] Inserted: Job 1868 | Track: click | TS: 2026-04-06 09:15:05
[2026-04-06T09:15:05.746+0000] {logging_mixin.py:190} INFO - [+] Inserted: Job 736 | Track: click | TS: 2026-04-06 09:15:05
[2026-04-06T09:15:05.747+0000] {logging_mixin.py:190} INFO - [+] Inserted: Job 1490 | Track: click | TS: 2026-04-06 09:15:05
[2026-04-06T09:15:28.494+0000] {logging_mixin.py:190} INFO - [+] Inserted: Job 207 | Track: click | TS: 2026-04-06 09:15:28
[2026-04-06T09:15:28.496+0000] {logging_mixin.py:190} INFO - [+] Inserted: Job 1870 | Track: click | TS: 2026-04-06 09:15:28
[2026-04-06T09:15:28.497+0000] {logging_mixin.py:190} INFO - [+] Inserted: Job 543 | Track: qualified | TS: 2026-04-06 09:15:28
[2026-04-06T09:15:28.499+0000] {logging_mixin.py:190} INFO - [+] Inserted: Job 1279 | Track: click | TS: 2026-04-06 09:15:28
[2026-04-06T09:15:28.503+0000] {logging_mixin.py:190} INFO - [+] Inserted: Job 238 | Track: click | TS: 2026-04-06 09:15:28
[2026-04-06T09:15:28.505+0000] {logging_mixin.py:190} INFO - [+] Inserted: Job 353 | Track: click | TS: 2026-04-06 09:15:28
[2026-04-06T09:15:28.507+0000] {logging_mixin.py:190} INFO - [+] Inserted: Job 137 | Track: conversion | TS: 2026-04-06 09:15:28
[2026-04-06T09:15:28.509+0000] {logging_mixin.py:190} INFO - [+] Inserted: Job 1596 | Track: conversion | TS: 2026-04-06 09:15:28
[2026-04-06T09:15:28.512+0000] {logging_mixin.py:190} INFO - [+] Inserted: Job 1488 | Track: click | TS: 2026-04-06 09:15:28
[2026-04-06T09:15:28.514+0000] {logging_mixin.py:190} INFO - [+] Inserted: Job 1937 | Track: click | TS: 2026-04-06 09:15:28
[2026-04-06T09:15:28.516+0000] {logging_mixin.py:190} INFO - [+] Inserted: Job 1781 | Track: click | TS: 2026-04-06 09:15:28
[2026-04-06T09:15:28.519+0000] {logging_mixin.py:190} INFO - [+] Inserted: Job 516 | Track: click | TS: 2026-04-06 09:15:28
[2026-04-06T09:15:51.318+0000] {logging_mixin.py:190} INFO - [+] Inserted: Job 928 | Track: click | TS: 2026-04-06 09:15:51
[2026-04-06T09:15:51.325+0000] {logging_mixin.py:190} INFO - [+] Inserted: Job 125 | Track: click | TS: 2026-04-06 09:15:51
[2026-04-06T09:15:51.331+0000] {logging_mixin.py:190} INFO - [+] Inserted: Job 1205 | Track: click | TS: 2026-04-06 09:15:51
[2026-04-06T09:15:51.807+0000] {local_task_job_runner.py:127} ERROR - Received SIGTERM. Terminating subprocesses
[2026-04-06T09:15:52.139+0000] {process_utils.py:132} INFO - Sending 15 to group 258. PIDs of all processes in the group: [258]
[2026-04-06T09:15:52.184+0000] {process_utils.py:87} INFO - Sending the signal 15 to group 258
[2026-04-06T09:15:52.202+0000] {taskinstance.py:3094} ERROR - Received SIGTERM. Terminating subprocesses.
[2026-04-06T09:15:52.286+0000] {taskinstance.py:3095} ERROR - Stacktrace: 
  File "/home/***/.local/bin/***", line 8, in <module>
    sys.exit(main())
  File "/home/***/.local/lib/python3.8/site-packages/***/__main__.py", line 62, in main
    args.func(args)
  File "/home/***/.local/lib/python3.8/site-packages/***/cli/cli_config.py", line 49, in command
    return func(*args, **kwargs)
  File "/home/***/.local/lib/python3.8/site-packages/***/utils/cli.py", line 116, in wrapper
    return f(*args, **kwargs)
  File "/home/***/.local/lib/python3.8/site-packages/***/utils/providers_configuration_loader.py", line 55, in wrapped_function
    return func(*args, **kwargs)
  File "/home/***/.local/lib/python3.8/site-packages/***/cli/commands/scheduler_command.py", line 56, in scheduler
    run_command_with_daemon_option(
  File "/home/***/.local/lib/python3.8/site-packages/***/cli/commands/daemon_utils.py", line 86, in run_command_with_daemon_option
    callback()
  File "/home/***/.local/lib/python3.8/site-packages/***/cli/commands/scheduler_command.py", line 59, in <lambda>
    callback=lambda: _run_scheduler_job(args),
  File "/home/***/.local/lib/python3.8/site-packages/***/cli/commands/scheduler_command.py", line 47, in _run_scheduler_job
    run_job(job=job_runner.job, execute_callable=job_runner._execute)
  File "/home/***/.local/lib/python3.8/site-packages/***/utils/session.py", line 97, in wrapper
    return func(*args, session=session, **kwargs)
  File "/home/***/.local/lib/python3.8/site-packages/***/jobs/job.py", line 421, in run_job
    return execute_job(job, execute_callable=execute_callable)
  File "/home/***/.local/lib/python3.8/site-packages/***/jobs/job.py", line 450, in execute_job
    ret = execute_callable()
  File "/home/***/.local/lib/python3.8/site-packages/***/jobs/scheduler_job_runner.py", line 990, in _execute
    executor.start()
  File "/home/***/.local/lib/python3.8/site-packages/***/executors/local_executor.py", line 392, in start
    self.impl.start()
  File "/home/***/.local/lib/python3.8/site-packages/***/executors/local_executor.py", line 330, in start
    worker.start()
  File "/usr/local/lib/python3.8/multiprocessing/process.py", line 121, in start
    self._popen = self._Popen(self)
  File "/usr/local/lib/python3.8/multiprocessing/context.py", line 224, in _Popen
    return _default_context.get_context().Process._Popen(process_obj)
  File "/usr/local/lib/python3.8/multiprocessing/context.py", line 277, in _Popen
    return Popen(process_obj)
  File "/usr/local/lib/python3.8/multiprocessing/popen_fork.py", line 19, in __init__
    self._launch(process_obj)
  File "/usr/local/lib/python3.8/multiprocessing/popen_fork.py", line 75, in _launch
    code = process_obj._bootstrap(parent_sentinel=child_r)
  File "/usr/local/lib/python3.8/multiprocessing/process.py", line 315, in _bootstrap
    self.run()
  File "/home/***/.local/lib/python3.8/site-packages/***/executors/local_executor.py", line 80, in run
    return super().run()
  File "/usr/local/lib/python3.8/multiprocessing/process.py", line 108, in run
    self._target(*self._args, **self._kwargs)
  File "/home/***/.local/lib/python3.8/site-packages/***/traces/tracer.py", line 58, in wrapper
    return func(*args, **kwargs)
  File "/home/***/.local/lib/python3.8/site-packages/***/executors/local_executor.py", line 211, in do_work
    self.execute_work(key=key, command=command)
  File "/home/***/.local/lib/python3.8/site-packages/***/traces/tracer.py", line 58, in wrapper
    return func(*args, **kwargs)
  File "/home/***/.local/lib/python3.8/site-packages/***/executors/local_executor.py", line 100, in execute_work
    state = self._execute_work_in_fork(command)
  File "/home/***/.local/lib/python3.8/site-packages/***/traces/tracer.py", line 58, in wrapper
    return func(*args, **kwargs)
  File "/home/***/.local/lib/python3.8/site-packages/***/executors/local_executor.py", line 142, in _execute_work_in_fork
    args.func(args)
  File "/home/***/.local/lib/python3.8/site-packages/***/cli/cli_config.py", line 49, in command
    return func(*args, **kwargs)
  File "/home/***/.local/lib/python3.8/site-packages/***/utils/cli.py", line 116, in wrapper
    return f(*args, **kwargs)
  File "/home/***/.local/lib/python3.8/site-packages/***/cli/commands/task_command.py", line 483, in task_run
    task_return_code = _run_task_by_selected_method(args, _dag, ti)
  File "/home/***/.local/lib/python3.8/site-packages/***/cli/commands/task_command.py", line 254, in _run_task_by_selected_method
    return _run_task_by_local_task_job(args, ti)
  File "/home/***/.local/lib/python3.8/site-packages/***/cli/commands/task_command.py", line 322, in _run_task_by_local_task_job
    ret = run_job(job=job_runner.job, execute_callable=job_runner._execute)
  File "/home/***/.local/lib/python3.8/site-packages/***/utils/session.py", line 97, in wrapper
    return func(*args, session=session, **kwargs)
  File "/home/***/.local/lib/python3.8/site-packages/***/jobs/job.py", line 421, in run_job
    return execute_job(job, execute_callable=execute_callable)
  File "/home/***/.local/lib/python3.8/site-packages/***/jobs/job.py", line 450, in execute_job
    ret = execute_callable()
  File "/home/***/.local/lib/python3.8/site-packages/***/jobs/local_task_job_runner.py", line 171, in _execute
    self.task_runner.start()
  File "/home/***/.local/lib/python3.8/site-packages/***/task/task_runner/standard_task_runner.py", line 55, in start
    self.process = self._start_by_fork()
  File "/home/***/.local/lib/python3.8/site-packages/***/task/task_runner/standard_task_runner.py", line 117, in _start_by_fork
    ret = args.func(args, dag=self.dag)
  File "/home/***/.local/lib/python3.8/site-packages/***/cli/cli_config.py", line 49, in command
    return func(*args, **kwargs)
  File "/home/***/.local/lib/python3.8/site-packages/***/utils/cli.py", line 116, in wrapper
    return f(*args, **kwargs)
  File "/home/***/.local/lib/python3.8/site-packages/***/cli/commands/task_command.py", line 483, in task_run
    task_return_code = _run_task_by_selected_method(args, _dag, ti)
  File "/home/***/.local/lib/python3.8/site-packages/***/cli/commands/task_command.py", line 256, in _run_task_by_selected_method
    return _run_raw_task(args, ti)
  File "/home/***/.local/lib/python3.8/site-packages/***/cli/commands/task_command.py", line 341, in _run_raw_task
    return ti._run_raw_task(
  File "/home/***/.local/lib/python3.8/site-packages/***/utils/session.py", line 97, in wrapper
    return func(*args, session=session, **kwargs)
  File "/home/***/.local/lib/python3.8/site-packages/***/models/taskinstance.py", line 3006, in _run_raw_task
    return _run_raw_task(
  File "/home/***/.local/lib/python3.8/site-packages/***/models/taskinstance.py", line 274, in _run_raw_task
    TaskInstance._execute_task_with_callbacks(
  File "/home/***/.local/lib/python3.8/site-packages/***/models/taskinstance.py", line 3161, in _execute_task_with_callbacks
    result = self._execute_task(context, task_orig)
  File "/home/***/.local/lib/python3.8/site-packages/***/models/taskinstance.py", line 3185, in _execute_task
    return _execute_task(self, context, task_orig)
  File "/home/***/.local/lib/python3.8/site-packages/***/models/taskinstance.py", line 768, in _execute_task
    result = _execute_callable(context=context, **execute_callable_kwargs)
  File "/home/***/.local/lib/python3.8/site-packages/***/models/taskinstance.py", line 734, in _execute_callable
    return ExecutionCallableRunner(
  File "/home/***/.local/lib/python3.8/site-packages/***/utils/operator_helpers.py", line 252, in run
    return self.func(*args, **kwargs)
  File "/home/***/.local/lib/python3.8/site-packages/***/models/baseoperator.py", line 424, in wrapper
    return func(self, *args, **kwargs)
  File "/home/***/.local/lib/python3.8/site-packages/***/operators/python.py", line 238, in execute
    return_value = self.execute_callable()
  File "/home/***/.local/lib/python3.8/site-packages/***/operators/python.py", line 256, in execute_callable
    return runner.run(*self.op_args, **self.op_kwargs)
  File "/home/***/.local/lib/python3.8/site-packages/***/utils/operator_helpers.py", line 252, in run
    return self.func(*args, **kwargs)
  File "/opt/***/scripts/ingestion/data_generator.py", line 92, in main
    time.sleep(20)
  File "/home/***/.local/lib/python3.8/site-packages/***/models/taskinstance.py", line 3095, in signal_handler
    self.log.error("Stacktrace: \n%s", "".join(traceback.format_stack()))

[2026-04-06T09:15:52.443+0000] {taskinstance.py:3313} ERROR - Task failed with exception
Traceback (most recent call last):
  File "/home/airflow/.local/lib/python3.8/site-packages/airflow/models/taskinstance.py", line 768, in _execute_task
    result = _execute_callable(context=context, **execute_callable_kwargs)
  File "/home/airflow/.local/lib/python3.8/site-packages/airflow/models/taskinstance.py", line 734, in _execute_callable
    return ExecutionCallableRunner(
  File "/home/airflow/.local/lib/python3.8/site-packages/airflow/utils/operator_helpers.py", line 252, in run
    return self.func(*args, **kwargs)
  File "/home/airflow/.local/lib/python3.8/site-packages/airflow/models/baseoperator.py", line 424, in wrapper
    return func(self, *args, **kwargs)
  File "/home/airflow/.local/lib/python3.8/site-packages/airflow/operators/python.py", line 238, in execute
    return_value = self.execute_callable()
  File "/home/airflow/.local/lib/python3.8/site-packages/airflow/operators/python.py", line 256, in execute_callable
    return runner.run(*self.op_args, **self.op_kwargs)
  File "/home/airflow/.local/lib/python3.8/site-packages/airflow/utils/operator_helpers.py", line 252, in run
    return self.func(*args, **kwargs)
  File "/opt/airflow/scripts/ingestion/data_generator.py", line 92, in main
    time.sleep(20)
  File "/home/airflow/.local/lib/python3.8/site-packages/airflow/models/taskinstance.py", line 3097, in signal_handler
    raise AirflowTaskTerminated("Task received SIGTERM signal")
airflow.exceptions.AirflowTaskTerminated: Task received SIGTERM signal
[2026-04-06T09:15:52.524+0000] {taskinstance.py:1226} INFO - Marking task as UP_FOR_RETRY. dag_id=1_continuous_services_bear_mode, task_id=service_data_generator, run_id=manual__2026-04-06T09:08:08.026743+00:00, execution_date=20260406T090808, start_date=20260406T090810, end_date=20260406T091552
[2026-04-06T09:15:52.747+0000] {taskinstance.py:341} INFO - ::group::Post task execution logs
[2026-04-06T09:15:52.809+0000] {process_utils.py:80} INFO - Process psutil.Process(pid=258, status='terminated', exitcode=2, started='09:08:09') (258) terminated with exit code 2
[2026-04-06T09:15:52.833+0000] {local_task_job_runner.py:266} INFO - Task exited with return code 143
