[2026-04-05T06:51:47.180+0000] {taskinstance.py:1157} INFO - Dependencies all met for dep_context=non-requeueable deps ti=<TaskInstance: bear_mode_full_pipeline.run_batch_etl scheduled__2026-04-04T16:00:00+00:00 [queued]>
[2026-04-05T06:51:47.187+0000] {taskinstance.py:1157} INFO - Dependencies all met for dep_context=requeueable deps ti=<TaskInstance: bear_mode_full_pipeline.run_batch_etl scheduled__2026-04-04T16:00:00+00:00 [queued]>
[2026-04-05T06:51:47.188+0000] {taskinstance.py:1359} INFO - Starting attempt 4 of 4
[2026-04-05T06:51:47.199+0000] {taskinstance.py:1380} INFO - Executing <Task(BashOperator): run_batch_etl> on 2026-04-04 16:00:00+00:00
[2026-04-05T06:51:47.203+0000] {standard_task_runner.py:57} INFO - Started process 181 to run task
[2026-04-05T06:51:47.208+0000] {standard_task_runner.py:84} INFO - Running: ['***', 'tasks', 'run', 'bear_mode_full_pipeline', 'run_batch_etl', 'scheduled__2026-04-04T16:00:00+00:00', '--job-id', '21', '--raw', '--subdir', 'DAGS_FOLDER/main_pipeline_dag.py', '--cfg-path', '/tmp/tmpz1gkluuz']
[2026-04-05T06:51:47.211+0000] {standard_task_runner.py:85} INFO - Job 21: Subtask run_batch_etl
[2026-04-05T06:51:47.265+0000] {task_command.py:415} INFO - Running <TaskInstance: bear_mode_full_pipeline.run_batch_etl scheduled__2026-04-04T16:00:00+00:00 [running]> on host ddd24e7924f6
[2026-04-05T06:51:47.339+0000] {taskinstance.py:1660} INFO - Exporting env vars: AIRFLOW_CTX_DAG_OWNER='shibe' AIRFLOW_CTX_DAG_ID='bear_mode_full_pipeline' AIRFLOW_CTX_TASK_ID='run_batch_etl' AIRFLOW_CTX_EXECUTION_DATE='2026-04-04T16:00:00+00:00' AIRFLOW_CTX_TRY_NUMBER='4' AIRFLOW_CTX_DAG_RUN_ID='scheduled__2026-04-04T16:00:00+00:00'
[2026-04-05T06:51:47.341+0000] {subprocess.py:63} INFO - Tmp dir root location: /tmp
[2026-04-05T06:51:47.342+0000] {subprocess.py:75} INFO - Running command: ['/bin/bash', '-c', 'python3 /opt/***/scripts/processing/batch_etl_cassandra_to_mysql.py']
[2026-04-05T06:51:47.350+0000] {subprocess.py:86} INFO - Output:
[2026-04-05T06:51:47.471+0000] {subprocess.py:93} INFO - Traceback (most recent call last):
[2026-04-05T06:51:47.471+0000] {subprocess.py:93} INFO -   File "/opt/***/scripts/processing/batch_etl_cassandra_to_mysql.py", line 9, in <module>
[2026-04-05T06:51:47.472+0000] {subprocess.py:93} INFO -     import time_uuid
[2026-04-05T06:51:47.472+0000] {subprocess.py:93} INFO - ModuleNotFoundError: No module named 'time_uuid'
[2026-04-05T06:51:47.475+0000] {subprocess.py:97} INFO - Command exited with return code 1
[2026-04-05T06:51:47.485+0000] {taskinstance.py:1935} ERROR - Task failed with exception
Traceback (most recent call last):
  File "/home/airflow/.local/lib/python3.8/site-packages/airflow/operators/bash.py", line 210, in execute
    raise AirflowException(
airflow.exceptions.AirflowException: Bash command failed. The command returned a non-zero exit code 1.
[2026-04-05T06:51:47.489+0000] {taskinstance.py:1398} INFO - Marking task as FAILED. dag_id=bear_mode_full_pipeline, task_id=run_batch_etl, execution_date=20260404T160000, start_date=20260405T065147, end_date=20260405T065147
[2026-04-05T06:51:47.505+0000] {standard_task_runner.py:104} ERROR - Failed to execute job 21 for task run_batch_etl (Bash command failed. The command returned a non-zero exit code 1.; 181)
[2026-04-05T06:51:47.540+0000] {local_task_job_runner.py:228} INFO - Task exited with return code 1
[2026-04-05T06:51:47.557+0000] {taskinstance.py:2776} INFO - 0 downstream tasks scheduled from follow-on schedule check
