[2026-04-04T17:00:04.334+0000] {taskinstance.py:1157} INFO - Dependencies all met for dep_context=non-requeueable deps ti=<TaskInstance: bear_mode_full_pipeline.run_batch_etl scheduled__2026-04-04T16:00:00+00:00 [queued]>
[2026-04-04T17:00:04.343+0000] {taskinstance.py:1157} INFO - Dependencies all met for dep_context=requeueable deps ti=<TaskInstance: bear_mode_full_pipeline.run_batch_etl scheduled__2026-04-04T16:00:00+00:00 [queued]>
[2026-04-04T17:00:04.343+0000] {taskinstance.py:1359} INFO - Starting attempt 1 of 2
[2026-04-04T17:00:04.356+0000] {taskinstance.py:1380} INFO - Executing <Task(BashOperator): run_batch_etl> on 2026-04-04 16:00:00+00:00
[2026-04-04T17:00:04.361+0000] {standard_task_runner.py:57} INFO - Started process 337 to run task
[2026-04-04T17:00:04.364+0000] {standard_task_runner.py:84} INFO - Running: ['***', 'tasks', 'run', 'bear_mode_full_pipeline', 'run_batch_etl', 'scheduled__2026-04-04T16:00:00+00:00', '--job-id', '8', '--raw', '--subdir', 'DAGS_FOLDER/main_pipeline_dag.py', '--cfg-path', '/tmp/tmpxseddork']
[2026-04-04T17:00:04.369+0000] {standard_task_runner.py:85} INFO - Job 8: Subtask run_batch_etl
[2026-04-04T17:00:04.421+0000] {task_command.py:415} INFO - Running <TaskInstance: bear_mode_full_pipeline.run_batch_etl scheduled__2026-04-04T16:00:00+00:00 [running]> on host 4db7dcd7c3fe
[2026-04-04T17:00:04.524+0000] {taskinstance.py:1660} INFO - Exporting env vars: AIRFLOW_CTX_DAG_OWNER='shibe' AIRFLOW_CTX_DAG_ID='bear_mode_full_pipeline' AIRFLOW_CTX_TASK_ID='run_batch_etl' AIRFLOW_CTX_EXECUTION_DATE='2026-04-04T16:00:00+00:00' AIRFLOW_CTX_TRY_NUMBER='1' AIRFLOW_CTX_DAG_RUN_ID='scheduled__2026-04-04T16:00:00+00:00'
[2026-04-04T17:00:04.528+0000] {subprocess.py:63} INFO - Tmp dir root location: /tmp
[2026-04-04T17:00:04.531+0000] {subprocess.py:75} INFO - Running command: ['/bin/bash', '-c', 'python3 /opt/***/scripts/processing/batch_etl_cassandra_to_mysql.py']
[2026-04-04T17:00:04.543+0000] {subprocess.py:86} INFO - Output:
[2026-04-04T17:00:04.681+0000] {subprocess.py:93} INFO - Traceback (most recent call last):
[2026-04-04T17:00:04.682+0000] {subprocess.py:93} INFO -   File "/opt/***/scripts/processing/batch_etl_cassandra_to_mysql.py", line 9, in <module>
[2026-04-04T17:00:04.683+0000] {subprocess.py:93} INFO -     import time_uuid
[2026-04-04T17:00:04.683+0000] {subprocess.py:93} INFO - ModuleNotFoundError: No module named 'time_uuid'
[2026-04-04T17:00:04.687+0000] {subprocess.py:97} INFO - Command exited with return code 1
[2026-04-04T17:00:04.698+0000] {taskinstance.py:1935} ERROR - Task failed with exception
Traceback (most recent call last):
  File "/home/airflow/.local/lib/python3.8/site-packages/airflow/operators/bash.py", line 210, in execute
    raise AirflowException(
airflow.exceptions.AirflowException: Bash command failed. The command returned a non-zero exit code 1.
[2026-04-04T17:00:04.701+0000] {taskinstance.py:1398} INFO - Marking task as UP_FOR_RETRY. dag_id=bear_mode_full_pipeline, task_id=run_batch_etl, execution_date=20260404T160000, start_date=20260404T170004, end_date=20260404T170004
[2026-04-04T17:00:04.714+0000] {standard_task_runner.py:104} ERROR - Failed to execute job 8 for task run_batch_etl (Bash command failed. The command returned a non-zero exit code 1.; 337)
[2026-04-04T17:00:04.737+0000] {local_task_job_runner.py:228} INFO - Task exited with return code 1
[2026-04-04T17:00:04.764+0000] {taskinstance.py:2776} INFO - 0 downstream tasks scheduled from follow-on schedule check
