[2026-04-05T06:52:12.375+0000] {taskinstance.py:1157} INFO - Dependencies all met for dep_context=non-requeueable deps ti=<TaskInstance: bear_mode_full_pipeline.run_data_generator scheduled__2026-04-04T15:00:00+00:00 [queued]>
[2026-04-05T06:52:12.388+0000] {taskinstance.py:1157} INFO - Dependencies all met for dep_context=requeueable deps ti=<TaskInstance: bear_mode_full_pipeline.run_data_generator scheduled__2026-04-04T15:00:00+00:00 [queued]>
[2026-04-05T06:52:12.388+0000] {taskinstance.py:1359} INFO - Starting attempt 2 of 3
[2026-04-05T06:52:12.402+0000] {taskinstance.py:1380} INFO - Executing <Task(BashOperator): run_data_generator> on 2026-04-04 15:00:00+00:00
[2026-04-05T06:52:12.406+0000] {standard_task_runner.py:57} INFO - Started process 215 to run task
[2026-04-05T06:52:12.410+0000] {standard_task_runner.py:84} INFO - Running: ['***', 'tasks', 'run', 'bear_mode_full_pipeline', 'run_data_generator', 'scheduled__2026-04-04T15:00:00+00:00', '--job-id', '25', '--raw', '--subdir', 'DAGS_FOLDER/main_pipeline_dag.py', '--cfg-path', '/tmp/tmpuoyhq94w']
[2026-04-05T06:52:12.413+0000] {standard_task_runner.py:85} INFO - Job 25: Subtask run_data_generator
[2026-04-05T06:52:12.465+0000] {task_command.py:415} INFO - Running <TaskInstance: bear_mode_full_pipeline.run_data_generator scheduled__2026-04-04T15:00:00+00:00 [running]> on host ddd24e7924f6
[2026-04-05T06:52:12.536+0000] {taskinstance.py:1660} INFO - Exporting env vars: AIRFLOW_CTX_DAG_OWNER='shibe' AIRFLOW_CTX_DAG_ID='bear_mode_full_pipeline' AIRFLOW_CTX_TASK_ID='run_data_generator' AIRFLOW_CTX_EXECUTION_DATE='2026-04-04T15:00:00+00:00' AIRFLOW_CTX_TRY_NUMBER='2' AIRFLOW_CTX_DAG_RUN_ID='scheduled__2026-04-04T15:00:00+00:00'
[2026-04-05T06:52:12.538+0000] {subprocess.py:63} INFO - Tmp dir root location: /tmp
[2026-04-05T06:52:12.539+0000] {subprocess.py:75} INFO - Running command: ['/bin/bash', '-c', 'python3 /opt/***/scripts/ingestion/data_generator.py &']
[2026-04-05T06:52:12.549+0000] {subprocess.py:86} INFO - Output:
[2026-04-05T06:52:13.410+0000] {subprocess.py:93} INFO - Traceback (most recent call last):
[2026-04-05T06:52:13.410+0000] {subprocess.py:93} INFO -   File "/opt/***/scripts/ingestion/data_generator.py", line 6, in <module>
[2026-04-05T06:52:13.410+0000] {subprocess.py:93} INFO -     from cassandra.cluster import Cluster
[2026-04-05T06:52:13.410+0000] {subprocess.py:93} INFO - ModuleNotFoundError: No module named 'cassandra'
[2026-04-05T06:52:13.484+0000] {subprocess.py:97} INFO - Command exited with return code 0
[2026-04-05T06:52:13.508+0000] {taskinstance.py:1398} INFO - Marking task as SUCCESS. dag_id=bear_mode_full_pipeline, task_id=run_data_generator, execution_date=20260404T150000, start_date=20260405T065212, end_date=20260405T065213
[2026-04-05T06:52:13.545+0000] {local_task_job_runner.py:228} INFO - Task exited with return code 0
[2026-04-05T06:52:13.567+0000] {taskinstance.py:2776} INFO - 1 downstream tasks scheduled from follow-on schedule check
