[2026-04-05T10:39:28.238+0000] {local_task_job_runner.py:123} INFO - ::group::Pre task execution logs
[2026-04-05T10:39:28.252+0000] {taskinstance.py:2614} INFO - Dependencies all met for dep_context=non-requeueable deps ti=<TaskInstance: 1_continuous_services_bear_mode.service_data_generator manual__2026-04-05T10:26:11.457574+00:00 [queued]>
[2026-04-05T10:39:28.259+0000] {taskinstance.py:2614} INFO - Dependencies all met for dep_context=requeueable deps ti=<TaskInstance: 1_continuous_services_bear_mode.service_data_generator manual__2026-04-05T10:26:11.457574+00:00 [queued]>
[2026-04-05T10:39:28.259+0000] {taskinstance.py:2867} INFO - Starting attempt 3 of 6
[2026-04-05T10:39:28.271+0000] {taskinstance.py:2890} INFO - Executing <Task(PythonOperator): service_data_generator> on 2026-04-05 10:26:11.457574+00:00
[2026-04-05T10:39:28.279+0000] {standard_task_runner.py:72} INFO - Started process 200 to run task
[2026-04-05T10:39:28.285+0000] {standard_task_runner.py:104} INFO - Running: ['***', 'tasks', 'run', '1_continuous_services_bear_mode', 'service_data_generator', 'manual__2026-04-05T10:26:11.457574+00:00', '--job-id', '49', '--raw', '--subdir', 'DAGS_FOLDER/dag_continuous_services.py', '--cfg-path', '/tmp/tmp3wo2veaa']
[2026-04-05T10:39:28.288+0000] {standard_task_runner.py:105} INFO - Job 49: Subtask service_data_generator
[2026-04-05T10:39:28.338+0000] {task_command.py:467} INFO - Running <TaskInstance: 1_continuous_services_bear_mode.service_data_generator manual__2026-04-05T10:26:11.457574+00:00 [running]> on host c79c22db6b22
[2026-04-05T10:39:28.421+0000] {taskinstance.py:3134} INFO - Exporting env vars: AIRFLOW_CTX_DAG_OWNER='shibe' AIRFLOW_CTX_DAG_ID='1_continuous_services_bear_mode' AIRFLOW_CTX_TASK_ID='service_data_generator' AIRFLOW_CTX_EXECUTION_DATE='2026-04-05T10:26:11.457574+00:00' AIRFLOW_CTX_TRY_NUMBER='3' AIRFLOW_CTX_DAG_RUN_ID='manual__2026-04-05T10:26:11.457574+00:00'
[2026-04-05T10:39:28.422+0000] {taskinstance.py:732} INFO - ::endgroup::
[2026-04-05T10:39:28.437+0000] {logging_mixin.py:190} INFO - 🚀 Khởi tạo kết nối hệ thống...
[2026-04-05T10:39:28.715+0000] {cluster.py:1324} WARNING - Cluster.__init__ called with contact_points specified, but no load_balancing_policy. In the next major version, this will raise an error; please specify a load-balancing policy. (contact_points = ['cassandra'], lbp = None)
[2026-04-05T10:39:28.718+0000] {cluster.py:1701} WARNING - Downgrading core protocol version from 66 to 65 for 172.19.0.5:9042. To avoid this, it is best practice to explicitly set Cluster(protocol_version) to the version supported by your cluster. https://docs.datastax.com/en/developer/python-driver/latest/api/cassandra/cluster.html#cassandra.cluster.Cluster.protocol_version
[2026-04-05T10:39:28.719+0000] {cluster.py:1701} WARNING - Downgrading core protocol version from 65 to 5 for 172.19.0.5:9042. To avoid this, it is best practice to explicitly set Cluster(protocol_version) to the version supported by your cluster. https://docs.datastax.com/en/developer/python-driver/latest/api/cassandra/cluster.html#cassandra.cluster.Cluster.protocol_version
[2026-04-05T10:39:28.721+0000] {connection.py:1290} ERROR - Closing connection <AsyncoreConnection(134293378057936) 172.19.0.5:9042> due to protocol error: Error from server: code=000a [Protocol error] message="Beta version of the protocol used (5/v5-beta), but USE_BETA flag is unset"
[2026-04-05T10:39:28.721+0000] {cluster.py:1701} WARNING - Downgrading core protocol version from 5 to 4 for 172.19.0.5:9042. To avoid this, it is best practice to explicitly set Cluster(protocol_version) to the version supported by your cluster. https://docs.datastax.com/en/developer/python-driver/latest/api/cassandra/cluster.html#cassandra.cluster.Cluster.protocol_version
[2026-04-05T10:39:28.723+0000] {connection.py:1420} WARNING - An authentication challenge was not sent, this is suspicious because the driver expects authentication (configured authenticator = PlainTextAuthenticator)
[2026-04-05T10:39:28.728+0000] {policies.py:289} INFO - Using datacenter 'datacenter1' for DCAwareRoundRobinPolicy (via host '172.19.0.5:9042'); if incorrect, please specify a local_dc to the constructor, or limit contact points to local cluster nodes
[2026-04-05T10:39:28.746+0000] {connection.py:1420} WARNING - An authentication challenge was not sent, this is suspicious because the driver expects authentication (configured authenticator = PlainTextAuthenticator)
[2026-04-05T10:39:28.748+0000] {logging_mixin.py:190} INFO - 🚀 Bắt đầu tạo dữ liệu giả...
[2026-04-05T10:39:28.799+0000] {logging_mixin.py:190} INFO - [+] Inserted: Job 1437 | Track: click | TS: 2026-04-05 10:39:28
[2026-04-05T10:39:28.801+0000] {logging_mixin.py:190} INFO - [+] Inserted: Job 910 | Track: unqualified | TS: 2026-04-05 10:39:28
[2026-04-05T10:39:28.803+0000] {logging_mixin.py:190} INFO - [+] Inserted: Job 730 | Track: click | TS: 2026-04-05 10:39:28
[2026-04-05T10:39:28.804+0000] {logging_mixin.py:190} INFO - [+] Inserted: Job 81 | Track: unqualified | TS: 2026-04-05 10:39:28
[2026-04-05T10:39:28.808+0000] {logging_mixin.py:190} INFO - [+] Inserted: Job 919 | Track: click | TS: 2026-04-05 10:39:28
[2026-04-05T10:39:48.838+0000] {logging_mixin.py:190} INFO - [+] Inserted: Job 86 | Track: click | TS: 2026-04-05 10:39:48
[2026-04-05T10:39:48.839+0000] {logging_mixin.py:190} INFO - [+] Inserted: Job 160 | Track: click | TS: 2026-04-05 10:39:48
[2026-04-05T10:39:48.841+0000] {logging_mixin.py:190} INFO - [+] Inserted: Job 1680 | Track: conversion | TS: 2026-04-05 10:39:48
[2026-04-05T10:39:48.842+0000] {logging_mixin.py:190} INFO - [+] Inserted: Job 875 | Track: click | TS: 2026-04-05 10:39:48
[2026-04-05T10:39:48.844+0000] {logging_mixin.py:190} INFO - [+] Inserted: Job 1079 | Track: click | TS: 2026-04-05 10:39:48
[2026-04-05T10:39:48.846+0000] {logging_mixin.py:190} INFO - [+] Inserted: Job 1453 | Track: click | TS: 2026-04-05 10:39:48
[2026-04-05T10:39:48.847+0000] {logging_mixin.py:190} INFO - [+] Inserted: Job 1271 | Track: click | TS: 2026-04-05 10:39:48
[2026-04-05T10:39:48.849+0000] {logging_mixin.py:190} INFO - [+] Inserted: Job 1450 | Track: click | TS: 2026-04-05 10:39:48
[2026-04-05T10:39:48.851+0000] {logging_mixin.py:190} INFO - [+] Inserted: Job 1644 | Track: click | TS: 2026-04-05 10:39:48
[2026-04-05T10:39:48.852+0000] {logging_mixin.py:190} INFO - [+] Inserted: Job 1427 | Track: conversion | TS: 2026-04-05 10:39:48
[2026-04-05T10:39:48.854+0000] {logging_mixin.py:190} INFO - [+] Inserted: Job 1983 | Track: click | TS: 2026-04-05 10:39:48
[2026-04-05T10:39:48.858+0000] {logging_mixin.py:190} INFO - [+] Inserted: Job 1900 | Track: click | TS: 2026-04-05 10:39:48
[2026-04-05T10:39:48.860+0000] {logging_mixin.py:190} INFO - [+] Inserted: Job 527 | Track: unqualified | TS: 2026-04-05 10:39:48
[2026-04-05T10:39:48.862+0000] {logging_mixin.py:190} INFO - [+] Inserted: Job 1193 | Track: click | TS: 2026-04-05 10:39:48
[2026-04-05T10:39:48.864+0000] {logging_mixin.py:190} INFO - [+] Inserted: Job 1489 | Track: click | TS: 2026-04-05 10:39:48
[2026-04-05T10:39:48.866+0000] {logging_mixin.py:190} INFO - [+] Inserted: Job 612 | Track: conversion | TS: 2026-04-05 10:39:48
[2026-04-05T10:39:48.868+0000] {logging_mixin.py:190} INFO - [+] Inserted: Job 1570 | Track: click | TS: 2026-04-05 10:39:48
[2026-04-05T10:40:11.959+0000] {logging_mixin.py:190} INFO - [+] Inserted: Job 1531 | Track: qualified | TS: 2026-04-05 10:40:11
[2026-04-05T10:40:11.965+0000] {logging_mixin.py:190} INFO - [+] Inserted: Job 1315 | Track: click | TS: 2026-04-05 10:40:11
[2026-04-05T10:40:11.969+0000] {logging_mixin.py:190} INFO - [+] Inserted: Job 1118 | Track: qualified | TS: 2026-04-05 10:40:11
[2026-04-05T10:40:11.973+0000] {logging_mixin.py:190} INFO - [+] Inserted: Job 947 | Track: click | TS: 2026-04-05 10:40:11
[2026-04-05T10:40:11.976+0000] {logging_mixin.py:190} INFO - [+] Inserted: Job 913 | Track: unqualified | TS: 2026-04-05 10:40:11
[2026-04-05T10:40:11.979+0000] {logging_mixin.py:190} INFO - [+] Inserted: Job 1579 | Track: click | TS: 2026-04-05 10:40:11
[2026-04-05T10:40:11.982+0000] {logging_mixin.py:190} INFO - [+] Inserted: Job 1488 | Track: click | TS: 2026-04-05 10:40:11
[2026-04-05T10:40:11.985+0000] {logging_mixin.py:190} INFO - [+] Inserted: Job 1643 | Track: click | TS: 2026-04-05 10:40:11
[2026-04-05T10:40:11.987+0000] {logging_mixin.py:190} INFO - [+] Inserted: Job 440 | Track: unqualified | TS: 2026-04-05 10:40:11
[2026-04-05T10:40:11.989+0000] {logging_mixin.py:190} INFO - [+] Inserted: Job 1121 | Track: click | TS: 2026-04-05 10:40:11
[2026-04-05T10:40:11.992+0000] {logging_mixin.py:190} INFO - [+] Inserted: Job 2027 | Track: click | TS: 2026-04-05 10:40:11
[2026-04-05T10:40:11.994+0000] {logging_mixin.py:190} INFO - [+] Inserted: Job 519 | Track: unqualified | TS: 2026-04-05 10:40:11
[2026-04-05T10:40:12.001+0000] {logging_mixin.py:190} INFO - [+] Inserted: Job 1966 | Track: click | TS: 2026-04-05 10:40:11
[2026-04-05T10:40:12.005+0000] {logging_mixin.py:190} INFO - [+] Inserted: Job 222 | Track: click | TS: 2026-04-05 10:40:12
[2026-04-05T10:40:12.010+0000] {logging_mixin.py:190} INFO - [+] Inserted: Job 1606 | Track: click | TS: 2026-04-05 10:40:12
[2026-04-05T10:40:12.016+0000] {logging_mixin.py:190} INFO - [+] Inserted: Job 947 | Track: click | TS: 2026-04-05 10:40:12
[2026-04-05T10:40:35.261+0000] {logging_mixin.py:190} INFO - [+] Inserted: Job 992 | Track: click | TS: 2026-04-05 10:40:35
[2026-04-05T10:40:35.267+0000] {logging_mixin.py:190} INFO - [+] Inserted: Job 783 | Track: click | TS: 2026-04-05 10:40:35
[2026-04-05T10:40:35.271+0000] {logging_mixin.py:190} INFO - [+] Inserted: Job 1222 | Track: qualified | TS: 2026-04-05 10:40:35
[2026-04-05T10:40:35.274+0000] {logging_mixin.py:190} INFO - [+] Inserted: Job 1690 | Track: unqualified | TS: 2026-04-05 10:40:35
[2026-04-05T10:40:35.278+0000] {logging_mixin.py:190} INFO - [+] Inserted: Job 207 | Track: click | TS: 2026-04-05 10:40:35
[2026-04-05T10:40:35.282+0000] {logging_mixin.py:190} INFO - [+] Inserted: Job 1768 | Track: conversion | TS: 2026-04-05 10:40:35
[2026-04-05T10:40:35.287+0000] {logging_mixin.py:190} INFO - [+] Inserted: Job 1845 | Track: unqualified | TS: 2026-04-05 10:40:35
[2026-04-05T10:40:35.293+0000] {logging_mixin.py:190} INFO - [+] Inserted: Job 720 | Track: click | TS: 2026-04-05 10:40:35
[2026-04-05T10:40:35.304+0000] {logging_mixin.py:190} INFO - [+] Inserted: Job 1197 | Track: click | TS: 2026-04-05 10:40:35
[2026-04-05T10:40:35.308+0000] {logging_mixin.py:190} INFO - [+] Inserted: Job 464 | Track: unqualified | TS: 2026-04-05 10:40:35
[2026-04-05T10:40:35.311+0000] {logging_mixin.py:190} INFO - [+] Inserted: Job 429 | Track: click | TS: 2026-04-05 10:40:35
[2026-04-05T10:40:55.353+0000] {logging_mixin.py:190} INFO - [+] Inserted: Job 55 | Track: click | TS: 2026-04-05 10:40:55
[2026-04-05T10:40:55.355+0000] {logging_mixin.py:190} INFO - [+] Inserted: Job 140 | Track: click | TS: 2026-04-05 10:40:55
[2026-04-05T10:41:18.577+0000] {logging_mixin.py:190} INFO - [+] Inserted: Job 1994 | Track: click | TS: 2026-04-05 10:41:18
[2026-04-05T10:41:18.578+0000] {logging_mixin.py:190} INFO - [+] Inserted: Job 1793 | Track: click | TS: 2026-04-05 10:41:18
[2026-04-05T10:41:18.579+0000] {logging_mixin.py:190} INFO - [+] Inserted: Job 218 | Track: click | TS: 2026-04-05 10:41:18
[2026-04-05T10:41:18.580+0000] {logging_mixin.py:190} INFO - [+] Inserted: Job 1110 | Track: conversion | TS: 2026-04-05 10:41:18
[2026-04-05T10:41:18.582+0000] {logging_mixin.py:190} INFO - [+] Inserted: Job 2012 | Track: click | TS: 2026-04-05 10:41:18
[2026-04-05T10:41:18.583+0000] {logging_mixin.py:190} INFO - [+] Inserted: Job 1801 | Track: click | TS: 2026-04-05 10:41:18
[2026-04-05T10:41:18.584+0000] {logging_mixin.py:190} INFO - [+] Inserted: Job 1342 | Track: click | TS: 2026-04-05 10:41:18
[2026-04-05T10:41:18.586+0000] {logging_mixin.py:190} INFO - [+] Inserted: Job 281 | Track: conversion | TS: 2026-04-05 10:41:18
[2026-04-05T10:41:18.588+0000] {logging_mixin.py:190} INFO - [+] Inserted: Job 1108 | Track: click | TS: 2026-04-05 10:41:18
[2026-04-05T10:41:18.591+0000] {logging_mixin.py:190} INFO - [+] Inserted: Job 1577 | Track: click | TS: 2026-04-05 10:41:18
[2026-04-05T10:41:18.593+0000] {logging_mixin.py:190} INFO - [+] Inserted: Job 721 | Track: click | TS: 2026-04-05 10:41:18
[2026-04-05T10:41:18.594+0000] {logging_mixin.py:190} INFO - [+] Inserted: Job 412 | Track: click | TS: 2026-04-05 10:41:18
[2026-04-05T10:41:18.596+0000] {logging_mixin.py:190} INFO - [+] Inserted: Job 1631 | Track: conversion | TS: 2026-04-05 10:41:18
[2026-04-05T10:41:18.597+0000] {logging_mixin.py:190} INFO - [+] Inserted: Job 1301 | Track: conversion | TS: 2026-04-05 10:41:18
[2026-04-05T10:41:18.599+0000] {logging_mixin.py:190} INFO - [+] Inserted: Job 107 | Track: qualified | TS: 2026-04-05 10:41:18
[2026-04-05T10:41:18.600+0000] {logging_mixin.py:190} INFO - [+] Inserted: Job 540 | Track: click | TS: 2026-04-05 10:41:18
[2026-04-05T10:41:18.602+0000] {logging_mixin.py:190} INFO - [+] Inserted: Job 649 | Track: conversion | TS: 2026-04-05 10:41:18
[2026-04-05T10:41:18.603+0000] {logging_mixin.py:190} INFO - [+] Inserted: Job 1763 | Track: conversion | TS: 2026-04-05 10:41:18
[2026-04-05T10:41:18.604+0000] {logging_mixin.py:190} INFO - [+] Inserted: Job 2007 | Track: click | TS: 2026-04-05 10:41:18
[2026-04-05T10:41:41.776+0000] {logging_mixin.py:190} INFO - [+] Inserted: Job 719 | Track: click | TS: 2026-04-05 10:41:41
[2026-04-05T10:41:41.777+0000] {logging_mixin.py:190} INFO - [+] Inserted: Job 323 | Track: unqualified | TS: 2026-04-05 10:41:41
[2026-04-05T10:41:41.777+0000] {logging_mixin.py:190} INFO - [+] Inserted: Job 253 | Track: conversion | TS: 2026-04-05 10:41:41
[2026-04-05T10:41:41.778+0000] {logging_mixin.py:190} INFO - [+] Inserted: Job 1372 | Track: qualified | TS: 2026-04-05 10:41:41
[2026-04-05T10:41:41.779+0000] {logging_mixin.py:190} INFO - [+] Inserted: Job 1400 | Track: click | TS: 2026-04-05 10:41:41
[2026-04-05T10:41:41.780+0000] {logging_mixin.py:190} INFO - [+] Inserted: Job 587 | Track: click | TS: 2026-04-05 10:41:41
[2026-04-05T10:41:41.780+0000] {logging_mixin.py:190} INFO - [+] Inserted: Job 990 | Track: click | TS: 2026-04-05 10:41:41
[2026-04-05T10:41:41.781+0000] {logging_mixin.py:190} INFO - [+] Inserted: Job 763 | Track: qualified | TS: 2026-04-05 10:41:41
[2026-04-05T10:41:41.782+0000] {logging_mixin.py:190} INFO - [+] Inserted: Job 1882 | Track: conversion | TS: 2026-04-05 10:41:41
[2026-04-05T10:42:01.856+0000] {logging_mixin.py:190} INFO - [+] Inserted: Job 397 | Track: click | TS: 2026-04-05 10:42:01
[2026-04-05T10:42:01.864+0000] {logging_mixin.py:190} INFO - [+] Inserted: Job 1302 | Track: click | TS: 2026-04-05 10:42:01
[2026-04-05T10:42:01.873+0000] {logging_mixin.py:190} INFO - [+] Inserted: Job 1338 | Track: conversion | TS: 2026-04-05 10:42:01
[2026-04-05T10:42:01.881+0000] {logging_mixin.py:190} INFO - [+] Inserted: Job 1312 | Track: click | TS: 2026-04-05 10:42:01
[2026-04-05T10:42:25.109+0000] {logging_mixin.py:190} INFO - [+] Inserted: Job 1828 | Track: conversion | TS: 2026-04-05 10:42:25
[2026-04-05T10:42:25.111+0000] {logging_mixin.py:190} INFO - [+] Inserted: Job 1502 | Track: qualified | TS: 2026-04-05 10:42:25
[2026-04-05T10:42:48.345+0000] {logging_mixin.py:190} INFO - [+] Inserted: Job 1671 | Track: click | TS: 2026-04-05 10:42:48
[2026-04-05T10:42:48.346+0000] {logging_mixin.py:190} INFO - [+] Inserted: Job 1437 | Track: qualified | TS: 2026-04-05 10:42:48
[2026-04-05T10:42:48.347+0000] {logging_mixin.py:190} INFO - [+] Inserted: Job 1257 | Track: click | TS: 2026-04-05 10:42:48
[2026-04-05T10:42:48.348+0000] {logging_mixin.py:190} INFO - [+] Inserted: Job 62 | Track: conversion | TS: 2026-04-05 10:42:48
[2026-04-05T10:42:48.349+0000] {logging_mixin.py:190} INFO - [+] Inserted: Job 1945 | Track: conversion | TS: 2026-04-05 10:42:48
[2026-04-05T10:42:48.350+0000] {logging_mixin.py:190} INFO - [+] Inserted: Job 2056 | Track: click | TS: 2026-04-05 10:42:48
[2026-04-05T10:42:48.351+0000] {logging_mixin.py:190} INFO - [+] Inserted: Job 1915 | Track: click | TS: 2026-04-05 10:42:48
[2026-04-05T10:42:48.352+0000] {logging_mixin.py:190} INFO - [+] Inserted: Job 449 | Track: click | TS: 2026-04-05 10:42:48
[2026-04-05T10:42:48.353+0000] {logging_mixin.py:190} INFO - [+] Inserted: Job 1709 | Track: click | TS: 2026-04-05 10:42:48
[2026-04-05T10:42:48.354+0000] {logging_mixin.py:190} INFO - [+] Inserted: Job 1446 | Track: click | TS: 2026-04-05 10:42:48
[2026-04-05T10:42:48.355+0000] {logging_mixin.py:190} INFO - [+] Inserted: Job 1113 | Track: click | TS: 2026-04-05 10:42:48
[2026-04-05T10:42:48.356+0000] {logging_mixin.py:190} INFO - [+] Inserted: Job 697 | Track: qualified | TS: 2026-04-05 10:42:48
[2026-04-05T10:42:48.357+0000] {logging_mixin.py:190} INFO - [+] Inserted: Job 481 | Track: click | TS: 2026-04-05 10:42:48
[2026-04-05T10:42:48.358+0000] {logging_mixin.py:190} INFO - [+] Inserted: Job 877 | Track: click | TS: 2026-04-05 10:42:48
[2026-04-05T10:42:48.360+0000] {logging_mixin.py:190} INFO - [+] Inserted: Job 1313 | Track: click | TS: 2026-04-05 10:42:48
[2026-04-05T10:42:48.363+0000] {logging_mixin.py:190} INFO - [+] Inserted: Job 1902 | Track: conversion | TS: 2026-04-05 10:42:48
[2026-04-05T10:43:08.390+0000] {logging_mixin.py:190} INFO - [+] Inserted: Job 870 | Track: click | TS: 2026-04-05 10:43:08
[2026-04-05T10:43:08.391+0000] {logging_mixin.py:190} INFO - [+] Inserted: Job 256 | Track: qualified | TS: 2026-04-05 10:43:08
[2026-04-05T10:43:08.392+0000] {logging_mixin.py:190} INFO - [+] Inserted: Job 1306 | Track: click | TS: 2026-04-05 10:43:08
[2026-04-05T10:43:08.394+0000] {logging_mixin.py:190} INFO - [+] Inserted: Job 685 | Track: click | TS: 2026-04-05 10:43:08
[2026-04-05T10:43:08.395+0000] {logging_mixin.py:190} INFO - [+] Inserted: Job 778 | Track: click | TS: 2026-04-05 10:43:08
[2026-04-05T10:43:08.396+0000] {logging_mixin.py:190} INFO - [+] Inserted: Job 1733 | Track: click | TS: 2026-04-05 10:43:08
[2026-04-05T10:43:08.396+0000] {logging_mixin.py:190} INFO - [+] Inserted: Job 315 | Track: qualified | TS: 2026-04-05 10:43:08
[2026-04-05T10:43:08.397+0000] {logging_mixin.py:190} INFO - [+] Inserted: Job 1546 | Track: click | TS: 2026-04-05 10:43:08
[2026-04-05T10:43:08.398+0000] {logging_mixin.py:190} INFO - [+] Inserted: Job 188 | Track: click | TS: 2026-04-05 10:43:08
[2026-04-05T10:43:08.400+0000] {logging_mixin.py:190} INFO - [+] Inserted: Job 1609 | Track: click | TS: 2026-04-05 10:43:08
[2026-04-05T10:43:08.401+0000] {logging_mixin.py:190} INFO - [+] Inserted: Job 220 | Track: click | TS: 2026-04-05 10:43:08
[2026-04-05T10:43:08.401+0000] {logging_mixin.py:190} INFO - [+] Inserted: Job 701 | Track: qualified | TS: 2026-04-05 10:43:08
[2026-04-05T10:43:08.402+0000] {logging_mixin.py:190} INFO - [+] Inserted: Job 1676 | Track: unqualified | TS: 2026-04-05 10:43:08
[2026-04-05T10:43:08.403+0000] {logging_mixin.py:190} INFO - [+] Inserted: Job 263 | Track: click | TS: 2026-04-05 10:43:08
[2026-04-05T10:43:08.404+0000] {logging_mixin.py:190} INFO - [+] Inserted: Job 1498 | Track: click | TS: 2026-04-05 10:43:08
[2026-04-05T10:43:08.405+0000] {logging_mixin.py:190} INFO - [+] Inserted: Job 779 | Track: click | TS: 2026-04-05 10:43:08
[2026-04-05T10:43:08.406+0000] {logging_mixin.py:190} INFO - [+] Inserted: Job 1697 | Track: click | TS: 2026-04-05 10:43:08
[2026-04-05T10:43:31.716+0000] {logging_mixin.py:190} INFO - [+] Inserted: Job 219 | Track: click | TS: 2026-04-05 10:43:31
[2026-04-05T10:43:31.719+0000] {logging_mixin.py:190} INFO - [+] Inserted: Job 1010 | Track: click | TS: 2026-04-05 10:43:31
[2026-04-05T10:43:31.724+0000] {logging_mixin.py:190} INFO - [+] Inserted: Job 418 | Track: conversion | TS: 2026-04-05 10:43:31
[2026-04-05T10:43:31.731+0000] {logging_mixin.py:190} INFO - [+] Inserted: Job 444 | Track: click | TS: 2026-04-05 10:43:31
[2026-04-05T10:43:31.737+0000] {logging_mixin.py:190} INFO - [+] Inserted: Job 986 | Track: click | TS: 2026-04-05 10:43:31
[2026-04-05T10:43:31.741+0000] {logging_mixin.py:190} INFO - [+] Inserted: Job 263 | Track: click | TS: 2026-04-05 10:43:31
[2026-04-05T10:43:31.747+0000] {logging_mixin.py:190} INFO - [+] Inserted: Job 965 | Track: click | TS: 2026-04-05 10:43:31
[2026-04-05T10:43:31.752+0000] {logging_mixin.py:190} INFO - [+] Inserted: Job 138 | Track: unqualified | TS: 2026-04-05 10:43:31
[2026-04-05T10:43:31.760+0000] {logging_mixin.py:190} INFO - [+] Inserted: Job 514 | Track: click | TS: 2026-04-05 10:43:31
[2026-04-05T10:43:31.766+0000] {logging_mixin.py:190} INFO - [+] Inserted: Job 1828 | Track: qualified | TS: 2026-04-05 10:43:31
[2026-04-05T10:43:31.770+0000] {logging_mixin.py:190} INFO - [+] Inserted: Job 1125 | Track: click | TS: 2026-04-05 10:43:31
[2026-04-05T10:43:31.782+0000] {logging_mixin.py:190} INFO - [+] Inserted: Job 419 | Track: unqualified | TS: 2026-04-05 10:43:31
[2026-04-05T10:43:31.788+0000] {logging_mixin.py:190} INFO - [+] Inserted: Job 1887 | Track: conversion | TS: 2026-04-05 10:43:31
[2026-04-05T10:43:31.793+0000] {logging_mixin.py:190} INFO - [+] Inserted: Job 1175 | Track: click | TS: 2026-04-05 10:43:31
[2026-04-05T10:43:31.796+0000] {logging_mixin.py:190} INFO - [+] Inserted: Job 179 | Track: click | TS: 2026-04-05 10:43:31
[2026-04-05T10:43:31.799+0000] {logging_mixin.py:190} INFO - [+] Inserted: Job 1114 | Track: click | TS: 2026-04-05 10:43:31
[2026-04-05T10:43:32.283+0000] {local_task_job_runner.py:127} ERROR - Received SIGTERM. Terminating subprocesses
[2026-04-05T10:43:32.286+0000] {process_utils.py:132} INFO - Sending 15 to group 200. PIDs of all processes in the group: [200]
[2026-04-05T10:43:32.287+0000] {process_utils.py:87} INFO - Sending the signal 15 to group 200
[2026-04-05T10:43:32.288+0000] {taskinstance.py:3094} ERROR - Received SIGTERM. Terminating subprocesses.
[2026-04-05T10:43:32.347+0000] {taskinstance.py:3095} ERROR - Stacktrace: 
  File "/home/***/.local/bin/***", line 8, in <module>
    sys.exit(main())
  File "/home/***/.local/lib/python3.8/site-packages/***/__main__.py", line 62, in main
    args.func(args)
  File "/home/***/.local/lib/python3.8/site-packages/***/cli/cli_config.py", line 49, in command
    return func(*args, **kwargs)
  File "/home/***/.local/lib/python3.8/site-packages/***/utils/cli.py", line 116, in wrapper
    return f(*args, **kwargs)
  File "/home/***/.local/lib/python3.8/site-packages/***/utils/providers_configuration_loader.py", line 55, in wrapped_function
    return func(*args, **kwargs)
  File "/home/***/.local/lib/python3.8/site-packages/***/cli/commands/scheduler_command.py", line 56, in scheduler
    run_command_with_daemon_option(
  File "/home/***/.local/lib/python3.8/site-packages/***/cli/commands/daemon_utils.py", line 86, in run_command_with_daemon_option
    callback()
  File "/home/***/.local/lib/python3.8/site-packages/***/cli/commands/scheduler_command.py", line 59, in <lambda>
    callback=lambda: _run_scheduler_job(args),
  File "/home/***/.local/lib/python3.8/site-packages/***/cli/commands/scheduler_command.py", line 47, in _run_scheduler_job
    run_job(job=job_runner.job, execute_callable=job_runner._execute)
  File "/home/***/.local/lib/python3.8/site-packages/***/utils/session.py", line 97, in wrapper
    return func(*args, session=session, **kwargs)
  File "/home/***/.local/lib/python3.8/site-packages/***/jobs/job.py", line 421, in run_job
    return execute_job(job, execute_callable=execute_callable)
  File "/home/***/.local/lib/python3.8/site-packages/***/jobs/job.py", line 450, in execute_job
    ret = execute_callable()
  File "/home/***/.local/lib/python3.8/site-packages/***/jobs/scheduler_job_runner.py", line 990, in _execute
    executor.start()
  File "/home/***/.local/lib/python3.8/site-packages/***/executors/local_executor.py", line 392, in start
    self.impl.start()
  File "/home/***/.local/lib/python3.8/site-packages/***/executors/local_executor.py", line 330, in start
    worker.start()
  File "/usr/local/lib/python3.8/multiprocessing/process.py", line 121, in start
    self._popen = self._Popen(self)
  File "/usr/local/lib/python3.8/multiprocessing/context.py", line 224, in _Popen
    return _default_context.get_context().Process._Popen(process_obj)
  File "/usr/local/lib/python3.8/multiprocessing/context.py", line 277, in _Popen
    return Popen(process_obj)
  File "/usr/local/lib/python3.8/multiprocessing/popen_fork.py", line 19, in __init__
    self._launch(process_obj)
  File "/usr/local/lib/python3.8/multiprocessing/popen_fork.py", line 75, in _launch
    code = process_obj._bootstrap(parent_sentinel=child_r)
  File "/usr/local/lib/python3.8/multiprocessing/process.py", line 315, in _bootstrap
    self.run()
  File "/home/***/.local/lib/python3.8/site-packages/***/executors/local_executor.py", line 80, in run
    return super().run()
  File "/usr/local/lib/python3.8/multiprocessing/process.py", line 108, in run
    self._target(*self._args, **self._kwargs)
  File "/home/***/.local/lib/python3.8/site-packages/***/traces/tracer.py", line 58, in wrapper
    return func(*args, **kwargs)
  File "/home/***/.local/lib/python3.8/site-packages/***/executors/local_executor.py", line 211, in do_work
    self.execute_work(key=key, command=command)
  File "/home/***/.local/lib/python3.8/site-packages/***/traces/tracer.py", line 58, in wrapper
    return func(*args, **kwargs)
  File "/home/***/.local/lib/python3.8/site-packages/***/executors/local_executor.py", line 100, in execute_work
    state = self._execute_work_in_fork(command)
  File "/home/***/.local/lib/python3.8/site-packages/***/traces/tracer.py", line 58, in wrapper
    return func(*args, **kwargs)
  File "/home/***/.local/lib/python3.8/site-packages/***/executors/local_executor.py", line 142, in _execute_work_in_fork
    args.func(args)
  File "/home/***/.local/lib/python3.8/site-packages/***/cli/cli_config.py", line 49, in command
    return func(*args, **kwargs)
  File "/home/***/.local/lib/python3.8/site-packages/***/utils/cli.py", line 116, in wrapper
    return f(*args, **kwargs)
  File "/home/***/.local/lib/python3.8/site-packages/***/cli/commands/task_command.py", line 483, in task_run
    task_return_code = _run_task_by_selected_method(args, _dag, ti)
  File "/home/***/.local/lib/python3.8/site-packages/***/cli/commands/task_command.py", line 254, in _run_task_by_selected_method
    return _run_task_by_local_task_job(args, ti)
  File "/home/***/.local/lib/python3.8/site-packages/***/cli/commands/task_command.py", line 322, in _run_task_by_local_task_job
    ret = run_job(job=job_runner.job, execute_callable=job_runner._execute)
  File "/home/***/.local/lib/python3.8/site-packages/***/utils/session.py", line 97, in wrapper
    return func(*args, session=session, **kwargs)
  File "/home/***/.local/lib/python3.8/site-packages/***/jobs/job.py", line 421, in run_job
    return execute_job(job, execute_callable=execute_callable)
  File "/home/***/.local/lib/python3.8/site-packages/***/jobs/job.py", line 450, in execute_job
    ret = execute_callable()
  File "/home/***/.local/lib/python3.8/site-packages/***/jobs/local_task_job_runner.py", line 171, in _execute
    self.task_runner.start()
  File "/home/***/.local/lib/python3.8/site-packages/***/task/task_runner/standard_task_runner.py", line 55, in start
    self.process = self._start_by_fork()
  File "/home/***/.local/lib/python3.8/site-packages/***/task/task_runner/standard_task_runner.py", line 117, in _start_by_fork
    ret = args.func(args, dag=self.dag)
  File "/home/***/.local/lib/python3.8/site-packages/***/cli/cli_config.py", line 49, in command
    return func(*args, **kwargs)
  File "/home/***/.local/lib/python3.8/site-packages/***/utils/cli.py", line 116, in wrapper
    return f(*args, **kwargs)
  File "/home/***/.local/lib/python3.8/site-packages/***/cli/commands/task_command.py", line 483, in task_run
    task_return_code = _run_task_by_selected_method(args, _dag, ti)
  File "/home/***/.local/lib/python3.8/site-packages/***/cli/commands/task_command.py", line 256, in _run_task_by_selected_method
    return _run_raw_task(args, ti)
  File "/home/***/.local/lib/python3.8/site-packages/***/cli/commands/task_command.py", line 341, in _run_raw_task
    return ti._run_raw_task(
  File "/home/***/.local/lib/python3.8/site-packages/***/utils/session.py", line 97, in wrapper
    return func(*args, session=session, **kwargs)
  File "/home/***/.local/lib/python3.8/site-packages/***/models/taskinstance.py", line 3006, in _run_raw_task
    return _run_raw_task(
  File "/home/***/.local/lib/python3.8/site-packages/***/models/taskinstance.py", line 274, in _run_raw_task
    TaskInstance._execute_task_with_callbacks(
  File "/home/***/.local/lib/python3.8/site-packages/***/models/taskinstance.py", line 3161, in _execute_task_with_callbacks
    result = self._execute_task(context, task_orig)
  File "/home/***/.local/lib/python3.8/site-packages/***/models/taskinstance.py", line 3185, in _execute_task
    return _execute_task(self, context, task_orig)
  File "/home/***/.local/lib/python3.8/site-packages/***/models/taskinstance.py", line 768, in _execute_task
    result = _execute_callable(context=context, **execute_callable_kwargs)
  File "/home/***/.local/lib/python3.8/site-packages/***/models/taskinstance.py", line 734, in _execute_callable
    return ExecutionCallableRunner(
  File "/home/***/.local/lib/python3.8/site-packages/***/utils/operator_helpers.py", line 252, in run
    return self.func(*args, **kwargs)
  File "/home/***/.local/lib/python3.8/site-packages/***/models/baseoperator.py", line 424, in wrapper
    return func(self, *args, **kwargs)
  File "/home/***/.local/lib/python3.8/site-packages/***/operators/python.py", line 238, in execute
    return_value = self.execute_callable()
  File "/home/***/.local/lib/python3.8/site-packages/***/operators/python.py", line 256, in execute_callable
    return runner.run(*self.op_args, **self.op_kwargs)
  File "/home/***/.local/lib/python3.8/site-packages/***/utils/operator_helpers.py", line 252, in run
    return self.func(*args, **kwargs)
  File "/opt/***/scripts/ingestion/data_generator.py", line 92, in main
    time.sleep(20)
  File "/home/***/.local/lib/python3.8/site-packages/***/models/taskinstance.py", line 3095, in signal_handler
    self.log.error("Stacktrace: \n%s", "".join(traceback.format_stack()))

[2026-04-05T10:43:32.426+0000] {taskinstance.py:3313} ERROR - Task failed with exception
Traceback (most recent call last):
  File "/home/airflow/.local/lib/python3.8/site-packages/airflow/models/taskinstance.py", line 768, in _execute_task
    result = _execute_callable(context=context, **execute_callable_kwargs)
  File "/home/airflow/.local/lib/python3.8/site-packages/airflow/models/taskinstance.py", line 734, in _execute_callable
    return ExecutionCallableRunner(
  File "/home/airflow/.local/lib/python3.8/site-packages/airflow/utils/operator_helpers.py", line 252, in run
    return self.func(*args, **kwargs)
  File "/home/airflow/.local/lib/python3.8/site-packages/airflow/models/baseoperator.py", line 424, in wrapper
    return func(self, *args, **kwargs)
  File "/home/airflow/.local/lib/python3.8/site-packages/airflow/operators/python.py", line 238, in execute
    return_value = self.execute_callable()
  File "/home/airflow/.local/lib/python3.8/site-packages/airflow/operators/python.py", line 256, in execute_callable
    return runner.run(*self.op_args, **self.op_kwargs)
  File "/home/airflow/.local/lib/python3.8/site-packages/airflow/utils/operator_helpers.py", line 252, in run
    return self.func(*args, **kwargs)
  File "/opt/airflow/scripts/ingestion/data_generator.py", line 92, in main
    time.sleep(20)
  File "/home/airflow/.local/lib/python3.8/site-packages/airflow/models/taskinstance.py", line 3097, in signal_handler
    raise AirflowTaskTerminated("Task received SIGTERM signal")
airflow.exceptions.AirflowTaskTerminated: Task received SIGTERM signal
[2026-04-05T10:43:32.440+0000] {taskinstance.py:1226} INFO - Marking task as UP_FOR_RETRY. dag_id=1_continuous_services_bear_mode, task_id=service_data_generator, run_id=manual__2026-04-05T10:26:11.457574+00:00, execution_date=20260405T102611, start_date=20260405T103928, end_date=20260405T104332
[2026-04-05T10:43:32.542+0000] {taskinstance.py:341} INFO - ::group::Post task execution logs
[2026-04-05T10:43:32.603+0000] {process_utils.py:80} INFO - Process psutil.Process(pid=200, status='terminated', exitcode=2, started='10:39:27') (200) terminated with exit code 2
[2026-04-05T10:43:32.604+0000] {local_task_job_runner.py:266} INFO - Task exited with return code 143
[2026-04-05T10:43:32.644+0000] {taskinstance.py:3901} INFO - 0 downstream tasks scheduled from follow-on schedule check
[2026-04-05T10:43:32.663+0000] {local_task_job_runner.py:245} INFO - ::endgroup::
