[2026-04-05T10:25:36.278+0000] {processor.py:186} INFO - Started process (PID=177) to work on /opt/airflow/dags/dag_continuous_services.py
[2026-04-05T10:25:36.278+0000] {processor.py:914} INFO - Processing file /opt/airflow/dags/dag_continuous_services.py for tasks to queue
[2026-04-05T10:25:36.284+0000] {logging_mixin.py:190} INFO - [2026-04-05T10:25:36.283+0000] {dagbag.py:588} INFO - Filling up the DagBag from /opt/airflow/dags/dag_continuous_services.py
[2026-04-05T10:25:37.285+0000] {processor.py:925} INFO - DAG(s) '1_continuous_services_bear_mode' retrieved from /opt/airflow/dags/dag_continuous_services.py
[2026-04-05T10:25:37.382+0000] {logging_mixin.py:190} INFO - [2026-04-05T10:25:37.381+0000] {override.py:1901} INFO - Created Permission View: can delete on DAG:1_continuous_services_bear_mode
[2026-04-05T10:25:37.392+0000] {logging_mixin.py:190} INFO - [2026-04-05T10:25:37.391+0000] {override.py:1901} INFO - Created Permission View: can edit on DAG:1_continuous_services_bear_mode
[2026-04-05T10:25:37.402+0000] {logging_mixin.py:190} INFO - [2026-04-05T10:25:37.402+0000] {override.py:1901} INFO - Created Permission View: can read on DAG:1_continuous_services_bear_mode
[2026-04-05T10:25:37.411+0000] {logging_mixin.py:190} INFO - [2026-04-05T10:25:37.411+0000] {override.py:1901} INFO - Created Permission View: can delete on DAG Run:1_continuous_services_bear_mode
[2026-04-05T10:25:37.420+0000] {logging_mixin.py:190} INFO - [2026-04-05T10:25:37.419+0000] {override.py:1901} INFO - Created Permission View: can read on DAG Run:1_continuous_services_bear_mode
[2026-04-05T10:25:37.427+0000] {logging_mixin.py:190} INFO - [2026-04-05T10:25:37.426+0000] {override.py:1901} INFO - Created Permission View: menu access on DAG Run:1_continuous_services_bear_mode
[2026-04-05T10:25:37.438+0000] {logging_mixin.py:190} INFO - [2026-04-05T10:25:37.438+0000] {override.py:1901} INFO - Created Permission View: can create on DAG Run:1_continuous_services_bear_mode
[2026-04-05T10:25:37.439+0000] {logging_mixin.py:190} INFO - [2026-04-05T10:25:37.439+0000] {dag.py:3239} INFO - Sync 1 DAGs
[2026-04-05T10:25:37.454+0000] {logging_mixin.py:190} INFO - [2026-04-05T10:25:37.453+0000] {dag.py:3262} INFO - Creating ORM DAG for 1_continuous_services_bear_mode
[2026-04-05T10:25:37.454+0000] {logging_mixin.py:190} INFO - [2026-04-05T10:25:37.454+0000] {dag.py:4180} INFO - Setting next_dagrun for 1_continuous_services_bear_mode to None, run_after=None
[2026-04-05T10:25:37.471+0000] {processor.py:208} INFO - Processing /opt/airflow/dags/dag_continuous_services.py took 1.204 seconds
[2026-04-05T10:26:09.655+0000] {processor.py:186} INFO - Started process (PID=188) to work on /opt/airflow/dags/dag_continuous_services.py
[2026-04-05T10:26:09.656+0000] {processor.py:914} INFO - Processing file /opt/airflow/dags/dag_continuous_services.py for tasks to queue
[2026-04-05T10:26:09.662+0000] {logging_mixin.py:190} INFO - [2026-04-05T10:26:09.661+0000] {dagbag.py:588} INFO - Filling up the DagBag from /opt/airflow/dags/dag_continuous_services.py
[2026-04-05T10:26:10.417+0000] {processor.py:925} INFO - DAG(s) '1_continuous_services_bear_mode' retrieved from /opt/airflow/dags/dag_continuous_services.py
[2026-04-05T10:26:10.438+0000] {logging_mixin.py:190} INFO - [2026-04-05T10:26:10.438+0000] {dag.py:3239} INFO - Sync 1 DAGs
[2026-04-05T10:26:10.447+0000] {logging_mixin.py:190} INFO - [2026-04-05T10:26:10.447+0000] {dag.py:4180} INFO - Setting next_dagrun for 1_continuous_services_bear_mode to None, run_after=None
[2026-04-05T10:26:10.464+0000] {processor.py:208} INFO - Processing /opt/airflow/dags/dag_continuous_services.py took 0.823 seconds
[2026-04-05T10:26:42.858+0000] {processor.py:186} INFO - Started process (PID=619) to work on /opt/airflow/dags/dag_continuous_services.py
[2026-04-05T10:26:42.859+0000] {processor.py:914} INFO - Processing file /opt/airflow/dags/dag_continuous_services.py for tasks to queue
[2026-04-05T10:26:42.863+0000] {logging_mixin.py:190} INFO - [2026-04-05T10:26:42.862+0000] {dagbag.py:588} INFO - Filling up the DagBag from /opt/airflow/dags/dag_continuous_services.py
[2026-04-05T10:26:43.502+0000] {processor.py:925} INFO - DAG(s) '1_continuous_services_bear_mode' retrieved from /opt/airflow/dags/dag_continuous_services.py
[2026-04-05T10:26:43.533+0000] {logging_mixin.py:190} INFO - [2026-04-05T10:26:43.532+0000] {dag.py:3239} INFO - Sync 1 DAGs
[2026-04-05T10:26:43.549+0000] {logging_mixin.py:190} INFO - [2026-04-05T10:26:43.548+0000] {dag.py:4180} INFO - Setting next_dagrun for 1_continuous_services_bear_mode to None, run_after=None
[2026-04-05T10:26:43.576+0000] {processor.py:208} INFO - Processing /opt/airflow/dags/dag_continuous_services.py took 0.728 seconds
[2026-04-05T10:27:15.995+0000] {processor.py:186} INFO - Started process (PID=635) to work on /opt/airflow/dags/dag_continuous_services.py
[2026-04-05T10:27:15.997+0000] {processor.py:914} INFO - Processing file /opt/airflow/dags/dag_continuous_services.py for tasks to queue
[2026-04-05T10:27:16.001+0000] {logging_mixin.py:190} INFO - [2026-04-05T10:27:16.001+0000] {dagbag.py:588} INFO - Filling up the DagBag from /opt/airflow/dags/dag_continuous_services.py
[2026-04-05T10:27:16.642+0000] {processor.py:925} INFO - DAG(s) '1_continuous_services_bear_mode' retrieved from /opt/airflow/dags/dag_continuous_services.py
[2026-04-05T10:27:16.662+0000] {logging_mixin.py:190} INFO - [2026-04-05T10:27:16.661+0000] {dag.py:3239} INFO - Sync 1 DAGs
[2026-04-05T10:27:16.677+0000] {logging_mixin.py:190} INFO - [2026-04-05T10:27:16.677+0000] {dag.py:4180} INFO - Setting next_dagrun for 1_continuous_services_bear_mode to None, run_after=None
[2026-04-05T10:27:16.695+0000] {processor.py:208} INFO - Processing /opt/airflow/dags/dag_continuous_services.py took 0.707 seconds
[2026-04-05T10:27:49.063+0000] {processor.py:186} INFO - Started process (PID=972) to work on /opt/airflow/dags/dag_continuous_services.py
[2026-04-05T10:27:49.064+0000] {processor.py:914} INFO - Processing file /opt/airflow/dags/dag_continuous_services.py for tasks to queue
[2026-04-05T10:27:49.069+0000] {logging_mixin.py:190} INFO - [2026-04-05T10:27:49.068+0000] {dagbag.py:588} INFO - Filling up the DagBag from /opt/airflow/dags/dag_continuous_services.py
[2026-04-05T10:27:50.191+0000] {processor.py:925} INFO - DAG(s) '1_continuous_services_bear_mode' retrieved from /opt/airflow/dags/dag_continuous_services.py
[2026-04-05T10:27:50.208+0000] {logging_mixin.py:190} INFO - [2026-04-05T10:27:50.208+0000] {dag.py:3239} INFO - Sync 1 DAGs
[2026-04-05T10:27:50.222+0000] {logging_mixin.py:190} INFO - [2026-04-05T10:27:50.222+0000] {dag.py:4180} INFO - Setting next_dagrun for 1_continuous_services_bear_mode to None, run_after=None
[2026-04-05T10:27:50.236+0000] {processor.py:208} INFO - Processing /opt/airflow/dags/dag_continuous_services.py took 1.182 seconds
[2026-04-05T10:28:22.209+0000] {processor.py:186} INFO - Started process (PID=983) to work on /opt/airflow/dags/dag_continuous_services.py
[2026-04-05T10:28:22.212+0000] {processor.py:914} INFO - Processing file /opt/airflow/dags/dag_continuous_services.py for tasks to queue
[2026-04-05T10:28:22.216+0000] {logging_mixin.py:190} INFO - [2026-04-05T10:28:22.216+0000] {dagbag.py:588} INFO - Filling up the DagBag from /opt/airflow/dags/dag_continuous_services.py
[2026-04-05T10:28:22.959+0000] {processor.py:925} INFO - DAG(s) '1_continuous_services_bear_mode' retrieved from /opt/airflow/dags/dag_continuous_services.py
[2026-04-05T10:28:22.979+0000] {logging_mixin.py:190} INFO - [2026-04-05T10:28:22.978+0000] {dag.py:3239} INFO - Sync 1 DAGs
[2026-04-05T10:28:22.993+0000] {logging_mixin.py:190} INFO - [2026-04-05T10:28:22.993+0000] {dag.py:4180} INFO - Setting next_dagrun for 1_continuous_services_bear_mode to None, run_after=None
[2026-04-05T10:28:23.013+0000] {processor.py:208} INFO - Processing /opt/airflow/dags/dag_continuous_services.py took 0.818 seconds
[2026-04-05T10:28:55.414+0000] {processor.py:186} INFO - Started process (PID=1238) to work on /opt/airflow/dags/dag_continuous_services.py
[2026-04-05T10:28:55.416+0000] {processor.py:914} INFO - Processing file /opt/airflow/dags/dag_continuous_services.py for tasks to queue
[2026-04-05T10:28:55.419+0000] {logging_mixin.py:190} INFO - [2026-04-05T10:28:55.419+0000] {dagbag.py:588} INFO - Filling up the DagBag from /opt/airflow/dags/dag_continuous_services.py
[2026-04-05T10:28:55.914+0000] {processor.py:925} INFO - DAG(s) '1_continuous_services_bear_mode' retrieved from /opt/airflow/dags/dag_continuous_services.py
[2026-04-05T10:28:55.944+0000] {logging_mixin.py:190} INFO - [2026-04-05T10:28:55.943+0000] {dag.py:3239} INFO - Sync 1 DAGs
[2026-04-05T10:28:55.956+0000] {logging_mixin.py:190} INFO - [2026-04-05T10:28:55.956+0000] {dag.py:4180} INFO - Setting next_dagrun for 1_continuous_services_bear_mode to None, run_after=None
[2026-04-05T10:28:55.977+0000] {processor.py:208} INFO - Processing /opt/airflow/dags/dag_continuous_services.py took 0.575 seconds
[2026-04-05T10:29:26.245+0000] {processor.py:186} INFO - Started process (PID=1249) to work on /opt/airflow/dags/dag_continuous_services.py
[2026-04-05T10:29:26.247+0000] {processor.py:914} INFO - Processing file /opt/airflow/dags/dag_continuous_services.py for tasks to queue
[2026-04-05T10:29:26.250+0000] {logging_mixin.py:190} INFO - [2026-04-05T10:29:26.250+0000] {dagbag.py:588} INFO - Filling up the DagBag from /opt/airflow/dags/dag_continuous_services.py
[2026-04-05T10:29:28.771+0000] {processor.py:925} INFO - DAG(s) '1_continuous_services_bear_mode' retrieved from /opt/airflow/dags/dag_continuous_services.py
[2026-04-05T10:29:28.797+0000] {logging_mixin.py:190} INFO - [2026-04-05T10:29:28.796+0000] {dag.py:3239} INFO - Sync 1 DAGs
[2026-04-05T10:29:28.809+0000] {logging_mixin.py:190} INFO - [2026-04-05T10:29:28.809+0000] {dag.py:4180} INFO - Setting next_dagrun for 1_continuous_services_bear_mode to None, run_after=None
[2026-04-05T10:29:28.825+0000] {processor.py:208} INFO - Processing /opt/airflow/dags/dag_continuous_services.py took 0.520 seconds
[2026-04-05T10:30:01.913+0000] {processor.py:186} INFO - Started process (PID=1654) to work on /opt/airflow/dags/dag_continuous_services.py
[2026-04-05T10:30:01.917+0000] {processor.py:914} INFO - Processing file /opt/airflow/dags/dag_continuous_services.py for tasks to queue
[2026-04-05T10:30:01.923+0000] {logging_mixin.py:190} INFO - [2026-04-05T10:30:01.922+0000] {dagbag.py:588} INFO - Filling up the DagBag from /opt/airflow/dags/dag_continuous_services.py
[2026-04-05T10:30:02.451+0000] {processor.py:925} INFO - DAG(s) '1_continuous_services_bear_mode' retrieved from /opt/airflow/dags/dag_continuous_services.py
[2026-04-05T10:30:02.485+0000] {logging_mixin.py:190} INFO - [2026-04-05T10:30:02.484+0000] {dag.py:3239} INFO - Sync 1 DAGs
[2026-04-05T10:30:02.503+0000] {logging_mixin.py:190} INFO - [2026-04-05T10:30:02.503+0000] {dag.py:4180} INFO - Setting next_dagrun for 1_continuous_services_bear_mode to None, run_after=None
[2026-04-05T10:30:02.535+0000] {processor.py:208} INFO - Processing /opt/airflow/dags/dag_continuous_services.py took 0.637 seconds
[2026-04-05T10:30:34.815+0000] {processor.py:186} INFO - Started process (PID=1672) to work on /opt/airflow/dags/dag_continuous_services.py
[2026-04-05T10:30:34.817+0000] {processor.py:914} INFO - Processing file /opt/airflow/dags/dag_continuous_services.py for tasks to queue
[2026-04-05T10:30:34.820+0000] {logging_mixin.py:190} INFO - [2026-04-05T10:30:34.819+0000] {dagbag.py:588} INFO - Filling up the DagBag from /opt/airflow/dags/dag_continuous_services.py
[2026-04-05T10:30:35.329+0000] {processor.py:925} INFO - DAG(s) '1_continuous_services_bear_mode' retrieved from /opt/airflow/dags/dag_continuous_services.py
[2026-04-05T10:30:35.353+0000] {logging_mixin.py:190} INFO - [2026-04-05T10:30:35.352+0000] {dag.py:3239} INFO - Sync 1 DAGs
[2026-04-05T10:30:35.364+0000] {logging_mixin.py:190} INFO - [2026-04-05T10:30:35.364+0000] {dag.py:4180} INFO - Setting next_dagrun for 1_continuous_services_bear_mode to None, run_after=None
[2026-04-05T10:30:35.380+0000] {processor.py:208} INFO - Processing /opt/airflow/dags/dag_continuous_services.py took 0.570 seconds
[2026-04-05T10:31:05.927+0000] {processor.py:186} INFO - Started process (PID=2167) to work on /opt/airflow/dags/dag_continuous_services.py
[2026-04-05T10:31:05.929+0000] {processor.py:914} INFO - Processing file /opt/airflow/dags/dag_continuous_services.py for tasks to queue
[2026-04-05T10:31:08.019+0000] {logging_mixin.py:190} INFO - [2026-04-05T10:31:08.018+0000] {dagbag.py:588} INFO - Filling up the DagBag from /opt/airflow/dags/dag_continuous_services.py
[2026-04-05T10:31:09.045+0000] {processor.py:925} INFO - DAG(s) '1_continuous_services_bear_mode' retrieved from /opt/airflow/dags/dag_continuous_services.py
[2026-04-05T10:31:09.084+0000] {logging_mixin.py:190} INFO - [2026-04-05T10:31:09.083+0000] {dag.py:3239} INFO - Sync 1 DAGs
[2026-04-05T10:31:09.112+0000] {logging_mixin.py:190} INFO - [2026-04-05T10:31:09.112+0000] {dag.py:4180} INFO - Setting next_dagrun for 1_continuous_services_bear_mode to None, run_after=None
[2026-04-05T10:31:09.142+0000] {processor.py:208} INFO - Processing /opt/airflow/dags/dag_continuous_services.py took 1.167 seconds
[2026-04-05T10:31:36.880+0000] {processor.py:186} INFO - Started process (PID=176) to work on /opt/airflow/dags/dag_continuous_services.py
[2026-04-05T10:31:36.882+0000] {processor.py:914} INFO - Processing file /opt/airflow/dags/dag_continuous_services.py for tasks to queue
[2026-04-05T10:31:36.887+0000] {logging_mixin.py:190} INFO - [2026-04-05T10:31:36.887+0000] {dagbag.py:588} INFO - Filling up the DagBag from /opt/airflow/dags/dag_continuous_services.py
[2026-04-05T10:31:37.652+0000] {processor.py:925} INFO - DAG(s) '1_continuous_services_bear_mode' retrieved from /opt/airflow/dags/dag_continuous_services.py
[2026-04-05T10:31:37.674+0000] {logging_mixin.py:190} INFO - [2026-04-05T10:31:37.674+0000] {dag.py:3239} INFO - Sync 1 DAGs
[2026-04-05T10:31:37.683+0000] {logging_mixin.py:190} INFO - [2026-04-05T10:31:37.683+0000] {dag.py:4180} INFO - Setting next_dagrun for 1_continuous_services_bear_mode to None, run_after=None
[2026-04-05T10:31:37.698+0000] {processor.py:208} INFO - Processing /opt/airflow/dags/dag_continuous_services.py took 0.825 seconds
[2026-04-05T10:32:07.950+0000] {processor.py:186} INFO - Started process (PID=190) to work on /opt/airflow/dags/dag_continuous_services.py
[2026-04-05T10:32:07.951+0000] {processor.py:914} INFO - Processing file /opt/airflow/dags/dag_continuous_services.py for tasks to queue
[2026-04-05T10:32:07.955+0000] {logging_mixin.py:190} INFO - [2026-04-05T10:32:07.954+0000] {dagbag.py:588} INFO - Filling up the DagBag from /opt/airflow/dags/dag_continuous_services.py
[2026-04-05T10:32:08.564+0000] {processor.py:925} INFO - DAG(s) '1_continuous_services_bear_mode' retrieved from /opt/airflow/dags/dag_continuous_services.py
[2026-04-05T10:32:08.587+0000] {logging_mixin.py:190} INFO - [2026-04-05T10:32:08.586+0000] {dag.py:3239} INFO - Sync 1 DAGs
[2026-04-05T10:32:08.603+0000] {logging_mixin.py:190} INFO - [2026-04-05T10:32:08.602+0000] {dag.py:4180} INFO - Setting next_dagrun for 1_continuous_services_bear_mode to None, run_after=None
[2026-04-05T10:32:08.621+0000] {processor.py:208} INFO - Processing /opt/airflow/dags/dag_continuous_services.py took 0.676 seconds
[2026-04-05T10:32:39.384+0000] {processor.py:186} INFO - Started process (PID=566) to work on /opt/airflow/dags/dag_continuous_services.py
[2026-04-05T10:32:39.389+0000] {processor.py:914} INFO - Processing file /opt/airflow/dags/dag_continuous_services.py for tasks to queue
[2026-04-05T10:32:39.393+0000] {logging_mixin.py:190} INFO - [2026-04-05T10:32:39.393+0000] {dagbag.py:588} INFO - Filling up the DagBag from /opt/airflow/dags/dag_continuous_services.py
[2026-04-05T10:32:41.710+0000] {processor.py:925} INFO - DAG(s) '1_continuous_services_bear_mode' retrieved from /opt/airflow/dags/dag_continuous_services.py
[2026-04-05T10:32:41.777+0000] {logging_mixin.py:190} INFO - [2026-04-05T10:32:41.772+0000] {dag.py:3239} INFO - Sync 1 DAGs
[2026-04-05T10:32:41.807+0000] {logging_mixin.py:190} INFO - [2026-04-05T10:32:41.807+0000] {dag.py:4180} INFO - Setting next_dagrun for 1_continuous_services_bear_mode to None, run_after=None
[2026-04-05T10:32:41.849+0000] {processor.py:208} INFO - Processing /opt/airflow/dags/dag_continuous_services.py took 2.483 seconds
[2026-04-05T10:33:12.281+0000] {processor.py:186} INFO - Started process (PID=8592) to work on /opt/airflow/dags/dag_continuous_services.py
[2026-04-05T10:33:12.282+0000] {processor.py:914} INFO - Processing file /opt/airflow/dags/dag_continuous_services.py for tasks to queue
[2026-04-05T10:33:12.287+0000] {logging_mixin.py:190} INFO - [2026-04-05T10:33:12.287+0000] {dagbag.py:588} INFO - Filling up the DagBag from /opt/airflow/dags/dag_continuous_services.py
[2026-04-05T10:33:13.231+0000] {processor.py:925} INFO - DAG(s) '1_continuous_services_bear_mode' retrieved from /opt/airflow/dags/dag_continuous_services.py
[2026-04-05T10:33:13.252+0000] {logging_mixin.py:190} INFO - [2026-04-05T10:33:13.251+0000] {dag.py:3239} INFO - Sync 1 DAGs
[2026-04-05T10:33:13.265+0000] {logging_mixin.py:190} INFO - [2026-04-05T10:33:13.264+0000] {dag.py:4180} INFO - Setting next_dagrun for 1_continuous_services_bear_mode to None, run_after=None
[2026-04-05T10:33:13.287+0000] {processor.py:208} INFO - Processing /opt/airflow/dags/dag_continuous_services.py took 1.013 seconds
[2026-04-05T10:33:43.757+0000] {processor.py:186} INFO - Started process (PID=12817) to work on /opt/airflow/dags/dag_continuous_services.py
[2026-04-05T10:33:43.758+0000] {processor.py:914} INFO - Processing file /opt/airflow/dags/dag_continuous_services.py for tasks to queue
[2026-04-05T10:33:43.762+0000] {logging_mixin.py:190} INFO - [2026-04-05T10:33:43.761+0000] {dagbag.py:588} INFO - Filling up the DagBag from /opt/airflow/dags/dag_continuous_services.py
[2026-04-05T10:33:44.437+0000] {processor.py:925} INFO - DAG(s) '1_continuous_services_bear_mode' retrieved from /opt/airflow/dags/dag_continuous_services.py
[2026-04-05T10:33:44.466+0000] {logging_mixin.py:190} INFO - [2026-04-05T10:33:44.465+0000] {dag.py:3239} INFO - Sync 1 DAGs
[2026-04-05T10:33:44.476+0000] {logging_mixin.py:190} INFO - [2026-04-05T10:33:44.475+0000] {dag.py:4180} INFO - Setting next_dagrun for 1_continuous_services_bear_mode to None, run_after=None
[2026-04-05T10:33:44.489+0000] {processor.py:208} INFO - Processing /opt/airflow/dags/dag_continuous_services.py took 0.740 seconds
[2026-04-05T10:34:14.868+0000] {processor.py:186} INFO - Started process (PID=16892) to work on /opt/airflow/dags/dag_continuous_services.py
[2026-04-05T10:34:14.869+0000] {processor.py:914} INFO - Processing file /opt/airflow/dags/dag_continuous_services.py for tasks to queue
[2026-04-05T10:34:15.036+0000] {logging_mixin.py:190} INFO - [2026-04-05T10:34:15.036+0000] {dagbag.py:588} INFO - Filling up the DagBag from /opt/airflow/dags/dag_continuous_services.py
[2026-04-05T10:34:15.573+0000] {processor.py:925} INFO - DAG(s) '1_continuous_services_bear_mode' retrieved from /opt/airflow/dags/dag_continuous_services.py
[2026-04-05T10:34:15.675+0000] {logging_mixin.py:190} INFO - [2026-04-05T10:34:15.674+0000] {dag.py:3239} INFO - Sync 1 DAGs
[2026-04-05T10:34:15.689+0000] {logging_mixin.py:190} INFO - [2026-04-05T10:34:15.689+0000] {dag.py:4180} INFO - Setting next_dagrun for 1_continuous_services_bear_mode to None, run_after=None
[2026-04-05T10:34:15.716+0000] {processor.py:208} INFO - Processing /opt/airflow/dags/dag_continuous_services.py took 0.854 seconds
[2026-04-05T10:34:45.942+0000] {processor.py:186} INFO - Started process (PID=21042) to work on /opt/airflow/dags/dag_continuous_services.py
[2026-04-05T10:34:45.947+0000] {processor.py:914} INFO - Processing file /opt/airflow/dags/dag_continuous_services.py for tasks to queue
[2026-04-05T10:34:45.950+0000] {logging_mixin.py:190} INFO - [2026-04-05T10:34:45.949+0000] {dagbag.py:588} INFO - Filling up the DagBag from /opt/airflow/dags/dag_continuous_services.py
[2026-04-05T10:34:46.549+0000] {processor.py:925} INFO - DAG(s) '1_continuous_services_bear_mode' retrieved from /opt/airflow/dags/dag_continuous_services.py
[2026-04-05T10:34:46.574+0000] {logging_mixin.py:190} INFO - [2026-04-05T10:34:46.573+0000] {dag.py:3239} INFO - Sync 1 DAGs
[2026-04-05T10:34:46.586+0000] {logging_mixin.py:190} INFO - [2026-04-05T10:34:46.585+0000] {dag.py:4180} INFO - Setting next_dagrun for 1_continuous_services_bear_mode to None, run_after=None
[2026-04-05T10:34:46.605+0000] {processor.py:208} INFO - Processing /opt/airflow/dags/dag_continuous_services.py took 0.673 seconds
[2026-04-05T10:35:17.165+0000] {processor.py:186} INFO - Started process (PID=25117) to work on /opt/airflow/dags/dag_continuous_services.py
[2026-04-05T10:35:17.166+0000] {processor.py:914} INFO - Processing file /opt/airflow/dags/dag_continuous_services.py for tasks to queue
[2026-04-05T10:35:17.169+0000] {logging_mixin.py:190} INFO - [2026-04-05T10:35:17.169+0000] {dagbag.py:588} INFO - Filling up the DagBag from /opt/airflow/dags/dag_continuous_services.py
[2026-04-05T10:35:17.771+0000] {processor.py:925} INFO - DAG(s) '1_continuous_services_bear_mode' retrieved from /opt/airflow/dags/dag_continuous_services.py
[2026-04-05T10:35:17.799+0000] {logging_mixin.py:190} INFO - [2026-04-05T10:35:17.798+0000] {dag.py:3239} INFO - Sync 1 DAGs
[2026-04-05T10:35:17.811+0000] {logging_mixin.py:190} INFO - [2026-04-05T10:35:17.810+0000] {dag.py:4180} INFO - Setting next_dagrun for 1_continuous_services_bear_mode to None, run_after=None
[2026-04-05T10:35:17.835+0000] {processor.py:208} INFO - Processing /opt/airflow/dags/dag_continuous_services.py took 0.677 seconds
[2026-04-05T10:35:48.009+0000] {processor.py:186} INFO - Started process (PID=29191) to work on /opt/airflow/dags/dag_continuous_services.py
[2026-04-05T10:35:48.012+0000] {processor.py:914} INFO - Processing file /opt/airflow/dags/dag_continuous_services.py for tasks to queue
[2026-04-05T10:35:48.015+0000] {logging_mixin.py:190} INFO - [2026-04-05T10:35:48.014+0000] {dagbag.py:588} INFO - Filling up the DagBag from /opt/airflow/dags/dag_continuous_services.py
[2026-04-05T10:35:48.469+0000] {processor.py:925} INFO - DAG(s) '1_continuous_services_bear_mode' retrieved from /opt/airflow/dags/dag_continuous_services.py
[2026-04-05T10:35:48.492+0000] {logging_mixin.py:190} INFO - [2026-04-05T10:35:48.492+0000] {dag.py:3239} INFO - Sync 1 DAGs
[2026-04-05T10:35:48.503+0000] {logging_mixin.py:190} INFO - [2026-04-05T10:35:48.503+0000] {dag.py:4180} INFO - Setting next_dagrun for 1_continuous_services_bear_mode to None, run_after=None
[2026-04-05T10:35:48.519+0000] {processor.py:208} INFO - Processing /opt/airflow/dags/dag_continuous_services.py took 0.517 seconds
[2026-04-05T10:36:18.747+0000] {processor.py:186} INFO - Started process (PID=29202) to work on /opt/airflow/dags/dag_continuous_services.py
[2026-04-05T10:36:18.749+0000] {processor.py:914} INFO - Processing file /opt/airflow/dags/dag_continuous_services.py for tasks to queue
[2026-04-05T10:36:18.753+0000] {logging_mixin.py:190} INFO - [2026-04-05T10:36:18.752+0000] {dagbag.py:588} INFO - Filling up the DagBag from /opt/airflow/dags/dag_continuous_services.py
[2026-04-05T10:36:19.266+0000] {processor.py:925} INFO - DAG(s) '1_continuous_services_bear_mode' retrieved from /opt/airflow/dags/dag_continuous_services.py
[2026-04-05T10:36:19.288+0000] {logging_mixin.py:190} INFO - [2026-04-05T10:36:19.287+0000] {dag.py:3239} INFO - Sync 1 DAGs
[2026-04-05T10:36:19.301+0000] {logging_mixin.py:190} INFO - [2026-04-05T10:36:19.301+0000] {dag.py:4180} INFO - Setting next_dagrun for 1_continuous_services_bear_mode to None, run_after=None
[2026-04-05T10:36:19.316+0000] {processor.py:208} INFO - Processing /opt/airflow/dags/dag_continuous_services.py took 0.577 seconds
[2026-04-05T10:36:49.806+0000] {processor.py:186} INFO - Started process (PID=33420) to work on /opt/airflow/dags/dag_continuous_services.py
[2026-04-05T10:36:49.809+0000] {processor.py:914} INFO - Processing file /opt/airflow/dags/dag_continuous_services.py for tasks to queue
[2026-04-05T10:36:49.813+0000] {logging_mixin.py:190} INFO - [2026-04-05T10:36:49.813+0000] {dagbag.py:588} INFO - Filling up the DagBag from /opt/airflow/dags/dag_continuous_services.py
[2026-04-05T10:36:50.221+0000] {processor.py:925} INFO - DAG(s) '1_continuous_services_bear_mode' retrieved from /opt/airflow/dags/dag_continuous_services.py
[2026-04-05T10:36:50.244+0000] {logging_mixin.py:190} INFO - [2026-04-05T10:36:50.243+0000] {dag.py:3239} INFO - Sync 1 DAGs
[2026-04-05T10:36:50.258+0000] {logging_mixin.py:190} INFO - [2026-04-05T10:36:50.258+0000] {dag.py:4180} INFO - Setting next_dagrun for 1_continuous_services_bear_mode to None, run_after=None
[2026-04-05T10:36:50.274+0000] {processor.py:208} INFO - Processing /opt/airflow/dags/dag_continuous_services.py took 0.476 seconds
[2026-04-05T10:37:20.404+0000] {processor.py:186} INFO - Started process (PID=37490) to work on /opt/airflow/dags/dag_continuous_services.py
[2026-04-05T10:37:20.407+0000] {processor.py:914} INFO - Processing file /opt/airflow/dags/dag_continuous_services.py for tasks to queue
[2026-04-05T10:37:20.409+0000] {logging_mixin.py:190} INFO - [2026-04-05T10:37:20.409+0000] {dagbag.py:588} INFO - Filling up the DagBag from /opt/airflow/dags/dag_continuous_services.py
[2026-04-05T10:37:20.851+0000] {processor.py:925} INFO - DAG(s) '1_continuous_services_bear_mode' retrieved from /opt/airflow/dags/dag_continuous_services.py
[2026-04-05T10:37:20.870+0000] {logging_mixin.py:190} INFO - [2026-04-05T10:37:20.870+0000] {dag.py:3239} INFO - Sync 1 DAGs
[2026-04-05T10:37:20.882+0000] {logging_mixin.py:190} INFO - [2026-04-05T10:37:20.882+0000] {dag.py:4180} INFO - Setting next_dagrun for 1_continuous_services_bear_mode to None, run_after=None
[2026-04-05T10:37:20.895+0000] {processor.py:208} INFO - Processing /opt/airflow/dags/dag_continuous_services.py took 0.497 seconds
[2026-04-05T10:37:50.972+0000] {processor.py:186} INFO - Started process (PID=41551) to work on /opt/airflow/dags/dag_continuous_services.py
[2026-04-05T10:37:50.975+0000] {processor.py:914} INFO - Processing file /opt/airflow/dags/dag_continuous_services.py for tasks to queue
[2026-04-05T10:37:50.979+0000] {logging_mixin.py:190} INFO - [2026-04-05T10:37:50.978+0000] {dagbag.py:588} INFO - Filling up the DagBag from /opt/airflow/dags/dag_continuous_services.py
[2026-04-05T10:37:51.371+0000] {processor.py:925} INFO - DAG(s) '1_continuous_services_bear_mode' retrieved from /opt/airflow/dags/dag_continuous_services.py
[2026-04-05T10:37:51.391+0000] {logging_mixin.py:190} INFO - [2026-04-05T10:37:51.391+0000] {dag.py:3239} INFO - Sync 1 DAGs
[2026-04-05T10:37:51.401+0000] {logging_mixin.py:190} INFO - [2026-04-05T10:37:51.401+0000] {dag.py:4180} INFO - Setting next_dagrun for 1_continuous_services_bear_mode to None, run_after=None
[2026-04-05T10:37:51.417+0000] {processor.py:208} INFO - Processing /opt/airflow/dags/dag_continuous_services.py took 0.452 seconds
[2026-04-05T10:38:21.477+0000] {processor.py:186} INFO - Started process (PID=49624) to work on /opt/airflow/dags/dag_continuous_services.py
[2026-04-05T10:38:21.480+0000] {processor.py:914} INFO - Processing file /opt/airflow/dags/dag_continuous_services.py for tasks to queue
[2026-04-05T10:38:21.482+0000] {logging_mixin.py:190} INFO - [2026-04-05T10:38:21.482+0000] {dagbag.py:588} INFO - Filling up the DagBag from /opt/airflow/dags/dag_continuous_services.py
[2026-04-05T10:38:21.978+0000] {processor.py:925} INFO - DAG(s) '1_continuous_services_bear_mode' retrieved from /opt/airflow/dags/dag_continuous_services.py
[2026-04-05T10:38:22.005+0000] {logging_mixin.py:190} INFO - [2026-04-05T10:38:22.004+0000] {dag.py:3239} INFO - Sync 1 DAGs
[2026-04-05T10:38:22.016+0000] {logging_mixin.py:190} INFO - [2026-04-05T10:38:22.015+0000] {dag.py:4180} INFO - Setting next_dagrun for 1_continuous_services_bear_mode to None, run_after=None
[2026-04-05T10:38:22.033+0000] {processor.py:208} INFO - Processing /opt/airflow/dags/dag_continuous_services.py took 0.561 seconds
[2026-04-05T10:38:38.724+0000] {processor.py:186} INFO - Started process (PID=176) to work on /opt/airflow/dags/dag_continuous_services.py
[2026-04-05T10:38:38.727+0000] {processor.py:914} INFO - Processing file /opt/airflow/dags/dag_continuous_services.py for tasks to queue
[2026-04-05T10:38:38.732+0000] {logging_mixin.py:190} INFO - [2026-04-05T10:38:38.732+0000] {dagbag.py:588} INFO - Filling up the DagBag from /opt/airflow/dags/dag_continuous_services.py
[2026-04-05T10:38:39.403+0000] {processor.py:925} INFO - DAG(s) '1_continuous_services_bear_mode' retrieved from /opt/airflow/dags/dag_continuous_services.py
[2026-04-05T10:38:39.422+0000] {logging_mixin.py:190} INFO - [2026-04-05T10:38:39.421+0000] {dag.py:3239} INFO - Sync 1 DAGs
[2026-04-05T10:38:39.431+0000] {logging_mixin.py:190} INFO - [2026-04-05T10:38:39.431+0000] {dag.py:4180} INFO - Setting next_dagrun for 1_continuous_services_bear_mode to None, run_after=None
[2026-04-05T10:38:39.450+0000] {processor.py:208} INFO - Processing /opt/airflow/dags/dag_continuous_services.py took 0.733 seconds
[2026-04-05T10:39:09.665+0000] {processor.py:186} INFO - Started process (PID=190) to work on /opt/airflow/dags/dag_continuous_services.py
[2026-04-05T10:39:09.666+0000] {processor.py:914} INFO - Processing file /opt/airflow/dags/dag_continuous_services.py for tasks to queue
[2026-04-05T10:39:09.669+0000] {logging_mixin.py:190} INFO - [2026-04-05T10:39:09.669+0000] {dagbag.py:588} INFO - Filling up the DagBag from /opt/airflow/dags/dag_continuous_services.py
[2026-04-05T10:39:10.273+0000] {processor.py:925} INFO - DAG(s) '1_continuous_services_bear_mode' retrieved from /opt/airflow/dags/dag_continuous_services.py
[2026-04-05T10:39:10.310+0000] {logging_mixin.py:190} INFO - [2026-04-05T10:39:10.309+0000] {dag.py:3239} INFO - Sync 1 DAGs
[2026-04-05T10:39:10.333+0000] {logging_mixin.py:190} INFO - [2026-04-05T10:39:10.333+0000] {dag.py:4180} INFO - Setting next_dagrun for 1_continuous_services_bear_mode to None, run_after=None
[2026-04-05T10:39:10.357+0000] {processor.py:208} INFO - Processing /opt/airflow/dags/dag_continuous_services.py took 0.697 seconds
[2026-04-05T10:39:40.960+0000] {processor.py:186} INFO - Started process (PID=221) to work on /opt/airflow/dags/dag_continuous_services.py
[2026-04-05T10:39:40.962+0000] {processor.py:914} INFO - Processing file /opt/airflow/dags/dag_continuous_services.py for tasks to queue
[2026-04-05T10:39:40.965+0000] {logging_mixin.py:190} INFO - [2026-04-05T10:39:40.964+0000] {dagbag.py:588} INFO - Filling up the DagBag from /opt/airflow/dags/dag_continuous_services.py
[2026-04-05T10:39:41.554+0000] {processor.py:925} INFO - DAG(s) '1_continuous_services_bear_mode' retrieved from /opt/airflow/dags/dag_continuous_services.py
[2026-04-05T10:39:41.581+0000] {logging_mixin.py:190} INFO - [2026-04-05T10:39:41.580+0000] {dag.py:3239} INFO - Sync 1 DAGs
[2026-04-05T10:39:41.598+0000] {logging_mixin.py:190} INFO - [2026-04-05T10:39:41.598+0000] {dag.py:4180} INFO - Setting next_dagrun for 1_continuous_services_bear_mode to None, run_after=None
[2026-04-05T10:39:41.636+0000] {processor.py:208} INFO - Processing /opt/airflow/dags/dag_continuous_services.py took 0.684 seconds
[2026-04-05T10:39:45.723+0000] {processor.py:186} INFO - Started process (PID=227) to work on /opt/airflow/dags/dag_continuous_services.py
[2026-04-05T10:39:45.723+0000] {processor.py:914} INFO - Processing file /opt/airflow/dags/dag_continuous_services.py for tasks to queue
[2026-04-05T10:39:45.726+0000] {logging_mixin.py:190} INFO - [2026-04-05T10:39:45.726+0000] {dagbag.py:588} INFO - Filling up the DagBag from /opt/airflow/dags/dag_continuous_services.py
[2026-04-05T10:39:46.342+0000] {processor.py:925} INFO - DAG(s) '1_continuous_services_bear_mode' retrieved from /opt/airflow/dags/dag_continuous_services.py
[2026-04-05T10:39:46.362+0000] {logging_mixin.py:190} INFO - [2026-04-05T10:39:46.361+0000] {dag.py:3239} INFO - Sync 1 DAGs
[2026-04-05T10:39:46.372+0000] {logging_mixin.py:190} INFO - [2026-04-05T10:39:46.371+0000] {dag.py:4180} INFO - Setting next_dagrun for 1_continuous_services_bear_mode to None, run_after=None
[2026-04-05T10:39:46.392+0000] {processor.py:208} INFO - Processing /opt/airflow/dags/dag_continuous_services.py took 0.676 seconds
[2026-04-05T10:40:16.634+0000] {processor.py:186} INFO - Started process (PID=602) to work on /opt/airflow/dags/dag_continuous_services.py
[2026-04-05T10:40:16.635+0000] {processor.py:914} INFO - Processing file /opt/airflow/dags/dag_continuous_services.py for tasks to queue
[2026-04-05T10:40:16.638+0000] {logging_mixin.py:190} INFO - [2026-04-05T10:40:16.638+0000] {dagbag.py:588} INFO - Filling up the DagBag from /opt/airflow/dags/dag_continuous_services.py
[2026-04-05T10:40:17.389+0000] {processor.py:925} INFO - DAG(s) '1_continuous_services_bear_mode' retrieved from /opt/airflow/dags/dag_continuous_services.py
[2026-04-05T10:40:17.414+0000] {logging_mixin.py:190} INFO - [2026-04-05T10:40:17.413+0000] {dag.py:3239} INFO - Sync 1 DAGs
[2026-04-05T10:40:17.429+0000] {logging_mixin.py:190} INFO - [2026-04-05T10:40:17.428+0000] {dag.py:4180} INFO - Setting next_dagrun for 1_continuous_services_bear_mode to None, run_after=None
[2026-04-05T10:40:17.453+0000] {processor.py:208} INFO - Processing /opt/airflow/dags/dag_continuous_services.py took 0.827 seconds
[2026-04-05T10:40:48.134+0000] {processor.py:186} INFO - Started process (PID=4856) to work on /opt/airflow/dags/dag_continuous_services.py
[2026-04-05T10:40:48.137+0000] {processor.py:914} INFO - Processing file /opt/airflow/dags/dag_continuous_services.py for tasks to queue
[2026-04-05T10:40:48.142+0000] {logging_mixin.py:190} INFO - [2026-04-05T10:40:48.142+0000] {dagbag.py:588} INFO - Filling up the DagBag from /opt/airflow/dags/dag_continuous_services.py
[2026-04-05T10:40:48.718+0000] {processor.py:925} INFO - DAG(s) '1_continuous_services_bear_mode' retrieved from /opt/airflow/dags/dag_continuous_services.py
[2026-04-05T10:40:48.737+0000] {logging_mixin.py:190} INFO - [2026-04-05T10:40:48.737+0000] {dag.py:3239} INFO - Sync 1 DAGs
[2026-04-05T10:40:48.749+0000] {logging_mixin.py:190} INFO - [2026-04-05T10:40:48.748+0000] {dag.py:4180} INFO - Setting next_dagrun for 1_continuous_services_bear_mode to None, run_after=None
[2026-04-05T10:40:48.766+0000] {processor.py:208} INFO - Processing /opt/airflow/dags/dag_continuous_services.py took 0.643 seconds
[2026-04-05T10:41:19.185+0000] {processor.py:186} INFO - Started process (PID=8928) to work on /opt/airflow/dags/dag_continuous_services.py
[2026-04-05T10:41:19.187+0000] {processor.py:914} INFO - Processing file /opt/airflow/dags/dag_continuous_services.py for tasks to queue
[2026-04-05T10:41:19.480+0000] {logging_mixin.py:190} INFO - [2026-04-05T10:41:19.479+0000] {dagbag.py:588} INFO - Filling up the DagBag from /opt/airflow/dags/dag_continuous_services.py
[2026-04-05T10:41:20.001+0000] {processor.py:925} INFO - DAG(s) '1_continuous_services_bear_mode' retrieved from /opt/airflow/dags/dag_continuous_services.py
[2026-04-05T10:41:20.041+0000] {logging_mixin.py:190} INFO - [2026-04-05T10:41:20.040+0000] {dag.py:3239} INFO - Sync 1 DAGs
[2026-04-05T10:41:20.058+0000] {logging_mixin.py:190} INFO - [2026-04-05T10:41:20.058+0000] {dag.py:4180} INFO - Setting next_dagrun for 1_continuous_services_bear_mode to None, run_after=None
[2026-04-05T10:41:20.078+0000] {processor.py:208} INFO - Processing /opt/airflow/dags/dag_continuous_services.py took 0.899 seconds
[2026-04-05T10:41:20.934+0000] {processor.py:186} INFO - Started process (PID=8934) to work on /opt/airflow/dags/dag_continuous_services.py
[2026-04-05T10:41:20.934+0000] {processor.py:914} INFO - Processing file /opt/airflow/dags/dag_continuous_services.py for tasks to queue
[2026-04-05T10:41:20.935+0000] {logging_mixin.py:190} INFO - [2026-04-05T10:41:20.935+0000] {dagbag.py:588} INFO - Filling up the DagBag from /opt/airflow/dags/dag_continuous_services.py
[2026-04-05T10:41:21.385+0000] {processor.py:925} INFO - DAG(s) '1_continuous_services_bear_mode' retrieved from /opt/airflow/dags/dag_continuous_services.py
[2026-04-05T10:41:21.523+0000] {logging_mixin.py:190} INFO - [2026-04-05T10:41:21.523+0000] {dag.py:3239} INFO - Sync 1 DAGs
[2026-04-05T10:41:21.805+0000] {logging_mixin.py:190} INFO - [2026-04-05T10:41:21.805+0000] {dag.py:4180} INFO - Setting next_dagrun for 1_continuous_services_bear_mode to None, run_after=None
[2026-04-05T10:41:21.842+0000] {processor.py:208} INFO - Processing /opt/airflow/dags/dag_continuous_services.py took 1.320 seconds
[2026-04-05T10:41:52.586+0000] {processor.py:186} INFO - Started process (PID=13006) to work on /opt/airflow/dags/dag_continuous_services.py
[2026-04-05T10:41:52.589+0000] {processor.py:914} INFO - Processing file /opt/airflow/dags/dag_continuous_services.py for tasks to queue
[2026-04-05T10:41:52.592+0000] {logging_mixin.py:190} INFO - [2026-04-05T10:41:52.592+0000] {dagbag.py:588} INFO - Filling up the DagBag from /opt/airflow/dags/dag_continuous_services.py
[2026-04-05T10:41:53.097+0000] {processor.py:925} INFO - DAG(s) '1_continuous_services_bear_mode' retrieved from /opt/airflow/dags/dag_continuous_services.py
[2026-04-05T10:41:53.119+0000] {logging_mixin.py:190} INFO - [2026-04-05T10:41:53.119+0000] {dag.py:3239} INFO - Sync 1 DAGs
[2026-04-05T10:41:53.138+0000] {logging_mixin.py:190} INFO - [2026-04-05T10:41:53.138+0000] {dag.py:4180} INFO - Setting next_dagrun for 1_continuous_services_bear_mode to None, run_after=None
[2026-04-05T10:41:53.154+0000] {processor.py:208} INFO - Processing /opt/airflow/dags/dag_continuous_services.py took 0.576 seconds
[2026-04-05T10:42:23.592+0000] {processor.py:186} INFO - Started process (PID=17374) to work on /opt/airflow/dags/dag_continuous_services.py
[2026-04-05T10:42:23.593+0000] {processor.py:914} INFO - Processing file /opt/airflow/dags/dag_continuous_services.py for tasks to queue
[2026-04-05T10:42:23.596+0000] {logging_mixin.py:190} INFO - [2026-04-05T10:42:23.595+0000] {dagbag.py:588} INFO - Filling up the DagBag from /opt/airflow/dags/dag_continuous_services.py
[2026-04-05T10:42:24.364+0000] {processor.py:925} INFO - DAG(s) '1_continuous_services_bear_mode' retrieved from /opt/airflow/dags/dag_continuous_services.py
[2026-04-05T10:42:24.390+0000] {logging_mixin.py:190} INFO - [2026-04-05T10:42:24.390+0000] {dag.py:3239} INFO - Sync 1 DAGs
[2026-04-05T10:42:24.400+0000] {logging_mixin.py:190} INFO - [2026-04-05T10:42:24.400+0000] {dag.py:4180} INFO - Setting next_dagrun for 1_continuous_services_bear_mode to None, run_after=None
[2026-04-05T10:42:24.417+0000] {processor.py:208} INFO - Processing /opt/airflow/dags/dag_continuous_services.py took 0.831 seconds
[2026-04-05T10:42:54.812+0000] {processor.py:186} INFO - Started process (PID=21747) to work on /opt/airflow/dags/dag_continuous_services.py
[2026-04-05T10:42:54.813+0000] {processor.py:914} INFO - Processing file /opt/airflow/dags/dag_continuous_services.py for tasks to queue
[2026-04-05T10:42:54.817+0000] {logging_mixin.py:190} INFO - [2026-04-05T10:42:54.817+0000] {dagbag.py:588} INFO - Filling up the DagBag from /opt/airflow/dags/dag_continuous_services.py
[2026-04-05T10:42:56.146+0000] {processor.py:925} INFO - DAG(s) '1_continuous_services_bear_mode' retrieved from /opt/airflow/dags/dag_continuous_services.py
[2026-04-05T10:42:56.174+0000] {logging_mixin.py:190} INFO - [2026-04-05T10:42:56.172+0000] {dag.py:3239} INFO - Sync 1 DAGs
[2026-04-05T10:42:56.187+0000] {logging_mixin.py:190} INFO - [2026-04-05T10:42:56.187+0000] {dag.py:4180} INFO - Setting next_dagrun for 1_continuous_services_bear_mode to None, run_after=None
[2026-04-05T10:42:56.203+0000] {processor.py:208} INFO - Processing /opt/airflow/dags/dag_continuous_services.py took 1.398 seconds
[2026-04-05T10:43:26.481+0000] {processor.py:186} INFO - Started process (PID=25823) to work on /opt/airflow/dags/dag_continuous_services.py
[2026-04-05T10:43:26.484+0000] {processor.py:914} INFO - Processing file /opt/airflow/dags/dag_continuous_services.py for tasks to queue
[2026-04-05T10:43:26.487+0000] {logging_mixin.py:190} INFO - [2026-04-05T10:43:26.487+0000] {dagbag.py:588} INFO - Filling up the DagBag from /opt/airflow/dags/dag_continuous_services.py
[2026-04-05T10:43:26.954+0000] {processor.py:925} INFO - DAG(s) '1_continuous_services_bear_mode' retrieved from /opt/airflow/dags/dag_continuous_services.py
[2026-04-05T10:43:26.978+0000] {logging_mixin.py:190} INFO - [2026-04-05T10:43:26.978+0000] {dag.py:3239} INFO - Sync 1 DAGs
[2026-04-05T10:43:27.003+0000] {logging_mixin.py:190} INFO - [2026-04-05T10:43:27.003+0000] {dag.py:4180} INFO - Setting next_dagrun for 1_continuous_services_bear_mode to None, run_after=None
[2026-04-05T10:43:27.030+0000] {processor.py:208} INFO - Processing /opt/airflow/dags/dag_continuous_services.py took 0.556 seconds
[2026-04-05T10:43:45.053+0000] {processor.py:186} INFO - Started process (PID=173) to work on /opt/airflow/dags/dag_continuous_services.py
[2026-04-05T10:43:45.057+0000] {processor.py:914} INFO - Processing file /opt/airflow/dags/dag_continuous_services.py for tasks to queue
[2026-04-05T10:43:45.065+0000] {logging_mixin.py:190} INFO - [2026-04-05T10:43:45.064+0000] {dagbag.py:588} INFO - Filling up the DagBag from /opt/airflow/dags/dag_continuous_services.py
[2026-04-05T10:43:45.785+0000] {processor.py:925} INFO - DAG(s) '1_continuous_services_bear_mode' retrieved from /opt/airflow/dags/dag_continuous_services.py
[2026-04-05T10:43:45.841+0000] {logging_mixin.py:190} INFO - [2026-04-05T10:43:45.840+0000] {dag.py:3239} INFO - Sync 1 DAGs
[2026-04-05T10:43:45.859+0000] {logging_mixin.py:190} INFO - [2026-04-05T10:43:45.858+0000] {dag.py:4180} INFO - Setting next_dagrun for 1_continuous_services_bear_mode to None, run_after=None
[2026-04-05T10:43:45.880+0000] {processor.py:208} INFO - Processing /opt/airflow/dags/dag_continuous_services.py took 0.837 seconds
[2026-04-05T10:44:15.964+0000] {processor.py:186} INFO - Started process (PID=190) to work on /opt/airflow/dags/dag_continuous_services.py
[2026-04-05T10:44:15.966+0000] {processor.py:914} INFO - Processing file /opt/airflow/dags/dag_continuous_services.py for tasks to queue
[2026-04-05T10:44:15.970+0000] {logging_mixin.py:190} INFO - [2026-04-05T10:44:15.969+0000] {dagbag.py:588} INFO - Filling up the DagBag from /opt/airflow/dags/dag_continuous_services.py
[2026-04-05T10:44:16.493+0000] {processor.py:925} INFO - DAG(s) '1_continuous_services_bear_mode' retrieved from /opt/airflow/dags/dag_continuous_services.py
[2026-04-05T10:44:16.512+0000] {logging_mixin.py:190} INFO - [2026-04-05T10:44:16.512+0000] {dag.py:3239} INFO - Sync 1 DAGs
[2026-04-05T10:44:16.524+0000] {logging_mixin.py:190} INFO - [2026-04-05T10:44:16.524+0000] {dag.py:4180} INFO - Setting next_dagrun for 1_continuous_services_bear_mode to None, run_after=None
[2026-04-05T10:44:16.538+0000] {processor.py:208} INFO - Processing /opt/airflow/dags/dag_continuous_services.py took 0.579 seconds
[2026-04-05T10:44:46.878+0000] {processor.py:186} INFO - Started process (PID=703) to work on /opt/airflow/dags/dag_continuous_services.py
[2026-04-05T10:44:46.883+0000] {processor.py:914} INFO - Processing file /opt/airflow/dags/dag_continuous_services.py for tasks to queue
[2026-04-05T10:44:46.891+0000] {logging_mixin.py:190} INFO - [2026-04-05T10:44:46.890+0000] {dagbag.py:588} INFO - Filling up the DagBag from /opt/airflow/dags/dag_continuous_services.py
[2026-04-05T10:44:47.932+0000] {processor.py:925} INFO - DAG(s) '1_continuous_services_bear_mode' retrieved from /opt/airflow/dags/dag_continuous_services.py
[2026-04-05T10:44:47.964+0000] {logging_mixin.py:190} INFO - [2026-04-05T10:44:47.964+0000] {dag.py:3239} INFO - Sync 1 DAGs
[2026-04-05T10:44:47.978+0000] {logging_mixin.py:190} INFO - [2026-04-05T10:44:47.977+0000] {dag.py:4180} INFO - Setting next_dagrun for 1_continuous_services_bear_mode to None, run_after=None
[2026-04-05T10:44:48.001+0000] {processor.py:208} INFO - Processing /opt/airflow/dags/dag_continuous_services.py took 1.144 seconds
[2026-04-05T10:45:18.507+0000] {processor.py:186} INFO - Started process (PID=9177) to work on /opt/airflow/dags/dag_continuous_services.py
[2026-04-05T10:45:18.508+0000] {processor.py:914} INFO - Processing file /opt/airflow/dags/dag_continuous_services.py for tasks to queue
[2026-04-05T10:45:18.511+0000] {logging_mixin.py:190} INFO - [2026-04-05T10:45:18.510+0000] {dagbag.py:588} INFO - Filling up the DagBag from /opt/airflow/dags/dag_continuous_services.py
[2026-04-05T10:45:19.167+0000] {processor.py:925} INFO - DAG(s) '1_continuous_services_bear_mode' retrieved from /opt/airflow/dags/dag_continuous_services.py
[2026-04-05T10:45:19.188+0000] {logging_mixin.py:190} INFO - [2026-04-05T10:45:19.188+0000] {dag.py:3239} INFO - Sync 1 DAGs
[2026-04-05T10:45:19.197+0000] {logging_mixin.py:190} INFO - [2026-04-05T10:45:19.197+0000] {dag.py:4180} INFO - Setting next_dagrun for 1_continuous_services_bear_mode to None, run_after=None
[2026-04-05T10:45:19.215+0000] {processor.py:208} INFO - Processing /opt/airflow/dags/dag_continuous_services.py took 0.715 seconds
[2026-04-05T10:45:49.682+0000] {processor.py:186} INFO - Started process (PID=13253) to work on /opt/airflow/dags/dag_continuous_services.py
[2026-04-05T10:45:49.695+0000] {processor.py:914} INFO - Processing file /opt/airflow/dags/dag_continuous_services.py for tasks to queue
[2026-04-05T10:45:49.698+0000] {logging_mixin.py:190} INFO - [2026-04-05T10:45:49.697+0000] {dagbag.py:588} INFO - Filling up the DagBag from /opt/airflow/dags/dag_continuous_services.py
[2026-04-05T10:45:50.454+0000] {processor.py:925} INFO - DAG(s) '1_continuous_services_bear_mode' retrieved from /opt/airflow/dags/dag_continuous_services.py
[2026-04-05T10:45:50.482+0000] {logging_mixin.py:190} INFO - [2026-04-05T10:45:50.481+0000] {dag.py:3239} INFO - Sync 1 DAGs
[2026-04-05T10:45:50.495+0000] {logging_mixin.py:190} INFO - [2026-04-05T10:45:50.495+0000] {dag.py:4180} INFO - Setting next_dagrun for 1_continuous_services_bear_mode to None, run_after=None
[2026-04-05T10:45:50.516+0000] {processor.py:208} INFO - Processing /opt/airflow/dags/dag_continuous_services.py took 0.841 seconds
[2026-04-05T10:46:20.836+0000] {processor.py:186} INFO - Started process (PID=17565) to work on /opt/airflow/dags/dag_continuous_services.py
[2026-04-05T10:46:20.838+0000] {processor.py:914} INFO - Processing file /opt/airflow/dags/dag_continuous_services.py for tasks to queue
[2026-04-05T10:46:20.841+0000] {logging_mixin.py:190} INFO - [2026-04-05T10:46:20.840+0000] {dagbag.py:588} INFO - Filling up the DagBag from /opt/airflow/dags/dag_continuous_services.py
[2026-04-05T10:46:21.657+0000] {processor.py:925} INFO - DAG(s) '1_continuous_services_bear_mode' retrieved from /opt/airflow/dags/dag_continuous_services.py
[2026-04-05T10:46:21.675+0000] {logging_mixin.py:190} INFO - [2026-04-05T10:46:21.674+0000] {dag.py:3239} INFO - Sync 1 DAGs
[2026-04-05T10:46:21.685+0000] {logging_mixin.py:190} INFO - [2026-04-05T10:46:21.685+0000] {dag.py:4180} INFO - Setting next_dagrun for 1_continuous_services_bear_mode to None, run_after=None
[2026-04-05T10:46:21.705+0000] {processor.py:208} INFO - Processing /opt/airflow/dags/dag_continuous_services.py took 0.878 seconds
[2026-04-05T10:46:52.556+0000] {processor.py:186} INFO - Started process (PID=21702) to work on /opt/airflow/dags/dag_continuous_services.py
[2026-04-05T10:46:52.559+0000] {processor.py:914} INFO - Processing file /opt/airflow/dags/dag_continuous_services.py for tasks to queue
[2026-04-05T10:46:52.562+0000] {logging_mixin.py:190} INFO - [2026-04-05T10:46:52.562+0000] {dagbag.py:588} INFO - Filling up the DagBag from /opt/airflow/dags/dag_continuous_services.py
[2026-04-05T10:46:53.033+0000] {processor.py:925} INFO - DAG(s) '1_continuous_services_bear_mode' retrieved from /opt/airflow/dags/dag_continuous_services.py
[2026-04-05T10:46:53.060+0000] {logging_mixin.py:190} INFO - [2026-04-05T10:46:53.059+0000] {dag.py:3239} INFO - Sync 1 DAGs
[2026-04-05T10:46:53.072+0000] {logging_mixin.py:190} INFO - [2026-04-05T10:46:53.071+0000] {dag.py:4180} INFO - Setting next_dagrun for 1_continuous_services_bear_mode to None, run_after=None
[2026-04-05T10:46:53.090+0000] {processor.py:208} INFO - Processing /opt/airflow/dags/dag_continuous_services.py took 0.540 seconds
[2026-04-05T10:47:23.262+0000] {processor.py:186} INFO - Started process (PID=29786) to work on /opt/airflow/dags/dag_continuous_services.py
[2026-04-05T10:47:23.265+0000] {processor.py:914} INFO - Processing file /opt/airflow/dags/dag_continuous_services.py for tasks to queue
[2026-04-05T10:47:23.267+0000] {logging_mixin.py:190} INFO - [2026-04-05T10:47:23.267+0000] {dagbag.py:588} INFO - Filling up the DagBag from /opt/airflow/dags/dag_continuous_services.py
[2026-04-05T10:47:23.686+0000] {processor.py:925} INFO - DAG(s) '1_continuous_services_bear_mode' retrieved from /opt/airflow/dags/dag_continuous_services.py
[2026-04-05T10:47:23.711+0000] {logging_mixin.py:190} INFO - [2026-04-05T10:47:23.711+0000] {dag.py:3239} INFO - Sync 1 DAGs
[2026-04-05T10:47:23.722+0000] {logging_mixin.py:190} INFO - [2026-04-05T10:47:23.722+0000] {dag.py:4180} INFO - Setting next_dagrun for 1_continuous_services_bear_mode to None, run_after=None
[2026-04-05T10:47:23.742+0000] {processor.py:208} INFO - Processing /opt/airflow/dags/dag_continuous_services.py took 0.485 seconds
[2026-04-05T10:47:53.822+0000] {processor.py:186} INFO - Started process (PID=33854) to work on /opt/airflow/dags/dag_continuous_services.py
[2026-04-05T10:47:53.824+0000] {processor.py:914} INFO - Processing file /opt/airflow/dags/dag_continuous_services.py for tasks to queue
[2026-04-05T10:47:53.828+0000] {logging_mixin.py:190} INFO - [2026-04-05T10:47:53.828+0000] {dagbag.py:588} INFO - Filling up the DagBag from /opt/airflow/dags/dag_continuous_services.py
[2026-04-05T10:47:54.302+0000] {processor.py:925} INFO - DAG(s) '1_continuous_services_bear_mode' retrieved from /opt/airflow/dags/dag_continuous_services.py
[2026-04-05T10:47:54.330+0000] {logging_mixin.py:190} INFO - [2026-04-05T10:47:54.330+0000] {dag.py:3239} INFO - Sync 1 DAGs
[2026-04-05T10:47:54.345+0000] {logging_mixin.py:190} INFO - [2026-04-05T10:47:54.345+0000] {dag.py:4180} INFO - Setting next_dagrun for 1_continuous_services_bear_mode to None, run_after=None
[2026-04-05T10:47:54.362+0000] {processor.py:208} INFO - Processing /opt/airflow/dags/dag_continuous_services.py took 0.551 seconds
