[2026-04-05T10:16:05.830+0000] {processor.py:186} INFO - Started process (PID=2354) to work on /opt/airflow/dags/dag_processing_batch.py
[2026-04-05T10:16:05.831+0000] {processor.py:914} INFO - Processing file /opt/airflow/dags/dag_processing_batch.py for tasks to queue
[2026-04-05T10:16:05.832+0000] {logging_mixin.py:190} INFO - [2026-04-05T10:16:05.832+0000] {dagbag.py:588} INFO - Filling up the DagBag from /opt/airflow/dags/dag_processing_batch.py
[2026-04-05T10:16:05.910+0000] {processor.py:925} INFO - DAG(s) '2_processing_batch_10min' retrieved from /opt/airflow/dags/dag_processing_batch.py
[2026-04-05T10:16:06.131+0000] {logging_mixin.py:190} INFO - [2026-04-05T10:16:06.129+0000] {override.py:1901} INFO - Created Permission View: can read on DAG:2_processing_batch_10min
[2026-04-05T10:16:06.144+0000] {logging_mixin.py:190} INFO - [2026-04-05T10:16:06.144+0000] {override.py:1901} INFO - Created Permission View: can edit on DAG:2_processing_batch_10min
[2026-04-05T10:16:06.154+0000] {logging_mixin.py:190} INFO - [2026-04-05T10:16:06.153+0000] {override.py:1901} INFO - Created Permission View: can delete on DAG:2_processing_batch_10min
[2026-04-05T10:16:06.167+0000] {logging_mixin.py:190} INFO - [2026-04-05T10:16:06.166+0000] {override.py:1901} INFO - Created Permission View: menu access on DAG Run:2_processing_batch_10min
[2026-04-05T10:16:06.179+0000] {logging_mixin.py:190} INFO - [2026-04-05T10:16:06.179+0000] {override.py:1901} INFO - Created Permission View: can create on DAG Run:2_processing_batch_10min
[2026-04-05T10:16:06.187+0000] {logging_mixin.py:190} INFO - [2026-04-05T10:16:06.187+0000] {override.py:1901} INFO - Created Permission View: can read on DAG Run:2_processing_batch_10min
[2026-04-05T10:16:06.196+0000] {logging_mixin.py:190} INFO - [2026-04-05T10:16:06.195+0000] {override.py:1901} INFO - Created Permission View: can delete on DAG Run:2_processing_batch_10min
[2026-04-05T10:16:06.196+0000] {logging_mixin.py:190} INFO - [2026-04-05T10:16:06.196+0000] {dag.py:3239} INFO - Sync 1 DAGs
[2026-04-05T10:16:06.218+0000] {logging_mixin.py:190} INFO - [2026-04-05T10:16:06.217+0000] {dag.py:3262} INFO - Creating ORM DAG for 2_processing_batch_10min
[2026-04-05T10:16:06.234+0000] {logging_mixin.py:190} INFO - [2026-04-05T10:16:06.234+0000] {dag.py:4180} INFO - Setting next_dagrun for 2_processing_batch_10min to 2026-04-05T10:00:00+00:00, run_after=2026-04-05T10:10:00+00:00
[2026-04-05T10:16:06.268+0000] {processor.py:208} INFO - Processing /opt/airflow/dags/dag_processing_batch.py took 0.449 seconds
[2026-04-05T10:16:36.513+0000] {processor.py:186} INFO - Started process (PID=2365) to work on /opt/airflow/dags/dag_processing_batch.py
[2026-04-05T10:16:36.514+0000] {processor.py:914} INFO - Processing file /opt/airflow/dags/dag_processing_batch.py for tasks to queue
[2026-04-05T10:16:36.515+0000] {logging_mixin.py:190} INFO - [2026-04-05T10:16:36.515+0000] {dagbag.py:588} INFO - Filling up the DagBag from /opt/airflow/dags/dag_processing_batch.py
[2026-04-05T10:16:36.587+0000] {processor.py:925} INFO - DAG(s) '2_processing_batch_10min' retrieved from /opt/airflow/dags/dag_processing_batch.py
[2026-04-05T10:16:36.610+0000] {logging_mixin.py:190} INFO - [2026-04-05T10:16:36.610+0000] {dag.py:3239} INFO - Sync 1 DAGs
[2026-04-05T10:16:36.628+0000] {logging_mixin.py:190} INFO - [2026-04-05T10:16:36.628+0000] {dag.py:4180} INFO - Setting next_dagrun for 2_processing_batch_10min to 2026-04-05T10:00:00+00:00, run_after=2026-04-05T10:10:00+00:00
[2026-04-05T10:16:36.646+0000] {processor.py:208} INFO - Processing /opt/airflow/dags/dag_processing_batch.py took 0.137 seconds
[2026-04-05T10:17:06.892+0000] {processor.py:186} INFO - Started process (PID=2376) to work on /opt/airflow/dags/dag_processing_batch.py
[2026-04-05T10:17:06.895+0000] {processor.py:914} INFO - Processing file /opt/airflow/dags/dag_processing_batch.py for tasks to queue
[2026-04-05T10:17:06.896+0000] {logging_mixin.py:190} INFO - [2026-04-05T10:17:06.896+0000] {dagbag.py:588} INFO - Filling up the DagBag from /opt/airflow/dags/dag_processing_batch.py
[2026-04-05T10:17:06.984+0000] {processor.py:925} INFO - DAG(s) '2_processing_batch_10min' retrieved from /opt/airflow/dags/dag_processing_batch.py
[2026-04-05T10:17:07.008+0000] {logging_mixin.py:190} INFO - [2026-04-05T10:17:07.007+0000] {dag.py:3239} INFO - Sync 1 DAGs
[2026-04-05T10:17:07.028+0000] {logging_mixin.py:190} INFO - [2026-04-05T10:17:07.028+0000] {dag.py:4180} INFO - Setting next_dagrun for 2_processing_batch_10min to 2026-04-05T10:00:00+00:00, run_after=2026-04-05T10:10:00+00:00
[2026-04-05T10:17:07.050+0000] {processor.py:208} INFO - Processing /opt/airflow/dags/dag_processing_batch.py took 0.166 seconds
[2026-04-05T10:17:37.307+0000] {processor.py:186} INFO - Started process (PID=2387) to work on /opt/airflow/dags/dag_processing_batch.py
[2026-04-05T10:17:37.308+0000] {processor.py:914} INFO - Processing file /opt/airflow/dags/dag_processing_batch.py for tasks to queue
[2026-04-05T10:17:37.309+0000] {logging_mixin.py:190} INFO - [2026-04-05T10:17:37.309+0000] {dagbag.py:588} INFO - Filling up the DagBag from /opt/airflow/dags/dag_processing_batch.py
[2026-04-05T10:17:37.373+0000] {processor.py:925} INFO - DAG(s) '2_processing_batch_10min' retrieved from /opt/airflow/dags/dag_processing_batch.py
[2026-04-05T10:17:37.397+0000] {logging_mixin.py:190} INFO - [2026-04-05T10:17:37.397+0000] {dag.py:3239} INFO - Sync 1 DAGs
[2026-04-05T10:17:37.420+0000] {logging_mixin.py:190} INFO - [2026-04-05T10:17:37.420+0000] {dag.py:4180} INFO - Setting next_dagrun for 2_processing_batch_10min to 2026-04-05T10:00:00+00:00, run_after=2026-04-05T10:10:00+00:00
[2026-04-05T10:17:37.436+0000] {processor.py:208} INFO - Processing /opt/airflow/dags/dag_processing_batch.py took 0.136 seconds
[2026-04-05T10:18:07.673+0000] {processor.py:186} INFO - Started process (PID=2398) to work on /opt/airflow/dags/dag_processing_batch.py
[2026-04-05T10:18:07.676+0000] {processor.py:914} INFO - Processing file /opt/airflow/dags/dag_processing_batch.py for tasks to queue
[2026-04-05T10:18:07.678+0000] {logging_mixin.py:190} INFO - [2026-04-05T10:18:07.677+0000] {dagbag.py:588} INFO - Filling up the DagBag from /opt/airflow/dags/dag_processing_batch.py
[2026-04-05T10:18:07.746+0000] {processor.py:925} INFO - DAG(s) '2_processing_batch_10min' retrieved from /opt/airflow/dags/dag_processing_batch.py
[2026-04-05T10:18:07.768+0000] {logging_mixin.py:190} INFO - [2026-04-05T10:18:07.768+0000] {dag.py:3239} INFO - Sync 1 DAGs
[2026-04-05T10:18:07.791+0000] {logging_mixin.py:190} INFO - [2026-04-05T10:18:07.790+0000] {dag.py:4180} INFO - Setting next_dagrun for 2_processing_batch_10min to 2026-04-05T10:00:00+00:00, run_after=2026-04-05T10:10:00+00:00
[2026-04-05T10:18:07.804+0000] {processor.py:208} INFO - Processing /opt/airflow/dags/dag_processing_batch.py took 0.137 seconds
[2026-04-05T10:18:38.007+0000] {processor.py:186} INFO - Started process (PID=2409) to work on /opt/airflow/dags/dag_processing_batch.py
[2026-04-05T10:18:38.008+0000] {processor.py:914} INFO - Processing file /opt/airflow/dags/dag_processing_batch.py for tasks to queue
[2026-04-05T10:18:38.009+0000] {logging_mixin.py:190} INFO - [2026-04-05T10:18:38.009+0000] {dagbag.py:588} INFO - Filling up the DagBag from /opt/airflow/dags/dag_processing_batch.py
[2026-04-05T10:18:38.069+0000] {processor.py:925} INFO - DAG(s) '2_processing_batch_10min' retrieved from /opt/airflow/dags/dag_processing_batch.py
[2026-04-05T10:18:38.089+0000] {logging_mixin.py:190} INFO - [2026-04-05T10:18:38.089+0000] {dag.py:3239} INFO - Sync 1 DAGs
[2026-04-05T10:18:38.111+0000] {logging_mixin.py:190} INFO - [2026-04-05T10:18:38.111+0000] {dag.py:4180} INFO - Setting next_dagrun for 2_processing_batch_10min to 2026-04-05T10:00:00+00:00, run_after=2026-04-05T10:10:00+00:00
[2026-04-05T10:18:38.123+0000] {processor.py:208} INFO - Processing /opt/airflow/dags/dag_processing_batch.py took 0.122 seconds
[2026-04-05T10:19:08.464+0000] {processor.py:186} INFO - Started process (PID=2420) to work on /opt/airflow/dags/dag_processing_batch.py
[2026-04-05T10:19:08.465+0000] {processor.py:914} INFO - Processing file /opt/airflow/dags/dag_processing_batch.py for tasks to queue
[2026-04-05T10:19:08.467+0000] {logging_mixin.py:190} INFO - [2026-04-05T10:19:08.467+0000] {dagbag.py:588} INFO - Filling up the DagBag from /opt/airflow/dags/dag_processing_batch.py
[2026-04-05T10:19:08.551+0000] {processor.py:925} INFO - DAG(s) '2_processing_batch_10min' retrieved from /opt/airflow/dags/dag_processing_batch.py
[2026-04-05T10:19:08.574+0000] {logging_mixin.py:190} INFO - [2026-04-05T10:19:08.574+0000] {dag.py:3239} INFO - Sync 1 DAGs
[2026-04-05T10:19:08.593+0000] {logging_mixin.py:190} INFO - [2026-04-05T10:19:08.593+0000] {dag.py:4180} INFO - Setting next_dagrun for 2_processing_batch_10min to 2026-04-05T10:00:00+00:00, run_after=2026-04-05T10:10:00+00:00
[2026-04-05T10:19:08.609+0000] {processor.py:208} INFO - Processing /opt/airflow/dags/dag_processing_batch.py took 0.151 seconds
[2026-04-05T10:19:38.902+0000] {processor.py:186} INFO - Started process (PID=2431) to work on /opt/airflow/dags/dag_processing_batch.py
[2026-04-05T10:19:38.903+0000] {processor.py:914} INFO - Processing file /opt/airflow/dags/dag_processing_batch.py for tasks to queue
[2026-04-05T10:19:38.904+0000] {logging_mixin.py:190} INFO - [2026-04-05T10:19:38.904+0000] {dagbag.py:588} INFO - Filling up the DagBag from /opt/airflow/dags/dag_processing_batch.py
[2026-04-05T10:19:38.971+0000] {processor.py:925} INFO - DAG(s) '2_processing_batch_10min' retrieved from /opt/airflow/dags/dag_processing_batch.py
[2026-04-05T10:19:39.001+0000] {logging_mixin.py:190} INFO - [2026-04-05T10:19:39.001+0000] {dag.py:3239} INFO - Sync 1 DAGs
[2026-04-05T10:19:39.029+0000] {logging_mixin.py:190} INFO - [2026-04-05T10:19:39.028+0000] {dag.py:4180} INFO - Setting next_dagrun for 2_processing_batch_10min to 2026-04-05T10:00:00+00:00, run_after=2026-04-05T10:10:00+00:00
[2026-04-05T10:19:39.052+0000] {processor.py:208} INFO - Processing /opt/airflow/dags/dag_processing_batch.py took 0.155 seconds
[2026-04-05T10:19:58.524+0000] {processor.py:186} INFO - Started process (PID=2448) to work on /opt/airflow/dags/dag_processing_batch.py
[2026-04-05T10:19:58.526+0000] {processor.py:914} INFO - Processing file /opt/airflow/dags/dag_processing_batch.py for tasks to queue
[2026-04-05T10:19:58.530+0000] {logging_mixin.py:190} INFO - [2026-04-05T10:19:58.529+0000] {dagbag.py:588} INFO - Filling up the DagBag from /opt/airflow/dags/dag_processing_batch.py
[2026-04-05T10:19:58.545+0000] {logging_mixin.py:190} INFO - [2026-04-05T10:19:58.544+0000] {dagbag.py:387} ERROR - Failed to import: /opt/airflow/dags/dag_processing_batch.py
Traceback (most recent call last):
  File "/home/airflow/.local/lib/python3.8/site-packages/airflow/models/dagbag.py", line 383, in parse
    loader.exec_module(new_module)
  File "<frozen importlib._bootstrap_external>", line 843, in exec_module
  File "<frozen importlib._bootstrap>", line 219, in _call_with_frames_removed
  File "/opt/airflow/dags/dag_processing_batch.py", line 14, in <module>
    python_callable=run_batch_logic # Hàm main() trong file batch không được có while True
NameError: name 'run_batch_logic' is not defined
[2026-04-05T10:19:58.546+0000] {processor.py:927} WARNING - No viable dags retrieved from /opt/airflow/dags/dag_processing_batch.py
[2026-04-05T10:19:58.575+0000] {processor.py:208} INFO - Processing /opt/airflow/dags/dag_processing_batch.py took 0.059 seconds
[2026-04-05T10:20:28.801+0000] {processor.py:186} INFO - Started process (PID=2459) to work on /opt/airflow/dags/dag_processing_batch.py
[2026-04-05T10:20:28.802+0000] {processor.py:914} INFO - Processing file /opt/airflow/dags/dag_processing_batch.py for tasks to queue
[2026-04-05T10:20:28.803+0000] {logging_mixin.py:190} INFO - [2026-04-05T10:20:28.802+0000] {dagbag.py:588} INFO - Filling up the DagBag from /opt/airflow/dags/dag_processing_batch.py
[2026-04-05T10:20:28.808+0000] {logging_mixin.py:190} INFO - [2026-04-05T10:20:28.807+0000] {dagbag.py:387} ERROR - Failed to import: /opt/airflow/dags/dag_processing_batch.py
Traceback (most recent call last):
  File "/home/airflow/.local/lib/python3.8/site-packages/airflow/models/dagbag.py", line 383, in parse
    loader.exec_module(new_module)
  File "<frozen importlib._bootstrap_external>", line 843, in exec_module
  File "<frozen importlib._bootstrap>", line 219, in _call_with_frames_removed
  File "/opt/airflow/dags/dag_processing_batch.py", line 14, in <module>
    python_callable=run_batch_logic # Hàm main() trong file batch không được có while True
NameError: name 'run_batch_logic' is not defined
[2026-04-05T10:20:28.808+0000] {processor.py:927} WARNING - No viable dags retrieved from /opt/airflow/dags/dag_processing_batch.py
[2026-04-05T10:20:28.827+0000] {processor.py:208} INFO - Processing /opt/airflow/dags/dag_processing_batch.py took 0.031 seconds
[2026-04-05T10:20:59.221+0000] {processor.py:186} INFO - Started process (PID=2470) to work on /opt/airflow/dags/dag_processing_batch.py
[2026-04-05T10:20:59.224+0000] {processor.py:914} INFO - Processing file /opt/airflow/dags/dag_processing_batch.py for tasks to queue
[2026-04-05T10:20:59.225+0000] {logging_mixin.py:190} INFO - [2026-04-05T10:20:59.225+0000] {dagbag.py:588} INFO - Filling up the DagBag from /opt/airflow/dags/dag_processing_batch.py
[2026-04-05T10:20:59.236+0000] {logging_mixin.py:190} INFO - [2026-04-05T10:20:59.233+0000] {dagbag.py:387} ERROR - Failed to import: /opt/airflow/dags/dag_processing_batch.py
Traceback (most recent call last):
  File "/home/airflow/.local/lib/python3.8/site-packages/airflow/models/dagbag.py", line 383, in parse
    loader.exec_module(new_module)
  File "<frozen importlib._bootstrap_external>", line 843, in exec_module
  File "<frozen importlib._bootstrap>", line 219, in _call_with_frames_removed
  File "/opt/airflow/dags/dag_processing_batch.py", line 14, in <module>
    python_callable=run_batch_logic # Hàm main() trong file batch không được có while True
NameError: name 'run_batch_logic' is not defined
[2026-04-05T10:20:59.237+0000] {processor.py:927} WARNING - No viable dags retrieved from /opt/airflow/dags/dag_processing_batch.py
[2026-04-05T10:20:59.281+0000] {processor.py:208} INFO - Processing /opt/airflow/dags/dag_processing_batch.py took 0.066 seconds
[2026-04-05T10:21:26.191+0000] {processor.py:186} INFO - Started process (PID=2481) to work on /opt/airflow/dags/dag_processing_batch.py
[2026-04-05T10:21:26.192+0000] {processor.py:914} INFO - Processing file /opt/airflow/dags/dag_processing_batch.py for tasks to queue
[2026-04-05T10:21:26.193+0000] {logging_mixin.py:190} INFO - [2026-04-05T10:21:26.193+0000] {dagbag.py:588} INFO - Filling up the DagBag from /opt/airflow/dags/dag_processing_batch.py
[2026-04-05T10:21:26.283+0000] {processor.py:925} INFO - DAG(s) '2_batch_etl_every_10min' retrieved from /opt/airflow/dags/dag_processing_batch.py
[2026-04-05T10:21:26.380+0000] {logging_mixin.py:190} INFO - [2026-04-05T10:21:26.378+0000] {override.py:1901} INFO - Created Permission View: can read on DAG:2_batch_etl_every_10min
[2026-04-05T10:21:26.392+0000] {logging_mixin.py:190} INFO - [2026-04-05T10:21:26.392+0000] {override.py:1901} INFO - Created Permission View: can edit on DAG:2_batch_etl_every_10min
[2026-04-05T10:21:26.397+0000] {logging_mixin.py:190} INFO - [2026-04-05T10:21:26.397+0000] {override.py:1901} INFO - Created Permission View: can delete on DAG:2_batch_etl_every_10min
[2026-04-05T10:21:26.404+0000] {logging_mixin.py:190} INFO - [2026-04-05T10:21:26.404+0000] {override.py:1901} INFO - Created Permission View: menu access on DAG Run:2_batch_etl_every_10min
[2026-04-05T10:21:26.409+0000] {logging_mixin.py:190} INFO - [2026-04-05T10:21:26.409+0000] {override.py:1901} INFO - Created Permission View: can create on DAG Run:2_batch_etl_every_10min
[2026-04-05T10:21:26.417+0000] {logging_mixin.py:190} INFO - [2026-04-05T10:21:26.417+0000] {override.py:1901} INFO - Created Permission View: can read on DAG Run:2_batch_etl_every_10min
[2026-04-05T10:21:26.423+0000] {logging_mixin.py:190} INFO - [2026-04-05T10:21:26.422+0000] {override.py:1901} INFO - Created Permission View: can delete on DAG Run:2_batch_etl_every_10min
[2026-04-05T10:21:26.424+0000] {logging_mixin.py:190} INFO - [2026-04-05T10:21:26.423+0000] {dag.py:3239} INFO - Sync 1 DAGs
[2026-04-05T10:21:26.436+0000] {logging_mixin.py:190} INFO - [2026-04-05T10:21:26.436+0000] {dag.py:3262} INFO - Creating ORM DAG for 2_batch_etl_every_10min
[2026-04-05T10:21:26.445+0000] {logging_mixin.py:190} INFO - [2026-04-05T10:21:26.445+0000] {dag.py:4180} INFO - Setting next_dagrun for 2_batch_etl_every_10min to 2026-04-05T10:10:00+00:00, run_after=2026-04-05T10:20:00+00:00
[2026-04-05T10:21:26.460+0000] {processor.py:208} INFO - Processing /opt/airflow/dags/dag_processing_batch.py took 0.280 seconds
