[2026-04-05T10:25:36.267+0000] {processor.py:186} INFO - Started process (PID=174) to work on /opt/airflow/dags/dag_batch_processing_10min.py
[2026-04-05T10:25:36.269+0000] {processor.py:914} INFO - Processing file /opt/airflow/dags/dag_batch_processing_10min.py for tasks to queue
[2026-04-05T10:25:36.277+0000] {logging_mixin.py:190} INFO - [2026-04-05T10:25:36.277+0000] {dagbag.py:588} INFO - Filling up the DagBag from /opt/airflow/dags/dag_batch_processing_10min.py
[2026-04-05T10:25:36.635+0000] {processor.py:925} INFO - DAG(s) '2_batch_etl_every_10min' retrieved from /opt/airflow/dags/dag_batch_processing_10min.py
[2026-04-05T10:25:36.773+0000] {logging_mixin.py:190} INFO - [2026-04-05T10:25:36.773+0000] {dag.py:3239} INFO - Sync 1 DAGs
[2026-04-05T10:25:36.800+0000] {logging_mixin.py:190} INFO - [2026-04-05T10:25:36.800+0000] {dag.py:4180} INFO - Setting next_dagrun for 2_batch_etl_every_10min to 2026-04-05T10:10:00+00:00, run_after=2026-04-05T10:20:00+00:00
[2026-04-05T10:25:36.847+0000] {processor.py:208} INFO - Processing /opt/airflow/dags/dag_batch_processing_10min.py took 0.592 seconds
[2026-04-05T10:26:09.642+0000] {processor.py:186} INFO - Started process (PID=185) to work on /opt/airflow/dags/dag_batch_processing_10min.py
[2026-04-05T10:26:09.646+0000] {processor.py:914} INFO - Processing file /opt/airflow/dags/dag_batch_processing_10min.py for tasks to queue
[2026-04-05T10:26:09.651+0000] {logging_mixin.py:190} INFO - [2026-04-05T10:26:09.651+0000] {dagbag.py:588} INFO - Filling up the DagBag from /opt/airflow/dags/dag_batch_processing_10min.py
[2026-04-05T10:26:10.020+0000] {processor.py:925} INFO - DAG(s) '2_batch_etl_every_10min' retrieved from /opt/airflow/dags/dag_batch_processing_10min.py
[2026-04-05T10:26:10.047+0000] {logging_mixin.py:190} INFO - [2026-04-05T10:26:10.047+0000] {dag.py:3239} INFO - Sync 1 DAGs
[2026-04-05T10:26:10.067+0000] {logging_mixin.py:190} INFO - [2026-04-05T10:26:10.067+0000] {dag.py:4180} INFO - Setting next_dagrun for 2_batch_etl_every_10min to 2026-04-05T10:10:00+00:00, run_after=2026-04-05T10:20:00+00:00
[2026-04-05T10:26:10.091+0000] {processor.py:208} INFO - Processing /opt/airflow/dags/dag_batch_processing_10min.py took 0.460 seconds
[2026-04-05T10:26:40.441+0000] {processor.py:186} INFO - Started process (PID=616) to work on /opt/airflow/dags/dag_batch_processing_10min.py
[2026-04-05T10:26:40.447+0000] {processor.py:914} INFO - Processing file /opt/airflow/dags/dag_batch_processing_10min.py for tasks to queue
[2026-04-05T10:26:40.453+0000] {logging_mixin.py:190} INFO - [2026-04-05T10:26:40.452+0000] {dagbag.py:588} INFO - Filling up the DagBag from /opt/airflow/dags/dag_batch_processing_10min.py
[2026-04-05T10:26:42.871+0000] {processor.py:925} INFO - DAG(s) '2_batch_etl_every_10min' retrieved from /opt/airflow/dags/dag_batch_processing_10min.py
[2026-04-05T10:26:42.896+0000] {logging_mixin.py:190} INFO - [2026-04-05T10:26:42.896+0000] {dag.py:3239} INFO - Sync 1 DAGs
[2026-04-05T10:26:42.937+0000] {processor.py:208} INFO - Processing /opt/airflow/dags/dag_batch_processing_10min.py took 0.448 seconds
[2026-04-05T10:27:15.987+0000] {processor.py:186} INFO - Started process (PID=632) to work on /opt/airflow/dags/dag_batch_processing_10min.py
[2026-04-05T10:27:15.990+0000] {processor.py:914} INFO - Processing file /opt/airflow/dags/dag_batch_processing_10min.py for tasks to queue
[2026-04-05T10:27:15.994+0000] {logging_mixin.py:190} INFO - [2026-04-05T10:27:15.993+0000] {dagbag.py:588} INFO - Filling up the DagBag from /opt/airflow/dags/dag_batch_processing_10min.py
[2026-04-05T10:27:16.247+0000] {processor.py:925} INFO - DAG(s) '2_batch_etl_every_10min' retrieved from /opt/airflow/dags/dag_batch_processing_10min.py
[2026-04-05T10:27:16.270+0000] {logging_mixin.py:190} INFO - [2026-04-05T10:27:16.270+0000] {dag.py:3239} INFO - Sync 1 DAGs
[2026-04-05T10:27:16.307+0000] {processor.py:208} INFO - Processing /opt/airflow/dags/dag_batch_processing_10min.py took 0.330 seconds
[2026-04-05T10:27:49.062+0000] {processor.py:186} INFO - Started process (PID=969) to work on /opt/airflow/dags/dag_batch_processing_10min.py
[2026-04-05T10:27:49.064+0000] {processor.py:914} INFO - Processing file /opt/airflow/dags/dag_batch_processing_10min.py for tasks to queue
[2026-04-05T10:27:49.072+0000] {logging_mixin.py:190} INFO - [2026-04-05T10:27:49.071+0000] {dagbag.py:588} INFO - Filling up the DagBag from /opt/airflow/dags/dag_batch_processing_10min.py
[2026-04-05T10:27:49.779+0000] {processor.py:925} INFO - DAG(s) '2_batch_etl_every_10min' retrieved from /opt/airflow/dags/dag_batch_processing_10min.py
[2026-04-05T10:27:49.805+0000] {logging_mixin.py:190} INFO - [2026-04-05T10:27:49.805+0000] {dag.py:3239} INFO - Sync 1 DAGs
[2026-04-05T10:27:49.851+0000] {processor.py:208} INFO - Processing /opt/airflow/dags/dag_batch_processing_10min.py took 0.796 seconds
[2026-04-05T10:28:22.196+0000] {processor.py:186} INFO - Started process (PID=980) to work on /opt/airflow/dags/dag_batch_processing_10min.py
[2026-04-05T10:28:22.201+0000] {processor.py:914} INFO - Processing file /opt/airflow/dags/dag_batch_processing_10min.py for tasks to queue
[2026-04-05T10:28:22.205+0000] {logging_mixin.py:190} INFO - [2026-04-05T10:28:22.204+0000] {dagbag.py:588} INFO - Filling up the DagBag from /opt/airflow/dags/dag_batch_processing_10min.py
[2026-04-05T10:28:22.344+0000] {processor.py:925} INFO - DAG(s) '2_batch_etl_every_10min' retrieved from /opt/airflow/dags/dag_batch_processing_10min.py
[2026-04-05T10:28:22.374+0000] {logging_mixin.py:190} INFO - [2026-04-05T10:28:22.374+0000] {dag.py:3239} INFO - Sync 1 DAGs
[2026-04-05T10:28:22.422+0000] {processor.py:208} INFO - Processing /opt/airflow/dags/dag_batch_processing_10min.py took 0.236 seconds
[2026-04-05T10:28:55.405+0000] {processor.py:186} INFO - Started process (PID=1235) to work on /opt/airflow/dags/dag_batch_processing_10min.py
[2026-04-05T10:28:55.409+0000] {processor.py:914} INFO - Processing file /opt/airflow/dags/dag_batch_processing_10min.py for tasks to queue
[2026-04-05T10:28:55.414+0000] {logging_mixin.py:190} INFO - [2026-04-05T10:28:55.414+0000] {dagbag.py:588} INFO - Filling up the DagBag from /opt/airflow/dags/dag_batch_processing_10min.py
[2026-04-05T10:28:55.524+0000] {processor.py:925} INFO - DAG(s) '2_batch_etl_every_10min' retrieved from /opt/airflow/dags/dag_batch_processing_10min.py
[2026-04-05T10:28:55.554+0000] {logging_mixin.py:190} INFO - [2026-04-05T10:28:55.554+0000] {dag.py:3239} INFO - Sync 1 DAGs
[2026-04-05T10:28:55.602+0000] {processor.py:208} INFO - Processing /opt/airflow/dags/dag_batch_processing_10min.py took 0.212 seconds
[2026-04-05T10:29:26.233+0000] {processor.py:186} INFO - Started process (PID=1246) to work on /opt/airflow/dags/dag_batch_processing_10min.py
[2026-04-05T10:29:26.235+0000] {processor.py:914} INFO - Processing file /opt/airflow/dags/dag_batch_processing_10min.py for tasks to queue
[2026-04-05T10:29:26.239+0000] {logging_mixin.py:190} INFO - [2026-04-05T10:29:26.239+0000] {dagbag.py:588} INFO - Filling up the DagBag from /opt/airflow/dags/dag_batch_processing_10min.py
[2026-04-05T10:29:28.397+0000] {processor.py:925} INFO - DAG(s) '2_batch_etl_every_10min' retrieved from /opt/airflow/dags/dag_batch_processing_10min.py
[2026-04-05T10:29:28.421+0000] {logging_mixin.py:190} INFO - [2026-04-05T10:29:28.421+0000] {dag.py:3239} INFO - Sync 1 DAGs
[2026-04-05T10:29:28.461+0000] {processor.py:208} INFO - Processing /opt/airflow/dags/dag_batch_processing_10min.py took 0.169 seconds
[2026-04-05T10:30:01.903+0000] {processor.py:186} INFO - Started process (PID=1651) to work on /opt/airflow/dags/dag_batch_processing_10min.py
[2026-04-05T10:30:01.905+0000] {processor.py:914} INFO - Processing file /opt/airflow/dags/dag_batch_processing_10min.py for tasks to queue
[2026-04-05T10:30:01.911+0000] {logging_mixin.py:190} INFO - [2026-04-05T10:30:01.911+0000] {dagbag.py:588} INFO - Filling up the DagBag from /opt/airflow/dags/dag_batch_processing_10min.py
[2026-04-05T10:30:02.004+0000] {processor.py:925} INFO - DAG(s) '2_batch_etl_every_10min' retrieved from /opt/airflow/dags/dag_batch_processing_10min.py
[2026-04-05T10:30:02.040+0000] {logging_mixin.py:190} INFO - [2026-04-05T10:30:02.040+0000] {dag.py:3239} INFO - Sync 1 DAGs
[2026-04-05T10:30:02.085+0000] {processor.py:208} INFO - Processing /opt/airflow/dags/dag_batch_processing_10min.py took 0.194 seconds
[2026-04-05T10:30:34.809+0000] {processor.py:186} INFO - Started process (PID=1669) to work on /opt/airflow/dags/dag_batch_processing_10min.py
[2026-04-05T10:30:34.810+0000] {processor.py:914} INFO - Processing file /opt/airflow/dags/dag_batch_processing_10min.py for tasks to queue
[2026-04-05T10:30:34.813+0000] {logging_mixin.py:190} INFO - [2026-04-05T10:30:34.813+0000] {dagbag.py:588} INFO - Filling up the DagBag from /opt/airflow/dags/dag_batch_processing_10min.py
[2026-04-05T10:30:34.880+0000] {processor.py:925} INFO - DAG(s) '2_batch_etl_every_10min' retrieved from /opt/airflow/dags/dag_batch_processing_10min.py
[2026-04-05T10:30:34.909+0000] {logging_mixin.py:190} INFO - [2026-04-05T10:30:34.909+0000] {dag.py:3239} INFO - Sync 1 DAGs
[2026-04-05T10:30:34.957+0000] {processor.py:208} INFO - Processing /opt/airflow/dags/dag_batch_processing_10min.py took 0.154 seconds
[2026-04-05T10:31:05.910+0000] {processor.py:186} INFO - Started process (PID=2164) to work on /opt/airflow/dags/dag_batch_processing_10min.py
[2026-04-05T10:31:05.916+0000] {processor.py:914} INFO - Processing file /opt/airflow/dags/dag_batch_processing_10min.py for tasks to queue
[2026-04-05T10:31:05.924+0000] {logging_mixin.py:190} INFO - [2026-04-05T10:31:05.924+0000] {dagbag.py:588} INFO - Filling up the DagBag from /opt/airflow/dags/dag_batch_processing_10min.py
[2026-04-05T10:31:08.200+0000] {processor.py:925} INFO - DAG(s) '2_batch_etl_every_10min' retrieved from /opt/airflow/dags/dag_batch_processing_10min.py
[2026-04-05T10:31:08.291+0000] {logging_mixin.py:190} INFO - [2026-04-05T10:31:08.291+0000] {dag.py:3239} INFO - Sync 1 DAGs
[2026-04-05T10:31:08.386+0000] {processor.py:208} INFO - Processing /opt/airflow/dags/dag_batch_processing_10min.py took 0.431 seconds
[2026-04-05T10:31:36.872+0000] {processor.py:186} INFO - Started process (PID=173) to work on /opt/airflow/dags/dag_batch_processing_10min.py
[2026-04-05T10:31:36.873+0000] {processor.py:914} INFO - Processing file /opt/airflow/dags/dag_batch_processing_10min.py for tasks to queue
[2026-04-05T10:31:36.880+0000] {logging_mixin.py:190} INFO - [2026-04-05T10:31:36.879+0000] {dagbag.py:588} INFO - Filling up the DagBag from /opt/airflow/dags/dag_batch_processing_10min.py
[2026-04-05T10:31:37.126+0000] {processor.py:925} INFO - DAG(s) '2_batch_etl_every_10min' retrieved from /opt/airflow/dags/dag_batch_processing_10min.py
[2026-04-05T10:31:37.150+0000] {logging_mixin.py:190} INFO - [2026-04-05T10:31:37.150+0000] {dag.py:3239} INFO - Sync 1 DAGs
[2026-04-05T10:31:37.187+0000] {processor.py:208} INFO - Processing /opt/airflow/dags/dag_batch_processing_10min.py took 0.327 seconds
[2026-04-05T10:32:07.653+0000] {processor.py:186} INFO - Started process (PID=185) to work on /opt/airflow/dags/dag_batch_processing_10min.py
[2026-04-05T10:32:07.656+0000] {processor.py:914} INFO - Processing file /opt/airflow/dags/dag_batch_processing_10min.py for tasks to queue
[2026-04-05T10:32:07.660+0000] {logging_mixin.py:190} INFO - [2026-04-05T10:32:07.660+0000] {dagbag.py:588} INFO - Filling up the DagBag from /opt/airflow/dags/dag_batch_processing_10min.py
[2026-04-05T10:32:07.868+0000] {processor.py:925} INFO - DAG(s) '2_batch_etl_every_10min' retrieved from /opt/airflow/dags/dag_batch_processing_10min.py
[2026-04-05T10:32:07.888+0000] {logging_mixin.py:190} INFO - [2026-04-05T10:32:07.888+0000] {dag.py:3239} INFO - Sync 1 DAGs
[2026-04-05T10:32:07.920+0000] {processor.py:208} INFO - Processing /opt/airflow/dags/dag_batch_processing_10min.py took 0.273 seconds
[2026-04-05T10:32:38.017+0000] {processor.py:186} INFO - Started process (PID=478) to work on /opt/airflow/dags/dag_batch_processing_10min.py
[2026-04-05T10:32:38.023+0000] {processor.py:914} INFO - Processing file /opt/airflow/dags/dag_batch_processing_10min.py for tasks to queue
[2026-04-05T10:32:38.030+0000] {logging_mixin.py:190} INFO - [2026-04-05T10:32:38.029+0000] {dagbag.py:588} INFO - Filling up the DagBag from /opt/airflow/dags/dag_batch_processing_10min.py
[2026-04-05T10:32:38.539+0000] {processor.py:925} INFO - DAG(s) '2_batch_etl_every_10min' retrieved from /opt/airflow/dags/dag_batch_processing_10min.py
[2026-04-05T10:32:38.568+0000] {logging_mixin.py:190} INFO - [2026-04-05T10:32:38.568+0000] {dag.py:3239} INFO - Sync 1 DAGs
[2026-04-05T10:32:38.613+0000] {processor.py:208} INFO - Processing /opt/airflow/dags/dag_batch_processing_10min.py took 0.610 seconds
[2026-04-05T10:33:09.086+0000] {processor.py:186} INFO - Started process (PID=8587) to work on /opt/airflow/dags/dag_batch_processing_10min.py
[2026-04-05T10:33:09.087+0000] {processor.py:914} INFO - Processing file /opt/airflow/dags/dag_batch_processing_10min.py for tasks to queue
[2026-04-05T10:33:09.089+0000] {logging_mixin.py:190} INFO - [2026-04-05T10:33:09.089+0000] {dagbag.py:588} INFO - Filling up the DagBag from /opt/airflow/dags/dag_batch_processing_10min.py
[2026-04-05T10:33:10.358+0000] {processor.py:925} INFO - DAG(s) '2_batch_etl_every_10min' retrieved from /opt/airflow/dags/dag_batch_processing_10min.py
[2026-04-05T10:33:10.408+0000] {logging_mixin.py:190} INFO - [2026-04-05T10:33:10.407+0000] {dag.py:3239} INFO - Sync 1 DAGs
[2026-04-05T10:33:10.474+0000] {processor.py:208} INFO - Processing /opt/airflow/dags/dag_batch_processing_10min.py took 1.397 seconds
[2026-04-05T10:33:40.715+0000] {processor.py:186} INFO - Started process (PID=12809) to work on /opt/airflow/dags/dag_batch_processing_10min.py
[2026-04-05T10:33:40.716+0000] {processor.py:914} INFO - Processing file /opt/airflow/dags/dag_batch_processing_10min.py for tasks to queue
[2026-04-05T10:33:40.721+0000] {logging_mixin.py:190} INFO - [2026-04-05T10:33:40.720+0000] {dagbag.py:588} INFO - Filling up the DagBag from /opt/airflow/dags/dag_batch_processing_10min.py
[2026-04-05T10:33:41.109+0000] {processor.py:925} INFO - DAG(s) '2_batch_etl_every_10min' retrieved from /opt/airflow/dags/dag_batch_processing_10min.py
[2026-04-05T10:33:41.132+0000] {logging_mixin.py:190} INFO - [2026-04-05T10:33:41.132+0000] {dag.py:3239} INFO - Sync 1 DAGs
[2026-04-05T10:33:41.163+0000] {processor.py:208} INFO - Processing /opt/airflow/dags/dag_batch_processing_10min.py took 0.465 seconds
[2026-04-05T10:34:11.554+0000] {processor.py:186} INFO - Started process (PID=16887) to work on /opt/airflow/dags/dag_batch_processing_10min.py
[2026-04-05T10:34:11.556+0000] {processor.py:914} INFO - Processing file /opt/airflow/dags/dag_batch_processing_10min.py for tasks to queue
[2026-04-05T10:34:11.560+0000] {logging_mixin.py:190} INFO - [2026-04-05T10:34:11.559+0000] {dagbag.py:588} INFO - Filling up the DagBag from /opt/airflow/dags/dag_batch_processing_10min.py
[2026-04-05T10:34:12.015+0000] {processor.py:925} INFO - DAG(s) '2_batch_etl_every_10min' retrieved from /opt/airflow/dags/dag_batch_processing_10min.py
[2026-04-05T10:34:12.043+0000] {logging_mixin.py:190} INFO - [2026-04-05T10:34:12.043+0000] {dag.py:3239} INFO - Sync 1 DAGs
[2026-04-05T10:34:12.093+0000] {processor.py:208} INFO - Processing /opt/airflow/dags/dag_batch_processing_10min.py took 0.546 seconds
[2026-04-05T10:34:42.723+0000] {processor.py:186} INFO - Started process (PID=21037) to work on /opt/airflow/dags/dag_batch_processing_10min.py
[2026-04-05T10:34:42.724+0000] {processor.py:914} INFO - Processing file /opt/airflow/dags/dag_batch_processing_10min.py for tasks to queue
[2026-04-05T10:34:42.727+0000] {logging_mixin.py:190} INFO - [2026-04-05T10:34:42.727+0000] {dagbag.py:588} INFO - Filling up the DagBag from /opt/airflow/dags/dag_batch_processing_10min.py
[2026-04-05T10:34:42.821+0000] {processor.py:925} INFO - DAG(s) '2_batch_etl_every_10min' retrieved from /opt/airflow/dags/dag_batch_processing_10min.py
[2026-04-05T10:34:42.850+0000] {logging_mixin.py:190} INFO - [2026-04-05T10:34:42.849+0000] {dag.py:3239} INFO - Sync 1 DAGs
[2026-04-05T10:34:42.873+0000] {logging_mixin.py:190} INFO - [2026-04-05T10:34:42.873+0000] {dag.py:4180} INFO - Setting next_dagrun for 2_batch_etl_every_10min to 2026-04-05T10:30:00+00:00, run_after=2026-04-05T10:40:00+00:00
[2026-04-05T10:34:42.890+0000] {processor.py:208} INFO - Processing /opt/airflow/dags/dag_batch_processing_10min.py took 0.175 seconds
[2026-04-05T10:35:13.133+0000] {processor.py:186} INFO - Started process (PID=25112) to work on /opt/airflow/dags/dag_batch_processing_10min.py
[2026-04-05T10:35:13.142+0000] {processor.py:914} INFO - Processing file /opt/airflow/dags/dag_batch_processing_10min.py for tasks to queue
[2026-04-05T10:35:13.145+0000] {logging_mixin.py:190} INFO - [2026-04-05T10:35:13.144+0000] {dagbag.py:588} INFO - Filling up the DagBag from /opt/airflow/dags/dag_batch_processing_10min.py
[2026-04-05T10:35:13.221+0000] {processor.py:925} INFO - DAG(s) '2_batch_etl_every_10min' retrieved from /opt/airflow/dags/dag_batch_processing_10min.py
[2026-04-05T10:35:13.247+0000] {logging_mixin.py:190} INFO - [2026-04-05T10:35:13.247+0000] {dag.py:3239} INFO - Sync 1 DAGs
[2026-04-05T10:35:13.271+0000] {logging_mixin.py:190} INFO - [2026-04-05T10:35:13.271+0000] {dag.py:4180} INFO - Setting next_dagrun for 2_batch_etl_every_10min to 2026-04-05T10:30:00+00:00, run_after=2026-04-05T10:40:00+00:00
[2026-04-05T10:35:13.298+0000] {processor.py:208} INFO - Processing /opt/airflow/dags/dag_batch_processing_10min.py took 0.172 seconds
[2026-04-05T10:35:43.810+0000] {processor.py:186} INFO - Started process (PID=29186) to work on /opt/airflow/dags/dag_batch_processing_10min.py
[2026-04-05T10:35:43.811+0000] {processor.py:914} INFO - Processing file /opt/airflow/dags/dag_batch_processing_10min.py for tasks to queue
[2026-04-05T10:35:43.814+0000] {logging_mixin.py:190} INFO - [2026-04-05T10:35:43.813+0000] {dagbag.py:588} INFO - Filling up the DagBag from /opt/airflow/dags/dag_batch_processing_10min.py
[2026-04-05T10:35:43.888+0000] {processor.py:925} INFO - DAG(s) '2_batch_etl_every_10min' retrieved from /opt/airflow/dags/dag_batch_processing_10min.py
[2026-04-05T10:35:43.915+0000] {logging_mixin.py:190} INFO - [2026-04-05T10:35:43.914+0000] {dag.py:3239} INFO - Sync 1 DAGs
[2026-04-05T10:35:43.938+0000] {logging_mixin.py:190} INFO - [2026-04-05T10:35:43.938+0000] {dag.py:4180} INFO - Setting next_dagrun for 2_batch_etl_every_10min to 2026-04-05T10:30:00+00:00, run_after=2026-04-05T10:40:00+00:00
[2026-04-05T10:35:43.959+0000] {processor.py:208} INFO - Processing /opt/airflow/dags/dag_batch_processing_10min.py took 0.157 seconds
[2026-04-05T10:36:14.461+0000] {processor.py:186} INFO - Started process (PID=29197) to work on /opt/airflow/dags/dag_batch_processing_10min.py
[2026-04-05T10:36:14.463+0000] {processor.py:914} INFO - Processing file /opt/airflow/dags/dag_batch_processing_10min.py for tasks to queue
[2026-04-05T10:36:14.466+0000] {logging_mixin.py:190} INFO - [2026-04-05T10:36:14.466+0000] {dagbag.py:588} INFO - Filling up the DagBag from /opt/airflow/dags/dag_batch_processing_10min.py
[2026-04-05T10:36:14.591+0000] {processor.py:925} INFO - DAG(s) '2_batch_etl_every_10min' retrieved from /opt/airflow/dags/dag_batch_processing_10min.py
[2026-04-05T10:36:14.626+0000] {logging_mixin.py:190} INFO - [2026-04-05T10:36:14.626+0000] {dag.py:3239} INFO - Sync 1 DAGs
[2026-04-05T10:36:14.658+0000] {logging_mixin.py:190} INFO - [2026-04-05T10:36:14.658+0000] {dag.py:4180} INFO - Setting next_dagrun for 2_batch_etl_every_10min to 2026-04-05T10:30:00+00:00, run_after=2026-04-05T10:40:00+00:00
[2026-04-05T10:36:14.684+0000] {processor.py:208} INFO - Processing /opt/airflow/dags/dag_batch_processing_10min.py took 0.233 seconds
[2026-04-05T10:36:44.775+0000] {processor.py:186} INFO - Started process (PID=33415) to work on /opt/airflow/dags/dag_batch_processing_10min.py
[2026-04-05T10:36:44.776+0000] {processor.py:914} INFO - Processing file /opt/airflow/dags/dag_batch_processing_10min.py for tasks to queue
[2026-04-05T10:36:44.779+0000] {logging_mixin.py:190} INFO - [2026-04-05T10:36:44.779+0000] {dagbag.py:588} INFO - Filling up the DagBag from /opt/airflow/dags/dag_batch_processing_10min.py
[2026-04-05T10:36:44.864+0000] {processor.py:925} INFO - DAG(s) '2_batch_etl_every_10min' retrieved from /opt/airflow/dags/dag_batch_processing_10min.py
[2026-04-05T10:36:44.890+0000] {logging_mixin.py:190} INFO - [2026-04-05T10:36:44.889+0000] {dag.py:3239} INFO - Sync 1 DAGs
[2026-04-05T10:36:44.910+0000] {logging_mixin.py:190} INFO - [2026-04-05T10:36:44.910+0000] {dag.py:4180} INFO - Setting next_dagrun for 2_batch_etl_every_10min to 2026-04-05T10:30:00+00:00, run_after=2026-04-05T10:40:00+00:00
[2026-04-05T10:36:44.930+0000] {processor.py:208} INFO - Processing /opt/airflow/dags/dag_batch_processing_10min.py took 0.165 seconds
[2026-04-05T10:37:15.381+0000] {processor.py:186} INFO - Started process (PID=37485) to work on /opt/airflow/dags/dag_batch_processing_10min.py
[2026-04-05T10:37:15.382+0000] {processor.py:914} INFO - Processing file /opt/airflow/dags/dag_batch_processing_10min.py for tasks to queue
[2026-04-05T10:37:15.385+0000] {logging_mixin.py:190} INFO - [2026-04-05T10:37:15.385+0000] {dagbag.py:588} INFO - Filling up the DagBag from /opt/airflow/dags/dag_batch_processing_10min.py
[2026-04-05T10:37:15.453+0000] {processor.py:925} INFO - DAG(s) '2_batch_etl_every_10min' retrieved from /opt/airflow/dags/dag_batch_processing_10min.py
[2026-04-05T10:37:15.476+0000] {logging_mixin.py:190} INFO - [2026-04-05T10:37:15.476+0000] {dag.py:3239} INFO - Sync 1 DAGs
[2026-04-05T10:37:15.501+0000] {logging_mixin.py:190} INFO - [2026-04-05T10:37:15.501+0000] {dag.py:4180} INFO - Setting next_dagrun for 2_batch_etl_every_10min to 2026-04-05T10:30:00+00:00, run_after=2026-04-05T10:40:00+00:00
[2026-04-05T10:37:15.520+0000] {processor.py:208} INFO - Processing /opt/airflow/dags/dag_batch_processing_10min.py took 0.148 seconds
[2026-04-05T10:37:46.944+0000] {processor.py:186} INFO - Started process (PID=41546) to work on /opt/airflow/dags/dag_batch_processing_10min.py
[2026-04-05T10:37:46.947+0000] {processor.py:914} INFO - Processing file /opt/airflow/dags/dag_batch_processing_10min.py for tasks to queue
[2026-04-05T10:37:46.949+0000] {logging_mixin.py:190} INFO - [2026-04-05T10:37:46.949+0000] {dagbag.py:588} INFO - Filling up the DagBag from /opt/airflow/dags/dag_batch_processing_10min.py
[2026-04-05T10:37:47.012+0000] {processor.py:925} INFO - DAG(s) '2_batch_etl_every_10min' retrieved from /opt/airflow/dags/dag_batch_processing_10min.py
[2026-04-05T10:37:47.033+0000] {logging_mixin.py:190} INFO - [2026-04-05T10:37:47.032+0000] {dag.py:3239} INFO - Sync 1 DAGs
[2026-04-05T10:37:47.056+0000] {logging_mixin.py:190} INFO - [2026-04-05T10:37:47.056+0000] {dag.py:4180} INFO - Setting next_dagrun for 2_batch_etl_every_10min to 2026-04-05T10:30:00+00:00, run_after=2026-04-05T10:40:00+00:00
[2026-04-05T10:37:47.074+0000] {processor.py:208} INFO - Processing /opt/airflow/dags/dag_batch_processing_10min.py took 0.138 seconds
[2026-04-05T10:38:20.470+0000] {processor.py:186} INFO - Started process (PID=49123) to work on /opt/airflow/dags/dag_batch_processing_10min.py
[2026-04-05T10:38:20.473+0000] {processor.py:914} INFO - Processing file /opt/airflow/dags/dag_batch_processing_10min.py for tasks to queue
[2026-04-05T10:38:20.476+0000] {logging_mixin.py:190} INFO - [2026-04-05T10:38:20.476+0000] {dagbag.py:588} INFO - Filling up the DagBag from /opt/airflow/dags/dag_batch_processing_10min.py
[2026-04-05T10:38:20.545+0000] {processor.py:925} INFO - DAG(s) '2_batch_etl_every_10min' retrieved from /opt/airflow/dags/dag_batch_processing_10min.py
[2026-04-05T10:38:20.568+0000] {logging_mixin.py:190} INFO - [2026-04-05T10:38:20.568+0000] {dag.py:3239} INFO - Sync 1 DAGs
[2026-04-05T10:38:20.593+0000] {logging_mixin.py:190} INFO - [2026-04-05T10:38:20.593+0000] {dag.py:4180} INFO - Setting next_dagrun for 2_batch_etl_every_10min to 2026-04-05T10:30:00+00:00, run_after=2026-04-05T10:40:00+00:00
[2026-04-05T10:38:20.611+0000] {processor.py:208} INFO - Processing /opt/airflow/dags/dag_batch_processing_10min.py took 0.148 seconds
[2026-04-05T10:38:38.717+0000] {processor.py:186} INFO - Started process (PID=173) to work on /opt/airflow/dags/dag_batch_processing_10min.py
[2026-04-05T10:38:38.718+0000] {processor.py:914} INFO - Processing file /opt/airflow/dags/dag_batch_processing_10min.py for tasks to queue
[2026-04-05T10:38:38.725+0000] {logging_mixin.py:190} INFO - [2026-04-05T10:38:38.724+0000] {dagbag.py:588} INFO - Filling up the DagBag from /opt/airflow/dags/dag_batch_processing_10min.py
[2026-04-05T10:38:38.965+0000] {processor.py:925} INFO - DAG(s) '2_batch_etl_every_10min' retrieved from /opt/airflow/dags/dag_batch_processing_10min.py
[2026-04-05T10:38:38.984+0000] {logging_mixin.py:190} INFO - [2026-04-05T10:38:38.983+0000] {dag.py:3239} INFO - Sync 1 DAGs
[2026-04-05T10:38:39.005+0000] {logging_mixin.py:190} INFO - [2026-04-05T10:38:39.005+0000] {dag.py:4180} INFO - Setting next_dagrun for 2_batch_etl_every_10min to 2026-04-05T10:30:00+00:00, run_after=2026-04-05T10:40:00+00:00
[2026-04-05T10:38:39.025+0000] {processor.py:208} INFO - Processing /opt/airflow/dags/dag_batch_processing_10min.py took 0.315 seconds
[2026-04-05T10:39:09.399+0000] {processor.py:186} INFO - Started process (PID=185) to work on /opt/airflow/dags/dag_batch_processing_10min.py
[2026-04-05T10:39:09.400+0000] {processor.py:914} INFO - Processing file /opt/airflow/dags/dag_batch_processing_10min.py for tasks to queue
[2026-04-05T10:39:09.403+0000] {logging_mixin.py:190} INFO - [2026-04-05T10:39:09.403+0000] {dagbag.py:588} INFO - Filling up the DagBag from /opt/airflow/dags/dag_batch_processing_10min.py
[2026-04-05T10:39:09.585+0000] {processor.py:925} INFO - DAG(s) '2_batch_etl_every_10min' retrieved from /opt/airflow/dags/dag_batch_processing_10min.py
[2026-04-05T10:39:09.602+0000] {logging_mixin.py:190} INFO - [2026-04-05T10:39:09.602+0000] {dag.py:3239} INFO - Sync 1 DAGs
[2026-04-05T10:39:09.621+0000] {logging_mixin.py:190} INFO - [2026-04-05T10:39:09.621+0000] {dag.py:4180} INFO - Setting next_dagrun for 2_batch_etl_every_10min to 2026-04-05T10:30:00+00:00, run_after=2026-04-05T10:40:00+00:00
[2026-04-05T10:39:09.636+0000] {processor.py:208} INFO - Processing /opt/airflow/dags/dag_batch_processing_10min.py took 0.244 seconds
[2026-04-05T10:39:39.710+0000] {processor.py:186} INFO - Started process (PID=216) to work on /opt/airflow/dags/dag_batch_processing_10min.py
[2026-04-05T10:39:39.712+0000] {processor.py:914} INFO - Processing file /opt/airflow/dags/dag_batch_processing_10min.py for tasks to queue
[2026-04-05T10:39:39.715+0000] {logging_mixin.py:190} INFO - [2026-04-05T10:39:39.715+0000] {dagbag.py:588} INFO - Filling up the DagBag from /opt/airflow/dags/dag_batch_processing_10min.py
[2026-04-05T10:39:39.916+0000] {processor.py:925} INFO - DAG(s) '2_batch_etl_every_10min' retrieved from /opt/airflow/dags/dag_batch_processing_10min.py
[2026-04-05T10:39:39.941+0000] {logging_mixin.py:190} INFO - [2026-04-05T10:39:39.941+0000] {dag.py:3239} INFO - Sync 1 DAGs
[2026-04-05T10:39:39.962+0000] {logging_mixin.py:190} INFO - [2026-04-05T10:39:39.961+0000] {dag.py:4180} INFO - Setting next_dagrun for 2_batch_etl_every_10min to 2026-04-05T10:30:00+00:00, run_after=2026-04-05T10:40:00+00:00
[2026-04-05T10:39:39.979+0000] {processor.py:208} INFO - Processing /opt/airflow/dags/dag_batch_processing_10min.py took 0.277 seconds
[2026-04-05T10:40:10.234+0000] {processor.py:186} INFO - Started process (PID=479) to work on /opt/airflow/dags/dag_batch_processing_10min.py
[2026-04-05T10:40:10.237+0000] {processor.py:914} INFO - Processing file /opt/airflow/dags/dag_batch_processing_10min.py for tasks to queue
[2026-04-05T10:40:10.242+0000] {logging_mixin.py:190} INFO - [2026-04-05T10:40:10.242+0000] {dagbag.py:588} INFO - Filling up the DagBag from /opt/airflow/dags/dag_batch_processing_10min.py
[2026-04-05T10:40:10.591+0000] {processor.py:925} INFO - DAG(s) '2_batch_etl_every_10min' retrieved from /opt/airflow/dags/dag_batch_processing_10min.py
[2026-04-05T10:40:10.623+0000] {logging_mixin.py:190} INFO - [2026-04-05T10:40:10.623+0000] {dag.py:3239} INFO - Sync 1 DAGs
[2026-04-05T10:40:10.676+0000] {processor.py:208} INFO - Processing /opt/airflow/dags/dag_batch_processing_10min.py took 0.455 seconds
[2026-04-05T10:40:40.827+0000] {processor.py:186} INFO - Started process (PID=4851) to work on /opt/airflow/dags/dag_batch_processing_10min.py
[2026-04-05T10:40:40.830+0000] {processor.py:914} INFO - Processing file /opt/airflow/dags/dag_batch_processing_10min.py for tasks to queue
[2026-04-05T10:40:40.833+0000] {logging_mixin.py:190} INFO - [2026-04-05T10:40:40.833+0000] {dagbag.py:588} INFO - Filling up the DagBag from /opt/airflow/dags/dag_batch_processing_10min.py
[2026-04-05T10:40:41.035+0000] {processor.py:925} INFO - DAG(s) '2_batch_etl_every_10min' retrieved from /opt/airflow/dags/dag_batch_processing_10min.py
[2026-04-05T10:40:41.058+0000] {logging_mixin.py:190} INFO - [2026-04-05T10:40:41.058+0000] {dag.py:3239} INFO - Sync 1 DAGs
[2026-04-05T10:40:41.095+0000] {processor.py:208} INFO - Processing /opt/airflow/dags/dag_batch_processing_10min.py took 0.274 seconds
[2026-04-05T10:41:11.134+0000] {processor.py:186} INFO - Started process (PID=8923) to work on /opt/airflow/dags/dag_batch_processing_10min.py
[2026-04-05T10:41:11.138+0000] {processor.py:914} INFO - Processing file /opt/airflow/dags/dag_batch_processing_10min.py for tasks to queue
[2026-04-05T10:41:11.141+0000] {logging_mixin.py:190} INFO - [2026-04-05T10:41:11.140+0000] {dagbag.py:588} INFO - Filling up the DagBag from /opt/airflow/dags/dag_batch_processing_10min.py
[2026-04-05T10:41:11.378+0000] {processor.py:925} INFO - DAG(s) '2_batch_etl_every_10min' retrieved from /opt/airflow/dags/dag_batch_processing_10min.py
[2026-04-05T10:41:11.400+0000] {logging_mixin.py:190} INFO - [2026-04-05T10:41:11.400+0000] {dag.py:3239} INFO - Sync 1 DAGs
[2026-04-05T10:41:11.454+0000] {processor.py:208} INFO - Processing /opt/airflow/dags/dag_batch_processing_10min.py took 0.326 seconds
[2026-04-05T10:41:41.511+0000] {processor.py:186} INFO - Started process (PID=13001) to work on /opt/airflow/dags/dag_batch_processing_10min.py
[2026-04-05T10:41:41.514+0000] {processor.py:914} INFO - Processing file /opt/airflow/dags/dag_batch_processing_10min.py for tasks to queue
[2026-04-05T10:41:41.516+0000] {logging_mixin.py:190} INFO - [2026-04-05T10:41:41.516+0000] {dagbag.py:588} INFO - Filling up the DagBag from /opt/airflow/dags/dag_batch_processing_10min.py
[2026-04-05T10:41:41.581+0000] {processor.py:925} INFO - DAG(s) '2_batch_etl_every_10min' retrieved from /opt/airflow/dags/dag_batch_processing_10min.py
[2026-04-05T10:41:41.604+0000] {logging_mixin.py:190} INFO - [2026-04-05T10:41:41.604+0000] {dag.py:3239} INFO - Sync 1 DAGs
[2026-04-05T10:41:41.637+0000] {processor.py:208} INFO - Processing /opt/airflow/dags/dag_batch_processing_10min.py took 0.132 seconds
[2026-04-05T10:42:12.525+0000] {processor.py:186} INFO - Started process (PID=17072) to work on /opt/airflow/dags/dag_batch_processing_10min.py
[2026-04-05T10:42:12.526+0000] {processor.py:914} INFO - Processing file /opt/airflow/dags/dag_batch_processing_10min.py for tasks to queue
[2026-04-05T10:42:12.529+0000] {logging_mixin.py:190} INFO - [2026-04-05T10:42:12.529+0000] {dagbag.py:588} INFO - Filling up the DagBag from /opt/airflow/dags/dag_batch_processing_10min.py
[2026-04-05T10:42:12.606+0000] {processor.py:925} INFO - DAG(s) '2_batch_etl_every_10min' retrieved from /opt/airflow/dags/dag_batch_processing_10min.py
[2026-04-05T10:42:12.635+0000] {logging_mixin.py:190} INFO - [2026-04-05T10:42:12.634+0000] {dag.py:3239} INFO - Sync 1 DAGs
[2026-04-05T10:42:12.682+0000] {processor.py:208} INFO - Processing /opt/airflow/dags/dag_batch_processing_10min.py took 0.167 seconds
[2026-04-05T10:42:45.756+0000] {processor.py:186} INFO - Started process (PID=21742) to work on /opt/airflow/dags/dag_batch_processing_10min.py
[2026-04-05T10:42:45.758+0000] {processor.py:914} INFO - Processing file /opt/airflow/dags/dag_batch_processing_10min.py for tasks to queue
[2026-04-05T10:42:45.762+0000] {logging_mixin.py:190} INFO - [2026-04-05T10:42:45.762+0000] {dagbag.py:588} INFO - Filling up the DagBag from /opt/airflow/dags/dag_batch_processing_10min.py
[2026-04-05T10:42:45.857+0000] {processor.py:925} INFO - DAG(s) '2_batch_etl_every_10min' retrieved from /opt/airflow/dags/dag_batch_processing_10min.py
[2026-04-05T10:42:45.887+0000] {logging_mixin.py:190} INFO - [2026-04-05T10:42:45.887+0000] {dag.py:3239} INFO - Sync 1 DAGs
[2026-04-05T10:42:45.924+0000] {processor.py:208} INFO - Processing /opt/airflow/dags/dag_batch_processing_10min.py took 0.174 seconds
[2026-04-05T10:43:16.356+0000] {processor.py:186} INFO - Started process (PID=25818) to work on /opt/airflow/dags/dag_batch_processing_10min.py
[2026-04-05T10:43:16.359+0000] {processor.py:914} INFO - Processing file /opt/airflow/dags/dag_batch_processing_10min.py for tasks to queue
[2026-04-05T10:43:16.361+0000] {logging_mixin.py:190} INFO - [2026-04-05T10:43:16.361+0000] {dagbag.py:588} INFO - Filling up the DagBag from /opt/airflow/dags/dag_batch_processing_10min.py
[2026-04-05T10:43:16.427+0000] {processor.py:925} INFO - DAG(s) '2_batch_etl_every_10min' retrieved from /opt/airflow/dags/dag_batch_processing_10min.py
[2026-04-05T10:43:16.452+0000] {logging_mixin.py:190} INFO - [2026-04-05T10:43:16.452+0000] {dag.py:3239} INFO - Sync 1 DAGs
[2026-04-05T10:43:18.564+0000] {processor.py:208} INFO - Processing /opt/airflow/dags/dag_batch_processing_10min.py took 0.138 seconds
[2026-04-05T10:43:45.062+0000] {processor.py:186} INFO - Started process (PID=176) to work on /opt/airflow/dags/dag_batch_processing_10min.py
[2026-04-05T10:43:45.064+0000] {processor.py:914} INFO - Processing file /opt/airflow/dags/dag_batch_processing_10min.py for tasks to queue
[2026-04-05T10:43:45.069+0000] {logging_mixin.py:190} INFO - [2026-04-05T10:43:45.069+0000] {dagbag.py:588} INFO - Filling up the DagBag from /opt/airflow/dags/dag_batch_processing_10min.py
[2026-04-05T10:43:45.329+0000] {processor.py:925} INFO - DAG(s) '2_batch_etl_every_10min' retrieved from /opt/airflow/dags/dag_batch_processing_10min.py
[2026-04-05T10:43:45.354+0000] {logging_mixin.py:190} INFO - [2026-04-05T10:43:45.353+0000] {dag.py:3239} INFO - Sync 1 DAGs
[2026-04-05T10:43:45.391+0000] {processor.py:208} INFO - Processing /opt/airflow/dags/dag_batch_processing_10min.py took 0.337 seconds
[2026-04-05T10:44:15.675+0000] {processor.py:186} INFO - Started process (PID=185) to work on /opt/airflow/dags/dag_batch_processing_10min.py
[2026-04-05T10:44:15.678+0000] {processor.py:914} INFO - Processing file /opt/airflow/dags/dag_batch_processing_10min.py for tasks to queue
[2026-04-05T10:44:15.680+0000] {logging_mixin.py:190} INFO - [2026-04-05T10:44:15.680+0000] {dagbag.py:588} INFO - Filling up the DagBag from /opt/airflow/dags/dag_batch_processing_10min.py
[2026-04-05T10:44:15.882+0000] {processor.py:925} INFO - DAG(s) '2_batch_etl_every_10min' retrieved from /opt/airflow/dags/dag_batch_processing_10min.py
[2026-04-05T10:44:15.901+0000] {logging_mixin.py:190} INFO - [2026-04-05T10:44:15.900+0000] {dag.py:3239} INFO - Sync 1 DAGs
[2026-04-05T10:44:15.934+0000] {processor.py:208} INFO - Processing /opt/airflow/dags/dag_batch_processing_10min.py took 0.265 seconds
[2026-04-05T10:44:46.287+0000] {processor.py:186} INFO - Started process (PID=700) to work on /opt/airflow/dags/dag_batch_processing_10min.py
[2026-04-05T10:44:46.300+0000] {processor.py:914} INFO - Processing file /opt/airflow/dags/dag_batch_processing_10min.py for tasks to queue
[2026-04-05T10:44:46.312+0000] {logging_mixin.py:190} INFO - [2026-04-05T10:44:46.311+0000] {dagbag.py:588} INFO - Filling up the DagBag from /opt/airflow/dags/dag_batch_processing_10min.py
[2026-04-05T10:44:46.979+0000] {processor.py:925} INFO - DAG(s) '2_batch_etl_every_10min' retrieved from /opt/airflow/dags/dag_batch_processing_10min.py
[2026-04-05T10:44:47.021+0000] {logging_mixin.py:190} INFO - [2026-04-05T10:44:47.021+0000] {dag.py:3239} INFO - Sync 1 DAGs
[2026-04-05T10:44:47.106+0000] {processor.py:208} INFO - Processing /opt/airflow/dags/dag_batch_processing_10min.py took 0.874 seconds
[2026-04-05T10:45:17.494+0000] {processor.py:186} INFO - Started process (PID=9174) to work on /opt/airflow/dags/dag_batch_processing_10min.py
[2026-04-05T10:45:17.495+0000] {processor.py:914} INFO - Processing file /opt/airflow/dags/dag_batch_processing_10min.py for tasks to queue
[2026-04-05T10:45:17.499+0000] {logging_mixin.py:190} INFO - [2026-04-05T10:45:17.498+0000] {dagbag.py:588} INFO - Filling up the DagBag from /opt/airflow/dags/dag_batch_processing_10min.py
[2026-04-05T10:45:18.558+0000] {processor.py:925} INFO - DAG(s) '2_batch_etl_every_10min' retrieved from /opt/airflow/dags/dag_batch_processing_10min.py
[2026-04-05T10:45:18.580+0000] {logging_mixin.py:190} INFO - [2026-04-05T10:45:18.580+0000] {dag.py:3239} INFO - Sync 1 DAGs
[2026-04-05T10:45:18.632+0000] {processor.py:208} INFO - Processing /opt/airflow/dags/dag_batch_processing_10min.py took 1.145 seconds
[2026-04-05T10:45:48.672+0000] {processor.py:186} INFO - Started process (PID=13248) to work on /opt/airflow/dags/dag_batch_processing_10min.py
[2026-04-05T10:45:48.683+0000] {processor.py:914} INFO - Processing file /opt/airflow/dags/dag_batch_processing_10min.py for tasks to queue
[2026-04-05T10:45:48.685+0000] {logging_mixin.py:190} INFO - [2026-04-05T10:45:48.685+0000] {dagbag.py:588} INFO - Filling up the DagBag from /opt/airflow/dags/dag_batch_processing_10min.py
[2026-04-05T10:45:48.882+0000] {processor.py:925} INFO - DAG(s) '2_batch_etl_every_10min' retrieved from /opt/airflow/dags/dag_batch_processing_10min.py
[2026-04-05T10:45:48.905+0000] {logging_mixin.py:190} INFO - [2026-04-05T10:45:48.905+0000] {dag.py:3239} INFO - Sync 1 DAGs
[2026-04-05T10:45:48.950+0000] {processor.py:208} INFO - Processing /opt/airflow/dags/dag_batch_processing_10min.py took 0.284 seconds
[2026-04-05T10:46:19.270+0000] {processor.py:186} INFO - Started process (PID=17559) to work on /opt/airflow/dags/dag_batch_processing_10min.py
[2026-04-05T10:46:19.273+0000] {processor.py:914} INFO - Processing file /opt/airflow/dags/dag_batch_processing_10min.py for tasks to queue
[2026-04-05T10:46:19.278+0000] {logging_mixin.py:190} INFO - [2026-04-05T10:46:19.277+0000] {dagbag.py:588} INFO - Filling up the DagBag from /opt/airflow/dags/dag_batch_processing_10min.py
[2026-04-05T10:46:19.913+0000] {processor.py:925} INFO - DAG(s) '2_batch_etl_every_10min' retrieved from /opt/airflow/dags/dag_batch_processing_10min.py
[2026-04-05T10:46:19.942+0000] {logging_mixin.py:190} INFO - [2026-04-05T10:46:19.942+0000] {dag.py:3239} INFO - Sync 1 DAGs
[2026-04-05T10:46:19.986+0000] {processor.py:208} INFO - Processing /opt/airflow/dags/dag_batch_processing_10min.py took 0.732 seconds
[2026-04-05T10:46:50.535+0000] {processor.py:186} INFO - Started process (PID=21697) to work on /opt/airflow/dags/dag_batch_processing_10min.py
[2026-04-05T10:46:50.538+0000] {processor.py:914} INFO - Processing file /opt/airflow/dags/dag_batch_processing_10min.py for tasks to queue
[2026-04-05T10:46:50.542+0000] {logging_mixin.py:190} INFO - [2026-04-05T10:46:50.541+0000] {dagbag.py:588} INFO - Filling up the DagBag from /opt/airflow/dags/dag_batch_processing_10min.py
[2026-04-05T10:46:50.611+0000] {processor.py:925} INFO - DAG(s) '2_batch_etl_every_10min' retrieved from /opt/airflow/dags/dag_batch_processing_10min.py
[2026-04-05T10:46:50.637+0000] {logging_mixin.py:190} INFO - [2026-04-05T10:46:50.637+0000] {dag.py:3239} INFO - Sync 1 DAGs
[2026-04-05T10:46:50.675+0000] {processor.py:208} INFO - Processing /opt/airflow/dags/dag_batch_processing_10min.py took 0.146 seconds
[2026-04-05T10:47:21.094+0000] {processor.py:186} INFO - Started process (PID=29781) to work on /opt/airflow/dags/dag_batch_processing_10min.py
[2026-04-05T10:47:21.097+0000] {processor.py:914} INFO - Processing file /opt/airflow/dags/dag_batch_processing_10min.py for tasks to queue
[2026-04-05T10:47:21.100+0000] {logging_mixin.py:190} INFO - [2026-04-05T10:47:21.099+0000] {dagbag.py:588} INFO - Filling up the DagBag from /opt/airflow/dags/dag_batch_processing_10min.py
[2026-04-05T10:47:21.165+0000] {processor.py:925} INFO - DAG(s) '2_batch_etl_every_10min' retrieved from /opt/airflow/dags/dag_batch_processing_10min.py
[2026-04-05T10:47:21.190+0000] {logging_mixin.py:190} INFO - [2026-04-05T10:47:21.190+0000] {dag.py:3239} INFO - Sync 1 DAGs
[2026-04-05T10:47:21.227+0000] {processor.py:208} INFO - Processing /opt/airflow/dags/dag_batch_processing_10min.py took 0.139 seconds
[2026-04-05T10:47:51.640+0000] {processor.py:186} INFO - Started process (PID=33849) to work on /opt/airflow/dags/dag_batch_processing_10min.py
[2026-04-05T10:47:51.642+0000] {processor.py:914} INFO - Processing file /opt/airflow/dags/dag_batch_processing_10min.py for tasks to queue
[2026-04-05T10:47:51.645+0000] {logging_mixin.py:190} INFO - [2026-04-05T10:47:51.645+0000] {dagbag.py:588} INFO - Filling up the DagBag from /opt/airflow/dags/dag_batch_processing_10min.py
[2026-04-05T10:47:51.716+0000] {processor.py:925} INFO - DAG(s) '2_batch_etl_every_10min' retrieved from /opt/airflow/dags/dag_batch_processing_10min.py
[2026-04-05T10:47:51.739+0000] {logging_mixin.py:190} INFO - [2026-04-05T10:47:51.738+0000] {dag.py:3239} INFO - Sync 1 DAGs
[2026-04-05T10:47:51.779+0000] {processor.py:208} INFO - Processing /opt/airflow/dags/dag_batch_processing_10min.py took 0.146 seconds
